<?xml version="1.0" encoding="UTF-8"?>
<coverage generated="1511047781868" clover="3.2.0">
  <project timestamp="1511047781868" name="All files">
    <metrics statements="2831" coveredstatements="474" conditionals="1384" coveredconditionals="228" methods="433" coveredmethods="46" elements="4648" coveredelements="748" complexity="0" loc="2831" ncloc="2831" packages="18" files="38" classes="38">
      <package name="src">
        <metrics statements="37" coveredstatements="37" conditionals="14" coveredconditionals="14" methods="7" coveredmethods="7"/>
        <file name="constants.ts" path="/Users/furkle/Documents/wreath/src/constants.ts">
          <metrics statements="37" coveredstatements="37" conditionals="14" coveredconditionals="14" methods="7" coveredmethods="7"/>
          <line num="5" count="4" type="cond" truecount="2" falsecount="0"/>
          <line num="6" count="4" type="stmt"/>
          <line num="7" count="4" type="stmt"/>
          <line num="10" count="4" type="cond" truecount="2" falsecount="0"/>
          <line num="11" count="4" type="stmt"/>
          <line num="12" count="4" type="stmt"/>
          <line num="13" count="4" type="stmt"/>
          <line num="14" count="4" type="stmt"/>
          <line num="15" count="4" type="stmt"/>
          <line num="18" count="4" type="cond" truecount="2" falsecount="0"/>
          <line num="19" count="4" type="stmt"/>
          <line num="20" count="4" type="stmt"/>
          <line num="23" count="4" type="cond" truecount="2" falsecount="0"/>
          <line num="24" count="4" type="stmt"/>
          <line num="25" count="4" type="stmt"/>
          <line num="26" count="4" type="stmt"/>
          <line num="27" count="4" type="stmt"/>
          <line num="28" count="4" type="stmt"/>
          <line num="29" count="4" type="stmt"/>
          <line num="32" count="4" type="cond" truecount="2" falsecount="0"/>
          <line num="33" count="4" type="stmt"/>
          <line num="34" count="4" type="stmt"/>
          <line num="35" count="4" type="stmt"/>
          <line num="36" count="4" type="stmt"/>
          <line num="37" count="4" type="stmt"/>
          <line num="40" count="4" type="cond" truecount="2" falsecount="0"/>
          <line num="41" count="4" type="stmt"/>
          <line num="42" count="4" type="stmt"/>
          <line num="43" count="4" type="stmt"/>
          <line num="44" count="4" type="stmt"/>
          <line num="45" count="4" type="stmt"/>
          <line num="48" count="4" type="stmt"/>
          <line num="55" count="4" type="cond" truecount="2" falsecount="0"/>
          <line num="56" count="4" type="stmt"/>
          <line num="57" count="4" type="stmt"/>
          <line num="60" count="4" type="stmt"/>
          <line num="67" count="4" type="stmt"/>
        </file>
      </package>
      <package name="src.IntermediateRepresentationGenerator">
        <metrics statements="42" coveredstatements="9" conditionals="22" coveredconditionals="0" methods="3" coveredmethods="0"/>
        <file name="ArrayIntermediateRepresentationGenerator.ts" path="/Users/furkle/Documents/wreath/src/IntermediateRepresentationGenerator/ArrayIntermediateRepresentationGenerator.ts">
          <metrics statements="30" coveredstatements="5" conditionals="16" coveredconditionals="0" methods="2" coveredmethods="0"/>
          <line num="1" count="1" type="stmt"/>
          <line num="13" count="1" type="stmt"/>
          <line num="20" count="1" type="stmt"/>
          <line num="22" count="1" type="stmt"/>
          <line num="27" count="0" type="cond" truecount="0" falsecount="2"/>
          <line num="28" count="0" type="stmt"/>
          <line num="31" count="0" type="stmt"/>
          <line num="32" count="0" type="stmt"/>
          <line num="33" count="0" type="stmt"/>
          <line num="34" count="0" type="stmt"/>
          <line num="35" count="0" type="stmt"/>
          <line num="36" count="0" type="cond" truecount="0" falsecount="2"/>
          <line num="37" count="0" type="stmt"/>
          <line num="40" count="0" type="stmt"/>
          <line num="41" count="0" type="cond" truecount="0" falsecount="4"/>
          <line num="42" count="0" type="stmt"/>
          <line num="46" count="0" type="stmt"/>
          <line num="47" count="0" type="stmt"/>
          <line num="48" count="0" type="cond" truecount="0" falsecount="2"/>
          <line num="49" count="0" type="stmt"/>
          <line num="52" count="0" type="stmt"/>
          <line num="53" count="0" type="cond" truecount="0" falsecount="2"/>
          <line num="54" count="0" type="stmt"/>
          <line num="57" count="0" type="cond" truecount="0" falsecount="2"/>
          <line num="58" count="0" type="stmt"/>
          <line num="63" count="0" type="cond" truecount="0" falsecount="2"/>
          <line num="65" count="0" type="stmt"/>
          <line num="67" count="0" type="stmt"/>
          <line num="74" count="0" type="stmt"/>
          <line num="78" count="1" type="stmt"/>
        </file>
        <file name="DocumentFragmentIntermediateRepresentationGenerator.ts" path="/Users/furkle/Documents/wreath/src/IntermediateRepresentationGenerator/DocumentFragmentIntermediateRepresentationGenerator.ts">
          <metrics statements="12" coveredstatements="4" conditionals="6" coveredconditionals="0" methods="1" coveredmethods="0"/>
          <line num="13" count="1" type="stmt"/>
          <line num="16" count="1" type="stmt"/>
          <line num="23" count="1" type="stmt"/>
          <line num="28" count="0" type="stmt"/>
          <line num="29" count="0" type="cond" truecount="0" falsecount="4"/>
          <line num="32" count="0" type="stmt"/>
          <line num="35" count="0" type="cond" truecount="0" falsecount="2"/>
          <line num="36" count="0" type="stmt"/>
          <line num="40" count="0" type="stmt"/>
          <line num="41" count="0" type="stmt"/>
          <line num="42" count="0" type="stmt"/>
          <line num="47" count="1" type="stmt"/>
        </file>
      </package>
      <package name="src.Linter">
        <metrics statements="294" coveredstatements="294" conditionals="214" coveredconditionals="214" methods="35" coveredmethods="35"/>
        <file name="Linter.ts" path="/Users/furkle/Documents/wreath/src/Linter/Linter.ts">
          <metrics statements="294" coveredstatements="294" conditionals="214" coveredconditionals="214" methods="35" coveredmethods="35"/>
          <line num="1" count="1" type="stmt"/>
          <line num="6" count="1" type="stmt"/>
          <line num="9" count="1" type="stmt"/>
          <line num="12" count="1" type="stmt"/>
          <line num="15" count="1" type="stmt"/>
          <line num="18" count="1" type="stmt"/>
          <line num="39" count="1" type="stmt"/>
          <line num="51" count="1" type="stmt"/>
          <line num="54" count="1" type="stmt"/>
          <line num="57" count="1" type="stmt"/>
          <line num="63" count="1" type="stmt"/>
          <line num="73" count="1" type="stmt"/>
          <line num="75" count="1" type="stmt"/>
          <line num="76" count="107" type="stmt"/>
          <line num="77" count="1" type="stmt"/>
          <line num="197" count="107" type="cond" truecount="4" falsecount="0"/>
          <line num="198" count="2" type="stmt"/>
          <line num="201" count="105" type="cond" truecount="2" falsecount="0"/>
          <line num="202" count="104" type="stmt"/>
          <line num="204" count="1" type="stmt"/>
          <line num="213" count="29" type="cond" truecount="2" falsecount="0"/>
          <line num="214" count="29" type="stmt"/>
          <line num="217" count="29" type="stmt"/>
          <line num="218" count="29" type="stmt"/>
          <line num="219" count="29" type="stmt"/>
          <line num="220" count="29" type="cond" truecount="2" falsecount="0"/>
          <line num="221" count="5" type="cond" truecount="2" falsecount="0"/>
          <line num="222" count="1" type="stmt"/>
          <line num="223" count="4" type="cond" truecount="2" falsecount="0"/>
          <line num="224" count="1" type="stmt"/>
          <line num="227" count="3" type="stmt"/>
          <line num="228" count="3" type="cond" truecount="2" falsecount="0"/>
          <line num="229" count="1" type="stmt"/>
          <line num="233" count="2" type="cond" truecount="2" falsecount="0"/>
          <line num="234" count="1" type="stmt"/>
          <line num="236" count="1" type="stmt"/>
          <line num="239" count="2" type="stmt"/>
          <line num="240" count="2" type="stmt"/>
          <line num="243" count="26" type="cond" truecount="2" falsecount="0"/>
          <line num="244" count="3" type="stmt"/>
          <line num="247" count="23" type="stmt"/>
          <line num="249" count="23" type="cond" truecount="10" falsecount="0"/>
          <line num="266" count="10" type="stmt"/>
          <line num="267" count="13" type="cond" truecount="2" falsecount="0"/>
          <line num="268" count="1" type="stmt"/>
          <line num="271" count="12" type="stmt"/>
          <line num="272" count="14" type="cond" truecount="4" falsecount="0"/>
          <line num="273" count="1" type="stmt"/>
          <line num="274" count="13" type="cond" truecount="4" falsecount="0"/>
          <line num="277" count="1" type="stmt"/>
          <line num="281" count="10" type="stmt"/>
          <line num="282" count="10" type="stmt"/>
          <line num="284" count="4" type="stmt"/>
          <line num="287" count="10" type="stmt"/>
          <line num="288" count="10" type="stmt"/>
          <line num="289" count="10" type="stmt"/>
          <line num="290" count="10" type="cond" truecount="2" falsecount="0"/>
          <line num="291" count="1" type="stmt"/>
          <line num="294" count="10" type="stmt"/>
          <line num="295" count="10" type="stmt"/>
          <line num="296" count="10" type="stmt"/>
          <line num="297" count="10" type="stmt"/>
          <line num="298" count="1" type="stmt"/>
          <line num="301" count="10" type="stmt"/>
          <line num="302" count="10" type="stmt"/>
          <line num="307" count="34" type="stmt"/>
          <line num="308" count="34" type="stmt"/>
          <line num="309" count="34" type="cond" truecount="4" falsecount="0"/>
          <line num="310" count="34" type="cond" truecount="2" falsecount="0"/>
          <line num="311" count="4" type="cond" truecount="4" falsecount="0"/>
          <line num="314" count="2" type="stmt"/>
          <line num="318" count="2" type="stmt"/>
          <line num="319" count="2" type="stmt"/>
          <line num="320" count="2" type="cond" truecount="2" falsecount="0"/>
          <line num="321" count="1" type="stmt"/>
          <line num="324" count="30" type="cond" truecount="2" falsecount="0"/>
          <line num="325" count="5" type="cond" truecount="4" falsecount="0"/>
          <line num="326" count="2" type="stmt"/>
          <line num="330" count="3" type="stmt"/>
          <line num="331" count="3" type="stmt"/>
          <line num="332" count="3" type="cond" truecount="2" falsecount="0"/>
          <line num="333" count="1" type="stmt"/>
          <line num="337" count="25" type="stmt"/>
          <line num="340" count="28" type="cond" truecount="2" falsecount="0"/>
          <line num="341" count="3" type="cond" truecount="2" falsecount="0"/>
          <line num="342" count="1" type="stmt"/>
          <line num="346" count="2" type="stmt"/>
          <line num="347" count="25" type="cond" truecount="2" falsecount="0"/>
          <line num="348" count="2" type="cond" truecount="2" falsecount="0"/>
          <line num="349" count="1" type="stmt"/>
          <line num="353" count="23" type="stmt"/>
          <line num="356" count="26" type="cond" truecount="2" falsecount="0"/>
          <line num="357" count="7" type="cond" truecount="4" falsecount="0"/>
          <line num="358" count="2" type="stmt"/>
          <line num="361" count="5" type="stmt"/>
          <line num="362" count="5" type="stmt"/>
          <line num="363" count="5" type="cond" truecount="2" falsecount="0"/>
          <line num="364" count="1" type="stmt"/>
          <line num="366" count="19" type="cond" truecount="2" falsecount="0"/>
          <line num="367" count="4" type="cond" truecount="4" falsecount="0"/>
          <line num="368" count="2" type="stmt"/>
          <line num="371" count="2" type="stmt"/>
          <line num="372" count="2" type="stmt"/>
          <line num="373" count="2" type="cond" truecount="2" falsecount="0"/>
          <line num="374" count="1" type="stmt"/>
          <line num="377" count="15" type="cond" truecount="5" falsecount="0"/>
          <line num="381" count="2" type="stmt"/>
          <line num="384" count="13" type="stmt"/>
          <line num="385" count="13" type="stmt"/>
          <line num="388" count="18" type="cond" truecount="2" falsecount="0"/>
          <line num="389" count="2" type="cond" truecount="2" falsecount="0"/>
          <line num="390" count="1" type="stmt"/>
          <line num="393" count="1" type="stmt"/>
          <line num="394" count="16" type="cond" truecount="2" falsecount="0"/>
          <line num="395" count="2" type="cond" truecount="2" falsecount="0"/>
          <line num="396" count="1" type="stmt"/>
          <line num="399" count="14" type="stmt"/>
          <line num="402" count="16" type="cond" truecount="2" falsecount="0"/>
          <line num="403" count="2" type="cond" truecount="2" falsecount="0"/>
          <line num="404" count="1" type="stmt"/>
          <line num="408" count="1" type="stmt"/>
          <line num="409" count="14" type="cond" truecount="2" falsecount="0"/>
          <line num="410" count="2" type="cond" truecount="2" falsecount="0"/>
          <line num="411" count="1" type="stmt"/>
          <line num="415" count="12" type="stmt"/>
          <line num="418" count="14" type="cond" truecount="2" falsecount="0"/>
          <line num="419" count="5" type="cond" truecount="4" falsecount="0"/>
          <line num="420" count="2" type="stmt"/>
          <line num="421" count="3" type="cond" truecount="2" falsecount="0"/>
          <line num="422" count="1" type="stmt"/>
          <line num="425" count="2" type="stmt"/>
          <line num="426" count="9" type="cond" truecount="2" falsecount="0"/>
          <line num="427" count="4" type="cond" truecount="4" falsecount="0"/>
          <line num="428" count="2" type="stmt"/>
          <line num="429" count="2" type="cond" truecount="2" falsecount="0"/>
          <line num="430" count="1" type="stmt"/>
          <line num="434" count="5" type="cond" truecount="5" falsecount="0"/>
          <line num="438" count="2" type="stmt"/>
          <line num="441" count="3" type="stmt"/>
          <line num="442" count="3" type="stmt"/>
          <line num="445" count="6" type="stmt"/>
          <line num="452" count="13" type="cond" truecount="2" falsecount="0"/>
          <line num="453" count="1" type="stmt"/>
          <line num="457" count="12" type="cond" truecount="2" falsecount="0"/>
          <line num="458" count="10" type="stmt"/>
          <line num="459" count="2" type="cond" truecount="2" falsecount="0"/>
          <line num="460" count="1" type="stmt"/>
          <line num="462" count="1" type="stmt"/>
          <line num="465" count="11" type="cond" truecount="2" falsecount="0"/>
          <line num="466" count="11" type="stmt"/>
          <line num="469" count="11" type="stmt"/>
          <line num="472" count="11" type="stmt"/>
          <line num="473" count="21" type="stmt"/>
          <line num="475" count="21" type="cond" truecount="2" falsecount="0"/>
          <line num="476" count="5" type="stmt"/>
          <line num="479" count="16" type="cond" truecount="2" falsecount="0"/>
          <line num="480" count="15" type="stmt"/>
          <line num="481" count="15" type="cond" truecount="2" falsecount="0"/>
          <line num="482" count="1" type="stmt"/>
          <line num="483" count="14" type="cond" truecount="2" falsecount="0"/>
          <line num="484" count="5" type="stmt"/>
          <line num="487" count="9" type="cond" truecount="2" falsecount="0"/>
          <line num="490" count="9" type="cond" truecount="2" falsecount="0"/>
          <line num="491" count="2" type="stmt"/>
          <line num="495" count="7" type="cond" truecount="2" falsecount="0"/>
          <line num="497" count="10" type="stmt"/>
          <line num="499" count="7" type="stmt"/>
          <line num="500" count="7" type="stmt"/>
          <line num="501" count="5" type="stmt"/>
          <line num="502" count="5" type="cond" truecount="2" falsecount="0"/>
          <line num="503" count="2" type="stmt"/>
          <line num="504" count="2" type="stmt"/>
          <line num="509" count="7" type="cond" truecount="2" falsecount="0"/>
          <line num="510" count="2" type="stmt"/>
          <line num="514" count="6" type="stmt"/>
          <line num="522" count="4" type="cond" truecount="2" falsecount="0"/>
          <line num="523" count="4" type="stmt"/>
          <line num="526" count="4" type="stmt"/>
          <line num="527" count="4" type="stmt"/>
          <line num="528" count="4" type="stmt"/>
          <line num="529" count="4" type="stmt"/>
          <line num="536" count="4" type="cond" truecount="2" falsecount="0"/>
          <line num="537" count="4" type="stmt"/>
          <line num="540" count="4" type="stmt"/>
          <line num="541" count="4" type="stmt"/>
          <line num="542" count="4" type="stmt"/>
          <line num="543" count="4" type="stmt"/>
          <line num="552" count="7" type="cond" truecount="2" falsecount="0"/>
          <line num="553" count="7" type="stmt"/>
          <line num="556" count="7" type="stmt"/>
          <line num="557" count="7" type="stmt"/>
          <line num="559" count="7" type="cond" truecount="2" falsecount="0"/>
          <line num="560" count="7" type="stmt"/>
          <line num="561" count="7" type="stmt"/>
          <line num="563" count="7" type="cond" truecount="2" falsecount="0"/>
          <line num="564" count="1" type="stmt"/>
          <line num="570" count="6" type="stmt"/>
          <line num="584" count="5" type="cond" truecount="2" falsecount="0"/>
          <line num="585" count="5" type="stmt"/>
          <line num="588" count="5" type="stmt"/>
          <line num="589" count="5" type="stmt"/>
          <line num="591" count="5" type="cond" truecount="2" falsecount="0"/>
          <line num="592" count="5" type="stmt"/>
          <line num="594" count="5" type="stmt"/>
          <line num="595" count="3" type="stmt"/>
          <line num="596" count="3" type="stmt"/>
          <line num="599" count="5" type="stmt"/>
          <line num="600" count="3" type="stmt"/>
          <line num="601" count="3" type="stmt"/>
          <line num="604" count="5" type="stmt"/>
          <line num="605" count="3" type="stmt"/>
          <line num="606" count="3" type="stmt"/>
          <line num="609" count="5" type="stmt"/>
          <line num="610" count="3" type="stmt"/>
          <line num="611" count="3" type="stmt"/>
          <line num="614" count="5" type="stmt"/>
          <line num="615" count="5" type="cond" truecount="2" falsecount="0"/>
          <line num="616" count="1" type="stmt"/>
          <line num="619" count="4" type="stmt"/>
          <line num="620" count="4" type="stmt"/>
          <line num="622" count="4" type="stmt"/>
          <line num="623" count="3" type="stmt"/>
          <line num="624" count="3" type="cond" truecount="4" falsecount="0"/>
          <line num="627" count="2" type="stmt"/>
          <line num="630" count="3" type="stmt"/>
          <line num="636" count="3" type="stmt"/>
          <line num="637" count="9" type="stmt"/>
          <line num="646" count="3" type="stmt"/>
          <line num="647" count="3" type="stmt"/>
          <line num="655" count="4" type="stmt"/>
          <line num="656" count="3" type="stmt"/>
          <line num="657" count="3" type="stmt"/>
          <line num="660" count="4" type="stmt"/>
          <line num="661" count="3" type="stmt"/>
          <line num="662" count="3" type="stmt"/>
          <line num="665" count="4" type="stmt"/>
          <line num="666" count="3" type="stmt"/>
          <line num="667" count="3" type="stmt"/>
          <line num="670" count="4" type="stmt"/>
          <line num="671" count="3" type="stmt"/>
          <line num="672" count="3" type="stmt"/>
          <line num="675" count="4" type="stmt"/>
          <line num="684" count="8" type="cond" truecount="2" falsecount="0"/>
          <line num="685" count="8" type="stmt"/>
          <line num="688" count="8" type="stmt"/>
          <line num="689" count="8" type="stmt"/>
          <line num="691" count="8" type="cond" truecount="2" falsecount="0"/>
          <line num="692" count="8" type="stmt"/>
          <line num="695" count="8" type="stmt"/>
          <line num="696" count="7" type="stmt"/>
          <line num="697" count="7" type="stmt"/>
          <line num="700" count="8" type="stmt"/>
          <line num="701" count="7" type="stmt"/>
          <line num="702" count="7" type="stmt"/>
          <line num="705" count="8" type="stmt"/>
          <line num="706" count="7" type="stmt"/>
          <line num="707" count="7" type="stmt"/>
          <line num="710" count="8" type="stmt"/>
          <line num="711" count="7" type="stmt"/>
          <line num="712" count="7" type="stmt"/>
          <line num="715" count="8" type="stmt"/>
          <line num="716" count="7" type="stmt"/>
          <line num="717" count="7" type="cond" truecount="2" falsecount="0"/>
          <line num="718" count="1" type="stmt"/>
          <line num="719" count="6" type="cond" truecount="2" falsecount="0"/>
          <line num="720" count="5" type="stmt"/>
          <line num="721" count="5" type="stmt"/>
          <line num="722" count="5" type="cond" truecount="2" falsecount="0"/>
          <line num="723" count="1" type="stmt"/>
          <line num="727" count="4" type="stmt"/>
          <line num="728" count="4" type="stmt"/>
          <line num="730" count="4" type="stmt"/>
          <line num="731" count="10" type="stmt"/>
          <line num="732" count="10" type="cond" truecount="4" falsecount="0"/>
          <line num="735" count="7" type="stmt"/>
          <line num="738" count="10" type="stmt"/>
          <line num="744" count="9" type="stmt"/>
          <line num="752" count="10" type="stmt"/>
          <line num="753" count="10" type="stmt"/>
          <line num="761" count="1" type="stmt"/>
          <line num="765" count="6" type="stmt"/>
          <line num="766" count="5" type="stmt"/>
          <line num="767" count="5" type="stmt"/>
          <line num="770" count="6" type="stmt"/>
          <line num="771" count="5" type="stmt"/>
          <line num="772" count="5" type="stmt"/>
          <line num="775" count="6" type="stmt"/>
          <line num="776" count="5" type="stmt"/>
          <line num="777" count="5" type="stmt"/>
          <line num="780" count="6" type="stmt"/>
          <line num="781" count="5" type="stmt"/>
          <line num="782" count="5" type="stmt"/>
          <line num="785" count="6" type="stmt"/>
          <line num="789" count="1" type="stmt"/>
        </file>
      </package>
      <package name="src.NodeLike">
        <metrics statements="133" coveredstatements="9" conditionals="72" coveredconditionals="0" methods="21" coveredmethods="1"/>
        <file name="AbstractNodeLike.ts" path="/Users/furkle/Documents/wreath/src/NodeLike/AbstractNodeLike.ts">
          <metrics statements="69" coveredstatements="5" conditionals="40" coveredconditionals="0" methods="13" coveredmethods="0"/>
          <line num="16" count="2" type="stmt"/>
          <line num="19" count="2" type="stmt"/>
          <line num="31" count="2" type="stmt"/>
          <line num="35" count="2" type="stmt"/>
          <line num="49" count="0" type="stmt"/>
          <line num="50" count="0" type="stmt"/>
          <line num="51" count="0" type="stmt"/>
          <line num="52" count="0" type="stmt"/>
          <line num="53" count="0" type="stmt"/>
          <line num="54" count="0" type="stmt"/>
          <line num="55" count="0" type="stmt"/>
          <line num="57" count="0" type="stmt"/>
          <line num="58" count="0" type="stmt"/>
          <line num="59" count="0" type="stmt"/>
          <line num="60" count="0" type="stmt"/>
          <line num="61" count="0" type="stmt"/>
          <line num="83" count="0" type="stmt"/>
          <line num="90" count="0" type="cond" truecount="0" falsecount="2"/>
          <line num="91" count="0" type="stmt"/>
          <line num="93" count="0" type="stmt"/>
          <line num="94" count="0" type="stmt"/>
          <line num="95" count="0" type="stmt"/>
          <line num="96" count="0" type="cond" truecount="0" falsecount="2"/>
          <line num="97" count="0" type="stmt"/>
          <line num="102" count="0" type="stmt"/>
          <line num="107" count="0" type="stmt"/>
          <line num="111" count="0" type="cond" truecount="0" falsecount="4"/>
          <line num="114" count="0" type="stmt"/>
          <line num="117" count="0" type="stmt"/>
          <line num="118" count="0" type="stmt"/>
          <line num="119" count="0" type="stmt"/>
          <line num="122" count="0" type="stmt"/>
          <line num="123" count="0" type="cond" truecount="0" falsecount="2"/>
          <line num="124" count="0" type="stmt"/>
          <line num="128" count="0" type="stmt"/>
          <line num="131" count="0" type="stmt"/>
          <line num="135" count="0" type="stmt"/>
          <line num="139" count="0" type="stmt"/>
          <line num="143" count="0" type="cond" truecount="0" falsecount="2"/>
          <line num="144" count="0" type="stmt"/>
          <line num="147" count="0" type="stmt"/>
          <line num="148" count="0" type="stmt"/>
          <line num="152" count="0" type="cond" truecount="0" falsecount="2"/>
          <line num="153" count="0" type="stmt"/>
          <line num="156" count="0" type="cond" truecount="0" falsecount="2"/>
          <line num="157" count="0" type="cond" truecount="0" falsecount="6"/>
          <line num="160" count="0" type="stmt"/>
          <line num="162" count="0" type="cond" truecount="0" falsecount="4"/>
          <line num="165" count="0" type="stmt"/>
          <line num="170" count="0" type="stmt"/>
          <line num="171" count="0" type="stmt"/>
          <line num="175" count="0" type="cond" truecount="0" falsecount="2"/>
          <line num="176" count="0" type="cond" truecount="0" falsecount="2"/>
          <line num="177" count="0" type="stmt"/>
          <line num="179" count="0" type="cond" truecount="0" falsecount="2"/>
          <line num="180" count="0" type="stmt"/>
          <line num="184" count="0" type="stmt"/>
          <line num="185" count="0" type="stmt"/>
          <line num="189" count="0" type="cond" truecount="0" falsecount="2"/>
          <line num="190" count="0" type="cond" truecount="0" falsecount="2"/>
          <line num="191" count="0" type="stmt"/>
          <line num="193" count="0" type="cond" truecount="0" falsecount="2"/>
          <line num="194" count="0" type="stmt"/>
          <line num="198" count="0" type="stmt"/>
          <line num="199" count="0" type="stmt"/>
          <line num="203" count="0" type="cond" truecount="0" falsecount="2"/>
          <line num="204" count="0" type="stmt"/>
          <line num="207" count="0" type="stmt"/>
          <line num="211" count="2" type="stmt"/>
        </file>
        <file name="MChildNodeLike.ts" path="/Users/furkle/Documents/wreath/src/NodeLike/MChildNodeLike.ts">
          <metrics statements="64" coveredstatements="4" conditionals="32" coveredconditionals="0" methods="8" coveredmethods="1"/>
          <line num="7" count="2" type="stmt"/>
          <line num="14" count="2" type="stmt"/>
          <line num="17" count="0" type="cond" truecount="0" falsecount="2"/>
          <line num="18" count="0" type="stmt"/>
          <line num="22" count="0" type="stmt"/>
          <line num="23" count="0" type="stmt"/>
          <line num="24" count="0" type="cond" truecount="0" falsecount="2"/>
          <line num="25" count="0" type="stmt"/>
          <line num="28" count="0" type="stmt"/>
          <line num="29" count="0" type="cond" truecount="0" falsecount="2"/>
          <line num="30" count="0" type="stmt"/>
          <line num="33" count="0" type="stmt"/>
          <line num="34" count="0" type="stmt"/>
          <line num="35" count="0" type="cond" truecount="0" falsecount="2"/>
          <line num="36" count="0" type="stmt"/>
          <line num="40" count="0" type="stmt"/>
          <line num="41" count="0" type="stmt"/>
          <line num="42" count="0" type="cond" truecount="0" falsecount="2"/>
          <line num="43" count="0" type="stmt"/>
          <line num="46" count="0" type="stmt"/>
          <line num="47" count="0" type="stmt"/>
          <line num="52" count="0" type="cond" truecount="0" falsecount="2"/>
          <line num="53" count="0" type="stmt"/>
          <line num="57" count="0" type="stmt"/>
          <line num="59" count="0" type="stmt"/>
          <line num="60" count="0" type="cond" truecount="0" falsecount="2"/>
          <line num="61" count="0" type="stmt"/>
          <line num="64" count="0" type="stmt"/>
          <line num="65" count="0" type="cond" truecount="0" falsecount="2"/>
          <line num="66" count="0" type="stmt"/>
          <line num="69" count="0" type="stmt"/>
          <line num="70" count="0" type="stmt"/>
          <line num="71" count="0" type="cond" truecount="0" falsecount="2"/>
          <line num="72" count="0" type="stmt"/>
          <line num="75" count="0" type="stmt"/>
          <line num="76" count="0" type="stmt"/>
          <line num="81" count="0" type="cond" truecount="0" falsecount="2"/>
          <line num="82" count="0" type="stmt"/>
          <line num="86" count="0" type="stmt"/>
          <line num="88" count="0" type="stmt"/>
          <line num="89" count="0" type="cond" truecount="0" falsecount="2"/>
          <line num="90" count="0" type="stmt"/>
          <line num="93" count="0" type="stmt"/>
          <line num="94" count="0" type="cond" truecount="0" falsecount="2"/>
          <line num="95" count="0" type="stmt"/>
          <line num="98" count="0" type="stmt"/>
          <line num="99" count="0" type="stmt"/>
          <line num="100" count="0" type="stmt"/>
          <line num="101" count="0" type="stmt"/>
          <line num="102" count="0" type="cond" truecount="0" falsecount="2"/>
          <line num="103" count="0" type="stmt"/>
          <line num="106" count="0" type="stmt"/>
          <line num="107" count="0" type="cond" truecount="0" falsecount="2"/>
          <line num="108" count="0" type="stmt"/>
          <line num="110" count="0" type="stmt"/>
          <line num="116" count="0" type="cond" truecount="0" falsecount="2"/>
          <line num="117" count="0" type="stmt"/>
          <line num="121" count="0" type="stmt"/>
          <line num="122" count="0" type="stmt"/>
          <line num="123" count="0" type="cond" truecount="0" falsecount="2"/>
          <line num="124" count="0" type="stmt"/>
          <line num="127" count="0" type="stmt"/>
          <line num="131" count="3" type="stmt"/>
          <line num="134" count="2" type="stmt"/>
        </file>
      </package>
      <package name="src.NodeLike.CharacterDataLike">
        <metrics statements="59" coveredstatements="4" conditionals="34" coveredconditionals="0" methods="13" coveredmethods="0"/>
        <file name="AbstractCharacterDataLike.ts" path="/Users/furkle/Documents/wreath/src/NodeLike/CharacterDataLike/AbstractCharacterDataLike.ts">
          <metrics statements="59" coveredstatements="4" conditionals="34" coveredconditionals="0" methods="13" coveredmethods="0"/>
          <line num="1" count="2" type="stmt"/>
          <line num="16" count="2" type="stmt"/>
          <line num="23" count="2" type="stmt"/>
          <line num="38" count="0" type="stmt"/>
          <line num="39" count="0" type="stmt"/>
          <line num="40" count="0" type="stmt"/>
          <line num="41" count="0" type="stmt"/>
          <line num="46" count="0" type="stmt"/>
          <line num="48" count="0" type="stmt"/>
          <line num="49" count="0" type="stmt"/>
          <line num="53" count="0" type="stmt"/>
          <line num="54" count="0" type="stmt"/>
          <line num="58" count="0" type="cond" truecount="0" falsecount="4"/>
          <line num="59" count="0" type="stmt"/>
          <line num="62" count="0" type="cond" truecount="0" falsecount="4"/>
          <line num="63" count="0" type="stmt"/>
          <line num="64" count="0" type="cond" truecount="0" falsecount="2"/>
          <line num="65" count="0" type="stmt"/>
          <line num="68" count="0" type="stmt"/>
          <line num="69" count="0" type="stmt"/>
          <line num="70" count="0" type="stmt"/>
          <line num="71" count="0" type="stmt"/>
          <line num="75" count="0" type="cond" truecount="0" falsecount="4"/>
          <line num="76" count="0" type="stmt"/>
          <line num="79" count="0" type="cond" truecount="0" falsecount="2"/>
          <line num="80" count="0" type="stmt"/>
          <line num="83" count="0" type="stmt"/>
          <line num="84" count="0" type="stmt"/>
          <line num="85" count="0" type="stmt"/>
          <line num="86" count="0" type="stmt"/>
          <line num="90" count="0" type="cond" truecount="0" falsecount="4"/>
          <line num="91" count="0" type="stmt"/>
          <line num="94" count="0" type="cond" truecount="0" falsecount="4"/>
          <line num="95" count="0" type="stmt"/>
          <line num="98" count="0" type="cond" truecount="0" falsecount="2"/>
          <line num="99" count="0" type="stmt"/>
          <line num="102" count="0" type="stmt"/>
          <line num="103" count="0" type="stmt"/>
          <line num="104" count="0" type="stmt"/>
          <line num="105" count="0" type="stmt"/>
          <line num="109" count="0" type="cond" truecount="0" falsecount="4"/>
          <line num="110" count="0" type="stmt"/>
          <line num="113" count="0" type="cond" truecount="0" falsecount="4"/>
          <line num="114" count="0" type="stmt"/>
          <line num="117" count="0" type="stmt"/>
          <line num="121" count="0" type="stmt"/>
          <line num="122" count="0" type="stmt"/>
          <line num="126" count="0" type="stmt"/>
          <line num="127" count="0" type="stmt"/>
          <line num="134" count="0" type="stmt"/>
          <line num="135" count="0" type="stmt"/>
          <line num="143" count="0" type="stmt"/>
          <line num="144" count="0" type="stmt"/>
          <line num="150" count="0" type="stmt"/>
          <line num="154" count="0" type="stmt"/>
          <line num="155" count="0" type="stmt"/>
          <line num="159" count="0" type="stmt"/>
          <line num="160" count="0" type="stmt"/>
          <line num="164" count="2" type="stmt"/>
        </file>
      </package>
      <package name="src.NodeLike.CharacterDataLike.CommentLike">
        <metrics statements="56" coveredstatements="7" conditionals="13" coveredconditionals="0" methods="22" coveredmethods="0"/>
        <file name="AbstractCommentLike.ts" path="/Users/furkle/Documents/wreath/src/NodeLike/CharacterDataLike/CommentLike/AbstractCommentLike.ts">
          <metrics statements="9" coveredstatements="3" conditionals="1" coveredconditionals="0" methods="3" coveredmethods="0"/>
          <line num="1" count="1" type="stmt"/>
          <line num="11" count="1" type="stmt"/>
          <line num="17" count="0" type="stmt"/>
          <line num="21" count="0" type="stmt"/>
          <line num="22" count="0" type="stmt"/>
          <line num="23" count="0" type="stmt"/>
          <line num="24" count="0" type="stmt"/>
          <line num="28" count="0" type="stmt"/>
          <line num="32" count="1" type="stmt"/>
        </file>
        <file name="CommentLike.ts" path="/Users/furkle/Documents/wreath/src/NodeLike/CharacterDataLike/CommentLike/CommentLike.ts">
          <metrics statements="47" coveredstatements="4" conditionals="12" coveredconditionals="0" methods="19" coveredmethods="0"/>
          <line num="1" count="1" type="stmt"/>
          <line num="16" count="1" type="stmt"/>
          <line num="20" count="1" type="stmt"/>
          <line num="22" count="0" type="stmt"/>
          <line num="26" count="0" type="stmt"/>
          <line num="30" count="0" type="stmt"/>
          <line num="34" count="0" type="stmt"/>
          <line num="38" count="0" type="stmt"/>
          <line num="42" count="0" type="stmt"/>
          <line num="46" count="0" type="stmt"/>
          <line num="50" count="0" type="stmt"/>
          <line num="54" count="0" type="stmt"/>
          <line num="58" count="0" type="stmt"/>
          <line num="62" count="0" type="stmt"/>
          <line num="66" count="0" type="stmt"/>
          <line num="70" count="0" type="stmt"/>
          <line num="74" count="0" type="stmt"/>
          <line num="79" count="0" type="cond" truecount="0" falsecount="2"/>
          <line num="80" count="0" type="stmt"/>
          <line num="83" count="0" type="stmt"/>
          <line num="84" count="0" type="stmt"/>
          <line num="85" count="0" type="stmt"/>
          <line num="86" count="0" type="stmt"/>
          <line num="87" count="0" type="cond" truecount="0" falsecount="2"/>
          <line num="88" count="0" type="stmt"/>
          <line num="92" count="0" type="cond" truecount="0" falsecount="2"/>
          <line num="93" count="0" type="stmt"/>
          <line num="96" count="0" type="stmt"/>
          <line num="97" count="0" type="stmt"/>
          <line num="100" count="0" type="stmt"/>
          <line num="105" count="0" type="cond" truecount="0" falsecount="2"/>
          <line num="106" count="0" type="stmt"/>
          <line num="109" count="0" type="stmt"/>
          <line num="110" count="0" type="stmt"/>
          <line num="111" count="0" type="stmt"/>
          <line num="112" count="0" type="stmt"/>
          <line num="113" count="0" type="cond" truecount="0" falsecount="2"/>
          <line num="114" count="0" type="stmt"/>
          <line num="118" count="0" type="cond" truecount="0" falsecount="2"/>
          <line num="119" count="0" type="stmt"/>
          <line num="122" count="0" type="stmt"/>
          <line num="123" count="0" type="stmt"/>
          <line num="126" count="0" type="stmt"/>
          <line num="130" count="0" type="stmt"/>
          <line num="134" count="0" type="stmt"/>
          <line num="138" count="0" type="stmt"/>
          <line num="142" count="1" type="stmt"/>
        </file>
      </package>
      <package name="src.NodeLike.CharacterDataLike.ProcessingInstructionLike">
        <metrics statements="58" coveredstatements="7" conditionals="13" coveredconditionals="0" methods="24" coveredmethods="0"/>
        <file name="AbstractProcessingInstructionLike.ts" path="/Users/furkle/Documents/wreath/src/NodeLike/CharacterDataLike/ProcessingInstructionLike/AbstractProcessingInstructionLike.ts">
          <metrics statements="9" coveredstatements="3" conditionals="1" coveredconditionals="0" methods="3" coveredmethods="0"/>
          <line num="1" count="1" type="stmt"/>
          <line num="11" count="1" type="stmt"/>
          <line num="14" count="0" type="stmt"/>
          <line num="17" count="0" type="stmt"/>
          <line num="18" count="0" type="stmt"/>
          <line num="22" count="0" type="stmt"/>
          <line num="23" count="0" type="stmt"/>
          <line num="29" count="0" type="stmt"/>
          <line num="33" count="1" type="stmt"/>
        </file>
        <file name="ProcessingInstructionLike.ts" path="/Users/furkle/Documents/wreath/src/NodeLike/CharacterDataLike/ProcessingInstructionLike/ProcessingInstructionLike.ts">
          <metrics statements="49" coveredstatements="4" conditionals="12" coveredconditionals="0" methods="21" coveredmethods="0"/>
          <line num="1" count="1" type="stmt"/>
          <line num="13" count="1" type="stmt"/>
          <line num="17" count="1" type="stmt"/>
          <line num="19" count="0" type="stmt"/>
          <line num="23" count="0" type="stmt"/>
          <line num="27" count="0" type="stmt"/>
          <line num="31" count="0" type="stmt"/>
          <line num="35" count="0" type="stmt"/>
          <line num="39" count="0" type="stmt"/>
          <line num="43" count="0" type="stmt"/>
          <line num="47" count="0" type="stmt"/>
          <line num="51" count="0" type="stmt"/>
          <line num="55" count="0" type="stmt"/>
          <line num="59" count="0" type="stmt"/>
          <line num="63" count="0" type="stmt"/>
          <line num="67" count="0" type="stmt"/>
          <line num="71" count="0" type="stmt"/>
          <line num="75" count="0" type="stmt"/>
          <line num="79" count="0" type="stmt"/>
          <line num="84" count="0" type="cond" truecount="0" falsecount="2"/>
          <line num="85" count="0" type="stmt"/>
          <line num="88" count="0" type="stmt"/>
          <line num="89" count="0" type="stmt"/>
          <line num="90" count="0" type="stmt"/>
          <line num="91" count="0" type="stmt"/>
          <line num="92" count="0" type="cond" truecount="0" falsecount="2"/>
          <line num="93" count="0" type="stmt"/>
          <line num="97" count="0" type="cond" truecount="0" falsecount="2"/>
          <line num="98" count="0" type="stmt"/>
          <line num="101" count="0" type="stmt"/>
          <line num="102" count="0" type="stmt"/>
          <line num="105" count="0" type="stmt"/>
          <line num="110" count="0" type="cond" truecount="0" falsecount="2"/>
          <line num="111" count="0" type="stmt"/>
          <line num="114" count="0" type="stmt"/>
          <line num="115" count="0" type="stmt"/>
          <line num="116" count="0" type="stmt"/>
          <line num="117" count="0" type="stmt"/>
          <line num="118" count="0" type="cond" truecount="0" falsecount="2"/>
          <line num="119" count="0" type="stmt"/>
          <line num="123" count="0" type="cond" truecount="0" falsecount="2"/>
          <line num="124" count="0" type="stmt"/>
          <line num="127" count="0" type="stmt"/>
          <line num="128" count="0" type="stmt"/>
          <line num="131" count="0" type="stmt"/>
          <line num="135" count="0" type="stmt"/>
          <line num="139" count="0" type="stmt"/>
          <line num="143" count="0" type="stmt"/>
          <line num="147" count="1" type="stmt"/>
        </file>
      </package>
      <package name="src.NodeLike.CharacterDataLike.TextLike">
        <metrics statements="60" coveredstatements="7" conditionals="13" coveredconditionals="0" methods="21" coveredmethods="0"/>
        <file name="AbstractTextLike.ts" path="/Users/furkle/Documents/wreath/src/NodeLike/CharacterDataLike/TextLike/AbstractTextLike.ts">
          <metrics statements="15" coveredstatements="3" conditionals="1" coveredconditionals="0" methods="4" coveredmethods="0"/>
          <line num="1" count="2" type="stmt"/>
          <line num="8" count="2" type="stmt"/>
          <line num="9" count="0" type="stmt"/>
          <line num="10" count="0" type="stmt"/>
          <line num="13" count="0" type="stmt"/>
          <line num="14" count="0" type="stmt"/>
          <line num="18" count="0" type="stmt"/>
          <line num="19" count="0" type="stmt"/>
          <line num="20" count="0" type="stmt"/>
          <line num="21" count="0" type="stmt"/>
          <line num="22" count="0" type="stmt"/>
          <line num="23" count="0" type="stmt"/>
          <line num="24" count="0" type="stmt"/>
          <line num="28" count="0" type="stmt"/>
          <line num="32" count="2" type="stmt"/>
        </file>
        <file name="TextLike.ts" path="/Users/furkle/Documents/wreath/src/NodeLike/CharacterDataLike/TextLike/TextLike.ts">
          <metrics statements="45" coveredstatements="4" conditionals="12" coveredconditionals="0" methods="17" coveredmethods="0"/>
          <line num="1" count="2" type="stmt"/>
          <line num="13" count="2" type="stmt"/>
          <line num="17" count="2" type="stmt"/>
          <line num="19" count="0" type="stmt"/>
          <line num="23" count="0" type="stmt"/>
          <line num="27" count="0" type="stmt"/>
          <line num="31" count="0" type="stmt"/>
          <line num="35" count="0" type="stmt"/>
          <line num="39" count="0" type="stmt"/>
          <line num="43" count="0" type="stmt"/>
          <line num="47" count="0" type="stmt"/>
          <line num="51" count="0" type="stmt"/>
          <line num="55" count="0" type="stmt"/>
          <line num="59" count="0" type="stmt"/>
          <line num="63" count="0" type="stmt"/>
          <line num="68" count="0" type="cond" truecount="0" falsecount="2"/>
          <line num="69" count="0" type="stmt"/>
          <line num="72" count="0" type="stmt"/>
          <line num="73" count="0" type="stmt"/>
          <line num="74" count="0" type="stmt"/>
          <line num="75" count="0" type="stmt"/>
          <line num="76" count="0" type="cond" truecount="0" falsecount="2"/>
          <line num="77" count="0" type="stmt"/>
          <line num="81" count="0" type="cond" truecount="0" falsecount="2"/>
          <line num="82" count="0" type="stmt"/>
          <line num="85" count="0" type="stmt"/>
          <line num="86" count="0" type="stmt"/>
          <line num="89" count="0" type="stmt"/>
          <line num="94" count="0" type="cond" truecount="0" falsecount="2"/>
          <line num="95" count="0" type="stmt"/>
          <line num="98" count="0" type="stmt"/>
          <line num="99" count="0" type="stmt"/>
          <line num="100" count="0" type="stmt"/>
          <line num="101" count="0" type="stmt"/>
          <line num="102" count="0" type="cond" truecount="0" falsecount="2"/>
          <line num="103" count="0" type="stmt"/>
          <line num="107" count="0" type="cond" truecount="0" falsecount="2"/>
          <line num="108" count="0" type="stmt"/>
          <line num="111" count="0" type="stmt"/>
          <line num="112" count="0" type="stmt"/>
          <line num="115" count="0" type="stmt"/>
          <line num="119" count="0" type="stmt"/>
          <line num="123" count="0" type="stmt"/>
          <line num="127" count="0" type="stmt"/>
          <line num="131" count="2" type="stmt"/>
        </file>
      </package>
      <package name="src.NodeLike.ParentNodeLike">
        <metrics statements="64" coveredstatements="6" conditionals="28" coveredconditionals="0" methods="14" coveredmethods="1"/>
        <file name="MParentNodeLike.ts" path="/Users/furkle/Documents/wreath/src/NodeLike/ParentNodeLike/MParentNodeLike.ts">
          <metrics statements="64" coveredstatements="6" conditionals="28" coveredconditionals="0" methods="14" coveredmethods="1"/>
          <line num="13" count="1" type="stmt"/>
          <line num="19" count="1" type="stmt"/>
          <line num="22" count="1" type="stmt"/>
          <line num="32" count="1" type="stmt"/>
          <line num="35" count="0" type="stmt"/>
          <line num="36" count="0" type="stmt"/>
          <line num="44" count="0" type="stmt"/>
          <line num="46" count="0" type="cond" truecount="0" falsecount="2"/>
          <line num="47" count="0" type="stmt"/>
          <line num="48" count="0" type="stmt"/>
          <line num="49" count="0" type="stmt"/>
          <line num="51" count="0" type="stmt"/>
          <line num="54" count="0" type="stmt"/>
          <line num="59" count="0" type="cond" truecount="0" falsecount="2"/>
          <line num="60" count="0" type="stmt"/>
          <line num="64" count="0" type="stmt"/>
          <line num="68" count="0" type="cond" truecount="0" falsecount="2"/>
          <line num="69" count="0" type="stmt"/>
          <line num="74" count="0" type="stmt"/>
          <line num="78" count="0" type="cond" truecount="0" falsecount="2"/>
          <line num="79" count="0" type="stmt"/>
          <line num="84" count="0" type="stmt"/>
          <line num="88" count="0" type="cond" truecount="0" falsecount="2"/>
          <line num="89" count="0" type="stmt"/>
          <line num="90" count="0" type="stmt"/>
          <line num="91" count="0" type="cond" truecount="0" falsecount="2"/>
          <line num="92" count="0" type="stmt"/>
          <line num="96" count="0" type="stmt"/>
          <line num="98" count="0" type="stmt"/>
          <line num="100" count="0" type="cond" truecount="0" falsecount="2"/>
          <line num="101" count="0" type="stmt"/>
          <line num="102" count="0" type="stmt"/>
          <line num="103" count="0" type="stmt"/>
          <line num="104" count="0" type="stmt"/>
          <line num="105" count="0" type="cond" truecount="0" falsecount="2"/>
          <line num="106" count="0" type="stmt"/>
          <line num="109" count="0" type="stmt"/>
          <line num="110" count="0" type="stmt"/>
          <line num="113" count="0" type="stmt"/>
          <line num="120" count="0" type="cond" truecount="0" falsecount="2"/>
          <line num="121" count="0" type="stmt"/>
          <line num="122" count="0" type="stmt"/>
          <line num="123" count="0" type="stmt"/>
          <line num="124" count="0" type="cond" truecount="0" falsecount="2"/>
          <line num="125" count="0" type="stmt"/>
          <line num="129" count="0" type="stmt"/>
          <line num="130" count="0" type="cond" truecount="0" falsecount="2"/>
          <line num="131" count="0" type="stmt"/>
          <line num="133" count="0" type="stmt"/>
          <line num="136" count="0" type="cond" truecount="0" falsecount="2"/>
          <line num="137" count="0" type="stmt"/>
          <line num="138" count="0" type="stmt"/>
          <line num="139" count="0" type="stmt"/>
          <line num="140" count="0" type="stmt"/>
          <line num="141" count="0" type="stmt"/>
          <line num="142" count="0" type="cond" truecount="0" falsecount="2"/>
          <line num="143" count="0" type="stmt"/>
          <line num="146" count="0" type="stmt"/>
          <line num="147" count="0" type="cond" truecount="0" falsecount="2"/>
          <line num="148" count="0" type="stmt"/>
          <line num="150" count="0" type="stmt"/>
          <line num="154" count="0" type="stmt"/>
          <line num="161" count="3" type="stmt"/>
          <line num="164" count="1" type="stmt"/>
        </file>
      </package>
      <package name="src.NodeLike.ParentNodeLike.DocumentFragmentLike">
        <metrics statements="131" coveredstatements="10" conditionals="65" coveredconditionals="0" methods="36" coveredmethods="0"/>
        <file name="AbstractDocumentFragmentLike.ts" path="/Users/furkle/Documents/wreath/src/NodeLike/ParentNodeLike/DocumentFragmentLike/AbstractDocumentFragmentLike.ts">
          <metrics statements="112" coveredstatements="7" conditionals="57" coveredconditionals="0" methods="20" coveredmethods="0"/>
          <line num="1" count="1" type="stmt"/>
          <line num="22" count="1" type="stmt"/>
          <line num="25" count="1" type="stmt"/>
          <line num="28" count="1" type="stmt"/>
          <line num="34" count="1" type="stmt"/>
          <line num="38" count="1" type="stmt"/>
          <line num="48" count="0" type="stmt"/>
          <line num="56" count="0" type="stmt"/>
          <line num="58" count="0" type="stmt"/>
          <line num="62" count="0" type="stmt"/>
          <line num="66" count="0" type="stmt"/>
          <line num="70" count="0" type="stmt"/>
          <line num="74" count="0" type="stmt"/>
          <line num="78" count="0" type="stmt"/>
          <line num="79" count="0" type="cond" truecount="0" falsecount="2"/>
          <line num="80" count="0" type="stmt"/>
          <line num="83" count="0" type="cond" truecount="0" falsecount="2"/>
          <line num="84" count="0" type="stmt"/>
          <line num="85" count="0" type="cond" truecount="0" falsecount="2"/>
          <line num="86" count="0" type="cond" truecount="0" falsecount="2"/>
          <line num="87" count="0" type="stmt"/>
          <line num="90" count="0" type="cond" truecount="0" falsecount="2"/>
          <line num="91" count="0" type="stmt"/>
          <line num="93" count="0" type="stmt"/>
          <line num="95" count="0" type="cond" truecount="0" falsecount="2"/>
          <line num="96" count="0" type="stmt"/>
          <line num="99" count="0" type="stmt"/>
          <line num="100" count="0" type="stmt"/>
          <line num="101" count="0" type="stmt"/>
          <line num="102" count="0" type="cond" truecount="0" falsecount="2"/>
          <line num="103" count="0" type="stmt"/>
          <line num="106" count="0" type="stmt"/>
          <line num="107" count="0" type="cond" truecount="0" falsecount="2"/>
          <line num="108" count="0" type="stmt"/>
          <line num="111" count="0" type="stmt"/>
          <line num="115" count="0" type="cond" truecount="0" falsecount="2"/>
          <line num="116" count="0" type="stmt"/>
          <line num="119" count="0" type="stmt"/>
          <line num="120" count="0" type="stmt"/>
          <line num="121" count="0" type="stmt"/>
          <line num="122" count="0" type="cond" truecount="0" falsecount="2"/>
          <line num="123" count="0" type="stmt"/>
          <line num="126" count="0" type="cond" truecount="0" falsecount="2"/>
          <line num="127" count="0" type="stmt"/>
          <line num="130" count="0" type="stmt"/>
          <line num="131" count="0" type="stmt"/>
          <line num="138" count="0" type="cond" truecount="0" falsecount="2"/>
          <line num="139" count="0" type="stmt"/>
          <line num="143" count="0" type="stmt"/>
          <line num="144" count="0" type="stmt"/>
          <line num="145" count="0" type="cond" truecount="0" falsecount="2"/>
          <line num="146" count="0" type="stmt"/>
          <line num="149" count="0" type="stmt"/>
          <line num="150" count="0" type="stmt"/>
          <line num="151" count="0" type="cond" truecount="0" falsecount="2"/>
          <line num="152" count="0" type="stmt"/>
          <line num="155" count="0" type="stmt"/>
          <line num="157" count="0" type="stmt"/>
          <line num="158" count="0" type="stmt"/>
          <line num="159" count="0" type="stmt"/>
          <line num="161" count="0" type="cond" truecount="0" falsecount="2"/>
          <line num="162" count="0" type="stmt"/>
          <line num="163" count="0" type="cond" truecount="0" falsecount="2"/>
          <line num="164" count="0" type="stmt"/>
          <line num="166" count="0" type="stmt"/>
          <line num="170" count="0" type="stmt"/>
          <line num="171" count="0" type="stmt"/>
          <line num="174" count="0" type="stmt"/>
          <line num="181" count="0" type="cond" truecount="0" falsecount="2"/>
          <line num="182" count="0" type="stmt"/>
          <line num="184" count="0" type="cond" truecount="0" falsecount="2"/>
          <line num="185" count="0" type="stmt"/>
          <line num="189" count="0" type="cond" truecount="0" falsecount="2"/>
          <line num="190" count="0" type="stmt"/>
          <line num="192" count="0" type="stmt"/>
          <line num="196" count="0" type="cond" truecount="0" falsecount="2"/>
          <line num="197" count="0" type="stmt"/>
          <line num="199" count="0" type="stmt"/>
          <line num="202" count="0" type="cond" truecount="0" falsecount="2"/>
          <line num="203" count="0" type="cond" truecount="0" falsecount="2"/>
          <line num="204" count="0" type="stmt"/>
          <line num="207" count="0" type="stmt"/>
          <line num="212" count="0" type="stmt"/>
          <line num="213" count="0" type="cond" truecount="0" falsecount="2"/>
          <line num="214" count="0" type="stmt"/>
          <line num="215" count="0" type="cond" truecount="0" falsecount="2"/>
          <line num="216" count="0" type="stmt"/>
          <line num="219" count="0" type="stmt"/>
          <line num="220" count="0" type="cond" truecount="0" falsecount="2"/>
          <line num="221" count="0" type="stmt"/>
          <line num="224" count="0" type="stmt"/>
          <line num="226" count="0" type="stmt"/>
          <line num="230" count="0" type="stmt"/>
          <line num="232" count="0" type="cond" truecount="0" falsecount="4"/>
          <line num="233" count="0" type="stmt"/>
          <line num="234" count="0" type="stmt"/>
          <line num="237" count="0" type="stmt"/>
          <line num="240" count="0" type="stmt"/>
          <line num="244" count="0" type="stmt"/>
          <line num="245" count="0" type="stmt"/>
          <line num="246" count="0" type="stmt"/>
          <line num="247" count="0" type="cond" truecount="0" falsecount="2"/>
          <line num="248" count="0" type="stmt"/>
          <line num="249" count="0" type="stmt"/>
          <line num="253" count="0" type="stmt"/>
          <line num="257" count="0" type="stmt"/>
          <line num="261" count="0" type="stmt"/>
          <line num="262" count="0" type="stmt"/>
          <line num="266" count="0" type="stmt"/>
          <line num="270" count="0" type="stmt"/>
          <line num="274" count="0" type="stmt"/>
          <line num="278" count="1" type="stmt"/>
        </file>
        <file name="DocumentFragmentLike.ts" path="/Users/furkle/Documents/wreath/src/NodeLike/ParentNodeLike/DocumentFragmentLike/DocumentFragmentLike.ts">
          <metrics statements="19" coveredstatements="3" conditionals="8" coveredconditionals="0" methods="16" coveredmethods="0"/>
          <line num="1" count="1" type="stmt"/>
          <line num="14" count="1" type="stmt"/>
          <line num="16" count="0" type="stmt"/>
          <line num="20" count="0" type="stmt"/>
          <line num="24" count="0" type="stmt"/>
          <line num="28" count="0" type="stmt"/>
          <line num="32" count="0" type="stmt"/>
          <line num="36" count="0" type="stmt"/>
          <line num="40" count="0" type="stmt"/>
          <line num="44" count="0" type="stmt"/>
          <line num="48" count="0" type="stmt"/>
          <line num="52" count="0" type="stmt"/>
          <line num="56" count="0" type="stmt"/>
          <line num="60" count="0" type="stmt"/>
          <line num="64" count="0" type="cond" truecount="0" falsecount="2"/>
          <line num="68" count="0" type="cond" truecount="0" falsecount="2"/>
          <line num="72" count="0" type="cond" truecount="0" falsecount="2"/>
          <line num="76" count="0" type="cond" truecount="0" falsecount="2"/>
          <line num="80" count="1" type="stmt"/>
        </file>
      </package>
      <package name="src.NodeLike.ParentNodeLike.DocumentLike">
        <metrics statements="177" coveredstatements="19" conditionals="86" coveredconditionals="0" methods="49" coveredmethods="0"/>
        <file name="AbstractDocumentLike.ts" path="/Users/furkle/Documents/wreath/src/NodeLike/ParentNodeLike/DocumentLike/AbstractDocumentLike.ts">
          <metrics statements="144" coveredstatements="15" conditionals="72" coveredconditionals="0" methods="29" coveredmethods="0"/>
          <line num="1" count="1" type="stmt"/>
          <line num="4" count="1" type="stmt"/>
          <line num="7" count="1" type="stmt"/>
          <line num="10" count="1" type="stmt"/>
          <line num="13" count="1" type="stmt"/>
          <line num="40" count="1" type="stmt"/>
          <line num="52" count="1" type="stmt"/>
          <line num="55" count="1" type="stmt"/>
          <line num="58" count="1" type="stmt"/>
          <line num="64" count="1" type="stmt"/>
          <line num="67" count="1" type="stmt"/>
          <line num="70" count="1" type="stmt"/>
          <line num="77" count="1" type="stmt"/>
          <line num="79" count="1" type="stmt"/>
          <line num="90" count="0" type="stmt"/>
          <line num="94" count="0" type="stmt"/>
          <line num="103" count="0" type="cond" truecount="0" falsecount="2"/>
          <line num="104" count="0" type="stmt"/>
          <line num="107" count="0" type="stmt"/>
          <line num="111" count="0" type="cond" truecount="0" falsecount="2"/>
          <line num="112" count="0" type="stmt"/>
          <line num="115" count="0" type="stmt"/>
          <line num="119" count="0" type="cond" truecount="0" falsecount="2"/>
          <line num="120" count="0" type="stmt"/>
          <line num="123" count="0" type="stmt"/>
          <line num="127" count="0" type="cond" truecount="0" falsecount="2"/>
          <line num="128" count="0" type="stmt"/>
          <line num="131" count="0" type="stmt"/>
          <line num="135" count="0" type="stmt"/>
          <line num="139" count="0" type="stmt"/>
          <line num="143" count="0" type="stmt"/>
          <line num="147" count="0" type="stmt"/>
          <line num="154" count="0" type="stmt"/>
          <line num="158" count="0" type="stmt"/>
          <line num="162" count="0" type="cond" truecount="0" falsecount="2"/>
          <line num="163" count="0" type="stmt"/>
          <line num="164" count="0" type="stmt"/>
          <line num="167" count="0" type="stmt"/>
          <line num="168" count="0" type="cond" truecount="0" falsecount="2"/>
          <line num="169" count="0" type="stmt"/>
          <line num="171" count="0" type="cond" truecount="0" falsecount="2"/>
          <line num="172" count="0" type="stmt"/>
          <line num="173" count="0" type="cond" truecount="0" falsecount="2"/>
          <line num="174" count="0" type="cond" truecount="0" falsecount="2"/>
          <line num="175" count="0" type="stmt"/>
          <line num="178" count="0" type="cond" truecount="0" falsecount="2"/>
          <line num="179" count="0" type="stmt"/>
          <line num="181" count="0" type="stmt"/>
          <line num="183" count="0" type="cond" truecount="0" falsecount="2"/>
          <line num="184" count="0" type="stmt"/>
          <line num="187" count="0" type="stmt"/>
          <line num="188" count="0" type="stmt"/>
          <line num="189" count="0" type="stmt"/>
          <line num="190" count="0" type="cond" truecount="0" falsecount="2"/>
          <line num="191" count="0" type="stmt"/>
          <line num="194" count="0" type="stmt"/>
          <line num="195" count="0" type="cond" truecount="0" falsecount="2"/>
          <line num="196" count="0" type="stmt"/>
          <line num="199" count="0" type="stmt"/>
          <line num="203" count="0" type="cond" truecount="0" falsecount="2"/>
          <line num="204" count="0" type="stmt"/>
          <line num="207" count="0" type="stmt"/>
          <line num="208" count="0" type="stmt"/>
          <line num="209" count="0" type="stmt"/>
          <line num="210" count="0" type="cond" truecount="0" falsecount="2"/>
          <line num="211" count="0" type="stmt"/>
          <line num="214" count="0" type="cond" truecount="0" falsecount="2"/>
          <line num="215" count="0" type="stmt"/>
          <line num="218" count="0" type="stmt"/>
          <line num="219" count="0" type="stmt"/>
          <line num="226" count="0" type="cond" truecount="0" falsecount="2"/>
          <line num="227" count="0" type="stmt"/>
          <line num="229" count="0" type="cond" truecount="0" falsecount="2"/>
          <line num="230" count="0" type="stmt"/>
          <line num="233" count="0" type="stmt"/>
          <line num="234" count="0" type="stmt"/>
          <line num="235" count="0" type="stmt"/>
          <line num="236" count="0" type="stmt"/>
          <line num="246" count="0" type="cond" truecount="0" falsecount="2"/>
          <line num="247" count="0" type="stmt"/>
          <line num="249" count="0" type="cond" truecount="0" falsecount="2"/>
          <line num="250" count="0" type="stmt"/>
          <line num="254" count="0" type="cond" truecount="0" falsecount="2"/>
          <line num="255" count="0" type="stmt"/>
          <line num="257" count="0" type="stmt"/>
          <line num="261" count="0" type="cond" truecount="0" falsecount="2"/>
          <line num="262" count="0" type="stmt"/>
          <line num="263" count="0" type="cond" truecount="0" falsecount="2"/>
          <line num="264" count="0" type="cond" truecount="0" falsecount="2"/>
          <line num="265" count="0" type="stmt"/>
          <line num="271" count="0" type="stmt"/>
          <line num="272" count="0" type="stmt"/>
          <line num="273" count="0" type="stmt"/>
          <line num="275" count="0" type="stmt"/>
          <line num="278" count="0" type="cond" truecount="0" falsecount="2"/>
          <line num="279" count="0" type="cond" truecount="0" falsecount="2"/>
          <line num="280" count="0" type="stmt"/>
          <line num="283" count="0" type="stmt"/>
          <line num="288" count="0" type="stmt"/>
          <line num="289" count="0" type="cond" truecount="0" falsecount="2"/>
          <line num="290" count="0" type="stmt"/>
          <line num="291" count="0" type="cond" truecount="0" falsecount="2"/>
          <line num="292" count="0" type="stmt"/>
          <line num="295" count="0" type="stmt"/>
          <line num="296" count="0" type="cond" truecount="0" falsecount="2"/>
          <line num="297" count="0" type="stmt"/>
          <line num="300" count="0" type="stmt"/>
          <line num="302" count="0" type="stmt"/>
          <line num="306" count="0" type="stmt"/>
          <line num="308" count="0" type="cond" truecount="0" falsecount="2"/>
          <line num="309" count="0" type="stmt"/>
          <line num="310" count="0" type="cond" truecount="0" falsecount="2"/>
          <line num="311" count="0" type="stmt"/>
          <line num="313" count="0" type="stmt"/>
          <line num="317" count="0" type="stmt"/>
          <line num="320" count="0" type="stmt"/>
          <line num="324" count="0" type="stmt"/>
          <line num="325" count="0" type="stmt"/>
          <line num="326" count="0" type="stmt"/>
          <line num="327" count="0" type="cond" truecount="0" falsecount="2"/>
          <line num="328" count="0" type="stmt"/>
          <line num="329" count="0" type="stmt"/>
          <line num="333" count="0" type="stmt"/>
          <line num="337" count="0" type="stmt"/>
          <line num="338" count="0" type="stmt"/>
          <line num="342" count="0" type="stmt"/>
          <line num="343" count="0" type="stmt"/>
          <line num="347" count="0" type="stmt"/>
          <line num="348" count="0" type="stmt"/>
          <line num="352" count="0" type="stmt"/>
          <line num="353" count="0" type="stmt"/>
          <line num="357" count="0" type="stmt"/>
          <line num="358" count="0" type="stmt"/>
          <line num="362" count="0" type="stmt"/>
          <line num="363" count="0" type="stmt"/>
          <line num="367" count="0" type="cond" truecount="0" falsecount="2"/>
          <line num="368" count="0" type="stmt"/>
          <line num="371" count="0" type="stmt"/>
          <line num="375" count="0" type="stmt"/>
          <line num="376" count="0" type="stmt"/>
          <line num="380" count="0" type="stmt"/>
          <line num="381" count="0" type="stmt"/>
          <line num="385" count="0" type="stmt"/>
          <line num="389" count="1" type="stmt"/>
        </file>
        <file name="DocumentLike.ts" path="/Users/furkle/Documents/wreath/src/NodeLike/ParentNodeLike/DocumentLike/DocumentLike.ts">
          <metrics statements="33" coveredstatements="4" conditionals="14" coveredconditionals="0" methods="20" coveredmethods="0"/>
          <line num="1" count="1" type="stmt"/>
          <line num="10" count="1" type="stmt"/>
          <line num="14" count="1" type="stmt"/>
          <line num="16" count="0" type="stmt"/>
          <line num="20" count="0" type="stmt"/>
          <line num="24" count="0" type="stmt"/>
          <line num="28" count="0" type="stmt"/>
          <line num="32" count="0" type="stmt"/>
          <line num="33" count="0" type="cond" truecount="0" falsecount="2"/>
          <line num="34" count="0" type="stmt"/>
          <line num="37" count="0" type="stmt"/>
          <line num="41" count="0" type="stmt"/>
          <line num="45" count="0" type="stmt"/>
          <line num="46" count="0" type="cond" truecount="0" falsecount="2"/>
          <line num="47" count="0" type="stmt"/>
          <line num="50" count="0" type="stmt"/>
          <line num="54" count="0" type="stmt"/>
          <line num="55" count="0" type="cond" truecount="0" falsecount="2"/>
          <line num="56" count="0" type="stmt"/>
          <line num="59" count="0" type="stmt"/>
          <line num="63" count="0" type="stmt"/>
          <line num="67" count="0" type="stmt"/>
          <line num="71" count="0" type="stmt"/>
          <line num="75" count="0" type="stmt"/>
          <line num="79" count="0" type="stmt"/>
          <line num="83" count="0" type="stmt"/>
          <line num="87" count="0" type="stmt"/>
          <line num="91" count="0" type="stmt"/>
          <line num="95" count="0" type="cond" truecount="0" falsecount="2"/>
          <line num="99" count="0" type="cond" truecount="0" falsecount="2"/>
          <line num="103" count="0" type="cond" truecount="0" falsecount="2"/>
          <line num="107" count="0" type="cond" truecount="0" falsecount="2"/>
          <line num="111" count="1" type="stmt"/>
        </file>
      </package>
      <package name="src.NodeLike.ParentNodeLike.ElementLike">
        <metrics statements="244" coveredstatements="19" conditionals="105" coveredconditionals="0" methods="57" coveredmethods="0"/>
        <file name="AbstractElementLike.ts" path="/Users/furkle/Documents/wreath/src/NodeLike/ParentNodeLike/ElementLike/AbstractElementLike.ts">
          <metrics statements="162" coveredstatements="12" conditionals="77" coveredconditionals="0" methods="21" coveredmethods="0"/>
          <line num="1" count="1" type="stmt"/>
          <line num="4" count="1" type="stmt"/>
          <line num="7" count="1" type="stmt"/>
          <line num="28" count="1" type="stmt"/>
          <line num="35" count="1" type="stmt"/>
          <line num="38" count="1" type="stmt"/>
          <line num="41" count="1" type="stmt"/>
          <line num="47" count="1" type="stmt"/>
          <line num="50" count="1" type="stmt"/>
          <line num="57" count="1" type="stmt"/>
          <line num="59" count="1" type="stmt"/>
          <line num="66" count="0" type="stmt"/>
          <line num="70" count="0" type="stmt"/>
          <line num="76" count="0" type="stmt"/>
          <line num="84" count="0" type="stmt"/>
          <line num="86" count="0" type="cond" truecount="0" falsecount="2"/>
          <line num="87" count="0" type="stmt"/>
          <line num="90" count="0" type="stmt"/>
          <line num="91" count="0" type="stmt"/>
          <line num="95" count="0" type="stmt"/>
          <line num="99" count="0" type="stmt"/>
          <line num="100" count="0" type="cond" truecount="0" falsecount="2"/>
          <line num="101" count="0" type="stmt"/>
          <line num="103" count="0" type="stmt"/>
          <line num="108" count="0" type="stmt"/>
          <line num="109" count="0" type="stmt"/>
          <line num="110" count="0" type="cond" truecount="0" falsecount="2"/>
          <line num="111" count="0" type="stmt"/>
          <line num="116" count="0" type="stmt"/>
          <line num="117" count="0" type="cond" truecount="0" falsecount="2"/>
          <line num="118" count="0" type="stmt"/>
          <line num="126" count="0" type="cond" truecount="0" falsecount="2"/>
          <line num="127" count="0" type="stmt"/>
          <line num="131" count="0" type="cond" truecount="0" falsecount="2"/>
          <line num="132" count="0" type="stmt"/>
          <line num="136" count="0" type="cond" truecount="0" falsecount="2"/>
          <line num="137" count="0" type="stmt"/>
          <line num="138" count="0" type="stmt"/>
          <line num="141" count="0" type="stmt"/>
          <line num="142" count="0" type="cond" truecount="0" falsecount="2"/>
          <line num="143" count="0" type="stmt"/>
          <line num="146" count="0" type="stmt"/>
          <line num="147" count="0" type="stmt"/>
          <line num="148" count="0" type="cond" truecount="0" falsecount="2"/>
          <line num="149" count="0" type="stmt"/>
          <line num="150" count="0" type="stmt"/>
          <line num="153" count="0" type="stmt"/>
          <line num="155" count="0" type="cond" truecount="0" falsecount="2"/>
          <line num="156" count="0" type="stmt"/>
          <line num="159" count="0" type="stmt"/>
          <line num="163" count="0" type="cond" truecount="0" falsecount="2"/>
          <line num="164" count="0" type="stmt"/>
          <line num="168" count="0" type="cond" truecount="0" falsecount="2"/>
          <line num="169" count="0" type="stmt"/>
          <line num="173" count="0" type="cond" truecount="0" falsecount="2"/>
          <line num="174" count="0" type="stmt"/>
          <line num="177" count="0" type="stmt"/>
          <line num="178" count="0" type="stmt"/>
          <line num="179" count="0" type="stmt"/>
          <line num="180" count="0" type="stmt"/>
          <line num="181" count="0" type="cond" truecount="0" falsecount="2"/>
          <line num="182" count="0" type="stmt"/>
          <line num="185" count="0" type="cond" truecount="0" falsecount="2"/>
          <line num="186" count="0" type="stmt"/>
          <line num="189" count="0" type="stmt"/>
          <line num="190" count="0" type="stmt"/>
          <line num="191" count="0" type="stmt"/>
          <line num="198" count="0" type="cond" truecount="0" falsecount="2"/>
          <line num="199" count="0" type="stmt"/>
          <line num="203" count="0" type="cond" truecount="0" falsecount="2"/>
          <line num="204" count="0" type="stmt"/>
          <line num="208" count="0" type="stmt"/>
          <line num="209" count="0" type="stmt"/>
          <line num="210" count="0" type="cond" truecount="0" falsecount="2"/>
          <line num="211" count="0" type="stmt"/>
          <line num="214" count="0" type="stmt"/>
          <line num="215" count="0" type="stmt"/>
          <line num="216" count="0" type="cond" truecount="0" falsecount="2"/>
          <line num="217" count="0" type="stmt"/>
          <line num="220" count="0" type="stmt"/>
          <line num="222" count="0" type="stmt"/>
          <line num="223" count="0" type="stmt"/>
          <line num="224" count="0" type="stmt"/>
          <line num="226" count="0" type="cond" truecount="0" falsecount="2"/>
          <line num="227" count="0" type="stmt"/>
          <line num="228" count="0" type="cond" truecount="0" falsecount="2"/>
          <line num="229" count="0" type="stmt"/>
          <line num="231" count="0" type="stmt"/>
          <line num="235" count="0" type="stmt"/>
          <line num="236" count="0" type="stmt"/>
          <line num="239" count="0" type="stmt"/>
          <line num="246" count="0" type="cond" truecount="0" falsecount="2"/>
          <line num="247" count="0" type="stmt"/>
          <line num="251" count="0" type="cond" truecount="0" falsecount="2"/>
          <line num="252" count="0" type="stmt"/>
          <line num="254" count="0" type="cond" truecount="0" falsecount="2"/>
          <line num="255" count="0" type="stmt"/>
          <line num="259" count="0" type="stmt"/>
          <line num="261" count="0" type="cond" truecount="0" falsecount="2"/>
          <line num="262" count="0" type="stmt"/>
          <line num="263" count="0" type="stmt"/>
          <line num="264" count="0" type="cond" truecount="0" falsecount="2"/>
          <line num="265" count="0" type="stmt"/>
          <line num="268" count="0" type="stmt"/>
          <line num="269" count="0" type="cond" truecount="0" falsecount="2"/>
          <line num="270" count="0" type="stmt"/>
          <line num="273" count="0" type="stmt"/>
          <line num="274" count="0" type="stmt"/>
          <line num="275" count="0" type="stmt"/>
          <line num="276" count="0" type="stmt"/>
          <line num="278" count="0" type="stmt"/>
          <line num="282" count="0" type="stmt"/>
          <line num="283" count="0" type="cond" truecount="0" falsecount="4"/>
          <line num="284" count="0" type="stmt"/>
          <line num="285" count="0" type="cond" truecount="0" falsecount="2"/>
          <line num="286" count="0" type="stmt"/>
          <line num="288" count="0" type="stmt"/>
          <line num="292" count="0" type="stmt"/>
          <line num="294" count="0" type="stmt"/>
          <line num="295" count="0" type="stmt"/>
          <line num="298" count="0" type="stmt"/>
          <line num="299" count="0" type="stmt"/>
          <line num="303" count="0" type="stmt"/>
          <line num="304" count="0" type="stmt"/>
          <line num="305" count="0" type="stmt"/>
          <line num="306" count="0" type="cond" truecount="0" falsecount="2"/>
          <line num="307" count="0" type="stmt"/>
          <line num="308" count="0" type="stmt"/>
          <line num="312" count="0" type="stmt"/>
          <line num="316" count="0" type="stmt"/>
          <line num="317" count="0" type="stmt"/>
          <line num="318" count="0" type="stmt"/>
          <line num="319" count="0" type="cond" truecount="0" falsecount="2"/>
          <line num="320" count="0" type="cond" truecount="0" falsecount="2"/>
          <line num="321" count="0" type="stmt"/>
          <line num="324" count="0" type="stmt"/>
          <line num="325" count="0" type="stmt"/>
          <line num="326" count="0" type="cond" truecount="0" falsecount="2"/>
          <line num="327" count="0" type="cond" truecount="0" falsecount="2"/>
          <line num="328" count="0" type="stmt"/>
          <line num="329" count="0" type="stmt"/>
          <line num="330" count="0" type="stmt"/>
          <line num="331" count="0" type="stmt"/>
          <line num="335" count="0" type="cond" truecount="0" falsecount="2"/>
          <line num="336" count="0" type="stmt"/>
          <line num="340" count="0" type="stmt"/>
          <line num="345" count="0" type="stmt"/>
          <line num="346" count="0" type="cond" truecount="0" falsecount="2"/>
          <line num="347" count="0" type="stmt"/>
          <line num="349" count="0" type="stmt"/>
          <line num="350" count="0" type="stmt"/>
          <line num="352" count="0" type="stmt"/>
          <line num="353" count="0" type="stmt"/>
          <line num="354" count="0" type="stmt"/>
          <line num="358" count="0" type="cond" truecount="0" falsecount="2"/>
          <line num="359" count="0" type="stmt"/>
          <line num="361" count="0" type="stmt"/>
          <line num="362" count="0" type="stmt"/>
          <line num="365" count="0" type="stmt"/>
          <line num="368" count="0" type="stmt"/>
          <line num="372" count="0" type="stmt"/>
          <line num="376" count="1" type="stmt"/>
        </file>
        <file name="ElementLike.ts" path="/Users/furkle/Documents/wreath/src/NodeLike/ParentNodeLike/ElementLike/ElementLike.ts">
          <metrics statements="82" coveredstatements="7" conditionals="28" coveredconditionals="0" methods="36" coveredmethods="0"/>
          <line num="1" count="1" type="stmt"/>
          <line num="4" count="1" type="stmt"/>
          <line num="22" count="1" type="stmt"/>
[...]
          <line num="1968" count="0" type="cond" truecount="0" falsecount="2"/>
          <line num="1969" count="0" type="cond" truecount="0" falsecount="2"/>
          <line num="1970" count="0" type="stmt"/>
          <line num="1971" count="0" type="stmt"/>
          <line num="1973" count="0" type="stmt"/>
          <line num="1974" count="0" type="cond" truecount="0" falsecount="2"/>
          <line num="1976" count="0" type="cond" truecount="0" falsecount="2"/>
          <line num="1977" count="0" type="stmt"/>
          <line num="1979" count="0" type="cond" truecount="0" falsecount="2"/>
          <line num="1980" count="0" type="stmt"/>
          <line num="1981" count="0" type="stmt"/>
          <line num="1983" count="0" type="stmt"/>
          <line num="1984" count="0" type="stmt"/>
          <line num="1987" count="0" type="stmt"/>
          <line num="1988" count="0" type="stmt"/>
          <line num="1990" count="0" type="stmt"/>
          <line num="1991" count="0" type="cond" truecount="0" falsecount="2"/>
          <line num="1992" count="0" type="stmt"/>
          <line num="1994" count="0" type="stmt"/>
          <line num="1995" count="0" type="stmt"/>
          <line num="1997" count="0" type="cond" truecount="0" falsecount="2"/>
          <line num="1998" count="0" type="stmt"/>
          <line num="1999" count="0" type="cond" truecount="0" falsecount="2"/>
          <line num="2000" count="0" type="stmt"/>
          <line num="2001" count="0" type="stmt"/>
          <line num="2003" count="0" type="stmt"/>
          <line num="2004" count="0" type="stmt"/>
          <line num="2007" count="0" type="stmt"/>
          <line num="2008" count="0" type="stmt"/>
          <line num="2010" count="0" type="cond" truecount="0" falsecount="2"/>
          <line num="2011" count="0" type="stmt"/>
          <line num="2012" count="0" type="stmt"/>
          <line num="2013" count="0" type="stmt"/>
          <line num="2014" count="0" type="stmt"/>
          <line num="2015" count="0" type="stmt"/>
          <line num="2016" count="0" type="stmt"/>
          <line num="2017" count="0" type="stmt"/>
          <line num="2018" count="0" type="cond" truecount="0" falsecount="2"/>
          <line num="2019" count="0" type="cond" truecount="0" falsecount="2"/>
          <line num="2020" count="0" type="stmt"/>
          <line num="2021" count="0" type="stmt"/>
          <line num="2023" count="0" type="stmt"/>
          <line num="2024" count="0" type="cond" truecount="0" falsecount="2"/>
          <line num="2026" count="0" type="cond" truecount="0" falsecount="2"/>
          <line num="2027" count="0" type="stmt"/>
          <line num="2029" count="0" type="cond" truecount="0" falsecount="2"/>
          <line num="2030" count="0" type="stmt"/>
          <line num="2031" count="0" type="stmt"/>
          <line num="2033" count="0" type="stmt"/>
          <line num="2034" count="0" type="stmt"/>
          <line num="2037" count="0" type="stmt"/>
          <line num="2038" count="0" type="stmt"/>
          <line num="2040" count="0" type="stmt"/>
          <line num="2041" count="0" type="cond" truecount="0" falsecount="2"/>
          <line num="2042" count="0" type="stmt"/>
          <line num="2044" count="0" type="stmt"/>
          <line num="2045" count="0" type="stmt"/>
          <line num="2047" count="0" type="cond" truecount="0" falsecount="2"/>
          <line num="2048" count="0" type="stmt"/>
          <line num="2049" count="0" type="cond" truecount="0" falsecount="2"/>
          <line num="2050" count="0" type="stmt"/>
          <line num="2051" count="0" type="stmt"/>
          <line num="2053" count="0" type="stmt"/>
          <line num="2054" count="0" type="stmt"/>
          <line num="2057" count="0" type="stmt"/>
          <line num="2058" count="0" type="stmt"/>
          <line num="2062" count="0" type="stmt"/>
          <line num="2064" count="0" type="cond" truecount="0" falsecount="2"/>
          <line num="2065" count="0" type="stmt"/>
          <line num="2067" count="0" type="stmt"/>
          <line num="2069" count="0" type="cond" truecount="0" falsecount="2"/>
          <line num="2070" count="0" type="stmt"/>
          <line num="2071" count="0" type="stmt"/>
          <line num="2073" count="0" type="stmt"/>
          <line num="2075" count="0" type="stmt"/>
          <line num="2078" count="0" type="stmt"/>
          <line num="2080" count="0" type="cond" truecount="0" falsecount="4"/>
          <line num="2081" count="0" type="stmt"/>
          <line num="2083" count="0" type="cond" truecount="0" falsecount="4"/>
          <line num="2084" count="0" type="stmt"/>
        </file>
      </package>
      <package name="src.Recurser">
        <metrics statements="22" coveredstatements="2" conditionals="0" coveredconditionals="0" methods="4" coveredmethods="0"/>
        <file name="Recurser.ts" path="/Users/furkle/Documents/wreath/src/Recurser/Recurser.ts">
          <metrics statements="22" coveredstatements="2" conditionals="0" coveredconditionals="0" methods="4" coveredmethods="0"/>
          <line num="14" count="1" type="stmt"/>
          <line num="22" count="0" type="stmt"/>
          <line num="23" count="0" type="stmt"/>
          <line num="24" count="0" type="stmt"/>
          <line num="25" count="0" type="stmt"/>
          <line num="26" count="0" type="stmt"/>
          <line num="37" count="0" type="stmt"/>
          <line num="38" count="0" type="stmt"/>
          <line num="39" count="0" type="stmt"/>
          <line num="40" count="0" type="stmt"/>
          <line num="43" count="0" type="stmt"/>
          <line num="53" count="0" type="stmt"/>
          <line num="54" count="0" type="stmt"/>
          <line num="55" count="0" type="stmt"/>
          <line num="56" count="0" type="stmt"/>
          <line num="57" count="0" type="stmt"/>
          <line num="68" count="0" type="stmt"/>
          <line num="69" count="0" type="stmt"/>
          <line num="70" count="0" type="stmt"/>
          <line num="71" count="0" type="stmt"/>
          <line num="74" count="0" type="stmt"/>
          <line num="78" count="1" type="stmt"/>
        </file>
      </package>
      <package name="src.TypeGuards">
        <metrics statements="30" coveredstatements="17" conditionals="56" coveredconditionals="0" methods="12" coveredmethods="0"/>
        <file name="isIChildNodeLike.ts" path="/Users/furkle/Documents/wreath/src/TypeGuards/isIChildNodeLike.ts">
          <metrics statements="3" coveredstatements="2" conditionals="2" coveredconditionals="0" methods="1" coveredmethods="0"/>
          <line num="5" count="2" type="stmt"/>
          <line num="6" count="0" type="cond" truecount="0" falsecount="2"/>
          <line num="9" count="2" type="stmt"/>
        </file>
        <file name="isIDocumentFragmentLike.ts" path="/Users/furkle/Documents/wreath/src/TypeGuards/isIDocumentFragmentLike.ts">
          <metrics statements="3" coveredstatements="2" conditionals="2" coveredconditionals="0" methods="1" coveredmethods="0"/>
          <line num="5" count="1" type="stmt"/>
          <line num="6" count="0" type="cond" truecount="0" falsecount="2"/>
          <line num="9" count="1" type="stmt"/>
        </file>
        <file name="isIDocumentLike.ts" path="/Users/furkle/Documents/wreath/src/TypeGuards/isIDocumentLike.ts">
          <metrics statements="3" coveredstatements="2" conditionals="2" coveredconditionals="0" methods="1" coveredmethods="0"/>
          <line num="5" count="1" type="stmt"/>
          <line num="6" count="0" type="cond" truecount="0" falsecount="2"/>
          <line num="9" count="1" type="stmt"/>
        </file>
        <file name="isIDocumentTypeLike.ts" path="/Users/furkle/Documents/wreath/src/TypeGuards/isIDocumentTypeLike.ts">
          <metrics statements="3" coveredstatements="2" conditionals="2" coveredconditionals="0" methods="1" coveredmethods="0"/>
          <line num="5" count="1" type="stmt"/>
          <line num="6" count="0" type="cond" truecount="0" falsecount="2"/>
          <line num="9" count="1" type="stmt"/>
        </file>
        <file name="isIElementLike.ts" path="/Users/furkle/Documents/wreath/src/TypeGuards/isIElementLike.ts">
          <metrics statements="3" coveredstatements="2" conditionals="2" coveredconditionals="0" methods="1" coveredmethods="0"/>
          <line num="5" count="1" type="stmt"/>
          <line num="6" count="0" type="cond" truecount="0" falsecount="2"/>
          <line num="9" count="1" type="stmt"/>
        </file>
        <file name="isIIgnores.ts" path="/Users/furkle/Documents/wreath/src/TypeGuards/isIIgnores.ts">
          <metrics statements="9" coveredstatements="3" conditionals="40" coveredconditionals="0" methods="5" coveredmethods="0"/>
          <line num="1" count="1" type="stmt"/>
          <line num="11" count="1" type="stmt"/>
          <line num="12" count="0" type="stmt"/>
          <line num="13" count="0" type="cond" truecount="0" falsecount="34"/>
          <line num="33" count="0" type="stmt"/>
          <line num="50" count="0" type="cond" truecount="0" falsecount="2"/>
          <line num="67" count="0" type="cond" truecount="0" falsecount="2"/>
          <line num="84" count="0" type="cond" truecount="0" falsecount="2"/>
          <line num="87" count="1" type="stmt"/>
        </file>
        <file name="isIParentNodeLike.ts" path="/Users/furkle/Documents/wreath/src/TypeGuards/isIParentNodeLike.ts">
          <metrics statements="3" coveredstatements="2" conditionals="4" coveredconditionals="0" methods="1" coveredmethods="0"/>
          <line num="5" count="1" type="stmt"/>
          <line num="6" count="0" type="cond" truecount="0" falsecount="4"/>
          <line num="12" count="1" type="stmt"/>
        </file>
        <file name="isITextLike.ts" path="/Users/furkle/Documents/wreath/src/TypeGuards/isITextLike.ts">
          <metrics statements="3" coveredstatements="2" conditionals="2" coveredconditionals="0" methods="1" coveredmethods="0"/>
          <line num="5" count="1" type="stmt"/>
          <line num="6" count="0" type="cond" truecount="0" falsecount="2"/>
          <line num="9" count="1" type="stmt"/>
        </file>
      </package>
      <package name="src.modules">
        <metrics statements="140" coveredstatements="18" conditionals="82" coveredconditionals="0" methods="10" coveredmethods="0"/>
        <file name="detectFormat.ts" path="/Users/furkle/Documents/wreath/src/modules/detectFormat.ts">
          <metrics statements="21" coveredstatements="2" conditionals="16" coveredconditionals="0" methods="1" coveredmethods="0"/>
          <line num="8" count="1" type="stmt"/>
          <line num="12" count="0" type="stmt"/>
          <line num="13" count="0" type="cond" truecount="0" falsecount="2"/>
          <line num="15" count="0" type="stmt"/>
          <line num="16" count="0" type="cond" truecount="0" falsecount="2"/>
          <line num="17" count="0" type="cond" truecount="0" falsecount="2"/>
          <line num="18" count="0" type="stmt"/>
          <line num="23" count="0" type="cond" truecount="0" falsecount="2"/>
          <line num="24" count="0" type="stmt"/>
          <line num="29" count="0" type="cond" truecount="0" falsecount="2"/>
          <line num="30" count="0" type="stmt"/>
          <line num="31" count="0" type="stmt"/>
          <line num="32" count="0" type="cond" truecount="0" falsecount="2"/>
          <line num="33" count="0" type="stmt"/>
          <line num="34" count="0" type="stmt"/>
          <line num="38" count="0" type="cond" truecount="0" falsecount="2"/>
          <line num="39" count="0" type="stmt"/>
          <line num="44" count="0" type="cond" truecount="0" falsecount="2"/>
          <line num="45" count="0" type="stmt"/>
          <line num="49" count="0" type="stmt"/>
          <line num="52" count="1" type="stmt"/>
        </file>
        <file name="detectVersion.ts" path="/Users/furkle/Documents/wreath/src/modules/detectVersion.ts">
          <metrics statements="39" coveredstatements="4" conditionals="26" coveredconditionals="0" methods="1" coveredmethods="0"/>
          <line num="1" count="1" type="stmt"/>
          <line num="12" count="1" type="stmt"/>
          <line num="14" count="1" type="stmt"/>
          <line num="19" count="0" type="stmt"/>
          <line num="20" count="0" type="cond" truecount="0" falsecount="2"/>
          <line num="22" count="0" type="stmt"/>
          <line num="23" count="0" type="cond" truecount="0" falsecount="2"/>
          <line num="24" count="0" type="cond" truecount="0" falsecount="2"/>
          <line num="25" count="0" type="stmt"/>
          <line num="30" count="0" type="cond" truecount="0" falsecount="2"/>
          <line num="31" count="0" type="stmt"/>
          <line num="36" count="0" type="cond" truecount="0" falsecount="2"/>
          <line num="37" count="0" type="stmt"/>
          <line num="38" count="0" type="stmt"/>
          <line num="39" count="0" type="cond" truecount="0" falsecount="2"/>
          <line num="40" count="0" type="stmt"/>
          <line num="41" count="0" type="stmt"/>
          <line num="42" count="0" type="cond" truecount="0" falsecount="2"/>
          <line num="43" count="0" type="stmt"/>
          <line num="44" count="0" type="stmt"/>
          <line num="48" count="0" type="cond" truecount="0" falsecount="2"/>
          <line num="49" count="0" type="stmt"/>
          <line num="54" count="0" type="cond" truecount="0" falsecount="2"/>
          <line num="55" count="0" type="stmt"/>
          <line num="59" count="0" type="stmt"/>
          <line num="60" count="0" type="cond" truecount="0" falsecount="2"/>
          <line num="61" count="0" type="stmt"/>
          <line num="65" count="0" type="stmt"/>
          <line num="66" count="0" type="stmt"/>
          <line num="67" count="0" type="stmt"/>
          <line num="68" count="0" type="stmt"/>
          <line num="69" count="0" type="cond" truecount="0" falsecount="2"/>
          <line num="70" count="0" type="stmt"/>
          <line num="71" count="0" type="stmt"/>
          <line num="72" count="0" type="stmt"/>
          <line num="76" count="0" type="cond" truecount="0" falsecount="2"/>
          <line num="77" count="0" type="stmt"/>
          <line num="81" count="0" type="stmt"/>
          <line num="84" count="1" type="stmt"/>
        </file>
        <file name="documentGetter.ts" path="/Users/furkle/Documents/wreath/src/modules/documentGetter.ts">
          <metrics statements="6" coveredstatements="3" conditionals="2" coveredconditionals="0" methods="1" coveredmethods="0"/>
          <line num="1" count="1" type="stmt"/>
          <line num="8" count="1" type="stmt"/>
          <line num="10" count="0" type="cond" truecount="0" falsecount="2"/>
          <line num="12" count="0" type="stmt"/>
          <line num="14" count="0" type="stmt"/>
          <line num="18" count="1" type="stmt"/>
        </file>
        <file name="nodeFactory.ts" path="/Users/furkle/Documents/wreath/src/modules/nodeFactory.ts">
          <metrics statements="51" coveredstatements="3" conditionals="36" coveredconditionals="0" methods="3" coveredmethods="0"/>
          <line num="13" count="2" type="stmt"/>
          <line num="17" count="2" type="stmt"/>
          <line num="18" count="0" type="cond" truecount="0" falsecount="2"/>
          <line num="19" count="0" type="stmt"/>
          <line num="20" count="0" type="cond" truecount="0" falsecount="2"/>
          <line num="21" count="0" type="stmt"/>
          <line num="22" count="0" type="stmt"/>
          <line num="23" count="0" type="cond" truecount="0" falsecount="2"/>
          <line num="24" count="0" type="stmt"/>
          <line num="25" count="0" type="stmt"/>
          <line num="26" count="0" type="cond" truecount="0" falsecount="2"/>
          <line num="27" count="0" type="stmt"/>
          <line num="28" count="0" type="stmt"/>
          <line num="29" count="0" type="cond" truecount="0" falsecount="2"/>
          <line num="30" count="0" type="stmt"/>
          <line num="31" count="0" type="stmt"/>
          <line num="32" count="0" type="stmt"/>
          <line num="33" count="0" type="cond" truecount="0" falsecount="2"/>
          <line num="34" count="0" type="stmt"/>
          <line num="35" count="0" type="stmt"/>
          <line num="36" count="0" type="cond" truecount="0" falsecount="5"/>
          <line num="41" count="0" type="cond" truecount="0" falsecount="2"/>
          <line num="42" count="0" type="stmt"/>
          <line num="43" count="0" type="cond" truecount="0" falsecount="2"/>
          <line num="44" count="0" type="stmt"/>
          <line num="46" count="0" type="cond" truecount="0" falsecount="2"/>
          <line num="49" count="0" type="stmt"/>
          <line num="50" count="0" type="stmt"/>
          <line num="51" count="0" type="cond" truecount="0" falsecount="2"/>
          <line num="52" count="0" type="stmt"/>
          <line num="53" count="0" type="cond" truecount="0" falsecount="2"/>
          <line num="54" count="0" type="stmt"/>
          <line num="55" count="0" type="stmt"/>
          <line num="58" count="0" type="stmt"/>
          <line num="59" count="0" type="stmt"/>
          <line num="60" count="0" type="stmt"/>
          <line num="61" count="0" type="stmt"/>
          <line num="64" count="0" type="cond" truecount="0" falsecount="5"/>
          <line num="65" count="0" type="stmt"/>
          <line num="66" count="0" type="stmt"/>
          <line num="67" count="0" type="stmt"/>
          <line num="70" count="0" type="stmt"/>
          <line num="71" count="0" type="stmt"/>
          <line num="74" count="0" type="stmt"/>
          <line num="76" count="0" type="stmt"/>
          <line num="77" count="0" type="cond" truecount="0" falsecount="2"/>
          <line num="78" count="0" type="stmt"/>
          <line num="79" count="0" type="cond" truecount="0" falsecount="2"/>
          <line num="80" count="0" type="stmt"/>
          <line num="83" count="0" type="stmt"/>
          <line num="86" count="2" type="stmt"/>
        </file>
        <file name="passageDataFactory.ts" path="/Users/furkle/Documents/wreath/src/modules/passageDataFactory.ts">
          <metrics statements="10" coveredstatements="3" conditionals="0" coveredconditionals="0" methods="2" coveredmethods="0"/>
          <line num="10" count="1" type="stmt"/>
          <line num="14" count="1" type="stmt"/>
          <line num="18" count="0" type="stmt"/>
          <line num="19" count="0" type="stmt"/>
          <line num="20" count="0" type="stmt"/>
          <line num="21" count="0" type="stmt"/>
          <line num="22" count="0" type="stmt"/>
          <line num="25" count="0" type="stmt"/>
          <line num="26" count="0" type="stmt"/>
          <line num="29" count="1" type="stmt"/>
        </file>
        <file name="storyDataFactory.ts" path="/Users/furkle/Documents/wreath/src/modules/storyDataFactory.ts">
          <metrics statements="13" coveredstatements="3" conditionals="2" coveredconditionals="0" methods="2" coveredmethods="0"/>
          <line num="10" count="1" type="stmt"/>
          <line num="14" count="1" type="stmt"/>
          <line num="18" count="0" type="stmt"/>
          <line num="19" count="0" type="stmt"/>
          <line num="20" count="0" type="stmt"/>
          <line num="21" count="0" type="stmt"/>
          <line num="22" count="0" type="cond" truecount="0" falsecount="2"/>
          <line num="23" count="0" type="stmt"/>
          <line num="24" count="0" type="stmt"/>
          <line num="27" count="0" type="stmt"/>
          <line num="30" count="0" type="stmt"/>
          <line num="31" count="0" type="stmt"/>
          <line num="34" count="1" type="stmt"/>
        </file>
      </package>
    </metrics>
  </project>
</coverage>
