{"/Users/furkle/Documents/wreath/src/constants.ts": {"path":"/Users/furkle/Documents/wreath/src/constants.ts","statementMap":{"0":{"start":{"line":5,"column":0},"end":{"line":8,"column":1}},"1":{"start":{"line":6,"column":2},"end":{"line":6,"column":27}},"2":{"start":{"line":7,"column":2},"end":{"line":7,"column":29}},"3":{"start":{"line":10,"column":0},"end":{"line":16,"column":1}},"4":{"start":{"line":11,"column":2},"end":{"line":11,"column":29}},"5":{"start":{"line":12,"column":2},"end":{"line":12,"column":30}},"6":{"start":{"line":13,"column":2},"end":{"line":13,"column":32}},"7":{"start":{"line":14,"column":2},"end":{"line":14,"column":32}},"8":{"start":{"line":15,"column":2},"end":{"line":15,"column":30}},"9":{"start":{"line":18,"column":0},"end":{"line":21,"column":1}},"10":{"start":{"line":19,"column":2},"end":{"line":19,"column":29}},"11":{"start":{"line":20,"column":2},"end":{"line":20,"column":28}},"12":{"start":{"line":23,"column":0},"end":{"line":30,"column":1}},"13":{"start":{"line":24,"column":2},"end":{"line":24,"column":22}},"14":{"start":{"line":25,"column":2},"end":{"line":25,"column":22}},"15":{"start":{"line":26,"column":2},"end":{"line":26,"column":22}},"16":{"start":{"line":27,"column":2},"end":{"line":27,"column":22}},"17":{"start":{"line":28,"column":2},"end":{"line":28,"column":23}},"18":{"start":{"line":29,"column":2},"end":{"line":29,"column":23}},"19":{"start":{"line":32,"column":0},"end":{"line":38,"column":1}},"20":{"start":{"line":33,"column":2},"end":{"line":33,"column":27}},"21":{"start":{"line":34,"column":2},"end":{"line":34,"column":29}},"22":{"start":{"line":35,"column":2},"end":{"line":35,"column":32}},"23":{"start":{"line":36,"column":2},"end":{"line":36,"column":34}},"24":{"start":{"line":37,"column":2},"end":{"line":37,"column":29}},"25":{"start":{"line":40,"column":0},"end":{"line":46,"column":1}},"26":{"start":{"line":41,"column":2},"end":{"line":41,"column":27}},"27":{"start":{"line":42,"column":2},"end":{"line":42,"column":29}},"28":{"start":{"line":43,"column":2},"end":{"line":43,"column":32}},"29":{"start":{"line":44,"column":2},"end":{"line":44,"column":34}},"30":{"start":{"line":45,"column":2},"end":{"line":45,"column":29}},"31":{"start":{"line":48,"column":13},"end":{"line":53,"column":2}},"32":{"start":{"line":55,"column":0},"end":{"line":58,"column":1}},"33":{"start":{"line":56,"column":2},"end":{"line":56,"column":28}},"34":{"start":{"line":57,"column":2},"end":{"line":57,"column":28}},"35":{"start":{"line":60,"column":13},"end":{"line":65,"column":2}},"36":{"start":{"line":67,"column":0},"end":{"line":67,"column":25}}},"fnMap":{"0":{"name":"(anonymous_0)","decl":{"start":{"line":5,"column":0},"end":{"line":5,"column":11}},"loc":{"start":{"line":5,"column":26},"end":{"line":8,"column":1}}},"1":{"name":"(anonymous_1)","decl":{"start":{"line":10,"column":0},"end":{"line":10,"column":11}},"loc":{"start":{"line":10,"column":19},"end":{"line":16,"column":1}}},"2":{"name":"(anonymous_2)","decl":{"start":{"line":18,"column":0},"end":{"line":18,"column":11}},"loc":{"start":{"line":18,"column":30},"end":{"line":21,"column":1}}},"3":{"name":"(anonymous_3)","decl":{"start":{"line":23,"column":0},"end":{"line":23,"column":11}},"loc":{"start":{"line":23,"column":21},"end":{"line":30,"column":1}}},"4":{"name":"(anonymous_4)","decl":{"start":{"line":32,"column":0},"end":{"line":32,"column":11}},"loc":{"start":{"line":32,"column":31},"end":{"line":38,"column":1}}},"5":{"name":"(anonymous_5)","decl":{"start":{"line":40,"column":0},"end":{"line":40,"column":11}},"loc":{"start":{"line":40,"column":30},"end":{"line":46,"column":1}}},"6":{"name":"(anonymous_6)","decl":{"start":{"line":55,"column":0},"end":{"line":55,"column":11}},"loc":{"start":{"line":55,"column":20},"end":{"line":58,"column":1}}}},"branchMap":{"0":{"loc":{"start":{"line":5,"column":12},"end":{"line":5,"column":26}},"type":"binary-expr","locations":[{"start":{"line":5,"column":12},"end":{"line":5,"column":26}},{"start":{"line":5,"column":12},"end":{"line":5,"column":26}}]},"1":{"loc":{"start":{"line":10,"column":12},"end":{"line":10,"column":19}},"type":"binary-expr","locations":[{"start":{"line":10,"column":12},"end":{"line":10,"column":19}},{"start":{"line":10,"column":12},"end":{"line":10,"column":19}}]},"2":{"loc":{"start":{"line":18,"column":12},"end":{"line":18,"column":30}},"type":"binary-expr","locations":[{"start":{"line":18,"column":12},"end":{"line":18,"column":30}},{"start":{"line":18,"column":12},"end":{"line":18,"column":30}}]},"3":{"loc":{"start":{"line":23,"column":12},"end":{"line":23,"column":21}},"type":"binary-expr","locations":[{"start":{"line":23,"column":12},"end":{"line":23,"column":21}},{"start":{"line":23,"column":12},"end":{"line":23,"column":21}}]},"4":{"loc":{"start":{"line":32,"column":12},"end":{"line":32,"column":31}},"type":"binary-expr","locations":[{"start":{"line":32,"column":12},"end":{"line":32,"column":31}},{"start":{"line":32,"column":12},"end":{"line":32,"column":31}}]},"5":{"loc":{"start":{"line":40,"column":12},"end":{"line":40,"column":30}},"type":"binary-expr","locations":[{"start":{"line":40,"column":12},"end":{"line":40,"column":30}},{"start":{"line":40,"column":12},"end":{"line":40,"column":30}}]},"6":{"loc":{"start":{"line":55,"column":12},"end":{"line":55,"column":20}},"type":"binary-expr","locations":[{"start":{"line":55,"column":12},"end":{"line":55,"column":20}},{"start":{"line":55,"column":12},"end":{"line":55,"column":20}}]}},"s":{"0":5,"1":5,"2":5,"3":5,"4":5,"5":5,"6":5,"7":5,"8":5,"9":5,"10":5,"11":5,"12":5,"13":5,"14":5,"15":5,"16":5,"17":5,"18":5,"19":5,"20":5,"21":5,"22":5,"23":5,"24":5,"25":5,"26":5,"27":5,"28":5,"29":5,"30":5,"31":5,"32":5,"33":5,"34":5,"35":5,"36":5},"f":{"0":5,"1":5,"2":5,"3":5,"4":5,"5":5,"6":5},"b":{"0":[5,5],"1":[5,5],"2":[5,5],"3":[5,5],"4":[5,5],"5":[5,5],"6":[5,5]}}
,"/Users/furkle/Documents/wreath/src/IRGenerator/ArrayIRGenerator.ts": {"path":"/Users/furkle/Documents/wreath/src/IRGenerator/ArrayIRGenerator.ts","statementMap":{"0":{"start":{"line":1,"column":0},"end":{"line":4,"column":21}},"1":{"start":{"line":17,"column":0},"end":{"line":19,"column":37}},"2":{"start":{"line":20,"column":0},"end":{"line":22,"column":32}},"3":{"start":{"line":23,"column":0},"end":{"line":26,"column":15}},"4":{"start":{"line":68,"column":4},"end":{"line":70,"column":5}},"5":{"start":{"line":69,"column":6},"end":{"line":69,"column":76}},"6":{"start":{"line":72,"column":16},"end":{"line":72,"column":29}},"7":{"start":{"line":73,"column":19},"end":{"line":73,"column":29}},"8":{"start":{"line":74,"column":4},"end":{"line":79,"column":5}},"9":{"start":{"line":75,"column":6},"end":{"line":75,"column":80}},"10":{"start":{"line":76,"column":11},"end":{"line":79,"column":5}},"11":{"start":{"line":77,"column":6},"end":{"line":78,"column":71}},"12":{"start":{"line":81,"column":20},"end":{"line":81,"column":31}},"13":{"start":{"line":82,"column":4},"end":{"line":88,"column":5}},"14":{"start":{"line":83,"column":6},"end":{"line":84,"column":67}},"15":{"start":{"line":85,"column":11},"end":{"line":88,"column":5}},"16":{"start":{"line":86,"column":6},"end":{"line":87,"column":72}},"17":{"start":{"line":90,"column":28},"end":{"line":90,"column":42}},"18":{"start":{"line":91,"column":28},"end":{"line":91,"column":42}},"19":{"start":{"line":93,"column":4},"end":{"line":100,"column":5}},"20":{"start":{"line":94,"column":6},"end":{"line":94,"column":25}},"21":{"start":{"line":95,"column":11},"end":{"line":100,"column":5}},"22":{"start":{"line":96,"column":6},"end":{"line":96,"column":25}},"23":{"start":{"line":98,"column":6},"end":{"line":99,"column":72}},"24":{"start":{"line":102,"column":19},"end":{"line":102,"column":40}},"25":{"start":{"line":103,"column":38},"end":{"line":103,"column":40}},"26":{"start":{"line":104,"column":21},"end":{"line":104,"column":39}},"27":{"start":{"line":106,"column":4},"end":{"line":135,"column":5}},"28":{"start":{"line":107,"column":20},"end":{"line":107,"column":32}},"29":{"start":{"line":108,"column":33},"end":{"line":108,"column":64}},"30":{"start":{"line":109,"column":6},"end":{"line":111,"column":7}},"31":{"start":{"line":110,"column":8},"end":{"line":110,"column":69}},"32":{"start":{"line":114,"column":6},"end":{"line":118,"column":7}},"33":{"start":{"line":115,"column":8},"end":{"line":115,"column":52}},"34":{"start":{"line":117,"column":8},"end":{"line":117,"column":49}},"35":{"start":{"line":120,"column":6},"end":{"line":123,"column":7}},"36":{"start":{"line":121,"column":8},"end":{"line":122,"column":66}},"37":{"start":{"line":126,"column":19},"end":{"line":128,"column":27}},"38":{"start":{"line":128,"column":24},"end":{"line":128,"column":26}},"39":{"start":{"line":130,"column":6},"end":{"line":134,"column":9}},"40":{"start":{"line":137,"column":4},"end":{"line":137,"column":20}},"41":{"start":{"line":33,"column":9},"end":{"line":62,"column":4}},"42":{"start":{"line":32,"column":0},"end":{"line":139,"column":1}},"43":{"start":{"line":141,"column":0},"end":{"line":141,"column":32}}},"fnMap":{"0":{"name":"(anonymous_0)","decl":{"start":{"line":64,"column":2},"end":{"line":64,"column":9}},"loc":{"start":{"line":66,"column":42},"end":{"line":138,"column":3}}},"1":{"name":"(anonymous_1)","decl":{"start":{"line":128,"column":16},"end":{"line":128,"column":17}},"loc":{"start":{"line":128,"column":24},"end":{"line":128,"column":26}}}},"branchMap":{"0":{"loc":{"start":{"line":66,"column":40},"end":{"line":66,"column":42}},"type":"default-arg","locations":[{"start":{"line":66,"column":40},"end":{"line":66,"column":42}}]},"1":{"loc":{"start":{"line":68,"column":4},"end":{"line":70,"column":5}},"type":"if","locations":[{"start":{"line":68,"column":4},"end":{"line":70,"column":5}},{"start":{"line":68,"column":4},"end":{"line":70,"column":5}}]},"2":{"loc":{"start":{"line":72,"column":16},"end":{"line":72,"column":23}},"type":"binary-expr","locations":[{"start":{"line":72,"column":16},"end":{"line":72,"column":23}},{"start":{"line":72,"column":27},"end":{"line":72,"column":29}}]},"3":{"loc":{"start":{"line":74,"column":4},"end":{"line":79,"column":5}},"type":"if","locations":[{"start":{"line":74,"column":4},"end":{"line":79,"column":5}},{"start":{"line":74,"column":4},"end":{"line":79,"column":5}}]},"4":{"loc":{"start":{"line":74,"column":8},"end":{"line":74,"column":15}},"type":"binary-expr","locations":[{"start":{"line":74,"column":8},"end":{"line":74,"column":15}},{"start":{"line":74,"column":19},"end":{"line":74,"column":45}}]},"5":{"loc":{"start":{"line":76,"column":11},"end":{"line":79,"column":5}},"type":"if","locations":[{"start":{"line":76,"column":11},"end":{"line":79,"column":5}},{"start":{"line":76,"column":11},"end":{"line":79,"column":5}}]},"6":{"loc":{"start":{"line":82,"column":4},"end":{"line":88,"column":5}},"type":"if","locations":[{"start":{"line":82,"column":4},"end":{"line":88,"column":5}},{"start":{"line":82,"column":4},"end":{"line":88,"column":5}}]},"7":{"loc":{"start":{"line":82,"column":8},"end":{"line":82,"column":16}},"type":"binary-expr","locations":[{"start":{"line":82,"column":8},"end":{"line":82,"column":16}},{"start":{"line":82,"column":20},"end":{"line":82,"column":47}}]},"8":{"loc":{"start":{"line":85,"column":11},"end":{"line":88,"column":5}},"type":"if","locations":[{"start":{"line":85,"column":11},"end":{"line":88,"column":5}},{"start":{"line":85,"column":11},"end":{"line":88,"column":5}}]},"9":{"loc":{"start":{"line":93,"column":4},"end":{"line":100,"column":5}},"type":"if","locations":[{"start":{"line":93,"column":4},"end":{"line":100,"column":5}},{"start":{"line":93,"column":4},"end":{"line":100,"column":5}}]},"10":{"loc":{"start":{"line":95,"column":11},"end":{"line":100,"column":5}},"type":"if","locations":[{"start":{"line":95,"column":11},"end":{"line":100,"column":5}},{"start":{"line":95,"column":11},"end":{"line":100,"column":5}}]},"11":{"loc":{"start":{"line":109,"column":6},"end":{"line":111,"column":7}},"type":"if","locations":[{"start":{"line":109,"column":6},"end":{"line":111,"column":7}},{"start":{"line":109,"column":6},"end":{"line":111,"column":7}}]},"12":{"loc":{"start":{"line":109,"column":10},"end":{"line":109,"column":29}},"type":"binary-expr","locations":[{"start":{"line":109,"column":10},"end":{"line":109,"column":29}},{"start":{"line":109,"column":33},"end":{"line":109,"column":59}}]},"13":{"loc":{"start":{"line":114,"column":6},"end":{"line":118,"column":7}},"type":"if","locations":[{"start":{"line":114,"column":6},"end":{"line":118,"column":7}},{"start":{"line":114,"column":6},"end":{"line":118,"column":7}}]},"14":{"loc":{"start":{"line":120,"column":6},"end":{"line":123,"column":7}},"type":"if","locations":[{"start":{"line":120,"column":6},"end":{"line":123,"column":7}},{"start":{"line":120,"column":6},"end":{"line":123,"column":7}}]},"15":{"loc":{"start":{"line":126,"column":20},"end":{"line":126,"column":46}},"type":"binary-expr","locations":[{"start":{"line":126,"column":20},"end":{"line":126,"column":46}},{"start":{"line":126,"column":50},"end":{"line":126,"column":52}}]}},"s":{"0":2,"1":2,"2":2,"3":2,"4":16,"5":1,"6":15,"7":15,"8":15,"9":2,"10":13,"11":1,"12":12,"13":12,"14":2,"15":10,"16":1,"17":9,"18":9,"19":9,"20":4,"21":5,"22":4,"23":1,"24":8,"25":8,"26":8,"27":8,"28":7,"29":7,"30":7,"31":1,"32":6,"33":1,"34":5,"35":6,"36":1,"37":5,"38":5,"39":5,"40":6,"41":2,"42":2,"43":2},"f":{"0":16,"1":5},"b":{"0":[2],"1":[1,15],"2":[15,0],"3":[2,13],"4":[15,14],"5":[1,12],"6":[2,10],"7":[12,11],"8":[1,9],"9":[4,5],"10":[4,1],"11":[1,6],"12":[7,6],"13":[1,5],"14":[1,5],"15":[5,0]}}
,"/Users/furkle/Documents/wreath/src/IRGenerator/DocumentFragmentIRGenerator.ts": {"path":"/Users/furkle/Documents/wreath/src/IRGenerator/DocumentFragmentIRGenerator.ts","statementMap":{"0":{"start":{"line":13,"column":0},"end":{"line":15,"column":40}},"1":{"start":{"line":16,"column":0},"end":{"line":18,"column":38}},"2":{"start":{"line":19,"column":0},"end":{"line":21,"column":36}},"3":{"start":{"line":53,"column":4},"end":{"line":62,"column":5}},"4":{"start":{"line":54,"column":6},"end":{"line":55,"column":71}},"5":{"start":{"line":56,"column":11},"end":{"line":62,"column":5}},"6":{"start":{"line":57,"column":6},"end":{"line":58,"column":69}},"7":{"start":{"line":59,"column":11},"end":{"line":62,"column":5}},"8":{"start":{"line":60,"column":6},"end":{"line":61,"column":70}},"9":{"start":{"line":64,"column":36},"end":{"line":64,"column":40}},"10":{"start":{"line":65,"column":4},"end":{"line":70,"column":5}},"11":{"start":{"line":66,"column":6},"end":{"line":66,"column":38}},"12":{"start":{"line":68,"column":6},"end":{"line":69,"column":79}},"13":{"start":{"line":72,"column":4},"end":{"line":75,"column":5}},"14":{"start":{"line":73,"column":6},"end":{"line":74,"column":71}},"15":{"start":{"line":77,"column":24},"end":{"line":77,"column":52}},"16":{"start":{"line":78,"column":22},"end":{"line":78,"column":53}},"17":{"start":{"line":79,"column":4},"end":{"line":79,"column":34}},"18":{"start":{"line":80,"column":4},"end":{"line":80,"column":23}},"19":{"start":{"line":30,"column":9},"end":{"line":47,"column":4}},"20":{"start":{"line":29,"column":0},"end":{"line":82,"column":1}},"21":{"start":{"line":84,"column":0},"end":{"line":84,"column":43}}},"fnMap":{"0":{"name":"(anonymous_0)","decl":{"start":{"line":49,"column":2},"end":{"line":49,"column":9}},"loc":{"start":{"line":51,"column":30},"end":{"line":81,"column":3}}}},"branchMap":{"0":{"loc":{"start":{"line":53,"column":4},"end":{"line":62,"column":5}},"type":"if","locations":[{"start":{"line":53,"column":4},"end":{"line":62,"column":5}},{"start":{"line":53,"column":4},"end":{"line":62,"column":5}}]},"1":{"loc":{"start":{"line":56,"column":11},"end":{"line":62,"column":5}},"type":"if","locations":[{"start":{"line":56,"column":11},"end":{"line":62,"column":5}},{"start":{"line":56,"column":11},"end":{"line":62,"column":5}}]},"2":{"loc":{"start":{"line":59,"column":11},"end":{"line":62,"column":5}},"type":"if","locations":[{"start":{"line":59,"column":11},"end":{"line":62,"column":5}},{"start":{"line":59,"column":11},"end":{"line":62,"column":5}}]},"3":{"loc":{"start":{"line":59,"column":15},"end":{"line":59,"column":23}},"type":"binary-expr","locations":[{"start":{"line":59,"column":15},"end":{"line":59,"column":23}},{"start":{"line":59,"column":27},"end":{"line":59,"column":54}}]},"4":{"loc":{"start":{"line":65,"column":4},"end":{"line":70,"column":5}},"type":"if","locations":[{"start":{"line":65,"column":4},"end":{"line":70,"column":5}},{"start":{"line":65,"column":4},"end":{"line":70,"column":5}}]},"5":{"loc":{"start":{"line":72,"column":4},"end":{"line":75,"column":5}},"type":"if","locations":[{"start":{"line":72,"column":4},"end":{"line":75,"column":5}},{"start":{"line":72,"column":4},"end":{"line":75,"column":5}}]}},"s":{"0":2,"1":2,"2":2,"3":11,"4":1,"5":10,"6":1,"7":9,"8":1,"9":8,"10":8,"11":7,"12":1,"13":7,"14":1,"15":6,"16":6,"17":6,"18":6,"19":2,"20":2,"21":2},"f":{"0":11},"b":{"0":[1,10],"1":[1,9],"2":[1,8],"3":[9,8],"4":[7,1],"5":[1,6]}}
,"/Users/furkle/Documents/wreath/src/Linter/Linter.ts": {"path":"/Users/furkle/Documents/wreath/src/Linter/Linter.ts","statementMap":{"0":{"start":{"line":1,"column":0},"end":{"line":5,"column":21}},"1":{"start":{"line":6,"column":0},"end":{"line":8,"column":40}},"2":{"start":{"line":9,"column":0},"end":{"line":11,"column":32}},"3":{"start":{"line":12,"column":0},"end":{"line":14,"column":33}},"4":{"start":{"line":15,"column":0},"end":{"line":17,"column":35}},"5":{"start":{"line":18,"column":0},"end":{"line":20,"column":51}},"6":{"start":{"line":39,"column":0},"end":{"line":41,"column":18}},"7":{"start":{"line":51,"column":0},"end":{"line":53,"column":38}},"8":{"start":{"line":54,"column":0},"end":{"line":56,"column":37}},"9":{"start":{"line":57,"column":0},"end":{"line":59,"column":33}},"10":{"start":{"line":63,"column":0},"end":{"line":65,"column":29}},"11":{"start":{"line":66,"column":0},"end":{"line":68,"column":15}},"12":{"start":{"line":77,"column":11},"end":{"line":77,"column":56}},"13":{"start":{"line":198,"column":4},"end":{"line":200,"column":5}},"14":{"start":{"line":199,"column":6},"end":{"line":199,"column":66}},"15":{"start":{"line":202,"column":4},"end":{"line":206,"column":5}},"16":{"start":{"line":203,"column":6},"end":{"line":203,"column":51}},"17":{"start":{"line":205,"column":6},"end":{"line":205,"column":48}},"18":{"start":{"line":214,"column":21},"end":{"line":214,"column":34}},"19":{"start":{"line":215,"column":34},"end":{"line":217,"column":33}},"20":{"start":{"line":218,"column":17},"end":{"line":218,"column":40}},"21":{"start":{"line":219,"column":21},"end":{"line":219,"column":30}},"22":{"start":{"line":220,"column":31},"end":{"line":220,"column":46}},"23":{"start":{"line":221,"column":4},"end":{"line":242,"column":5}},"24":{"start":{"line":222,"column":6},"end":{"line":226,"column":7}},"25":{"start":{"line":223,"column":8},"end":{"line":223,"column":69}},"26":{"start":{"line":224,"column":13},"end":{"line":226,"column":7}},"27":{"start":{"line":225,"column":8},"end":{"line":225,"column":69}},"28":{"start":{"line":228,"column":18},"end":{"line":228,"column":40}},"29":{"start":{"line":229,"column":6},"end":{"line":231,"column":7}},"30":{"start":{"line":230,"column":8},"end":{"line":230,"column":62}},"31":{"start":{"line":234,"column":6},"end":{"line":238,"column":7}},"32":{"start":{"line":235,"column":8},"end":{"line":235,"column":35}},"33":{"start":{"line":237,"column":8},"end":{"line":237,"column":41}},"34":{"start":{"line":240,"column":6},"end":{"line":240,"column":33}},"35":{"start":{"line":241,"column":6},"end":{"line":241,"column":54}},"36":{"start":{"line":244,"column":4},"end":{"line":246,"column":5}},"37":{"start":{"line":245,"column":6},"end":{"line":245,"column":62}},"38":{"start":{"line":248,"column":26},"end":{"line":248,"column":36}},"39":{"start":{"line":250,"column":4},"end":{"line":270,"column":5}},"40":{"start":{"line":267,"column":6},"end":{"line":267,"column":57}},"41":{"start":{"line":268,"column":11},"end":{"line":270,"column":5}},"42":{"start":{"line":269,"column":6},"end":{"line":269,"column":55}},"43":{"start":{"line":272,"column":4},"end":{"line":280,"column":7}},"44":{"start":{"line":273,"column":6},"end":{"line":275,"column":7}},"45":{"start":{"line":274,"column":8},"end":{"line":274,"column":58}},"46":{"start":{"line":275,"column":8},"end":{"line":279,"column":7}},"47":{"start":{"line":278,"column":8},"end":{"line":278,"column":68}},"48":{"start":{"line":282,"column":4},"end":{"line":282,"column":43}},"49":{"start":{"line":283,"column":21},"end":{"line":286,"column":8}},"50":{"start":{"line":285,"column":8},"end":{"line":285,"column":36}},"51":{"start":{"line":288,"column":4},"end":{"line":288,"column":43}},"52":{"start":{"line":289,"column":21},"end":{"line":289,"column":60}},"53":{"start":{"line":290,"column":14},"end":{"line":290,"column":15}},"54":{"start":{"line":291,"column":4},"end":{"line":293,"column":5}},"55":{"start":{"line":292,"column":6},"end":{"line":292,"column":25}},"56":{"start":{"line":295,"column":4},"end":{"line":295,"column":43}},"57":{"start":{"line":296,"column":20},"end":{"line":296,"column":59}},"58":{"start":{"line":297,"column":60},"end":{"line":297,"column":72}},"59":{"start":{"line":298,"column":4},"end":{"line":300,"column":5}},"60":{"start":{"line":299,"column":6},"end":{"line":299,"column":50}},"61":{"start":{"line":302,"column":4},"end":{"line":302,"column":43}},"62":{"start":{"line":303,"column":4},"end":{"line":303,"column":57}},"63":{"start":{"line":308,"column":40},"end":{"line":308,"column":68}},"64":{"start":{"line":309,"column":33},"end":{"line":309,"column":36}},"65":{"start":{"line":310,"column":20},"end":{"line":310,"column":64}},"66":{"start":{"line":311,"column":4},"end":{"line":339,"column":5}},"67":{"start":{"line":312,"column":6},"end":{"line":317,"column":7}},"68":{"start":{"line":315,"column":8},"end":{"line":316,"column":68}},"69":{"start":{"line":319,"column":6},"end":{"line":319,"column":79}},"70":{"start":{"line":320,"column":21},"end":{"line":320,"column":50}},"71":{"start":{"line":321,"column":6},"end":{"line":324,"column":7}},"72":{"start":{"line":322,"column":8},"end":{"line":323,"column":73}},"73":{"start":{"line":325,"column":11},"end":{"line":339,"column":5}},"74":{"start":{"line":326,"column":6},"end":{"line":329,"column":7}},"75":{"start":{"line":327,"column":8},"end":{"line":328,"column":68}},"76":{"start":{"line":331,"column":6},"end":{"line":331,"column":76}},"77":{"start":{"line":332,"column":21},"end":{"line":332,"column":50}},"78":{"start":{"line":333,"column":6},"end":{"line":336,"column":7}},"79":{"start":{"line":334,"column":8},"end":{"line":335,"column":73}},"80":{"start":{"line":338,"column":6},"end":{"line":338,"column":49}},"81":{"start":{"line":341,"column":4},"end":{"line":355,"column":5}},"82":{"start":{"line":342,"column":6},"end":{"line":345,"column":7}},"83":{"start":{"line":343,"column":8},"end":{"line":344,"column":69}},"84":{"start":{"line":347,"column":6},"end":{"line":347,"column":53}},"85":{"start":{"line":348,"column":11},"end":{"line":355,"column":5}},"86":{"start":{"line":349,"column":6},"end":{"line":352,"column":7}},"87":{"start":{"line":350,"column":8},"end":{"line":351,"column":69}},"88":{"start":{"line":354,"column":6},"end":{"line":354,"column":45}},"89":{"start":{"line":357,"column":4},"end":{"line":387,"column":5}},"90":{"start":{"line":358,"column":6},"end":{"line":360,"column":7}},"91":{"start":{"line":359,"column":8},"end":{"line":359,"column":74}},"92":{"start":{"line":362,"column":6},"end":{"line":362,"column":58}},"93":{"start":{"line":363,"column":21},"end":{"line":363,"column":43}},"94":{"start":{"line":364,"column":6},"end":{"line":366,"column":7}},"95":{"start":{"line":365,"column":8},"end":{"line":365,"column":79}},"96":{"start":{"line":367,"column":11},"end":{"line":387,"column":5}},"97":{"start":{"line":368,"column":6},"end":{"line":370,"column":7}},"98":{"start":{"line":369,"column":8},"end":{"line":369,"column":74}},"99":{"start":{"line":372,"column":6},"end":{"line":372,"column":55}},"100":{"start":{"line":373,"column":21},"end":{"line":373,"column":43}},"101":{"start":{"line":374,"column":6},"end":{"line":376,"column":7}},"102":{"start":{"line":375,"column":8},"end":{"line":375,"column":79}},"103":{"start":{"line":378,"column":6},"end":{"line":383,"column":7}},"104":{"start":{"line":382,"column":8},"end":{"line":382,"column":78}},"105":{"start":{"line":385,"column":47},"end":{"line":385,"column":64}},"106":{"start":{"line":386,"column":6},"end":{"line":386,"column":73}},"107":{"start":{"line":389,"column":4},"end":{"line":401,"column":5}},"108":{"start":{"line":390,"column":6},"end":{"line":392,"column":7}},"109":{"start":{"line":391,"column":8},"end":{"line":391,"column":75}},"110":{"start":{"line":394,"column":6},"end":{"line":394,"column":37}},"111":{"start":{"line":395,"column":11},"end":{"line":401,"column":5}},"112":{"start":{"line":396,"column":6},"end":{"line":398,"column":7}},"113":{"start":{"line":397,"column":8},"end":{"line":397,"column":75}},"114":{"start":{"line":400,"column":6},"end":{"line":400,"column":39}},"115":{"start":{"line":403,"column":4},"end":{"line":417,"column":5}},"116":{"start":{"line":404,"column":6},"end":{"line":407,"column":7}},"117":{"start":{"line":405,"column":8},"end":{"line":406,"column":70}},"118":{"start":{"line":409,"column":6},"end":{"line":409,"column":51}},"119":{"start":{"line":410,"column":11},"end":{"line":417,"column":5}},"120":{"start":{"line":411,"column":6},"end":{"line":414,"column":7}},"121":{"start":{"line":412,"column":8},"end":{"line":413,"column":70}},"122":{"start":{"line":416,"column":6},"end":{"line":416,"column":34}},"123":{"start":{"line":419,"column":4},"end":{"line":444,"column":5}},"124":{"start":{"line":420,"column":6},"end":{"line":424,"column":7}},"125":{"start":{"line":421,"column":8},"end":{"line":421,"column":75}},"126":{"start":{"line":422,"column":13},"end":{"line":424,"column":7}},"127":{"start":{"line":423,"column":8},"end":{"line":423,"column":80}},"128":{"start":{"line":426,"column":6},"end":{"line":426,"column":37}},"129":{"start":{"line":427,"column":11},"end":{"line":444,"column":5}},"130":{"start":{"line":428,"column":6},"end":{"line":433,"column":7}},"131":{"start":{"line":429,"column":8},"end":{"line":429,"column":75}},"132":{"start":{"line":430,"column":13},"end":{"line":433,"column":7}},"133":{"start":{"line":431,"column":8},"end":{"line":432,"column":66}},"134":{"start":{"line":435,"column":6},"end":{"line":440,"column":7}},"135":{"start":{"line":439,"column":8},"end":{"line":439,"column":78}},"136":{"start":{"line":442,"column":47},"end":{"line":442,"column":64}},"137":{"start":{"line":443,"column":6},"end":{"line":443,"column":75}},"138":{"start":{"line":446,"column":4},"end":{"line":446,"column":16}},"139":{"start":{"line":453,"column":4},"end":{"line":455,"column":5}},"140":{"start":{"line":454,"column":6},"end":{"line":454,"column":76}},"141":{"start":{"line":458,"column":4},"end":{"line":464,"column":5}},"142":{"start":{"line":459,"column":6},"end":{"line":459,"column":50}},"143":{"start":{"line":460,"column":11},"end":{"line":464,"column":5}},"144":{"start":{"line":461,"column":6},"end":{"line":461,"column":40}},"145":{"start":{"line":463,"column":6},"end":{"line":463,"column":76}},"146":{"start":{"line":466,"column":21},"end":{"line":466,"column":34}},"147":{"start":{"line":467,"column":34},"end":{"line":469,"column":33}},"148":{"start":{"line":470,"column":17},"end":{"line":470,"column":40}},"149":{"start":{"line":473,"column":4},"end":{"line":514,"column":7}},"150":{"start":{"line":474,"column":6},"end":{"line":474,"column":45}},"151":{"start":{"line":476,"column":6},"end":{"line":478,"column":7}},"152":{"start":{"line":477,"column":8},"end":{"line":477,"column":21}},"153":{"start":{"line":480,"column":6},"end":{"line":511,"column":7}},"154":{"start":{"line":481,"column":24},"end":{"line":481,"column":55}},"155":{"start":{"line":482,"column":8},"end":{"line":484,"column":9}},"156":{"start":{"line":483,"column":10},"end":{"line":483,"column":23}},"157":{"start":{"line":486,"column":28},"end":{"line":486,"column":80}},"158":{"start":{"line":489,"column":8},"end":{"line":491,"column":9}},"159":{"start":{"line":490,"column":10},"end":{"line":490,"column":23}},"160":{"start":{"line":494,"column":21},"end":{"line":496,"column":36}},"161":{"start":{"line":496,"column":26},"end":{"line":496,"column":35}},"162":{"start":{"line":498,"column":20},"end":{"line":498,"column":25}},"163":{"start":{"line":499,"column":8},"end":{"line":505,"column":9}},"164":{"start":{"line":500,"column":22},"end":{"line":500,"column":30}},"165":{"start":{"line":501,"column":10},"end":{"line":504,"column":11}},"166":{"start":{"line":502,"column":12},"end":{"line":502,"column":25}},"167":{"start":{"line":503,"column":12},"end":{"line":503,"column":18}},"168":{"start":{"line":508,"column":8},"end":{"line":510,"column":9}},"169":{"start":{"line":509,"column":10},"end":{"line":509,"column":23}},"170":{"start":{"line":513,"column":6},"end":{"line":513,"column":18}},"171":{"start":{"line":521,"column":21},"end":{"line":521,"column":34}},"172":{"start":{"line":522,"column":34},"end":{"line":524,"column":33}},"173":{"start":{"line":525,"column":17},"end":{"line":525,"column":40}},"174":{"start":{"line":526,"column":33},"end":{"line":526,"column":48}},"175":{"start":{"line":527,"column":16},"end":{"line":527,"column":38}},"176":{"start":{"line":528,"column":4},"end":{"line":528,"column":41}},"177":{"start":{"line":535,"column":21},"end":{"line":535,"column":34}},"178":{"start":{"line":536,"column":34},"end":{"line":538,"column":33}},"179":{"start":{"line":539,"column":17},"end":{"line":539,"column":40}},"180":{"start":{"line":540,"column":33},"end":{"line":540,"column":48}},"181":{"start":{"line":541,"column":16},"end":{"line":541,"column":49}},"182":{"start":{"line":542,"column":4},"end":{"line":542,"column":40}},"183":{"start":{"line":551,"column":21},"end":{"line":551,"column":40}},"184":{"start":{"line":552,"column":34},"end":{"line":554,"column":33}},"185":{"start":{"line":555,"column":17},"end":{"line":555,"column":40}},"186":{"start":{"line":556,"column":33},"end":{"line":556,"column":48}},"187":{"start":{"line":558,"column":25},"end":{"line":558,"column":42}},"188":{"start":{"line":559,"column":21},"end":{"line":559,"column":51}},"189":{"start":{"line":560,"column":37},"end":{"line":560,"column":56}},"190":{"start":{"line":562,"column":4},"end":{"line":574,"column":5}},"191":{"start":{"line":563,"column":6},"end":{"line":567,"column":18}},"192":{"start":{"line":569,"column":6},"end":{"line":573,"column":18}},"193":{"start":{"line":583,"column":21},"end":{"line":583,"column":40}},"194":{"start":{"line":584,"column":34},"end":{"line":586,"column":33}},"195":{"start":{"line":587,"column":17},"end":{"line":587,"column":40}},"196":{"start":{"line":588,"column":33},"end":{"line":588,"column":48}},"197":{"start":{"line":590,"column":25},"end":{"line":590,"column":42}},"198":{"start":{"line":591,"column":21},"end":{"line":591,"column":51}},"199":{"start":{"line":593,"column":4},"end":{"line":596,"column":7}},"200":{"start":{"line":594,"column":6},"end":{"line":594,"column":37}},"201":{"start":{"line":595,"column":6},"end":{"line":595,"column":48}},"202":{"start":{"line":598,"column":4},"end":{"line":601,"column":7}},"203":{"start":{"line":599,"column":6},"end":{"line":599,"column":37}},"204":{"start":{"line":600,"column":6},"end":{"line":600,"column":45}},"205":{"start":{"line":603,"column":4},"end":{"line":606,"column":7}},"206":{"start":{"line":604,"column":6},"end":{"line":604,"column":37}},"207":{"start":{"line":605,"column":6},"end":{"line":605,"column":49}},"208":{"start":{"line":608,"column":4},"end":{"line":611,"column":7}},"209":{"start":{"line":609,"column":6},"end":{"line":609,"column":37}},"210":{"start":{"line":610,"column":6},"end":{"line":610,"column":50}},"211":{"start":{"line":613,"column":22},"end":{"line":613,"column":68}},"212":{"start":{"line":614,"column":4},"end":{"line":616,"column":5}},"213":{"start":{"line":615,"column":6},"end":{"line":615,"column":79}},"214":{"start":{"line":618,"column":4},"end":{"line":618,"column":35}},"215":{"start":{"line":619,"column":21},"end":{"line":620,"column":55}},"216":{"start":{"line":621,"column":4},"end":{"line":652,"column":7}},"217":{"start":{"line":622,"column":39},"end":{"line":622,"column":43}},"218":{"start":{"line":623,"column":6},"end":{"line":627,"column":7}},"219":{"start":{"line":626,"column":8},"end":{"line":626,"column":53}},"220":{"start":{"line":629,"column":23},"end":{"line":643,"column":7}},"221":{"start":{"line":635,"column":8},"end":{"line":642,"column":11}},"222":{"start":{"line":636,"column":21},"end":{"line":641,"column":21}},"223":{"start":{"line":645,"column":6},"end":{"line":645,"column":37}},"224":{"start":{"line":646,"column":6},"end":{"line":651,"column":18}},"225":{"start":{"line":654,"column":4},"end":{"line":657,"column":7}},"226":{"start":{"line":655,"column":6},"end":{"line":655,"column":37}},"227":{"start":{"line":656,"column":6},"end":{"line":656,"column":51}},"228":{"start":{"line":659,"column":4},"end":{"line":662,"column":7}},"229":{"start":{"line":660,"column":6},"end":{"line":660,"column":37}},"230":{"start":{"line":661,"column":6},"end":{"line":661,"column":51}},"231":{"start":{"line":664,"column":4},"end":{"line":667,"column":7}},"232":{"start":{"line":665,"column":6},"end":{"line":665,"column":37}},"233":{"start":{"line":666,"column":6},"end":{"line":666,"column":48}},"234":{"start":{"line":669,"column":4},"end":{"line":672,"column":7}},"235":{"start":{"line":670,"column":6},"end":{"line":670,"column":37}},"236":{"start":{"line":671,"column":6},"end":{"line":671,"column":52}},"237":{"start":{"line":674,"column":4},"end":{"line":674,"column":17}},"238":{"start":{"line":683,"column":21},"end":{"line":683,"column":40}},"239":{"start":{"line":684,"column":34},"end":{"line":686,"column":33}},"240":{"start":{"line":687,"column":17},"end":{"line":687,"column":40}},"241":{"start":{"line":688,"column":33},"end":{"line":688,"column":48}},"242":{"start":{"line":690,"column":25},"end":{"line":690,"column":42}},"243":{"start":{"line":691,"column":21},"end":{"line":691,"column":51}},"244":{"start":{"line":694,"column":4},"end":{"line":697,"column":7}},"245":{"start":{"line":695,"column":6},"end":{"line":695,"column":37}},"246":{"start":{"line":696,"column":6},"end":{"line":696,"column":53}},"247":{"start":{"line":699,"column":4},"end":{"line":702,"column":7}},"248":{"start":{"line":700,"column":6},"end":{"line":700,"column":37}},"249":{"start":{"line":701,"column":6},"end":{"line":701,"column":50}},"250":{"start":{"line":704,"column":4},"end":{"line":707,"column":7}},"251":{"start":{"line":705,"column":6},"end":{"line":705,"column":37}},"252":{"start":{"line":706,"column":6},"end":{"line":706,"column":54}},"253":{"start":{"line":709,"column":4},"end":{"line":712,"column":7}},"254":{"start":{"line":710,"column":6},"end":{"line":710,"column":37}},"255":{"start":{"line":711,"column":6},"end":{"line":711,"column":55}},"256":{"start":{"line":714,"column":4},"end":{"line":762,"column":7}},"257":{"start":{"line":715,"column":6},"end":{"line":715,"column":37}},"258":{"start":{"line":716,"column":6},"end":{"line":761,"column":7}},"259":{"start":{"line":717,"column":8},"end":{"line":717,"column":54}},"260":{"start":{"line":718,"column":13},"end":{"line":761,"column":7}},"261":{"start":{"line":719,"column":20},"end":{"line":719,"column":41}},"262":{"start":{"line":720,"column":26},"end":{"line":720,"column":59}},"263":{"start":{"line":721,"column":8},"end":{"line":724,"column":9}},"264":{"start":{"line":722,"column":10},"end":{"line":723,"column":70}},"265":{"start":{"line":726,"column":8},"end":{"line":726,"column":39}},"266":{"start":{"line":727,"column":25},"end":{"line":728,"column":59}},"267":{"start":{"line":729,"column":8},"end":{"line":758,"column":11}},"268":{"start":{"line":730,"column":43},"end":{"line":730,"column":47}},"269":{"start":{"line":731,"column":10},"end":{"line":735,"column":11}},"270":{"start":{"line":734,"column":12},"end":{"line":734,"column":57}},"271":{"start":{"line":737,"column":27},"end":{"line":749,"column":11}},"272":{"start":{"line":743,"column":23},"end":{"line":748,"column":23}},"273":{"start":{"line":751,"column":10},"end":{"line":751,"column":41}},"274":{"start":{"line":752,"column":10},"end":{"line":757,"column":22}},"275":{"start":{"line":760,"column":8},"end":{"line":760,"column":76}},"276":{"start":{"line":764,"column":4},"end":{"line":767,"column":7}},"277":{"start":{"line":765,"column":6},"end":{"line":765,"column":37}},"278":{"start":{"line":766,"column":6},"end":{"line":766,"column":56}},"279":{"start":{"line":769,"column":4},"end":{"line":772,"column":7}},"280":{"start":{"line":770,"column":6},"end":{"line":770,"column":37}},"281":{"start":{"line":771,"column":6},"end":{"line":771,"column":56}},"282":{"start":{"line":774,"column":4},"end":{"line":777,"column":7}},"283":{"start":{"line":775,"column":6},"end":{"line":775,"column":37}},"284":{"start":{"line":776,"column":6},"end":{"line":776,"column":53}},"285":{"start":{"line":779,"column":4},"end":{"line":782,"column":7}},"286":{"start":{"line":780,"column":6},"end":{"line":780,"column":37}},"287":{"start":{"line":781,"column":6},"end":{"line":781,"column":57}},"288":{"start":{"line":784,"column":4},"end":{"line":784,"column":17}},"289":{"start":{"line":78,"column":9},"end":{"line":195,"column":4}},"290":{"start":{"line":76,"column":0},"end":{"line":786,"column":1}},"291":{"start":{"line":788,"column":0},"end":{"line":788,"column":22}}},"fnMap":{"0":{"name":"(anonymous_0)","decl":{"start":{"line":197,"column":2},"end":{"line":197,"column":13}},"loc":{"start":{"line":197,"column":45},"end":{"line":207,"column":3}}},"1":{"name":"(anonymous_1)","decl":{"start":{"line":209,"column":2},"end":{"line":209,"column":5}},"loc":{"start":{"line":212,"column":42},"end":{"line":304,"column":3}}},"2":{"name":"(anonymous_2)","decl":{"start":{"line":272,"column":18},"end":{"line":272,"column":19}},"loc":{"start":{"line":272,"column":27},"end":{"line":280,"column":5}}},"3":{"name":"(anonymous_3)","decl":{"start":{"line":284,"column":28},"end":{"line":284,"column":29}},"loc":{"start":{"line":284,"column":59},"end":{"line":286,"column":7}}},"4":{"name":"(anonymous_4)","decl":{"start":{"line":306,"column":12},"end":{"line":306,"column":23}},"loc":{"start":{"line":306,"column":54},"end":{"line":447,"column":3}}},"5":{"name":"(anonymous_5)","decl":{"start":{"line":449,"column":12},"end":{"line":449,"column":27}},"loc":{"start":{"line":451,"column":42},"end":{"line":515,"column":3}}},"6":{"name":"(anonymous_6)","decl":{"start":{"line":473,"column":41},"end":{"line":473,"column":42}},"loc":{"start":{"line":473,"column":55},"end":{"line":514,"column":5}}},"7":{"name":"(anonymous_7)","decl":{"start":{"line":496,"column":18},"end":{"line":496,"column":19}},"loc":{"start":{"line":496,"column":26},"end":{"line":496,"column":35}}},"8":{"name":"(anonymous_8)","decl":{"start":{"line":517,"column":2},"end":{"line":517,"column":19}},"loc":{"start":{"line":519,"column":31},"end":{"line":529,"column":3}}},"9":{"name":"(anonymous_9)","decl":{"start":{"line":531,"column":2},"end":{"line":531,"column":19}},"loc":{"start":{"line":533,"column":30},"end":{"line":543,"column":3}}},"10":{"name":"(anonymous_10)","decl":{"start":{"line":545,"column":12},"end":{"line":545,"column":19}},"loc":{"start":{"line":549,"column":44},"end":{"line":575,"column":3}}},"11":{"name":"(anonymous_11)","decl":{"start":{"line":577,"column":12},"end":{"line":577,"column":29}},"loc":{"start":{"line":581,"column":43},"end":{"line":675,"column":3}}},"12":{"name":"(anonymous_12)","decl":{"start":{"line":593,"column":18},"end":{"line":593,"column":19}},"loc":{"start":{"line":593,"column":27},"end":{"line":596,"column":5}}},"13":{"name":"(anonymous_13)","decl":{"start":{"line":598,"column":18},"end":{"line":598,"column":19}},"loc":{"start":{"line":598,"column":27},"end":{"line":601,"column":5}}},"14":{"name":"(anonymous_14)","decl":{"start":{"line":603,"column":18},"end":{"line":603,"column":19}},"loc":{"start":{"line":603,"column":27},"end":{"line":606,"column":5}}},"15":{"name":"(anonymous_15)","decl":{"start":{"line":608,"column":18},"end":{"line":608,"column":19}},"loc":{"start":{"line":608,"column":27},"end":{"line":611,"column":5}}},"16":{"name":"(anonymous_16)","decl":{"start":{"line":621,"column":45},"end":{"line":621,"column":46}},"loc":{"start":{"line":621,"column":59},"end":{"line":652,"column":5}}},"17":{"name":"(anonymous_17)","decl":{"start":{"line":629,"column":23},"end":{"line":630,"column":8}},"loc":{"start":{"line":633,"column":42},"end":{"line":643,"column":7}}},"18":{"name":"(anonymous_18)","decl":{"start":{"line":635,"column":22},"end":{"line":635,"column":23}},"loc":{"start":{"line":635,"column":31},"end":{"line":642,"column":9}}},"19":{"name":"(anonymous_19)","decl":{"start":{"line":654,"column":18},"end":{"line":654,"column":19}},"loc":{"start":{"line":654,"column":27},"end":{"line":657,"column":5}}},"20":{"name":"(anonymous_20)","decl":{"start":{"line":659,"column":18},"end":{"line":659,"column":19}},"loc":{"start":{"line":659,"column":27},"end":{"line":662,"column":5}}},"21":{"name":"(anonymous_21)","decl":{"start":{"line":664,"column":18},"end":{"line":664,"column":19}},"loc":{"start":{"line":664,"column":27},"end":{"line":667,"column":5}}},"22":{"name":"(anonymous_22)","decl":{"start":{"line":669,"column":18},"end":{"line":669,"column":19}},"loc":{"start":{"line":669,"column":27},"end":{"line":672,"column":5}}},"23":{"name":"(anonymous_23)","decl":{"start":{"line":677,"column":12},"end":{"line":677,"column":30}},"loc":{"start":{"line":681,"column":44},"end":{"line":785,"column":3}}},"24":{"name":"(anonymous_24)","decl":{"start":{"line":694,"column":18},"end":{"line":694,"column":19}},"loc":{"start":{"line":694,"column":31},"end":{"line":697,"column":5}}},"25":{"name":"(anonymous_25)","decl":{"start":{"line":699,"column":18},"end":{"line":699,"column":19}},"loc":{"start":{"line":699,"column":31},"end":{"line":702,"column":5}}},"26":{"name":"(anonymous_26)","decl":{"start":{"line":704,"column":18},"end":{"line":704,"column":19}},"loc":{"start":{"line":704,"column":31},"end":{"line":707,"column":5}}},"27":{"name":"(anonymous_27)","decl":{"start":{"line":709,"column":18},"end":{"line":709,"column":19}},"loc":{"start":{"line":709,"column":31},"end":{"line":712,"column":5}}},"28":{"name":"(anonymous_28)","decl":{"start":{"line":714,"column":18},"end":{"line":714,"column":19}},"loc":{"start":{"line":714,"column":31},"end":{"line":762,"column":5}}},"29":{"name":"(anonymous_29)","decl":{"start":{"line":729,"column":49},"end":{"line":729,"column":50}},"loc":{"start":{"line":729,"column":63},"end":{"line":758,"column":9}}},"30":{"name":"(anonymous_30)","decl":{"start":{"line":737,"column":27},"end":{"line":738,"column":12}},"loc":{"start":{"line":741,"column":46},"end":{"line":749,"column":11}}},"31":{"name":"(anonymous_31)","decl":{"start":{"line":764,"column":18},"end":{"line":764,"column":19}},"loc":{"start":{"line":764,"column":31},"end":{"line":767,"column":5}}},"32":{"name":"(anonymous_32)","decl":{"start":{"line":769,"column":18},"end":{"line":769,"column":19}},"loc":{"start":{"line":769,"column":31},"end":{"line":772,"column":5}}},"33":{"name":"(anonymous_33)","decl":{"start":{"line":774,"column":18},"end":{"line":774,"column":19}},"loc":{"start":{"line":774,"column":31},"end":{"line":777,"column":5}}},"34":{"name":"(anonymous_34)","decl":{"start":{"line":779,"column":18},"end":{"line":779,"column":19}},"loc":{"start":{"line":779,"column":31},"end":{"line":782,"column":5}}}},"branchMap":{"0":{"loc":{"start":{"line":198,"column":4},"end":{"line":200,"column":5}},"type":"if","locations":[{"start":{"line":198,"column":4},"end":{"line":200,"column":5}},{"start":{"line":198,"column":4},"end":{"line":200,"column":5}}]},"1":{"loc":{"start":{"line":198,"column":8},"end":{"line":198,"column":16}},"type":"binary-expr","locations":[{"start":{"line":198,"column":8},"end":{"line":198,"column":16}},{"start":{"line":198,"column":20},"end":{"line":198,"column":47}}]},"2":{"loc":{"start":{"line":202,"column":4},"end":{"line":206,"column":5}},"type":"if","locations":[{"start":{"line":202,"column":4},"end":{"line":206,"column":5}},{"start":{"line":202,"column":4},"end":{"line":206,"column":5}}]},"3":{"loc":{"start":{"line":212,"column":40},"end":{"line":212,"column":42}},"type":"default-arg","locations":[{"start":{"line":212,"column":40},"end":{"line":212,"column":42}}]},"4":{"loc":{"start":{"line":214,"column":21},"end":{"line":214,"column":28}},"type":"binary-expr","locations":[{"start":{"line":214,"column":21},"end":{"line":214,"column":28}},{"start":{"line":214,"column":32},"end":{"line":214,"column":34}}]},"5":{"loc":{"start":{"line":216,"column":6},"end":{"line":216,"column":37}},"type":"cond-expr","locations":[{"start":{"line":216,"column":6},"end":{"line":216,"column":37}},{"start":{"line":217,"column":6},"end":{"line":217,"column":33}}]},"6":{"loc":{"start":{"line":221,"column":4},"end":{"line":242,"column":5}},"type":"if","locations":[{"start":{"line":221,"column":4},"end":{"line":242,"column":5}},{"start":{"line":221,"column":4},"end":{"line":242,"column":5}}]},"7":{"loc":{"start":{"line":222,"column":6},"end":{"line":226,"column":7}},"type":"if","locations":[{"start":{"line":222,"column":6},"end":{"line":226,"column":7}},{"start":{"line":222,"column":6},"end":{"line":226,"column":7}}]},"8":{"loc":{"start":{"line":224,"column":13},"end":{"line":226,"column":7}},"type":"if","locations":[{"start":{"line":224,"column":13},"end":{"line":226,"column":7}},{"start":{"line":224,"column":13},"end":{"line":226,"column":7}}]},"9":{"loc":{"start":{"line":229,"column":6},"end":{"line":231,"column":7}},"type":"if","locations":[{"start":{"line":229,"column":6},"end":{"line":231,"column":7}},{"start":{"line":229,"column":6},"end":{"line":231,"column":7}}]},"10":{"loc":{"start":{"line":234,"column":6},"end":{"line":238,"column":7}},"type":"if","locations":[{"start":{"line":234,"column":6},"end":{"line":238,"column":7}},{"start":{"line":234,"column":6},"end":{"line":238,"column":7}}]},"11":{"loc":{"start":{"line":244,"column":4},"end":{"line":246,"column":5}},"type":"if","locations":[{"start":{"line":244,"column":4},"end":{"line":246,"column":5}},{"start":{"line":244,"column":4},"end":{"line":246,"column":5}}]},"12":{"loc":{"start":{"line":250,"column":4},"end":{"line":270,"column":5}},"type":"if","locations":[{"start":{"line":250,"column":4},"end":{"line":270,"column":5}},{"start":{"line":250,"column":4},"end":{"line":270,"column":5}}]},"13":{"loc":{"start":{"line":250,"column":8},"end":{"line":250,"column":14}},"type":"binary-expr","locations":[{"start":{"line":250,"column":8},"end":{"line":250,"column":14}},{"start":{"line":252,"column":6},"end":{"line":252,"column":31}},{"start":{"line":255,"column":6},"end":{"line":255,"column":26}},{"start":{"line":257,"column":6},"end":{"line":257,"column":28}},{"start":{"line":259,"column":6},"end":{"line":259,"column":41}},{"start":{"line":261,"column":6},"end":{"line":261,"column":40}},{"start":{"line":263,"column":6},"end":{"line":263,"column":37}},{"start":{"line":265,"column":6},"end":{"line":265,"column":40}}]},"14":{"loc":{"start":{"line":268,"column":11},"end":{"line":270,"column":5}},"type":"if","locations":[{"start":{"line":268,"column":11},"end":{"line":270,"column":5}},{"start":{"line":268,"column":11},"end":{"line":270,"column":5}}]},"15":{"loc":{"start":{"line":273,"column":6},"end":{"line":275,"column":7}},"type":"if","locations":[{"start":{"line":273,"column":6},"end":{"line":275,"column":7}},{"start":{"line":273,"column":6},"end":{"line":275,"column":7}}]},"16":{"loc":{"start":{"line":273,"column":10},"end":{"line":273,"column":15}},"type":"binary-expr","locations":[{"start":{"line":273,"column":10},"end":{"line":273,"column":15}},{"start":{"line":273,"column":19},"end":{"line":273,"column":43}}]},"17":{"loc":{"start":{"line":275,"column":8},"end":{"line":279,"column":7}},"type":"if","locations":[{"start":{"line":275,"column":8},"end":{"line":279,"column":7}},{"start":{"line":275,"column":8},"end":{"line":279,"column":7}}]},"18":{"loc":{"start":{"line":275,"column":12},"end":{"line":275,"column":46}},"type":"binary-expr","locations":[{"start":{"line":275,"column":12},"end":{"line":275,"column":46}},{"start":{"line":276,"column":8},"end":{"line":276,"column":51}}]},"19":{"loc":{"start":{"line":291,"column":4},"end":{"line":293,"column":5}},"type":"if","locations":[{"start":{"line":291,"column":4},"end":{"line":293,"column":5}},{"start":{"line":291,"column":4},"end":{"line":293,"column":5}}]},"20":{"loc":{"start":{"line":310,"column":55},"end":{"line":310,"column":59}},"type":"cond-expr","locations":[{"start":{"line":310,"column":55},"end":{"line":310,"column":59}},{"start":{"line":310,"column":62},"end":{"line":310,"column":64}}]},"21":{"loc":{"start":{"line":310,"column":20},"end":{"line":310,"column":24}},"type":"binary-expr","locations":[{"start":{"line":310,"column":20},"end":{"line":310,"column":24}},{"start":{"line":310,"column":28},"end":{"line":310,"column":52}}]},"22":{"loc":{"start":{"line":311,"column":4},"end":{"line":339,"column":5}},"type":"if","locations":[{"start":{"line":311,"column":4},"end":{"line":339,"column":5}},{"start":{"line":311,"column":4},"end":{"line":339,"column":5}}]},"23":{"loc":{"start":{"line":312,"column":6},"end":{"line":317,"column":7}},"type":"if","locations":[{"start":{"line":312,"column":6},"end":{"line":317,"column":7}},{"start":{"line":312,"column":6},"end":{"line":317,"column":7}}]},"24":{"loc":{"start":{"line":312,"column":10},"end":{"line":312,"column":32}},"type":"binary-expr","locations":[{"start":{"line":312,"column":10},"end":{"line":312,"column":32}},{"start":{"line":313,"column":8},"end":{"line":313,"column":49}}]},"25":{"loc":{"start":{"line":321,"column":6},"end":{"line":324,"column":7}},"type":"if","locations":[{"start":{"line":321,"column":6},"end":{"line":324,"column":7}},{"start":{"line":321,"column":6},"end":{"line":324,"column":7}}]},"26":{"loc":{"start":{"line":325,"column":11},"end":{"line":339,"column":5}},"type":"if","locations":[{"start":{"line":325,"column":11},"end":{"line":339,"column":5}},{"start":{"line":325,"column":11},"end":{"line":339,"column":5}}]},"27":{"loc":{"start":{"line":326,"column":6},"end":{"line":329,"column":7}},"type":"if","locations":[{"start":{"line":326,"column":6},"end":{"line":329,"column":7}},{"start":{"line":326,"column":6},"end":{"line":329,"column":7}}]},"28":{"loc":{"start":{"line":326,"column":10},"end":{"line":326,"column":29}},"type":"binary-expr","locations":[{"start":{"line":326,"column":10},"end":{"line":326,"column":29}},{"start":{"line":326,"column":33},"end":{"line":326,"column":71}}]},"29":{"loc":{"start":{"line":333,"column":6},"end":{"line":336,"column":7}},"type":"if","locations":[{"start":{"line":333,"column":6},"end":{"line":336,"column":7}},{"start":{"line":333,"column":6},"end":{"line":336,"column":7}}]},"30":{"loc":{"start":{"line":341,"column":4},"end":{"line":355,"column":5}},"type":"if","locations":[{"start":{"line":341,"column":4},"end":{"line":355,"column":5}},{"start":{"line":341,"column":4},"end":{"line":355,"column":5}}]},"31":{"loc":{"start":{"line":342,"column":6},"end":{"line":345,"column":7}},"type":"if","locations":[{"start":{"line":342,"column":6},"end":{"line":345,"column":7}},{"start":{"line":342,"column":6},"end":{"line":345,"column":7}}]},"32":{"loc":{"start":{"line":348,"column":11},"end":{"line":355,"column":5}},"type":"if","locations":[{"start":{"line":348,"column":11},"end":{"line":355,"column":5}},{"start":{"line":348,"column":11},"end":{"line":355,"column":5}}]},"33":{"loc":{"start":{"line":349,"column":6},"end":{"line":352,"column":7}},"type":"if","locations":[{"start":{"line":349,"column":6},"end":{"line":352,"column":7}},{"start":{"line":349,"column":6},"end":{"line":352,"column":7}}]},"34":{"loc":{"start":{"line":357,"column":4},"end":{"line":387,"column":5}},"type":"if","locations":[{"start":{"line":357,"column":4},"end":{"line":387,"column":5}},{"start":{"line":357,"column":4},"end":{"line":387,"column":5}}]},"35":{"loc":{"start":{"line":358,"column":6},"end":{"line":360,"column":7}},"type":"if","locations":[{"start":{"line":358,"column":6},"end":{"line":360,"column":7}},{"start":{"line":358,"column":6},"end":{"line":360,"column":7}}]},"36":{"loc":{"start":{"line":358,"column":10},"end":{"line":358,"column":25}},"type":"binary-expr","locations":[{"start":{"line":358,"column":10},"end":{"line":358,"column":25}},{"start":{"line":358,"column":29},"end":{"line":358,"column":63}}]},"37":{"loc":{"start":{"line":364,"column":6},"end":{"line":366,"column":7}},"type":"if","locations":[{"start":{"line":364,"column":6},"end":{"line":366,"column":7}},{"start":{"line":364,"column":6},"end":{"line":366,"column":7}}]},"38":{"loc":{"start":{"line":367,"column":11},"end":{"line":387,"column":5}},"type":"if","locations":[{"start":{"line":367,"column":11},"end":{"line":387,"column":5}},{"start":{"line":367,"column":11},"end":{"line":387,"column":5}}]},"39":{"loc":{"start":{"line":368,"column":6},"end":{"line":370,"column":7}},"type":"if","locations":[{"start":{"line":368,"column":6},"end":{"line":370,"column":7}},{"start":{"line":368,"column":6},"end":{"line":370,"column":7}}]},"40":{"loc":{"start":{"line":368,"column":10},"end":{"line":368,"column":22}},"type":"binary-expr","locations":[{"start":{"line":368,"column":10},"end":{"line":368,"column":22}},{"start":{"line":368,"column":26},"end":{"line":368,"column":57}}]},"41":{"loc":{"start":{"line":374,"column":6},"end":{"line":376,"column":7}},"type":"if","locations":[{"start":{"line":374,"column":6},"end":{"line":376,"column":7}},{"start":{"line":374,"column":6},"end":{"line":376,"column":7}}]},"42":{"loc":{"start":{"line":378,"column":6},"end":{"line":383,"column":7}},"type":"if","locations":[{"start":{"line":378,"column":6},"end":{"line":383,"column":7}},{"start":{"line":378,"column":6},"end":{"line":383,"column":7}}]},"43":{"loc":{"start":{"line":378,"column":10},"end":{"line":378,"column":28}},"type":"binary-expr","locations":[{"start":{"line":378,"column":10},"end":{"line":378,"column":28}},{"start":{"line":379,"column":9},"end":{"line":379,"column":46}},{"start":{"line":380,"column":10},"end":{"line":380,"column":44}}]},"44":{"loc":{"start":{"line":389,"column":4},"end":{"line":401,"column":5}},"type":"if","locations":[{"start":{"line":389,"column":4},"end":{"line":401,"column":5}},{"start":{"line":389,"column":4},"end":{"line":401,"column":5}}]},"45":{"loc":{"start":{"line":390,"column":6},"end":{"line":392,"column":7}},"type":"if","locations":[{"start":{"line":390,"column":6},"end":{"line":392,"column":7}},{"start":{"line":390,"column":6},"end":{"line":392,"column":7}}]},"46":{"loc":{"start":{"line":395,"column":11},"end":{"line":401,"column":5}},"type":"if","locations":[{"start":{"line":395,"column":11},"end":{"line":401,"column":5}},{"start":{"line":395,"column":11},"end":{"line":401,"column":5}}]},"47":{"loc":{"start":{"line":396,"column":6},"end":{"line":398,"column":7}},"type":"if","locations":[{"start":{"line":396,"column":6},"end":{"line":398,"column":7}},{"start":{"line":396,"column":6},"end":{"line":398,"column":7}}]},"48":{"loc":{"start":{"line":403,"column":4},"end":{"line":417,"column":5}},"type":"if","locations":[{"start":{"line":403,"column":4},"end":{"line":417,"column":5}},{"start":{"line":403,"column":4},"end":{"line":417,"column":5}}]},"49":{"loc":{"start":{"line":404,"column":6},"end":{"line":407,"column":7}},"type":"if","locations":[{"start":{"line":404,"column":6},"end":{"line":407,"column":7}},{"start":{"line":404,"column":6},"end":{"line":407,"column":7}}]},"50":{"loc":{"start":{"line":410,"column":11},"end":{"line":417,"column":5}},"type":"if","locations":[{"start":{"line":410,"column":11},"end":{"line":417,"column":5}},{"start":{"line":410,"column":11},"end":{"line":417,"column":5}}]},"51":{"loc":{"start":{"line":411,"column":6},"end":{"line":414,"column":7}},"type":"if","locations":[{"start":{"line":411,"column":6},"end":{"line":414,"column":7}},{"start":{"line":411,"column":6},"end":{"line":414,"column":7}}]},"52":{"loc":{"start":{"line":419,"column":4},"end":{"line":444,"column":5}},"type":"if","locations":[{"start":{"line":419,"column":4},"end":{"line":444,"column":5}},{"start":{"line":419,"column":4},"end":{"line":444,"column":5}}]},"53":{"loc":{"start":{"line":420,"column":6},"end":{"line":424,"column":7}},"type":"if","locations":[{"start":{"line":420,"column":6},"end":{"line":424,"column":7}},{"start":{"line":420,"column":6},"end":{"line":424,"column":7}}]},"54":{"loc":{"start":{"line":420,"column":10},"end":{"line":420,"column":26}},"type":"binary-expr","locations":[{"start":{"line":420,"column":10},"end":{"line":420,"column":26}},{"start":{"line":420,"column":30},"end":{"line":420,"column":65}}]},"55":{"loc":{"start":{"line":422,"column":13},"end":{"line":424,"column":7}},"type":"if","locations":[{"start":{"line":422,"column":13},"end":{"line":424,"column":7}},{"start":{"line":422,"column":13},"end":{"line":424,"column":7}}]},"56":{"loc":{"start":{"line":427,"column":11},"end":{"line":444,"column":5}},"type":"if","locations":[{"start":{"line":427,"column":11},"end":{"line":444,"column":5}},{"start":{"line":427,"column":11},"end":{"line":444,"column":5}}]},"57":{"loc":{"start":{"line":428,"column":6},"end":{"line":433,"column":7}},"type":"if","locations":[{"start":{"line":428,"column":6},"end":{"line":433,"column":7}},{"start":{"line":428,"column":6},"end":{"line":433,"column":7}}]},"58":{"loc":{"start":{"line":428,"column":10},"end":{"line":428,"column":23}},"type":"binary-expr","locations":[{"start":{"line":428,"column":10},"end":{"line":428,"column":23}},{"start":{"line":428,"column":27},"end":{"line":428,"column":59}}]},"59":{"loc":{"start":{"line":430,"column":13},"end":{"line":433,"column":7}},"type":"if","locations":[{"start":{"line":430,"column":13},"end":{"line":433,"column":7}},{"start":{"line":430,"column":13},"end":{"line":433,"column":7}}]},"60":{"loc":{"start":{"line":435,"column":6},"end":{"line":440,"column":7}},"type":"if","locations":[{"start":{"line":435,"column":6},"end":{"line":440,"column":7}},{"start":{"line":435,"column":6},"end":{"line":440,"column":7}}]},"61":{"loc":{"start":{"line":435,"column":10},"end":{"line":435,"column":28}},"type":"binary-expr","locations":[{"start":{"line":435,"column":10},"end":{"line":435,"column":28}},{"start":{"line":436,"column":9},"end":{"line":436,"column":46}},{"start":{"line":437,"column":10},"end":{"line":437,"column":44}}]},"62":{"loc":{"start":{"line":451,"column":40},"end":{"line":451,"column":42}},"type":"default-arg","locations":[{"start":{"line":451,"column":40},"end":{"line":451,"column":42}}]},"63":{"loc":{"start":{"line":453,"column":4},"end":{"line":455,"column":5}},"type":"if","locations":[{"start":{"line":453,"column":4},"end":{"line":455,"column":5}},{"start":{"line":453,"column":4},"end":{"line":455,"column":5}}]},"64":{"loc":{"start":{"line":458,"column":4},"end":{"line":464,"column":5}},"type":"if","locations":[{"start":{"line":458,"column":4},"end":{"line":464,"column":5}},{"start":{"line":458,"column":4},"end":{"line":464,"column":5}}]},"65":{"loc":{"start":{"line":460,"column":11},"end":{"line":464,"column":5}},"type":"if","locations":[{"start":{"line":460,"column":11},"end":{"line":464,"column":5}},{"start":{"line":460,"column":11},"end":{"line":464,"column":5}}]},"66":{"loc":{"start":{"line":466,"column":21},"end":{"line":466,"column":28}},"type":"binary-expr","locations":[{"start":{"line":466,"column":21},"end":{"line":466,"column":28}},{"start":{"line":466,"column":32},"end":{"line":466,"column":34}}]},"67":{"loc":{"start":{"line":468,"column":6},"end":{"line":468,"column":37}},"type":"cond-expr","locations":[{"start":{"line":468,"column":6},"end":{"line":468,"column":37}},{"start":{"line":469,"column":6},"end":{"line":469,"column":33}}]},"68":{"loc":{"start":{"line":476,"column":6},"end":{"line":478,"column":7}},"type":"if","locations":[{"start":{"line":476,"column":6},"end":{"line":478,"column":7}},{"start":{"line":476,"column":6},"end":{"line":478,"column":7}}]},"69":{"loc":{"start":{"line":480,"column":6},"end":{"line":511,"column":7}},"type":"if","locations":[{"start":{"line":480,"column":6},"end":{"line":511,"column":7}},{"start":{"line":480,"column":6},"end":{"line":511,"column":7}}]},"70":{"loc":{"start":{"line":482,"column":8},"end":{"line":484,"column":9}},"type":"if","locations":[{"start":{"line":482,"column":8},"end":{"line":484,"column":9}},{"start":{"line":482,"column":8},"end":{"line":484,"column":9}}]},"71":{"loc":{"start":{"line":486,"column":29},"end":{"line":486,"column":59}},"type":"binary-expr","locations":[{"start":{"line":486,"column":29},"end":{"line":486,"column":59}},{"start":{"line":486,"column":63},"end":{"line":486,"column":65}}]},"72":{"loc":{"start":{"line":489,"column":8},"end":{"line":491,"column":9}},"type":"if","locations":[{"start":{"line":489,"column":8},"end":{"line":491,"column":9}},{"start":{"line":489,"column":8},"end":{"line":491,"column":9}}]},"73":{"loc":{"start":{"line":494,"column":22},"end":{"line":494,"column":52}},"type":"binary-expr","locations":[{"start":{"line":494,"column":22},"end":{"line":494,"column":52}},{"start":{"line":494,"column":56},"end":{"line":494,"column":58}}]},"74":{"loc":{"start":{"line":501,"column":10},"end":{"line":504,"column":11}},"type":"if","locations":[{"start":{"line":501,"column":10},"end":{"line":504,"column":11}},{"start":{"line":501,"column":10},"end":{"line":504,"column":11}}]},"75":{"loc":{"start":{"line":508,"column":8},"end":{"line":510,"column":9}},"type":"if","locations":[{"start":{"line":508,"column":8},"end":{"line":510,"column":9}},{"start":{"line":508,"column":8},"end":{"line":510,"column":9}}]},"76":{"loc":{"start":{"line":521,"column":21},"end":{"line":521,"column":28}},"type":"binary-expr","locations":[{"start":{"line":521,"column":21},"end":{"line":521,"column":28}},{"start":{"line":521,"column":32},"end":{"line":521,"column":34}}]},"77":{"loc":{"start":{"line":523,"column":6},"end":{"line":523,"column":37}},"type":"cond-expr","locations":[{"start":{"line":523,"column":6},"end":{"line":523,"column":37}},{"start":{"line":524,"column":6},"end":{"line":524,"column":33}}]},"78":{"loc":{"start":{"line":535,"column":21},"end":{"line":535,"column":28}},"type":"binary-expr","locations":[{"start":{"line":535,"column":21},"end":{"line":535,"column":28}},{"start":{"line":535,"column":32},"end":{"line":535,"column":34}}]},"79":{"loc":{"start":{"line":537,"column":6},"end":{"line":537,"column":37}},"type":"cond-expr","locations":[{"start":{"line":537,"column":6},"end":{"line":537,"column":37}},{"start":{"line":538,"column":6},"end":{"line":538,"column":33}}]},"80":{"loc":{"start":{"line":548,"column":48},"end":{"line":548,"column":50}},"type":"default-arg","locations":[{"start":{"line":548,"column":48},"end":{"line":548,"column":50}}]},"81":{"loc":{"start":{"line":549,"column":42},"end":{"line":549,"column":44}},"type":"default-arg","locations":[{"start":{"line":549,"column":42},"end":{"line":549,"column":44}}]},"82":{"loc":{"start":{"line":551,"column":21},"end":{"line":551,"column":34}},"type":"binary-expr","locations":[{"start":{"line":551,"column":21},"end":{"line":551,"column":34}},{"start":{"line":551,"column":38},"end":{"line":551,"column":40}}]},"83":{"loc":{"start":{"line":553,"column":6},"end":{"line":553,"column":37}},"type":"cond-expr","locations":[{"start":{"line":553,"column":6},"end":{"line":553,"column":37}},{"start":{"line":554,"column":6},"end":{"line":554,"column":33}}]},"84":{"loc":{"start":{"line":558,"column":25},"end":{"line":558,"column":36}},"type":"binary-expr","locations":[{"start":{"line":558,"column":25},"end":{"line":558,"column":36}},{"start":{"line":558,"column":40},"end":{"line":558,"column":42}}]},"85":{"loc":{"start":{"line":562,"column":4},"end":{"line":574,"column":5}},"type":"if","locations":[{"start":{"line":562,"column":4},"end":{"line":574,"column":5}},{"start":{"line":562,"column":4},"end":{"line":574,"column":5}}]},"86":{"loc":{"start":{"line":581,"column":41},"end":{"line":581,"column":43}},"type":"default-arg","locations":[{"start":{"line":581,"column":41},"end":{"line":581,"column":43}}]},"87":{"loc":{"start":{"line":583,"column":21},"end":{"line":583,"column":34}},"type":"binary-expr","locations":[{"start":{"line":583,"column":21},"end":{"line":583,"column":34}},{"start":{"line":583,"column":38},"end":{"line":583,"column":40}}]},"88":{"loc":{"start":{"line":585,"column":6},"end":{"line":585,"column":37}},"type":"cond-expr","locations":[{"start":{"line":585,"column":6},"end":{"line":585,"column":37}},{"start":{"line":586,"column":6},"end":{"line":586,"column":33}}]},"89":{"loc":{"start":{"line":590,"column":25},"end":{"line":590,"column":36}},"type":"binary-expr","locations":[{"start":{"line":590,"column":25},"end":{"line":590,"column":36}},{"start":{"line":590,"column":40},"end":{"line":590,"column":42}}]},"90":{"loc":{"start":{"line":614,"column":4},"end":{"line":616,"column":5}},"type":"if","locations":[{"start":{"line":614,"column":4},"end":{"line":616,"column":5}},{"start":{"line":614,"column":4},"end":{"line":616,"column":5}}]},"91":{"loc":{"start":{"line":620,"column":6},"end":{"line":620,"column":23}},"type":"cond-expr","locations":[{"start":{"line":620,"column":6},"end":{"line":620,"column":23}},{"start":{"line":620,"column":26},"end":{"line":620,"column":55}}]},"92":{"loc":{"start":{"line":623,"column":6},"end":{"line":627,"column":7}},"type":"if","locations":[{"start":{"line":623,"column":6},"end":{"line":627,"column":7}},{"start":{"line":623,"column":6},"end":{"line":627,"column":7}}]},"93":{"loc":{"start":{"line":623,"column":10},"end":{"line":623,"column":35}},"type":"binary-expr","locations":[{"start":{"line":623,"column":10},"end":{"line":623,"column":35}},{"start":{"line":624,"column":8},"end":{"line":624,"column":60}}]},"94":{"loc":{"start":{"line":633,"column":36},"end":{"line":633,"column":38}},"type":"default-arg","locations":[{"start":{"line":633,"column":36},"end":{"line":633,"column":38}}]},"95":{"loc":{"start":{"line":681,"column":42},"end":{"line":681,"column":44}},"type":"default-arg","locations":[{"start":{"line":681,"column":42},"end":{"line":681,"column":44}}]},"96":{"loc":{"start":{"line":683,"column":21},"end":{"line":683,"column":34}},"type":"binary-expr","locations":[{"start":{"line":683,"column":21},"end":{"line":683,"column":34}},{"start":{"line":683,"column":38},"end":{"line":683,"column":40}}]},"97":{"loc":{"start":{"line":685,"column":6},"end":{"line":685,"column":37}},"type":"cond-expr","locations":[{"start":{"line":685,"column":6},"end":{"line":685,"column":37}},{"start":{"line":686,"column":6},"end":{"line":686,"column":33}}]},"98":{"loc":{"start":{"line":690,"column":25},"end":{"line":690,"column":36}},"type":"binary-expr","locations":[{"start":{"line":690,"column":25},"end":{"line":690,"column":36}},{"start":{"line":690,"column":40},"end":{"line":690,"column":42}}]},"99":{"loc":{"start":{"line":716,"column":6},"end":{"line":761,"column":7}},"type":"if","locations":[{"start":{"line":716,"column":6},"end":{"line":761,"column":7}},{"start":{"line":716,"column":6},"end":{"line":761,"column":7}}]},"100":{"loc":{"start":{"line":718,"column":13},"end":{"line":761,"column":7}},"type":"if","locations":[{"start":{"line":718,"column":13},"end":{"line":761,"column":7}},{"start":{"line":718,"column":13},"end":{"line":761,"column":7}}]},"101":{"loc":{"start":{"line":721,"column":8},"end":{"line":724,"column":9}},"type":"if","locations":[{"start":{"line":721,"column":8},"end":{"line":724,"column":9}},{"start":{"line":721,"column":8},"end":{"line":724,"column":9}}]},"102":{"loc":{"start":{"line":728,"column":10},"end":{"line":728,"column":27}},"type":"cond-expr","locations":[{"start":{"line":728,"column":10},"end":{"line":728,"column":27}},{"start":{"line":728,"column":30},"end":{"line":728,"column":59}}]},"103":{"loc":{"start":{"line":731,"column":10},"end":{"line":735,"column":11}},"type":"if","locations":[{"start":{"line":731,"column":10},"end":{"line":735,"column":11}},{"start":{"line":731,"column":10},"end":{"line":735,"column":11}}]},"104":{"loc":{"start":{"line":731,"column":14},"end":{"line":731,"column":39}},"type":"binary-expr","locations":[{"start":{"line":731,"column":14},"end":{"line":731,"column":39}},{"start":{"line":732,"column":12},"end":{"line":732,"column":64}}]},"105":{"loc":{"start":{"line":741,"column":40},"end":{"line":741,"column":42}},"type":"default-arg","locations":[{"start":{"line":741,"column":40},"end":{"line":741,"column":42}}]}},"s":{"0":1,"1":1,"2":1,"3":1,"4":1,"5":1,"6":1,"7":1,"8":1,"9":1,"10":1,"11":1,"12":107,"13":107,"14":2,"15":105,"16":104,"17":1,"18":29,"19":29,"20":29,"21":29,"22":29,"23":29,"24":5,"25":1,"26":4,"27":1,"28":3,"29":3,"30":1,"31":2,"32":1,"33":1,"34":2,"35":2,"36":26,"37":3,"38":23,"39":23,"40":10,"41":13,"42":1,"43":12,"44":14,"45":1,"46":13,"47":1,"48":10,"49":10,"50":4,"51":10,"52":10,"53":10,"54":10,"55":1,"56":10,"57":10,"58":10,"59":10,"60":1,"61":10,"62":10,"63":34,"64":34,"65":34,"66":34,"67":4,"68":2,"69":2,"70":2,"71":2,"72":1,"73":30,"74":5,"75":2,"76":3,"77":3,"78":3,"79":1,"80":25,"81":28,"82":3,"83":1,"84":2,"85":25,"86":2,"87":1,"88":23,"89":26,"90":7,"91":2,"92":5,"93":5,"94":5,"95":1,"96":19,"97":4,"98":2,"99":2,"100":2,"101":2,"102":1,"103":15,"104":2,"105":13,"106":13,"107":18,"108":2,"109":1,"110":1,"111":16,"112":2,"113":1,"114":14,"115":16,"116":2,"117":1,"118":1,"119":14,"120":2,"121":1,"122":12,"123":14,"124":5,"125":2,"126":3,"127":1,"128":2,"129":9,"130":4,"131":2,"132":2,"133":1,"134":5,"135":2,"136":3,"137":3,"138":6,"139":13,"140":1,"141":12,"142":10,"143":2,"144":1,"145":1,"146":11,"147":11,"148":11,"149":11,"150":21,"151":21,"152":5,"153":16,"154":15,"155":15,"156":1,"157":14,"158":14,"159":2,"160":12,"161":15,"162":12,"163":12,"164":5,"165":5,"166":2,"167":2,"168":12,"169":2,"170":11,"171":4,"172":4,"173":4,"174":4,"175":4,"176":4,"177":4,"178":4,"179":4,"180":4,"181":4,"182":4,"183":7,"184":7,"185":7,"186":7,"187":7,"188":7,"189":7,"190":7,"191":1,"192":6,"193":5,"194":5,"195":5,"196":5,"197":5,"198":5,"199":5,"200":3,"201":3,"202":5,"203":3,"204":3,"205":5,"206":3,"207":3,"208":5,"209":3,"210":3,"211":5,"212":5,"213":1,"214":4,"215":4,"216":4,"217":3,"218":3,"219":2,"220":3,"221":3,"222":9,"223":3,"224":3,"225":4,"226":3,"227":3,"228":4,"229":3,"230":3,"231":4,"232":3,"233":3,"234":4,"235":3,"236":3,"237":4,"238":8,"239":8,"240":8,"241":8,"242":8,"243":8,"244":8,"245":7,"246":7,"247":8,"248":7,"249":7,"250":8,"251":7,"252":7,"253":8,"254":7,"255":7,"256":8,"257":7,"258":7,"259":1,"260":6,"261":5,"262":5,"263":5,"264":1,"265":4,"266":4,"267":4,"268":10,"269":10,"270":7,"271":10,"272":9,"273":10,"274":10,"275":1,"276":6,"277":5,"278":5,"279":6,"280":5,"281":5,"282":6,"283":5,"284":5,"285":6,"286":5,"287":5,"288":6,"289":1,"290":1,"291":1},"f":{"0":107,"1":29,"2":14,"3":4,"4":34,"5":13,"6":21,"7":15,"8":4,"9":4,"10":7,"11":5,"12":3,"13":3,"14":3,"15":3,"16":3,"17":3,"18":9,"19":3,"20":3,"21":3,"22":3,"23":8,"24":7,"25":7,"26":7,"27":7,"28":7,"29":10,"30":9,"31":5,"32":5,"33":5,"34":5},"b":{"0":[2,105],"1":[107,106],"2":[104,1],"3":[21],"4":[29,1],"5":[4,25],"6":[5,24],"7":[1,4],"8":[1,3],"9":[1,2],"10":[1,1],"11":[3,23],"12":[10,13],"13":[23,20,19,19,18,16,15,14],"14":[1,12],"15":[1,13],"16":[14,13],"17":[1,12],"18":[13,1],"19":[1,9],"20":[25,9],"21":[34,25],"22":[4,30],"23":[2,2],"24":[4,3],"25":[1,1],"26":[5,25],"27":[2,3],"28":[5,4],"29":[1,2],"30":[3,25],"31":[1,2],"32":[2,23],"33":[1,1],"34":[7,19],"35":[2,5],"36":[7,6],"37":[1,4],"38":[4,15],"39":[2,2],"40":[4,3],"41":[1,1],"42":[2,13],"43":[15,14,14],"44":[2,16],"45":[1,1],"46":[2,14],"47":[1,1],"48":[2,14],"49":[1,1],"50":[2,12],"51":[1,1],"52":[5,9],"53":[2,3],"54":[5,4],"55":[1,2],"56":[4,5],"57":[2,2],"58":[4,3],"59":[1,1],"60":[2,3],"61":[5,4,4],"62":[11],"63":[1,12],"64":[10,2],"65":[1,1],"66":[11,1],"67":[1,10],"68":[5,16],"69":[15,1],"70":[1,14],"71":[14,11],"72":[2,12],"73":[12,8],"74":[2,3],"75":[2,10],"76":[4,3],"77":[1,3],"78":[4,3],"79":[1,3],"80":[2],"81":[3],"82":[7,1],"83":[1,6],"84":[7,1],"85":[1,6],"86":[1],"87":[5,2],"88":[1,4],"89":[5,1],"90":[1,4],"91":[1,3],"92":[2,1],"93":[3,3],"94":[3],"95":[4],"96":[8,5],"97":[1,7],"98":[8,1],"99":[1,6],"100":[5,1],"101":[1,4],"102":[3,1],"103":[7,3],"104":[10,10],"105":[9]}}
,"/Users/furkle/Documents/wreath/src/NodeLike/AbstractNodeLike.ts": {"path":"/Users/furkle/Documents/wreath/src/NodeLike/AbstractNodeLike.ts","statementMap":{"0":{"start":{"line":16,"column":0},"end":{"line":18,"column":39}},"1":{"start":{"line":19,"column":0},"end":{"line":21,"column":38}},"2":{"start":{"line":31,"column":0},"end":{"line":33,"column":18}},"3":{"start":{"line":49,"column":11},"end":{"line":49,"column":47}},"4":{"start":{"line":50,"column":11},"end":{"line":50,"column":47}},"5":{"start":{"line":51,"column":11},"end":{"line":51,"column":47}},"6":{"start":{"line":52,"column":11},"end":{"line":52,"column":47}},"7":{"start":{"line":53,"column":11},"end":{"line":53,"column":47}},"8":{"start":{"line":54,"column":11},"end":{"line":54,"column":48}},"9":{"start":{"line":55,"column":11},"end":{"line":55,"column":48}},"10":{"start":{"line":57,"column":12},"end":{"line":57,"column":70}},"11":{"start":{"line":58,"column":12},"end":{"line":58,"column":70}},"12":{"start":{"line":59,"column":12},"end":{"line":59,"column":69}},"13":{"start":{"line":60,"column":12},"end":{"line":60,"column":84}},"14":{"start":{"line":61,"column":12},"end":{"line":61,"column":84}},"15":{"start":{"line":83,"column":4},"end":{"line":83,"column":33}},"16":{"start":{"line":90,"column":6},"end":{"line":100,"column":7}},"17":{"start":{"line":91,"column":8},"end":{"line":91,"column":20}},"18":{"start":{"line":93,"column":50},"end":{"line":93,"column":71}},"19":{"start":{"line":94,"column":8},"end":{"line":99,"column":9}},"20":{"start":{"line":95,"column":44},"end":{"line":95,"column":58}},"21":{"start":{"line":96,"column":10},"end":{"line":98,"column":11}},"22":{"start":{"line":97,"column":12},"end":{"line":97,"column":24}},"23":{"start":{"line":102,"column":6},"end":{"line":102,"column":19}},"24":{"start":{"line":107,"column":4},"end":{"line":107,"column":41}},"25":{"start":{"line":111,"column":4},"end":{"line":115,"column":5}},"26":{"start":{"line":114,"column":6},"end":{"line":114,"column":19}},"27":{"start":{"line":117,"column":23},"end":{"line":117,"column":38}},"28":{"start":{"line":118,"column":16},"end":{"line":118,"column":20}},"29":{"start":{"line":119,"column":4},"end":{"line":129,"column":9}},"30":{"start":{"line":122,"column":30},"end":{"line":122,"column":38}},"31":{"start":{"line":123,"column":8},"end":{"line":125,"column":9}},"32":{"start":{"line":124,"column":10},"end":{"line":124,"column":24}},"33":{"start":{"line":128,"column":8},"end":{"line":128,"column":21}},"34":{"start":{"line":131,"column":6},"end":{"line":131,"column":19}},"35":{"start":{"line":135,"column":4},"end":{"line":135,"column":25}},"36":{"start":{"line":139,"column":4},"end":{"line":139,"column":11}},"37":{"start":{"line":143,"column":4},"end":{"line":145,"column":5}},"38":{"start":{"line":144,"column":6},"end":{"line":144,"column":67}},"39":{"start":{"line":147,"column":4},"end":{"line":147,"column":36}},"40":{"start":{"line":148,"column":4},"end":{"line":148,"column":20}},"41":{"start":{"line":152,"column":4},"end":{"line":154,"column":5}},"42":{"start":{"line":153,"column":6},"end":{"line":153,"column":63}},"43":{"start":{"line":156,"column":4},"end":{"line":168,"column":5}},"44":{"start":{"line":157,"column":6},"end":{"line":167,"column":7}},"45":{"start":{"line":160,"column":8},"end":{"line":161,"column":41}},"46":{"start":{"line":162,"column":13},"end":{"line":167,"column":7}},"47":{"start":{"line":165,"column":8},"end":{"line":166,"column":40}},"48":{"start":{"line":170,"column":4},"end":{"line":170,"column":35}},"49":{"start":{"line":171,"column":4},"end":{"line":171,"column":22}},"50":{"start":{"line":175,"column":4},"end":{"line":182,"column":5}},"51":{"start":{"line":176,"column":6},"end":{"line":181,"column":7}},"52":{"start":{"line":177,"column":8},"end":{"line":178,"column":41}},"53":{"start":{"line":179,"column":13},"end":{"line":181,"column":7}},"54":{"start":{"line":180,"column":8},"end":{"line":180,"column":73}},"55":{"start":{"line":184,"column":4},"end":{"line":184,"column":45}},"56":{"start":{"line":185,"column":4},"end":{"line":185,"column":27}},"57":{"start":{"line":189,"column":4},"end":{"line":196,"column":5}},"58":{"start":{"line":190,"column":6},"end":{"line":195,"column":7}},"59":{"start":{"line":191,"column":8},"end":{"line":192,"column":41}},"60":{"start":{"line":193,"column":13},"end":{"line":195,"column":7}},"61":{"start":{"line":194,"column":8},"end":{"line":194,"column":73}},"62":{"start":{"line":198,"column":4},"end":{"line":198,"column":37}},"63":{"start":{"line":199,"column":4},"end":{"line":199,"column":23}},"64":{"start":{"line":203,"column":4},"end":{"line":205,"column":5}},"65":{"start":{"line":204,"column":6},"end":{"line":204,"column":58}},"66":{"start":{"line":207,"column":4},"end":{"line":207,"column":45}},"67":{"start":{"line":35,"column":0},"end":{"line":209,"column":1}},"68":{"start":{"line":211,"column":0},"end":{"line":211,"column":32}}},"fnMap":{"0":{"name":"(anonymous_0)","decl":{"start":{"line":35,"column":0},"end":{"line":null,"column":-1}},"loc":{"start":{"line":35,"column":0},"end":{"line":209,"column":1}}},"1":{"name":"(anonymous_1)","decl":{"start":{"line":82,"column":2},"end":{"line":82,"column":9}},"loc":{"start":{"line":82,"column":31},"end":{"line":104,"column":3}}},"2":{"name":"__recurse","decl":{"start":{"line":85,"column":4},"end":{"line":86,"column":5}},"loc":{"start":{"line":87,"column":27},"end":{"line":103,"column":5}}},"3":{"name":"(anonymous_3)","decl":{"start":{"line":106,"column":2},"end":{"line":106,"column":14}},"loc":{"start":{"line":106,"column":15},"end":{"line":108,"column":3}}},"4":{"name":"(anonymous_4)","decl":{"start":{"line":110,"column":2},"end":{"line":110,"column":12}},"loc":{"start":{"line":110,"column":29},"end":{"line":132,"column":3}}},"5":{"name":"(anonymous_5)","decl":{"start":{"line":121,"column":15},"end":{"line":121,"column":16}},"loc":{"start":{"line":121,"column":57},"end":{"line":129,"column":7}}},"6":{"name":"(anonymous_6)","decl":{"start":{"line":134,"column":2},"end":{"line":134,"column":11}},"loc":{"start":{"line":134,"column":28},"end":{"line":136,"column":3}}},"7":{"name":"(anonymous_7)","decl":{"start":{"line":138,"column":2},"end":{"line":138,"column":10}},"loc":{"start":{"line":138,"column":11},"end":{"line":140,"column":3}}},"8":{"name":"(anonymous_8)","decl":{"start":{"line":142,"column":2},"end":{"line":142,"column":14}},"loc":{"start":{"line":142,"column":39},"end":{"line":149,"column":3}}},"9":{"name":"(anonymous_9)","decl":{"start":{"line":151,"column":2},"end":{"line":151,"column":16}},"loc":{"start":{"line":151,"column":52},"end":{"line":172,"column":3}}},"10":{"name":"(anonymous_10)","decl":{"start":{"line":174,"column":2},"end":{"line":174,"column":21}},"loc":{"start":{"line":174,"column":61},"end":{"line":186,"column":3}}},"11":{"name":"(anonymous_11)","decl":{"start":{"line":188,"column":2},"end":{"line":188,"column":17}},"loc":{"start":{"line":188,"column":68},"end":{"line":200,"column":3}}},"12":{"name":"(anonymous_12)","decl":{"start":{"line":202,"column":2},"end":{"line":202,"column":13}},"loc":{"start":{"line":202,"column":14},"end":{"line":208,
[...]
,"/Users/furkle/Documents/wreath/src/modules/detectVersion.ts": {"path":"/Users/furkle/Documents/wreath/src/modules/detectVersion.ts","statementMap":{"0":{"start":{"line":1,"column":0},"end":{"line":4,"column":21}},"1":{"start":{"line":12,"column":15},"end":{"line":12,"column":32}},"2":{"start":{"line":19,"column":49},"end":{"line":19,"column":54}},"3":{"start":{"line":20,"column":2},"end":{"line":57,"column":3}},"4":{"start":{"line":22,"column":4},"end":{"line":22,"column":55}},"5":{"start":{"line":23,"column":4},"end":{"line":53,"column":5}},"6":{"start":{"line":24,"column":6},"end":{"line":27,"column":7}},"7":{"start":{"line":25,"column":8},"end":{"line":26,"column":63}},"8":{"start":{"line":30,"column":6},"end":{"line":32,"column":7}},"9":{"start":{"line":31,"column":8},"end":{"line":31,"column":29}},"10":{"start":{"line":36,"column":6},"end":{"line":52,"column":7}},"11":{"start":{"line":37,"column":8},"end":{"line":46,"column":9}},"12":{"start":{"line":38,"column":24},"end":{"line":38,"column":42}},"13":{"start":{"line":39,"column":10},"end":{"line":45,"column":11}},"14":{"start":{"line":40,"column":12},"end":{"line":40,"column":33}},"15":{"start":{"line":41,"column":12},"end":{"line":41,"column":18}},"16":{"start":{"line":42,"column":17},"end":{"line":45,"column":11}},"17":{"start":{"line":43,"column":12},"end":{"line":43,"column":33}},"18":{"start":{"line":44,"column":12},"end":{"line":44,"column":18}},"19":{"start":{"line":48,"column":8},"end":{"line":51,"column":9}},"20":{"start":{"line":49,"column":10},"end":{"line":50,"column":44}},"21":{"start":{"line":54,"column":9},"end":{"line":57,"column":3}},"22":{"start":{"line":55,"column":4},"end":{"line":56,"column":34}},"23":{"start":{"line":59,"column":23},"end":{"line":59,"column":47}},"24":{"start":{"line":60,"column":2},"end":{"line":63,"column":3}},"25":{"start":{"line":61,"column":4},"end":{"line":62,"column":32}},"26":{"start":{"line":65,"column":15},"end":{"line":65,"column":38}},"27":{"start":{"line":66,"column":14},"end":{"line":66,"column":19}},"28":{"start":{"line":67,"column":2},"end":{"line":74,"column":3}},"29":{"start":{"line":68,"column":16},"end":{"line":68,"column":24}},"30":{"start":{"line":69,"column":4},"end":{"line":73,"column":5}},"31":{"start":{"line":70,"column":6},"end":{"line":70,"column":19}},"32":{"start":{"line":71,"column":6},"end":{"line":71,"column":35}},"33":{"start":{"line":72,"column":6},"end":{"line":72,"column":12}},"34":{"start":{"line":76,"column":2},"end":{"line":79,"column":3}},"35":{"start":{"line":77,"column":4},"end":{"line":78,"column":43}},"36":{"start":{"line":81,"column":2},"end":{"line":81,"column":44}},"37":{"start":{"line":14,"column":0},"end":{"line":82,"column":1}},"38":{"start":{"line":84,"column":0},"end":{"line":84,"column":29}}},"fnMap":{"0":{"name":"detectVersion","decl":{"start":{"line":14,"column":0},"end":{"line":15,"column":1}},"loc":{"start":{"line":17,"column":44},"end":{"line":82,"column":1}}}},"branchMap":{"0":{"loc":{"start":{"line":16,"column":36},"end":{"line":16,"column":57}},"type":"default-arg","locations":[{"start":{"line":16,"column":36},"end":{"line":16,"column":57}}]},"1":{"loc":{"start":{"line":17,"column":36},"end":{"line":17,"column":44}},"type":"default-arg","locations":[{"start":{"line":17,"column":36},"end":{"line":17,"column":44}}]},"2":{"loc":{"start":{"line":20,"column":2},"end":{"line":57,"column":3}},"type":"if","locations":[{"start":{"line":20,"column":2},"end":{"line":57,"column":3}},{"start":{"line":20,"column":2},"end":{"line":57,"column":3}}]},"3":{"loc":{"start":{"line":23,"column":4},"end":{"line":53,"column":5}},"type":"if","locations":[{"start":{"line":23,"column":4},"end":{"line":53,"column":5}},{"start":{"line":23,"column":4},"end":{"line":53,"column":5}}]},"4":{"loc":{"start":{"line":24,"column":6},"end":{"line":27,"column":7}},"type":"if","locations":[{"start":{"line":24,"column":6},"end":{"line":27,"column":7}},{"start":{"line":24,"column":6},"end":{"line":27,"column":7}}]},"5":{"loc":{"start":{"line":30,"column":6},"end":{"line":32,"column":7}},"type":"if","locations":[{"start":{"line":30,"column":6},"end":{"line":32,"column":7}},{"start":{"line":30,"column":6},"end":{"line":32,"column":7}}]},"6":{"loc":{"start":{"line":36,"column":6},"end":{"line":52,"column":7}},"type":"if","locations":[{"start":{"line":36,"column":6},"end":{"line":52,"column":7}},{"start":{"line":36,"column":6},"end":{"line":52,"column":7}}]},"7":{"loc":{"start":{"line":39,"column":10},"end":{"line":45,"column":11}},"type":"if","locations":[{"start":{"line":39,"column":10},"end":{"line":45,"column":11}},{"start":{"line":39,"column":10},"end":{"line":45,"column":11}}]},"8":{"loc":{"start":{"line":42,"column":17},"end":{"line":45,"column":11}},"type":"if","locations":[{"start":{"line":42,"column":17},"end":{"line":45,"column":11}},{"start":{"line":42,"column":17},"end":{"line":45,"column":11}}]},"9":{"loc":{"start":{"line":48,"column":8},"end":{"line":51,"column":9}},"type":"if","locations":[{"start":{"line":48,"column":8},"end":{"line":51,"column":9}},{"start":{"line":48,"column":8},"end":{"line":51,"column":9}}]},"10":{"loc":{"start":{"line":54,"column":9},"end":{"line":57,"column":3}},"type":"if","locations":[{"start":{"line":54,"column":9},"end":{"line":57,"column":3}},{"start":{"line":54,"column":9},"end":{"line":57,"column":3}}]},"11":{"loc":{"start":{"line":60,"column":2},"end":{"line":63,"column":3}},"type":"if","locations":[{"start":{"line":60,"column":2},"end":{"line":63,"column":3}},{"start":{"line":60,"column":2},"end":{"line":63,"column":3}}]},"12":{"loc":{"start":{"line":69,"column":4},"end":{"line":73,"column":5}},"type":"if","locations":[{"start":{"line":69,"column":4},"end":{"line":73,"column":5}},{"start":{"line":69,"column":4},"end":{"line":73,"column":5}}]},"13":{"loc":{"start":{"line":76,"column":2},"end":{"line":79,"column":3}},"type":"if","locations":[{"start":{"line":76,"column":2},"end":{"line":79,"column":3}},{"start":{"line":76,"column":2},"end":{"line":79,"column":3}}]}},"s":{"0":1,"1":1,"2":0,"3":0,"4":0,"5":0,"6":0,"7":0,"8":0,"9":0,"10":0,"11":0,"12":0,"13":0,"14":0,"15":0,"16":0,"17":0,"18":0,"19":0,"20":0,"21":0,"22":0,"23":0,"24":0,"25":0,"26":0,"27":0,"28":0,"29":0,"30":0,"31":0,"32":0,"33":0,"34":0,"35":0,"36":0,"37":1,"38":1},"f":{"0":0},"b":{"0":[0],"1":[0],"2":[0,0],"3":[0,0],"4":[0,0],"5":[0,0],"6":[0,0],"7":[0,0],"8":[0,0],"9":[0,0],"10":[0,0],"11":[0,0],"12":[0,0],"13":[0,0]}}
,"/Users/furkle/Documents/wreath/src/modules/documentFactory.ts": {"path":"/Users/furkle/Documents/wreath/src/modules/documentFactory.ts","statementMap":{"0":{"start":{"line":1,"column":0},"end":{"line":3,"column":61}},"1":{"start":{"line":10,"column":2},"end":{"line":16,"column":3}},"2":{"start":{"line":11,"column":21},"end":{"line":11,"column":26}},"3":{"start":{"line":13,"column":4},"end":{"line":13,"column":40}},"4":{"start":{"line":15,"column":4},"end":{"line":15,"column":30}},"5":{"start":{"line":8,"column":0},"end":{"line":17,"column":1}},"6":{"start":{"line":19,"column":0},"end":{"line":19,"column":31}}},"fnMap":{"0":{"name":"documentFactory","decl":{"start":{"line":8,"column":0},"end":{"line":null,"column":-1}},"loc":{"start":{"line":8,"column":0},"end":{"line":17,"column":1}}}},"branchMap":{"0":{"loc":{"start":{"line":10,"column":2},"end":{"line":16,"column":3}},"type":"if","locations":[{"start":{"line":10,"column":2},"end":{"line":16,"column":3}},{"start":{"line":10,"column":2},"end":{"line":16,"column":3}}]},"1":{"loc":{"start":{"line":10,"column":6},"end":{"line":10,"column":34}},"type":"binary-expr","locations":[{"start":{"line":10,"column":6},"end":{"line":10,"column":34}},{"start":{"line":10,"column":38},"end":{"line":10,"column":46}}]}},"s":{"0":1,"1":0,"2":0,"3":0,"4":0,"5":1,"6":1},"f":{"0":0},"b":{"0":[0,0],"1":[0,0]}}
,"/Users/furkle/Documents/wreath/src/modules/nodeFactory.ts": {"path":"/Users/furkle/Documents/wreath/src/modules/nodeFactory.ts","statementMap":{"0":{"start":{"line":13,"column":0},"end":{"line":15,"column":56}},"1":{"start":{"line":18,"column":2},"end":{"line":81,"column":3}},"2":{"start":{"line":19,"column":4},"end":{"line":19,"column":41}},"3":{"start":{"line":20,"column":9},"end":{"line":81,"column":3}},"4":{"start":{"line":21,"column":20},"end":{"line":21,"column":57}},"5":{"start":{"line":22,"column":16},"end":{"line":22,"column":27}},"6":{"start":{"line":23,"column":17},"end":{"line":23,"column":52}},"7":{"start":{"line":24,"column":4},"end":{"line":24,"column":36}},"8":{"start":{"line":25,"column":4},"end":{"line":25,"column":19}},"9":{"start":{"line":26,"column":9},"end":{"line":81,"column":3}},"10":{"start":{"line":27,"column":20},"end":{"line":27,"column":55}},"11":{"start":{"line":28,"column":16},"end":{"line":28,"column":30}},"12":{"start":{"line":29,"column":20},"end":{"line":29,"column":61}},"13":{"start":{"line":30,"column":4},"end":{"line":30,"column":39}},"14":{"start":{"line":31,"column":4},"end":{"line":31,"column":46}},"15":{"start":{"line":32,"column":4},"end":{"line":32,"column":19}},"16":{"start":{"line":33,"column":9},"end":{"line":81,"column":3}},"17":{"start":{"line":34,"column":20},"end":{"line":34,"column":55}},"18":{"start":{"line":35,"column":4},"end":{"line":35,"column":46}},"19":{"start":{"line":36,"column":9},"end":{"line":81,"column":3}},"20":{"start":{"line":41,"column":4},"end":{"line":47,"column":5}},"21":{"start":{"line":42,"column":6},"end":{"line":42,"column":32}},"22":{"start":{"line":43,"column":11},"end":{"line":47,"column":5}},"23":{"start":{"line":44,"column":6},"end":{"line":44,"column":26}},"24":{"start":{"line":46,"column":6},"end":{"line":46,"column":69}},"25":{"start":{"line":49,"column":20},"end":{"line":49,"column":51}},"26":{"start":{"line":50,"column":16},"end":{"line":50,"column":30}},"27":{"start":{"line":51,"column":20},"end":{"line":51,"column":61}},"28":{"start":{"line":52,"column":4},"end":{"line":52,"column":39}},"29":{"start":{"line":53,"column":4},"end":{"line":56,"column":5}},"30":{"start":{"line":54,"column":18},"end":{"line":54,"column":29}},"31":{"start":{"line":55,"column":6},"end":{"line":55,"column":44}},"32":{"start":{"line":58,"column":17},"end":{"line":58,"column":32}},"33":{"start":{"line":59,"column":21},"end":{"line":59,"column":35}},"34":{"start":{"line":60,"column":18},"end":{"line":62,"column":6}},"35":{"start":{"line":61,"column":6},"end":{"line":61,"column":42}},"36":{"start":{"line":64,"column":4},"end":{"line":72,"column":5}},"37":{"start":{"line":65,"column":19},"end":{"line":65,"column":63}},"38":{"start":{"line":66,"column":25},"end":{"line":68,"column":8}},"39":{"start":{"line":67,"column":8},"end":{"line":67,"column":44}},"40":{"start":{"line":70,"column":6},"end":{"line":70,"column":33}},"41":{"start":{"line":71,"column":6},"end":{"line":71,"column":23}},"42":{"start":{"line":74,"column":4},"end":{"line":74,"column":29}},"43":{"start":{"line":76,"column":4},"end":{"line":76,"column":19}},"44":{"start":{"line":77,"column":9},"end":{"line":81,"column":3}},"45":{"start":{"line":78,"column":4},"end":{"line":78,"column":55}},"46":{"start":{"line":79,"column":9},"end":{"line":81,"column":3}},"47":{"start":{"line":80,"column":4},"end":{"line":80,"column":74}},"48":{"start":{"line":83,"column":2},"end":{"line":83,"column":71}},"49":{"start":{"line":17,"column":0},"end":{"line":84,"column":1}},"50":{"start":{"line":86,"column":0},"end":{"line":86,"column":27}}},"fnMap":{"0":{"name":"nodeFactory","decl":{"start":{"line":17,"column":0},"end":{"line":17,"column":27}},"loc":{"start":{"line":17,"column":82},"end":{"line":84,"column":1}}},"1":{"name":"(anonymous_1)","decl":{"start":{"line":60,"column":27},"end":{"line":60,"column":28}},"loc":{"start":{"line":60,"column":58},"end":{"line":62,"column":5}}},"2":{"name":"(anonymous_2)","decl":{"start":{"line":66,"column":38},"end":{"line":66,"column":39}},"loc":{"start":{"line":66,"column":48},"end":{"line":68,"column":7}}}},"branchMap":{"0":{"loc":{"start":{"line":18,"column":2},"end":{"line":81,"column":3}},"type":"if","locations":[{"start":{"line":18,"column":2},"end":{"line":81,"column":3}},{"start":{"line":18,"column":2},"end":{"line":81,"column":3}}]},"1":{"loc":{"start":{"line":20,"column":9},"end":{"line":81,"column":3}},"type":"if","locations":[{"start":{"line":20,"column":9},"end":{"line":81,"column":3}},{"start":{"line":20,"column":9},"end":{"line":81,"column":3}}]},"2":{"loc":{"start":{"line":23,"column":30},"end":{"line":23,"column":40}},"type":"cond-expr","locations":[{"start":{"line":23,"column":30},"end":{"line":23,"column":40}},{"start":{"line":23,"column":43},"end":{"line":23,"column":52}}]},"3":{"loc":{"start":{"line":26,"column":9},"end":{"line":81,"column":3}},"type":"if","locations":[{"start":{"line":26,"column":9},"end":{"line":81,"column":3}},{"start":{"line":26,"column":9},"end":{"line":81,"column":3}}]},"4":{"loc":{"start":{"line":29,"column":36},"end":{"line":29,"column":49}},"type":"cond-expr","locations":[{"start":{"line":29,"column":36},"end":{"line":29,"column":49}},{"start":{"line":29,"column":52},"end":{"line":29,"column":61}}]},"5":{"loc":{"start":{"line":33,"column":9},"end":{"line":81,"column":3}},"type":"if","locations":[{"start":{"line":33,"column":9},"end":{"line":81,"column":3}},{"start":{"line":33,"column":9},"end":{"line":81,"column":3}}]},"6":{"loc":{"start":{"line":36,"column":9},"end":{"line":81,"column":3}},"type":"if","locations":[{"start":{"line":36,"column":9},"end":{"line":81,"column":3}},{"start":{"line":36,"column":9},"end":{"line":81,"column":3}}]},"7":{"loc":{"start":{"line":36,"column":13},"end":{"line":36,"column":40}},"type":"binary-expr","locations":[{"start":{"line":36,"column":13},"end":{"line":36,"column":40}},{"start":{"line":37,"column":4},"end":{"line":37,"column":28}},{"start":{"line":38,"column":4},"end":{"line":38,"column":25}}]},"8":{"loc":{"start":{"line":41,"column":4},"end":{"line":47,"column":5}},"type":"if","locations":[{"start":{"line":41,"column":4},"end":{"line":47,"column":5}},{"start":{"line":41,"column":4},"end":{"line":47,"column":5}}]},"9":{"loc":{"start":{"line":43,"column":11},"end":{"line":47,"column":5}},"type":"if","locations":[{"start":{"line":43,"column":11},"end":{"line":47,"column":5}},{"start":{"line":43,"column":11},"end":{"line":47,"column":5}}]},"10":{"loc":{"start":{"line":46,"column":32},"end":{"line":46,"column":45}},"type":"cond-expr","locations":[{"start":{"line":46,"column":32},"end":{"line":46,"column":45}},{"start":{"line":46,"column":48},"end":{"line":46,"column":68}}]},"11":{"loc":{"start":{"line":51,"column":36},"end":{"line":51,"column":49}},"type":"cond-expr","locations":[{"start":{"line":51,"column":36},"end":{"line":51,"column":49}},{"start":{"line":51,"column":52},"end":{"line":51,"column":61}}]},"12":{"loc":{"start":{"line":53,"column":4},"end":{"line":56,"column":5}},"type":"if","locations":[{"start":{"line":53,"column":4},"end":{"line":56,"column":5}},{"start":{"line":53,"column":4},"end":{"line":56,"column":5}}]},"13":{"loc":{"start":{"line":64,"column":4},"end":{"line":72,"column":5}},"type":"if","locations":[{"start":{"line":64,"column":4},"end":{"line":72,"column":5}},{"start":{"line":64,"column":4},"end":{"line":72,"column":5}}]},"14":{"loc":{"start":{"line":64,"column":8},"end":{"line":64,"column":16}},"type":"binary-expr","locations":[{"start":{"line":64,"column":8},"end":{"line":64,"column":16}},{"start":{"line":64,"column":20},"end":{"line":64,"column":48}},{"start":{"line":64,"column":52},"end":{"line":64,"column":72}}]},"15":{"loc":{"start":{"line":77,"column":9},"end":{"line":81,"column":3}},"type":"if","locations":[{"start":{"line":77,"column":9},"end":{"line":81,"column":3}},{"start":{"line":77,"column":9},"end":{"line":81,"column":3}}]},"16":{"loc":{"start":{"line":79,"column":9},"end":{"line":81,"column":3}},"type":"if","locations":[{"start":{"line":79,"column":9},"end":{"line":81,"column":3}},{"start":{"line":79,"column":9},"end":{"line":81,"column":3}}]}},"s":{"0":3,"1":0,"2":0,"3":0,"4":0,"5":0,"6":0,"7":0,"8":0,"9":0,"10":0,"11":0,"12":0,"13":0,"14":0,"15":0,"16":0,"17":0,"18":0,"19":0,"20":0,"21":0,"22":0,"23":0,"24":0,"25":0,"26":0,"27":0,"28":0,"29":0,"30":0,"31":0,"32":0,"33":0,"34":0,"35":0,"36":0,"37":0,"38":0,"39":0,"40":0,"41":0,"42":0,"43":0,"44":0,"45":0,"46":0,"47":0,"48":0,"49":3,"50":3},"f":{"0":0,"1":0,"2":0},"b":{"0":[0,0],"1":[0,0],"2":[0,0],"3":[0,0],"4":[0,0],"5":[0,0],"6":[0,0],"7":[0,0,0],"8":[0,0],"9":[0,0],"10":[0,0],"11":[0,0],"12":[0,0],"13":[0,0],"14":[0,0,0],"15":[0,0],"16":[0,0]}}
,"/Users/furkle/Documents/wreath/src/modules/passageDataFactory.ts": {"path":"/Users/furkle/Documents/wreath/src/modules/passageDataFactory.ts","statementMap":{"0":{"start":{"line":10,"column":0},"end":{"line":12,"column":22}},"1":{"start":{"line":18,"column":22},"end":{"line":18,"column":62}},"2":{"start":{"line":19,"column":2},"end":{"line":19,"column":56}},"3":{"start":{"line":20,"column":2},"end":{"line":20,"column":59}},"4":{"start":{"line":21,"column":16},"end":{"line":23,"column":4}},"5":{"start":{"line":22,"column":4},"end":{"line":22,"column":39}},"6":{"start":{"line":25,"column":2},"end":{"line":25,"column":31}},"7":{"start":{"line":26,"column":2},"end":{"line":26,"column":21}},"8":{"start":{"line":14,"column":0},"end":{"line":27,"column":1}},"9":{"start":{"line":29,"column":0},"end":{"line":29,"column":34}}},"fnMap":{"0":{"name":"passageDataFactory","decl":{"start":{"line":14,"column":0},"end":{"line":15,"column":1}},"loc":{"start":{"line":16,"column":25},"end":{"line":27,"column":1}}},"1":{"name":"(anonymous_1)","decl":{"start":{"line":21,"column":47},"end":{"line":21,"column":48}},"loc":{"start":{"line":21,"column":56},"end":{"line":23,"column":3}}}},"branchMap":{},"s":{"0":2,"1":0,"2":0,"3":0,"4":0,"5":0,"6":0,"7":0,"8":2,"9":2},"f":{"0":0,"1":0},"b":{}}
,"/Users/furkle/Documents/wreath/src/modules/storyDataFactory.ts": {"path":"/Users/furkle/Documents/wreath/src/modules/storyDataFactory.ts","statementMap":{"0":{"start":{"line":10,"column":0},"end":{"line":12,"column":29}},"1":{"start":{"line":18,"column":20},"end":{"line":18,"column":58}},"2":{"start":{"line":19,"column":16},"end":{"line":19,"column":17}},"3":{"start":{"line":20,"column":16},"end":{"line":28,"column":4}},"4":{"start":{"line":21,"column":22},"end":{"line":21,"column":41}},"5":{"start":{"line":22,"column":4},"end":{"line":25,"column":5}},"6":{"start":{"line":23,"column":6},"end":{"line":23,"column":41}},"7":{"start":{"line":24,"column":6},"end":{"line":24,"column":19}},"8":{"start":{"line":27,"column":4},"end":{"line":27,"column":49}},"9":{"start":{"line":30,"column":2},"end":{"line":30,"column":29}},"10":{"start":{"line":31,"column":2},"end":{"line":31,"column":19}},"11":{"start":{"line":14,"column":0},"end":{"line":32,"column":1}},"12":{"start":{"line":34,"column":0},"end":{"line":34,"column":32}}},"fnMap":{"0":{"name":"storyDataFactory","decl":{"start":{"line":14,"column":0},"end":{"line":15,"column":1}},"loc":{"start":{"line":16,"column":25},"end":{"line":32,"column":1}}},"1":{"name":"(anonymous_1)","decl":{"start":{"line":20,"column":29},"end":{"line":20,"column":30}},"loc":{"start":{"line":20,"column":41},"end":{"line":28,"column":3}}}},"branchMap":{"0":{"loc":{"start":{"line":22,"column":4},"end":{"line":25,"column":5}},"type":"if","locations":[{"start":{"line":22,"column":4},"end":{"line":25,"column":5}},{"start":{"line":22,"column":4},"end":{"line":25,"column":5}}]}},"s":{"0":2,"1":0,"2":0,"3":0,"4":0,"5":0,"6":0,"7":0,"8":0,"9":0,"10":0,"11":2,"12":2},"f":{"0":0,"1":0},"b":{"0":[0,0]}}
}
