TN:
SF:/Users/furkle/Documents/wreath/src/constants.ts
FN:5,(anonymous_0)
FN:10,(anonymous_1)
FN:18,(anonymous_2)
FN:23,(anonymous_3)
FN:32,(anonymous_4)
FN:40,(anonymous_5)
FN:55,(anonymous_6)
FNF:7
FNH:7
FNDA:5,(anonymous_0)
FNDA:5,(anonymous_1)
FNDA:5,(anonymous_2)
FNDA:5,(anonymous_3)
FNDA:5,(anonymous_4)
FNDA:5,(anonymous_5)
FNDA:5,(anonymous_6)
DA:5,5
DA:6,5
DA:7,5
DA:10,5
DA:11,5
DA:12,5
DA:13,5
DA:14,5
DA:15,5
DA:18,5
DA:19,5
DA:20,5
DA:23,5
DA:24,5
DA:25,5
DA:26,5
DA:27,5
DA:28,5
DA:29,5
DA:32,5
DA:33,5
DA:34,5
DA:35,5
DA:36,5
DA:37,5
DA:40,5
DA:41,5
DA:42,5
DA:43,5
DA:44,5
DA:45,5
DA:48,5
DA:55,5
DA:56,5
DA:57,5
DA:60,5
DA:67,5
LF:37
LH:37
BRDA:5,0,0,5
BRDA:5,0,1,5
BRDA:10,1,0,5
BRDA:10,1,1,5
BRDA:18,2,0,5
BRDA:18,2,1,5
BRDA:23,3,0,5
BRDA:23,3,1,5
BRDA:32,4,0,5
BRDA:32,4,1,5
BRDA:40,5,0,5
BRDA:40,5,1,5
BRDA:55,6,0,5
BRDA:55,6,1,5
BRF:14
BRH:14
end_of_record
TN:
SF:/Users/furkle/Documents/wreath/src/IRGenerator/ArrayIRGenerator.ts
FN:64,(anonymous_0)
FN:128,(anonymous_1)
FNF:2
FNH:2
FNDA:16,(anonymous_0)
FNDA:5,(anonymous_1)
DA:1,2
DA:17,2
DA:20,2
DA:23,2
DA:32,2
DA:33,2
DA:68,16
DA:69,1
DA:72,15
DA:73,15
DA:74,15
DA:75,2
DA:76,13
DA:77,1
DA:81,12
DA:82,12
DA:83,2
DA:85,10
DA:86,1
DA:90,9
DA:91,9
DA:93,9
DA:94,4
DA:95,5
DA:96,4
DA:98,1
DA:102,8
DA:103,8
DA:104,8
DA:106,8
DA:107,7
DA:108,7
DA:109,7
DA:110,1
DA:114,6
DA:115,1
DA:117,5
DA:120,6
DA:121,1
DA:126,5
DA:128,5
DA:130,5
DA:137,6
DA:141,2
LF:44
LH:44
BRDA:66,0,0,2
BRDA:68,1,0,1
BRDA:68,1,1,15
BRDA:72,2,0,15
BRDA:72,2,1,0
BRDA:74,3,0,2
BRDA:74,3,1,13
BRDA:74,4,0,15
BRDA:74,4,1,14
BRDA:76,5,0,1
BRDA:76,5,1,12
BRDA:82,6,0,2
BRDA:82,6,1,10
BRDA:82,7,0,12
BRDA:82,7,1,11
BRDA:85,8,0,1
BRDA:85,8,1,9
BRDA:93,9,0,4
BRDA:93,9,1,5
BRDA:95,10,0,4
BRDA:95,10,1,1
BRDA:109,11,0,1
BRDA:109,11,1,6
BRDA:109,12,0,7
BRDA:109,12,1,6
BRDA:114,13,0,1
BRDA:114,13,1,5
BRDA:120,14,0,1
BRDA:120,14,1,5
BRDA:126,15,0,5
BRDA:126,15,1,0
BRF:31
BRH:29
end_of_record
TN:
SF:/Users/furkle/Documents/wreath/src/IRGenerator/DocumentFragmentIRGenerator.ts
FN:49,(anonymous_0)
FNF:1
FNH:1
FNDA:11,(anonymous_0)
DA:13,2
DA:16,2
DA:19,2
DA:29,2
DA:30,2
DA:53,11
DA:54,1
DA:56,10
DA:57,1
DA:59,9
DA:60,1
DA:64,8
DA:65,8
DA:66,7
DA:68,1
DA:72,7
DA:73,1
DA:77,6
DA:78,6
DA:79,6
DA:80,6
DA:84,2
LF:22
LH:22
BRDA:53,0,0,1
BRDA:53,0,1,10
BRDA:56,1,0,1
BRDA:56,1,1,9
BRDA:59,2,0,1
BRDA:59,2,1,8
BRDA:59,3,0,9
BRDA:59,3,1,8
BRDA:65,4,0,7
BRDA:65,4,1,1
BRDA:72,5,0,1
BRDA:72,5,1,6
BRF:12
BRH:12
end_of_record
TN:
SF:/Users/furkle/Documents/wreath/src/Linter/Linter.ts
FN:197,(anonymous_0)
FN:209,(anonymous_1)
FN:272,(anonymous_2)
FN:284,(anonymous_3)
FN:306,(anonymous_4)
FN:449,(anonymous_5)
FN:473,(anonymous_6)
FN:496,(anonymous_7)
FN:517,(anonymous_8)
FN:531,(anonymous_9)
FN:545,(anonymous_10)
FN:577,(anonymous_11)
FN:593,(anonymous_12)
FN:598,(anonymous_13)
FN:603,(anonymous_14)
FN:608,(anonymous_15)
FN:621,(anonymous_16)
FN:629,(anonymous_17)
FN:635,(anonymous_18)
FN:654,(anonymous_19)
FN:659,(anonymous_20)
FN:664,(anonymous_21)
FN:669,(anonymous_22)
FN:677,(anonymous_23)
FN:694,(anonymous_24)
FN:699,(anonymous_25)
FN:704,(anonymous_26)
FN:709,(anonymous_27)
FN:714,(anonymous_28)
FN:729,(anonymous_29)
FN:737,(anonymous_30)
FN:764,(anonymous_31)
FN:769,(anonymous_32)
FN:774,(anonymous_33)
FN:779,(anonymous_34)
FNF:35
FNH:35
FNDA:107,(anonymous_0)
FNDA:29,(anonymous_1)
FNDA:14,(anonymous_2)
FNDA:4,(anonymous_3)
FNDA:34,(anonymous_4)
FNDA:13,(anonymous_5)
FNDA:21,(anonymous_6)
FNDA:15,(anonymous_7)
FNDA:4,(anonymous_8)
FNDA:4,(anonymous_9)
FNDA:7,(anonymous_10)
FNDA:5,(anonymous_11)
FNDA:3,(anonymous_12)
FNDA:3,(anonymous_13)
FNDA:3,(anonymous_14)
FNDA:3,(anonymous_15)
FNDA:3,(anonymous_16)
FNDA:3,(anonymous_17)
FNDA:9,(anonymous_18)
FNDA:3,(anonymous_19)
FNDA:3,(anonymous_20)
FNDA:3,(anonymous_21)
FNDA:3,(anonymous_22)
FNDA:8,(anonymous_23)
FNDA:7,(anonymous_24)
FNDA:7,(anonymous_25)
FNDA:7,(anonymous_26)
FNDA:7,(anonymous_27)
FNDA:7,(anonymous_28)
FNDA:10,(anonymous_29)
FNDA:9,(anonymous_30)
FNDA:5,(anonymous_31)
FNDA:5,(anonymous_32)
FNDA:5,(anonymous_33)
FNDA:5,(anonymous_34)
DA:1,1
DA:6,1
DA:9,1
DA:12,1
DA:15,1
DA:18,1
DA:39,1
DA:51,1
DA:54,1
DA:57,1
DA:63,1
DA:66,1
DA:76,1
DA:77,107
DA:78,1
DA:198,107
DA:199,2
DA:202,105
DA:203,104
DA:205,1
DA:214,29
DA:215,29
DA:218,29
DA:219,29
DA:220,29
DA:221,29
DA:222,5
DA:223,1
DA:224,4
DA:225,1
DA:228,3
DA:229,3
DA:230,1
DA:234,2
DA:235,1
DA:237,1
DA:240,2
DA:241,2
DA:244,26
DA:245,3
DA:248,23
DA:250,23
DA:267,10
DA:268,13
DA:269,1
DA:272,12
DA:273,14
DA:274,1
DA:275,13
DA:278,1
DA:282,10
DA:283,10
DA:285,4
DA:288,10
DA:289,10
DA:290,10
DA:291,10
DA:292,1
DA:295,10
DA:296,10
DA:297,10
DA:298,10
DA:299,1
DA:302,10
DA:303,10
DA:308,34
DA:309,34
DA:310,34
DA:311,34
DA:312,4
DA:315,2
DA:319,2
DA:320,2
DA:321,2
DA:322,1
DA:325,30
DA:326,5
DA:327,2
DA:331,3
DA:332,3
DA:333,3
DA:334,1
DA:338,25
DA:341,28
DA:342,3
DA:343,1
DA:347,2
DA:348,25
DA:349,2
DA:350,1
DA:354,23
DA:357,26
DA:358,7
DA:359,2
DA:362,5
DA:363,5
DA:364,5
DA:365,1
DA:367,19
DA:368,4
DA:369,2
DA:372,2
DA:373,2
DA:374,2
DA:375,1
DA:378,15
DA:382,2
DA:385,13
DA:386,13
DA:389,18
DA:390,2
DA:391,1
DA:394,1
DA:395,16
DA:396,2
DA:397,1
DA:400,14
DA:403,16
DA:404,2
DA:405,1
DA:409,1
DA:410,14
DA:411,2
DA:412,1
DA:416,12
DA:419,14
DA:420,5
DA:421,2
DA:422,3
DA:423,1
DA:426,2
DA:427,9
DA:428,4
DA:429,2
DA:430,2
DA:431,1
DA:435,5
DA:439,2
DA:442,3
DA:443,3
DA:446,6
DA:453,13
DA:454,1
DA:458,12
DA:459,10
DA:460,2
DA:461,1
DA:463,1
DA:466,11
DA:467,11
DA:470,11
DA:473,11
DA:474,21
DA:476,21
DA:477,5
DA:480,16
DA:481,15
DA:482,15
DA:483,1
DA:486,14
DA:489,14
DA:490,2
DA:494,12
DA:496,15
DA:498,12
DA:499,12
DA:500,5
DA:501,5
DA:502,2
DA:503,2
DA:508,12
DA:509,2
DA:513,11
DA:521,4
DA:522,4
DA:525,4
DA:526,4
DA:527,4
DA:528,4
DA:535,4
DA:536,4
DA:539,4
DA:540,4
DA:541,4
DA:542,4
DA:551,7
DA:552,7
DA:555,7
DA:556,7
DA:558,7
DA:559,7
DA:560,7
DA:562,7
DA:563,1
DA:569,6
DA:583,5
DA:584,5
DA:587,5
DA:588,5
DA:590,5
DA:591,5
DA:593,5
DA:594,3
DA:595,3
DA:598,5
DA:599,3
DA:600,3
DA:603,5
DA:604,3
DA:605,3
DA:608,5
DA:609,3
DA:610,3
DA:613,5
DA:614,5
DA:615,1
DA:618,4
DA:619,4
DA:621,4
DA:622,3
DA:623,3
DA:626,2
DA:629,3
DA:635,3
DA:636,9
DA:645,3
DA:646,3
DA:654,4
DA:655,3
DA:656,3
DA:659,4
DA:660,3
DA:661,3
DA:664,4
DA:665,3
DA:666,3
DA:669,4
DA:670,3
DA:671,3
DA:674,4
DA:683,8
DA:684,8
DA:687,8
DA:688,8
DA:690,8
DA:691,8
DA:694,8
DA:695,7
DA:696,7
DA:699,8
DA:700,7
DA:701,7
DA:704,8
DA:705,7
DA:706,7
DA:709,8
DA:710,7
DA:711,7
DA:714,8
DA:715,7
DA:716,7
DA:717,1
DA:718,6
DA:719,5
DA:720,5
DA:721,5
DA:722,1
DA:726,4
DA:727,4
DA:729,4
DA:730,10
DA:731,10
DA:734,7
DA:737,10
DA:743,9
DA:751,10
DA:752,10
DA:760,1
DA:764,6
DA:765,5
DA:766,5
DA:769,6
DA:770,5
DA:771,5
DA:774,6
DA:775,5
DA:776,5
DA:779,6
DA:780,5
DA:781,5
DA:784,6
DA:788,1
LF:292
LH:292
BRDA:198,0,0,2
BRDA:198,0,1,105
BRDA:198,1,0,107
BRDA:198,1,1,106
BRDA:202,2,0,104
BRDA:202,2,1,1
BRDA:212,3,0,21
BRDA:214,4,0,29
BRDA:214,4,1,1
BRDA:216,5,0,4
BRDA:216,5,1,25
BRDA:221,6,0,5
BRDA:221,6,1,24
BRDA:222,7,0,1
BRDA:222,7,1,4
BRDA:224,8,0,1
BRDA:224,8,1,3
BRDA:229,9,0,1
BRDA:229,9,1,2
BRDA:234,10,0,1
BRDA:234,10,1,1
BRDA:244,11,0,3
BRDA:244,11,1,23
BRDA:250,12,0,10
BRDA:250,12,1,13
BRDA:250,13,0,23
BRDA:250,13,1,20
BRDA:250,13,2,19
BRDA:250,13,3,19
BRDA:250,13,4,18
BRDA:250,13,5,16
BRDA:250,13,6,15
BRDA:250,13,7,14
BRDA:268,14,0,1
BRDA:268,14,1,12
BRDA:273,15,0,1
BRDA:273,15,1,13
BRDA:273,16,0,14
BRDA:273,16,1,13
BRDA:275,17,0,1
BRDA:275,17,1,12
BRDA:275,18,0,13
BRDA:275,18,1,1
BRDA:291,19,0,1
BRDA:291,19,1,9
BRDA:310,20,0,25
BRDA:310,20,1,9
BRDA:310,21,0,34
BRDA:310,21,1,25
BRDA:311,22,0,4
BRDA:311,22,1,30
BRDA:312,23,0,2
BRDA:312,23,1,2
BRDA:312,24,0,4
BRDA:312,24,1,3
BRDA:321,25,0,1
BRDA:321,25,1,1
BRDA:325,26,0,5
BRDA:325,26,1,25
BRDA:326,27,0,2
BRDA:326,27,1,3
BRDA:326,28,0,5
BRDA:326,28,1,4
BRDA:333,29,0,1
BRDA:333,29,1,2
BRDA:341,30,0,3
BRDA:341,30,1,25
BRDA:342,31,0,1
BRDA:342,31,1,2
BRDA:348,32,0,2
BRDA:348,32,1,23
BRDA:349,33,0,1
BRDA:349,33,1,1
BRDA:357,34,0,7
BRDA:357,34,1,19
BRDA:358,35,0,2
BRDA:358,35,1,5
BRDA:358,36,0,7
BRDA:358,36,1,6
BRDA:364,37,0,1
BRDA:364,37,1,4
BRDA:367,38,0,4
BRDA:367,38,1,15
BRDA:368,39,0,2
BRDA:368,39,1,2
BRDA:368,40,0,4
BRDA:368,40,1,3
BRDA:374,41,0,1
BRDA:374,41,1,1
BRDA:378,42,0,2
BRDA:378,42,1,13
BRDA:378,43,0,15
BRDA:378,43,1,14
BRDA:378,43,2,14
BRDA:389,44,0,2
BRDA:389,44,1,16
BRDA:390,45,0,1
BRDA:390,45,1,1
BRDA:395,46,0,2
BRDA:395,46,1,14
BRDA:396,47,0,1
BRDA:396,47,1,1
BRDA:403,48,0,2
BRDA:403,48,1,14
BRDA:404,49,0,1
BRDA:404,49,1,1
BRDA:410,50,0,2
BRDA:410,50,1,12
BRDA:411,51,0,1
BRDA:411,51,1,1
BRDA:419,52,0,5
BRDA:419,52,1,9
BRDA:420,53,0,2
BRDA:420,53,1,3
BRDA:420,54,0,5
BRDA:420,54,1,4
BRDA:422,55,0,1
BRDA:422,55,1,2
BRDA:427,56,0,4
BRDA:427,56,1,5
BRDA:428,57,0,2
BRDA:428,57,1,2
BRDA:428,58,0,4
BRDA:428,58,1,3
BRDA:430,59,0,1
BRDA:430,59,1,1
BRDA:435,60,0,2
BRDA:435,60,1,3
BRDA:435,61,0,5
BRDA:435,61,1,4
BRDA:435,61,2,4
BRDA:451,62,0,11
BRDA:453,63,0,1
BRDA:453,63,1,12
BRDA:458,64,0,10
BRDA:458,64,1,2
BRDA:460,65,0,1
BRDA:460,65,1,1
BRDA:466,66,0,11
BRDA:466,66,1,1
BRDA:468,67,0,1
BRDA:468,67,1,10
BRDA:476,68,0,5
BRDA:476,68,1,16
BRDA:480,69,0,15
BRDA:480,69,1,1
BRDA:482,70,0,1
BRDA:482,70,1,14
BRDA:486,71,0,14
BRDA:486,71,1,11
BRDA:489,72,0,2
BRDA:489,72,1,12
BRDA:494,73,0,12
BRDA:494,73,1,8
BRDA:501,74,0,2
BRDA:501,74,1,3
BRDA:508,75,0,2
BRDA:508,75,1,10
BRDA:521,76,0,4
BRDA:521,76,1,3
BRDA:523,77,0,1
BRDA:523,77,1,3
BRDA:535,78,0,4
BRDA:535,78,1,3
BRDA:537,79,0,1
BRDA:537,79,1,3
BRDA:548,80,0,2
BRDA:549,81,0,3
BRDA:551,82,0,7
BRDA:551,82,1,1
BRDA:553,83,0,1
BRDA:553,83,1,6
BRDA:558,84,0,7
BRDA:558,84,1,1
BRDA:562,85,0,1
BRDA:562,85,1,6
BRDA:581,86,0,1
BRDA:583,87,0,5
BRDA:583,87,1,2
BRDA:585,88,0,1
BRDA:585,88,1,4
BRDA:590,89,0,5
BRDA:590,89,1,1
BRDA:614,90,0,1
BRDA:614,90,1,4
BRDA:620,91,0,1
BRDA:620,91,1,3
BRDA:623,92,0,2
BRDA:623,92,1,1
BRDA:623,93,0,3
BRDA:623,93,1,3
BRDA:633,94,0,3
BRDA:681,95,0,4
BRDA:683,96,0,8
BRDA:683,96,1,5
BRDA:685,97,0,1
BRDA:685,97,1,7
BRDA:690,98,0,8
BRDA:690,98,1,1
BRDA:716,99,0,1
BRDA:716,99,1,6
BRDA:718,100,0,5
BRDA:718,100,1,1
BRDA:721,101,0,1
BRDA:721,101,1,4
BRDA:728,102,0,3
BRDA:728,102,1,1
BRDA:731,103,0,7
BRDA:731,103,1,3
BRDA:731,104,0,10
BRDA:731,104,1,10
BRDA:741,105,0,9
BRF:212
BRH:212
end_of_record
TN:
SF:/Users/furkle/Documents/wreath/src/NodeLike/AbstractNodeLike.ts
FN:35,(anonymous_0)
FN:82,(anonymous_1)
FN:85,__recurse
FN:106,(anonymous_3)
FN:110,(anonymous_4)
FN:121,(anonymous_5)
FN:134,(anonymous_6)
FN:138,(anonymous_7)
FN:142,(anonymous_8)
FN:151,(anonymous_9)
FN:174,(anonymous_10)
FN:188,(anonymous_11)
FN:202,(anonymous_12)
FNF:13
FNH:0
FNDA:0,(anonymous_0)
FNDA:0,(anonymous_1)
FNDA:0,__recurse
FNDA:0,(anonymous_3)
FNDA:0,(anonymous_4)
FNDA:0,(anonymous_5)
FNDA:0,(anonymous_6)
FNDA:0,(anonymous_7)
FNDA:0,(anonymous_8)
FNDA:0,(anonymous_9)
FNDA:0,(anonymous_10)
FNDA:0,(anonymous_11)
FNDA:0,(anonymous_12)
DA:16,3
DA:19,3
DA:31,3
DA:35,3
DA:49,0
DA:50,0
DA:51,0
DA:52,0
DA:53,0
DA:54,0
DA:55,0
DA:57,0
DA:58,0
DA:59,0
DA:60,0
DA:61,0
DA:83,0
DA:90,0
DA:91,0
DA:93,0
DA:94,0
DA:95,0
DA:96,0
DA:97,0
DA:102,0
DA:107,0
DA:111,0
DA:114,0
DA:117,0
DA:118,0
DA:119,0
DA:122,0
DA:123,0
DA:124,0
DA:128,0
DA:131,0
DA:135,0
DA:139,0
DA:143,0
DA:144,0
DA:147,0
DA:148,0
DA:152,0
DA:153,0
DA:156,0
DA:157,0
DA:160,0
DA:162,0
DA:165,0
DA:170,0
DA:171,0
DA:175,0
DA:176,0
DA:177,0
DA:179,0
DA:180,0
DA:184,0
DA:185,0
DA:189,0
DA:190,0
DA:191,0
DA:193,0
DA:194,0
DA:198,0
DA:199,0
DA:203,0
DA:204,0
DA:207,0
DA:211,3
LF:69
LH:5
BRDA:90,0,0,0
BRDA:90,0,1,0
BRDA:96,1,0,0
BRDA:96,1,1,0
BRDA:111,2,0,0
BRDA:111,2,1,0
BRDA:111,3,0,0
BRDA:111,3,1,0
BRDA:123,4,0,0
BRDA:123,4,1,0
BRDA:143,5,0,0
BRDA:143,5,1,0
BRDA:152,6,0,0
BRDA:152,6,1,0
BRDA:156,7,0,0
BRDA:156,7,1,0
BRDA:157,8,0,0
BRDA:157,8,1,0
BRDA:157,9,0,0
BRDA:157,9,1,0
BRDA:157,9,2,0
BRDA:157,9,3,0
BRDA:162,10,0,0
BRDA:162,10,1,0
BRDA:162,11,0,0
BRDA:162,11,1,0
BRDA:175,12,0,0
BRDA:175,12,1,0
BRDA:176,13,0,0
BRDA:176,13,1,0
BRDA:179,14,0,0
BRDA:179,14,1,0
BRDA:189,15,0,0
BRDA:189,15,1,0
BRDA:190,16,0,0
BRDA:190,16,1,0
BRDA:193,17,0,0
BRDA:193,17,1,0
BRDA:203,18,0,0
BRDA:203,18,1,0
BRF:40
BRH:0
end_of_record
TN:
SF:/Users/furkle/Documents/wreath/src/NodeLike/MChildNodeLike.ts
FN:69,MChildNodeLike
FN:71,(anonymous_1)
FN:88,(anonymous_2)
FN:99,(anonymous_3)
FN:117,(anonymous_4)
FN:128,(anonymous_5)
FN:147,(anonymous_6)
FN:158,(anonymous_7)
FNF:8
FNH:8
FNDA:8,MChildNodeLike
FNDA:7,(anonymous_1)
FNDA:6,(anonymous_2)
FNDA:7,(anonymous_3)
FNDA:6,(anonymous_4)
FNDA:8,(anonymous_5)
FNDA:6,(anonymous_6)
FNDA:5,(anonymous_7)
DA:7,4
DA:10,4
DA:13,4
DA:23,4
DA:69,4
DA:72,7
DA:73,1
DA:76,6
DA:78,6
DA:79,6
DA:80,1
DA:83,5
DA:84,5
DA:85,1
DA:88,4
DA:89,6
DA:90,6
DA:91,4
DA:94,6
DA:95,6
DA:100,7
DA:101,1
DA:104,6
DA:106,6
DA:107,6
DA:108,1
DA:111,5
DA:112,5
DA:113,1
DA:116,4
DA:117,4
DA:118,6
DA:119,6
DA:120,3
DA:123,6
DA:124,6
DA:129,8
DA:130,1
DA:133,7
DA:135,7
DA:136,7
DA:137,1
DA:140,6
DA:141,6
DA:142,1
DA:145,5
DA:146,5
DA:147,5
DA:148,6
DA:149,6
DA:150,3
DA:153,6
DA:154,6
DA:159,5
DA:160,1
DA:163,4
DA:164,4
DA:165,4
DA:166,1
DA:169,3
DA:173,8
DA:176,4
LF:62
LH:62
BRDA:72,0,0,1
BRDA:72,0,1,6
BRDA:79,1,0,1
BRDA:79,1,1,5
BRDA:84,2,0,1
BRDA:84,2,1,4
BRDA:90,3,0,4
BRDA:90,3,1,2
BRDA:100,4,0,1
BRDA:100,4,1,6
BRDA:107,5,0,1
BRDA:107,5,1,5
BRDA:112,6,0,1
BRDA:112,6,1,4
BRDA:119,7,0,3
BRDA:119,7,1,3
BRDA:129,8,0,1
BRDA:129,8,1,7
BRDA:136,9,0,1
BRDA:136,9,1,6
BRDA:141,10,0,1
BRDA:141,10,1,5
BRDA:149,11,0,3
BRDA:149,11,1,3
BRDA:159,12,0,1
BRDA:159,12,1,4
BRDA:165,13,0,1
BRDA:165,13,1,3
BRF:28
BRH:28
end_of_record
TN:
SF:/Users/furkle/Documents/wreath/src/NodeLike/CharacterDataLike/AbstractCharacterDataLike.ts
FN:45,(anonymous_0)
FN:52,(anonymous_1)
FN:57,(anonymous_2)
FN:74,(anonymous_3)
FN:89,(anonymous_4)
FN:108,(anonymous_5)
FN:120,(anonymous_6)
FN:125,(anonymous_7)
FN:130,(anonymous_8)
FN:139,(anonymous_9)
FN:149,(anonymous_10)
FN:153,(anonymous_11)
FN:158,(anonymous_12)
FNF:13
FNH:0
FNDA:0,(anonymous_0)
FNDA:0,(anonymous_1)
FNDA:0,(anonymous_2)
FNDA:0,(anonymous_3)
FNDA:0,(anonymous_4)
FNDA:0,(anonymous_5)
FNDA:0,(anonymous_6)
FNDA:0,(anonymous_7)
FNDA:0,(anonymous_8)
FNDA:0,(anonymous_9)
FNDA:0,(anonymous_10)
FNDA:0,(anonymous_11)
FNDA:0,(anonymous_12)
DA:1,3
DA:16,3
DA:23,3
DA:38,0
DA:39,0
DA:40,0
DA:41,0
DA:46,0
DA:48,0
DA:49,0
DA:53,0
DA:54,0
DA:58,0
DA:59,0
DA:62,0
DA:63,0
DA:64,0
DA:65,0
DA:68,0
DA:69,0
DA:70,0
DA:71,0
DA:75,0
DA:76,0
DA:79,0
DA:80,0
DA:83,0
DA:84,0
DA:85,0
DA:86,0
DA:90,0
DA:91,0
DA:94,0
DA:95,0
DA:98,0
DA:99,0
DA:102,0
DA:103,0
DA:104,0
DA:105,0
DA:109,0
DA:110,0
DA:113,0
DA:114,0
DA:117,0
DA:121,0
DA:122,0
DA:126,0
DA:127,0
DA:134,0
DA:135,0
DA:143,0
DA:144,0
DA:150,0
DA:154,0
DA:155,0
DA:159,0
DA:160,0
DA:164,3
LF:59
LH:4
BRDA:58,0,0,0
BRDA:58,0,1,0
BRDA:58,1,0,0
BRDA:58,1,1,0
BRDA:62,2,0,0
BRDA:62,2,1,0
BRDA:62,3,0,0
BRDA:62,3,1,0
BRDA:64,4,0,0
BRDA:64,4,1,0
BRDA:75,5,0,0
BRDA:75,5,1,0
BRDA:75,6,0,0
BRDA:75,6,1,0
BRDA:79,7,0,0
BRDA:79,7,1,0
BRDA:90,8,0,0
BRDA:90,8,1,0
BRDA:90,9,0,0
BRDA:90,9,1,0
BRDA:94,10,0,0
BRDA:94,10,1,0
BRDA:94,11,0,0
BRDA:94,11,1,0
BRDA:98,12,0,0
BRDA:98,12,1,0
BRDA:109,13,0,0
BRDA:109,13,1,0
BRDA:109,14,0,0
BRDA:109,14,1,0
BRDA:113,15,0,0
BRDA:113,15,1,0
BRDA:113,16,0,0
BRDA:113,16,1,0
BRF:34
BRH:0
end_of_record
TN:
SF:/Users/furkle/Documents/wreath/src/NodeLike/CharacterDataLike/CommentLike/AbstractCommentLike.ts
FN:16,(anonymous_0)
FN:20,(anonymous_1)
FN:27,(anonymous_2)
FNF:3
FNH:0
FNDA:0,(anonymous_0)
FNDA:0,(anonymous_1)
FNDA:0,(anonymous_2)
DA:1,1
DA:11,1
DA:17,0
DA:21,0
DA:22,0
DA:23,0
DA:24,0
DA:28,0
DA:32,1
LF:9
LH:3
BRDA:20,0,0,0
BRF:1
BRH:0
end_of_record
TN:
SF:/Users/furkle/Documents/wreath/src/NodeLike/CharacterDataLike/CommentLike/CommentLike.ts
FN:21,(anonymous_0)
FN:25,(anonymous_1)
FN:29,(anonymous_2)
FN:33,(anonymous_3)
FN:37,(anonymous_4)
FN:41,(anonymous_5)
FN:45,(anonymous_6)
FN:49,(anonymous_7)
FN:53,(anonymous_8)
FN:57,(anonymous_9)
FN:61,(anonymous_10)
FN:65,(anonymous_11)
FN:69,(anonymous_12)
FN:73,(anonymous_13)
FN:77,(anonymous_14)
FN:103,(anonymous_15)
FN:129,(anonymous_16)
FN:133,(anonymous_17)
FN:137,(anonymous_18)
FNF:19
FNH:0
FNDA:0,(anonymous_0)
FNDA:0,(anonymous_1)
FNDA:0,(anonymous_2)
FNDA:0,(anonymous_3)
FNDA:0,(anonymous_4)
FNDA:0,(anonymous_5)
FNDA:0,(anonymous_6)
FNDA:0,(anonymous_7)
FNDA:0,(anonymous_8)
FNDA:0,(anonymous_9)
FNDA:0,(anonymous_10)
FNDA:0,(anonymous_11)
FNDA:0,(anonymous_12)
FNDA:0,(anonymous_13)
FNDA:0,(anonymous_14)
FNDA:0,(anonymous_15)
FNDA:0,(anonymous_16)
FNDA:0,(anonymous_17)
FNDA:0,(anonymous_18)
DA:1,1
DA:16,1
DA:20,1
DA:22,0
DA:26,0
DA:30,0
DA:34,0
DA:38,0
DA:42,0
DA:46,0
DA:50,0
DA:54,0
DA:58,0
DA:62,0
DA:66,0
DA:70,0
DA:74,0
DA:79,0
DA:80,0
DA:83,0
DA:84,0
DA:85,0
DA:86,0
DA:87,0
DA:88,0
DA:92,0
DA:93,0
DA:96,0
DA:97,0
DA:100,0
DA:105,0
DA:106,0
DA:109,0
DA:110,0
DA:111,0
DA:112,0
DA:113,0
DA:114,0
DA:118,0
DA:119,0
DA:122,0
DA:123,0
DA:126,0
DA:130,0
DA:134,0
DA:138,0
DA:142,1
LF:47
LH:4
BRDA:79,0,0,0
BRDA:79,0,1,0
BRDA:87,1,0,0
BRDA:87,1,1,0
BRDA:92,2,0,0
BRDA:92,2,1,0
BRDA:105,3,0,0
BRDA:105,3,1,0
BRDA:113,4,0,0
BRDA:113,4,1,0
BRDA:118,5,0,0
BRDA:118,5,1,0
BRF:12
BRH:0
end_of_record
TN:
SF:/Users/furkle/Documents/wreath/src/NodeLike/CharacterDataLike/ProcessingInstructionLike/AbstractProcessingInstructionLike.ts
FN:16,(anonymous_0)
FN:21,(anonymous_1)
FN:28,(anonymous_2)
FNF:3
FNH:0
FNDA:0,(anonymous_0)
FNDA:0,(anonymous_1)
FNDA:0,(anonymous_2)
DA:1,1
DA:11,1
DA:14,0
DA:17,0
DA:18,0
DA:22,0
DA:23,0
DA:29,0
DA:33,1
LF:9
LH:3
BRDA:21,0,0,0
BRF:1
BRH:0
end_of_record
TN:
SF:/Users/furkle/Documents/wreath/src/NodeLike/CharacterDataLike/ProcessingInstructionLike/ProcessingInstructionLike.ts
FN:18,(anonymous_0)
FN:22,(anonymous_1)
FN:26,(anonymous_2)
FN:30,(anonymous_3)
FN:34,(anonymous_4)
FN:38,(anonymous_5)
FN:42,(anonymous_6)
FN:46,(anonymous_7)
FN:50,(anonymous_8)
FN:54,(anonymous_9)
FN:58,(anonymous_10)
FN:62,(anonymous_11)
FN:66,(anonymous_12)
FN:70,(anonymous_13)
FN:74,(anonymous_14)
FN:78,(anonymous_15)
FN:82,(anonymous_16)
FN:108,(anonymous_17)
FN:134,(anonymous_18)
FN:138,(anonymous_19)
FN:142,(anonymous_20)
FNF:21
FNH:0
FNDA:0,(anonymous_0)
FNDA:0,(anonymous_1)
FNDA:0,(anonymous_2)
FNDA:0,(anonymous_3)
FNDA:0,(anonymous_4)
FNDA:0,(anonymous_5)
FNDA:0,(anonymous_6)
FNDA:0,(anonymous_7)
FNDA:0,(anonymous_8)
FNDA:0,(anonymous_9)
FNDA:0,(anonymous_10)
FNDA:0,(anonymous_11)
FNDA:0,(anonymous_12)
FNDA:0,(anonymous_13)
FNDA:0,(anonymous_14)
FNDA:0,(anonymous_15)
FNDA:0,(anonymous_16)
FNDA:0,(anonymous_17)
FNDA:0,(anonymous_18)
FNDA:0,(anonymous_19)
FNDA:0,(anonymous_20)
DA:1,1
DA:13,1
DA:17,1
DA:19,0
DA:23,0
DA:27,0
DA:31,0
DA:35,0
DA:39,0
DA:43,0
DA:47,0
DA:51,0
DA:55,0
DA:59,0
DA:63,0
DA:67,0
DA:71,0
DA:75,0
DA:79,0
DA:84,0
DA:85,0
DA:88,0
DA:89,0
DA:90,0
DA:91,0
DA:92,0
DA:93,0
DA:97,0
DA:98,0
DA:101,0
DA:102,0
DA:105,0
DA:110,0
DA:111,0
DA:114,0
DA:115,0
DA:116,0
DA:117,0
DA:118,0
DA:119,0
DA:123,0
DA:124,0
DA:127,0
DA:128,0
DA:131,0
DA:135,0
DA:139,0
DA:143,0
DA:147,1
LF:49
LH:4
BRDA:84,0,0,0
BRDA:84,0,1,0
BRDA:92,1,0,0
BRDA:92,1,1,0
BRDA:97,2,0,0
BRDA:97,2,1,0
BRDA:110,3,0,0
BRDA:110,3,1,0
BRDA:118,4,0,0
BRDA:118,4,1,0
BRDA:123,5,0,0
BRDA:123,5,1,0
BRF:12
BRH:0
end_of_record
TN:
SF:/Users/furkle/Documents/wreath/src/NodeLike/CharacterDataLike/TextLike/AbstractTextLike.ts
FN:8,(anonymous_0)
FN:12,(anonymous_1)
FN:17,(anonymous_2)
FN:27,(anonymous_3)
FNF:4
FNH:0
FNDA:0,(anonymous_0)
FNDA:0,(anonymous_1)
FNDA:0,(anonymous_2)
FNDA:0,(anonymous_3)
DA:1,3
DA:8,3
DA:9,0
DA:10,0
DA:13,0
DA:14,0
DA:18,0
DA:19,0
DA:20,0
DA:21,0
DA:22,0
DA:23,0
DA:24,0
DA:28,0
DA:32,3
LF:15
LH:3
BRDA:12,0,0,0
BRF:1
BRH:0
end_of_record
TN:
SF:/Users/furkle/Documents/wreath/src/NodeLike/CharacterDataLike/TextLike/TextLike.ts
FN:18,(anonymous_0)
FN:22,(anonymous_1)
FN:26,(anonymous_2)
FN:30,(anonymous_3)
FN:34,(anonymous_4)
FN:38,(anonymous_5)
FN:42,(anonymous_6)
FN:46,(anonymous_7)
FN:50,(anonymous_8)
FN:54,(anonymous_9)
FN:58,(anonymous_10)
FN:62,(anonymous_11)
FN:66,(anonymous_12)
FN:92,(anonymous_13)
FN:118,(anonymous_14)
FN:122,(anonymous_15)
FN:126,(anonymous_16)
FNF:17
FNH:0
FNDA:0,(anonymous_0)
FNDA:0,(anonymous_1)
FNDA:0,(anonymous_2)
FNDA:0,(anonymous_3)
FNDA:0,(anonymous_4)
FNDA:0,(anonymous_5)
FNDA:0,(anonymous_6)
FNDA:0,(anonymous_7)
FNDA:0,(anonymous_8)
FNDA:0,(anonymous_9)
FNDA:0,(anonymous_10)
FNDA:0,(anonymous_11)
FNDA:0,(anonymous_12)
FNDA:0,(anonymous_13)
FNDA:0,(anonymous_14)
FNDA:0,(anonymous_15)
FNDA:0,(anonymous_16)
DA:1,3
DA:13,3
DA:17,3
DA:19,0
DA:23,0
DA:27,0
DA:31,0
DA:35,0
DA:39,0
DA:43,0
DA:47,0
DA:51,0
DA:55,0
DA:59,0
DA:63,0
DA:68,0
DA:69,0
DA:72,0
DA:73,0
DA:74,0
DA:75,0
DA:76,0
DA:77,0
DA:81,0
DA:82,0
DA:85,0
DA:86,0
DA:89,0
DA:94,0
DA:95,0
DA:98,0
DA:99,0
DA:100,0
DA:101,0
DA:102,0
DA:103,0
DA:107,0
DA:108,0
DA:111,0
DA:112,0
DA:115,0
DA:119,0
DA:123,0
DA:127,0
DA:131,3
LF:45
LH:4
BRDA:68,0,0,0
BRDA:68,0,1,0
BRDA:76,1,0,0
BRDA:76,1,1,0
BRDA:81,2,0,0
BRDA:81,2,1,0
BRDA:94,3,0,0
BRDA:94,3,1,0
BRDA:102,4,0,0
BRDA:102,4,1,0
BRDA:107,5,0,0
BRDA:107,5,1,0
BRF:12
BRH:0
end_of_record
TN:
SF:/Users/furkle/Documents/wreath/src/NodeLike/ParentNodeLike/MParentNodeLike.ts
FN:32,MParentNodeLike
FN:33,(anonymous_1)
FN:43,(anonymous_2)
FN:45,(anonymous_3)
FN:53,(anonymous_4)
FN:58,(anonymous_5)
FN:67,(anonymous_6)
FN:77,(anonymous_7)
FN:87,(anonymous_8)
FN:90,(anonymous_9)
FN:103,(anonymous_10)
FN:119,(anonymous_11)
FN:123,(anonymous_12)
FN:140,(anonymous_13)
FNF:14
FNH:1
FNDA:3,MParentNodeLike
FNDA:0,(anonymous_1)
FNDA:0,(anonymous_2)
FNDA:0,(anonymous_3)
FNDA:0,(anonymous_4)
FNDA:0,(anonymous_5)
FNDA:0,(anonymous_6)
FNDA:0,(anonymous_7)
FNDA:0,(anonymous_8)
FNDA:0,(anonymous_9)
FNDA:0,(anonymous_10)
FNDA:0,(anonymous_11)
FNDA:0,(anonymous_12)
FNDA:0,(anonymous_13)
DA:13,1
DA:19,1
DA:22,1
DA:32,1
DA:35,0
DA:36,0
DA:44,0
DA:46,0
DA:47,0
DA:48,0
DA:49,0
DA:51,0
DA:54,0
DA:59,0
DA:60,0
DA:64,0
DA:68,0
DA:69,0
DA:74,0
DA:78,0
DA:79,0
DA:84,0
DA:88,0
DA:89,0
DA:90,0
DA:91,0
DA:92,0
DA:96,0
DA:98,0
DA:100,0
DA:101,0
DA:102,0
DA:103,0
DA:104,0
DA:105,0
DA:106,0
DA:109,0
DA:110,0
DA:113,0
DA:120,0
DA:121,0
DA:122,0
DA:123,0
DA:124,0
DA:125,0
DA:129,0
DA:130,0
DA:131,0
DA:133,0
DA:136,0
DA:137,0
DA:138,0
DA:139,0
DA:140,0
DA:141,0
DA:142,0
DA:143,0
DA:146,0
DA:147,0
DA:148,0
DA:150,0
DA:154,0
DA:161,3
DA:164,1
LF:64
LH:6
BRDA:46,0,0,0
BRDA:46,0,1,0
BRDA:59,1,0,0
BRDA:59,1,1,0
BRDA:68,2,0,0
BRDA:68,2,1,0
BRDA:78,3,0,0
BRDA:78,3,1,0
BRDA:88,4,0,0
BRDA:88,4,1,0
BRDA:91,5,0,0
BRDA:91,5,1,0
BRDA:100,6,0,0
BRDA:100,6,1,0
BRDA:105,7,0,0
BRDA:105,7,1,0
BRDA:120,8,0,0
BRDA:120,8,1,0
BRDA:124,9,0,0
BRDA:124,9,1,0
BRDA:130,10,0,0
BRDA:130,10,1,0
BRDA:136,11,0,0
BRDA:136,11,1,0
BRDA:142,12,0,0
BRDA:142,12,1,0
BRDA:147,13,0,0
BRDA:147,13,1,0
BRF:28
BRH:0
end_of_record
TN:
SF:/Users/furkle/Documents/wreath/src/NodeLike/ParentNodeLike/DocumentFragmentLike/AbstractDocumentFragmentLike.ts
FN:55,(anonymous_0)
FN:61,(anonymous_1)
FN:65,(anonymous_2)
FN:69,(anonymous_3)
FN:73,(anonymous_4)
FN:77,(anonymous_5)
FN:114,(anonymous_6)
FN:134,(anonymous_7)
FN:162,(anonymous_8)
FN:170,(anonymous_9)
FN:177,(anonymous_10)
FN:212,(anonymous_11)
FN:233,(anonymous_12)
FN:243,(anonymous_13)
FN:248,(anonymous_14)
FN:256,(anonymous_15)
FN:260,(anonymous_16)
FN:265,(anonymous_17)
FN:269,(anonymous_18)
FN:273,(anonymous_19)
FNF:20
FNH:0
FNDA:0,(anonymous_0)
FNDA:0,(anonymous_1)
FNDA:0,(anonymous_2)
FNDA:0,(anonymous_3)
FNDA:0,(anonymous_4)
FNDA:0,(anonymous_5)
FNDA:0,(anonymous_6)
FNDA:0,(anonymous_7)
FNDA:0,(anonymous_8)
FNDA:0,(anonymous_9)
FNDA:0,(anonymous_10)
FNDA:0,(anonymous_11)
FNDA:0,(anonymous_12)
FNDA:0,(anonymous_13)
FNDA:0,(anonymous_14)
FNDA:0,(anonymous_15)
FNDA:0,(anonymous_16)
FNDA:0,(anonymous_17)
FNDA:0,(anonymous_18)
FNDA:0,(anonymous_19)
DA:1,1
DA:22,1
DA:25,1
DA:28,1
DA:34,1
DA:38,1
DA:48,0
DA:56,0
DA:58,0
DA:62,0
DA:66,0
DA:70,0
DA:74,0
DA:78,0
DA:79,0
DA:80,0
DA:83,0
DA:84,0
DA:85,0
DA:86,0
DA:87,0
DA:90,0
DA:91,0
DA:93,0
DA:95,0
DA:96,0
DA:99,0
DA:100,0
DA:101,0
DA:102,0
DA:103,0
DA:106,0
DA:107,0
DA:108,0
DA:111,0
DA:115,0
DA:116,0
DA:119,0
DA:120,0
DA:121,0
DA:122,0
DA:123,0
DA:126,0
DA:127,0
DA:130,0
DA:131,0
DA:138,0
DA:139,0
DA:143,0
DA:144,0
DA:145,0
DA:146,0
DA:149,0
DA:150,0
DA:151,0
DA:152,0
DA:155,0
DA:157,0
DA:158,0
DA:159,0
DA:161,0
DA:162,0
DA:163,0
DA:164,0
DA:166,0
DA:170,0
DA:171,0
DA:174,0
DA:181,0
DA:182,0
DA:184,0
DA:185,0
DA:189,0
DA:190,0
DA:192,0
DA:196,0
DA:197,0
DA:199,0
DA:202,0
DA:203,0
DA:204,0
DA:207,0
DA:212,0
DA:213,0
DA:214,0
DA:215,0
DA:216,0
DA:219,0
DA:220,0
DA:221,0
DA:224,0
DA:226,0
DA:230,0
DA:232,0
DA:233,0
DA:234,0
DA:237,0
DA:240,0
DA:244,0
DA:245,0
DA:246,0
DA:247,0
DA:248,0
DA:249,0
DA:253,0
DA:257,0
DA:261,0
DA:262,0
DA:266,0
DA:270,0
DA:274,0
DA:278,1
LF:112
LH:7
BRDA:79,0,0,0
BRDA:79,0,1,0
BRDA:83,1,0,0
BRDA:83,1,1,0
BRDA:85,2,0,0
BRDA:85,2,1,0
BRDA:86,3,0,0
BRDA:86,3,1,0
BRDA:90,4,0,0
BRDA:90,4,1,0
BRDA:95,5,0,0
BRDA:95,5,1,0
BRDA:102,6,0,0
BRDA:102,6,1,0
BRDA:107,7,0,0
BRDA:107,7,1,0
BRDA:115,8,0,0
BRDA:115,8,1,0
BRDA:122,9,0,0
BRDA:122,9,1,0
BRDA:126,10,0,0
BRDA:126,10,1,0
BRDA:138,11,0,0
BRDA:138,11,1,0
BRDA:145,12,0,0
BRDA:145,12,1,0
BRDA:151,13,0,0
BRDA:151,13,1,0
BRDA:161,14,0,0
BRDA:161,14,1,0
BRDA:163,15,0,0
BRDA:163,15,1,0
BRDA:181,16,0,0
BRDA:181,16,1,0
BRDA:184,17,0,0
BRDA:184,17,1,0
BRDA:189,18,0,0
BRDA:189,18,1,0
BRDA:196,19,0,0
BRDA:196,19,1,0
BRDA:202,20,0,0
BRDA:202,20,1,0
BRDA:203,21,0,0
BRDA:203,21,1,0
BRDA:213,22,0,0
BRDA:213,22,1,0
BRDA:215,23,0,0
BRDA:215,23,1,0
BRDA:220,24,0,0
BRDA:220,24,1,0
BRDA:232,25,0,0
BRDA:232,25,1,0
BRDA:232,26,0,0
BRDA:232,26,1,0
BRDA:243,27,0,0
BRDA:247,28,0,0
BRDA:247,28,1,0
BRF:57
BRH:0
end_of_record
TN:
SF:/Users/furkle/Documents/wreath/src/NodeLike/ParentNodeLike/DocumentFragmentLike/DocumentFragmentLike.ts
FN:15,(anonymous_0)
FN:19,(anonymous_1)
FN:23,(anonymous_2)
FN:27,(anonymous_3)
FN:31,(anonymous_4)
FN:35,(anonymous_5)
FN:39,(anonymous_6)
FN:43,(anonymous_7)
FN:47,(anonymous_8)
FN:51,(anonymous_9)
FN:55,(anonymous_10)
FN:59,(anonymous_11)
FN:63,(anonymous_12)
FN:67,(anonymous_13)
FN:71,(anonymous_14)
FN:75,(anonymous_15)
FNF:16
FNH:0
FNDA:0,(anonymous_0)
FNDA:0,(anonymous_1)
FNDA:0,(anonymous_2)
FNDA:0,(anonymous_3)
FNDA:0,(anonymous_4)
FNDA:0,(anonymous_5)
FNDA:0,(anonymous_6)
FNDA:0,(anonymous_7)
FNDA:0,(anonymous_8)
FNDA:0,(anonymous_9)
FNDA:0,(anonymous_10)
FNDA:0,(anonymous_11)
FNDA:0,(anonymous_12)
FNDA:0,(anonymous_13)
FNDA:0,(anonymous_14)
FNDA:0,(anonymous_15)
DA:1,1
DA:14,1
DA:16,0
DA:20,0
DA:24,0
DA:28,0
DA:32,0
DA:36,0
DA:40,0
DA:44,0
DA:48,0
DA:52,0
DA:56,0
DA:60,0
DA:64,0
DA:68,0
DA:72,0
DA:76,0
DA:80,1
LF:19
LH:3
BRDA:64,0,0,0
BRDA:64,0,1,0
BRDA:68,1,0,0
BRDA:68,1,1,0
BRDA:72,2,0,0
BRDA:72,2,1,0
BRDA:76,3,0,0
BRDA:76,3,1,0
BRF:8
BRH:0
end_of_record
TN:
SF:/Users/furkle/Documents/wreath/src/NodeLike/ParentNodeLike/DocumentLike/AbstractDocumentLike.ts
FN:79,(anonymous_0)
FN:102,(anonymous_1)
FN:110,(anonymous_2)
FN:118,(anonymous_3)
FN:126,(anonymous_4)
FN:134,(anonymous_5)
FN:138,(anonymous_6)
FN:142,(anonymous_7)
FN:146,(anonymous_8)
FN:150,(anonymous_9)
FN:157,(anonymous_10)
FN:161,(anonymous_11)
FN:202,(anonymous_12)
FN:222,(anonymous_13)
FN:239,(anonymous_14)
FN:288,(anonymous_15)
FN:309,(anonymous_16)
FN:323,(anonymous_17)
FN:328,(anonymous_18)
FN:336,(anonymous_19)
FN:341,(anonymous_20)
FN:346,(anonymous_21)
FN:351,(anonymous_22)
FN:356,(anonymous_23)
FN:361,(anonymous_24)
FN:366,(anonymous_25)
FN:374,(anonymous_26)
FN:379,(anonymous_27)
FN:384,(anonymous_28)
FNF:29
FNH:0
FNDA:0,(anonymous_0)
FNDA:0,(anonymous_1)
FNDA:0,(anonymous_2)
FNDA:0,(anonymous_3)
FNDA:0,(anonymous_4)
FNDA:0,(anonymous_5)
FNDA:0,(anonymous_6)
FNDA:0,(anonymous_7)
FNDA:0,(anonymous_8)
FNDA:0,(anonymous_9)
FNDA:0,(anonymous_10)
FNDA:0,(anonymous_11)
FNDA:0,(anonymous_12)
FNDA:0,(anonymous_13)
FNDA:0,(anonymous_14)
FNDA:0,(anonymous_15)
FNDA:0,(anonymous_16)
FNDA:0,(anonymous_17)
FNDA:0,(anonymous_18)
FNDA:0,(anonymous_19)
FNDA:0,(anonymous_20)
FNDA:0,(anonymous_21)
FNDA:0,(anonymous_22)
FNDA:0,(anonymous_23)
FNDA:0,(anonymous_24)
FNDA:0,(anonymous_25)
FNDA:0,(anonymous_26)
FNDA:0,(anonymous_27)
FNDA:0,(anonymous_28)
DA:1,1
DA:4,1
DA:7,1
DA:10,1
DA:13,1
DA:40,1
DA:52,1
DA:55,1
DA:58,1
DA:64,1
DA:67,1
DA:70,1
DA:77,1
DA:79,1
DA:90,0
DA:94,0
DA:103,0
DA:104,0
DA:107,0
DA:111,0
DA:112,0
DA:115,0
DA:119,0
DA:120,0
DA:123,0
DA:127,0
DA:128,0
DA:131,0
DA:135,0
DA:139,0
DA:143,0
DA:147,0
DA:154,0
DA:158,0
DA:162,0
DA:163,0
DA:164,0
DA:167,0
DA:168,0
DA:169,0
DA:171,0
DA:172,0
DA:173,0
DA:174,0
DA:175,0
DA:178,0
DA:179,0
DA:181,0
DA:183,0
DA:184,0
DA:187,0
DA:188,0
DA:189,0
DA:190,0
DA:191,0
DA:194,0
DA:195,0
DA:196,0
DA:199,0
DA:203,0
DA:204,0
DA:207,0
DA:208,0
DA:209,0
DA:210,0
DA:211,0
DA:214,0
DA:215,0
DA:218,0
DA:219,0
DA:226,0
DA:227,0
DA:229,0
DA:230,0
DA:233,0
DA:234,0
DA:235,0
DA:236,0
DA:246,0
DA:247,0
DA:249,0
DA:250,0
DA:254,0
DA:255,0
DA:257,0
DA:261,0
DA:262,0
DA:263,0
DA:264,0
DA:265,0
DA:271,0
DA:272,0
DA:273,0
DA:275,0
DA:278,0
DA:279,0
DA:280,0
DA:283,0
DA:288,0
DA:289,0
DA:290,0
DA:291,0
DA:292,0
DA:295,0
DA:296,0
DA:297,0
DA:300,0
DA:302,0
DA:306,0
DA:308,0
DA:309,0
DA:310,0
DA:311,0
DA:313,0
DA:317,0
DA:320,0
DA:324,0
DA:325,0
DA:326,0
DA:327,0
DA:328,0
DA:329,0
DA:333,0
DA:337,0
DA:338,0
DA:342,0
DA:343,0
DA:347,0
DA:348,0
DA:352,0
DA:353,0
DA:357,0
DA:358,0
DA:362,0
DA:363,0
DA:367,0
DA:368,0
DA:371,0
DA:375,0
DA:376,0
DA:380,0
DA:381,0
DA:385,0
DA:389,1
LF:144
LH:15
BRDA:103,0,0,0
BRDA:103,0,1,0
BRDA:111,1,0,0
BRDA:111,1,1,0
BRDA:119,2,0,0
BRDA:119,2,1,0
BRDA:127,3,0,0
BRDA:127,3,1,0
BRDA:142,4,0,0
BRDA:146,5,0,0
BRDA:151,6,0,0
BRDA:152,7,0,0
BRDA:162,8,0,0
BRDA:162,8,1,0
BRDA:168,9,0,0
BRDA:168,9,1,0
BRDA:171,10,0,0
BRDA:171,10,1,0
BRDA:173,11,0,0
BRDA:173,11,1,0
BRDA:174,12,0,0
BRDA:174,12,1,0
BRDA:178,13,0,0
BRDA:178,13,1,0
BRDA:183,14,0,0
BRDA:183,14,1,0
BRDA:190,15,0,0
BRDA:190,15,1,0
BRDA:195,16,0,0
BRDA:195,16,1,0
BRDA:203,17,0,0
BRDA:203,17,1,0
BRDA:210,18,0,0
BRDA:210,18,1,0
BRDA:214,19,0,0
BRDA:214,19,1,0
BRDA:226,20,0,0
BRDA:226,20,1,0
BRDA:229,21,0,0
BRDA:229,21,1,0
BRDA:246,22,0,0
BRDA:246,22,1,0
BRDA:249,23,0,0
BRDA:249,23,1,0
BRDA:254,24,0,0
BRDA:254,24,1,0
BRDA:261,25,0,0
BRDA:261,25,1,0
BRDA:263,26,0,0
BRDA:263,26,1,0
BRDA:264,27,0,0
BRDA:264,27,1,0
BRDA:278,28,0,0
BRDA:278,28,1,0
BRDA:279,29,0,0
BRDA:279,29,1,0
BRDA:289,30,0,0
BRDA:289,30,1,0
BRDA:291,31,0,0
BRDA:291,31,1,0
BRDA:296,32,0,0
BRDA:296,32,1,0
BRDA:308,33,0,0
BRDA:308,33,1,0
BRDA:310,34,0,0
BRDA:310,34,1,0
BRDA:323,35,0,0
BRDA:327,36,0,0
BRDA:327,36,1,0
BRDA:341,37,0,0
BRDA:367,38,0,0
BRDA:367,38,1,0
BRF:72
BRH:0
end_of_record
TN:
SF:/Users/furkle/Documents/wreath/src/NodeLike/ParentNodeLike/DocumentLike/DocumentLike.ts
FN:15,(anonymous_0)
FN:19,(anonymous_1)
FN:23,(anonymous_2)
FN:27,(anonymous_3)
FN:31,(anonymous_4)
FN:40,(anonymous_5)
FN:44,(anonymous_6)
FN:53,(anonymous_7)
FN:62,(anonymous_8)
FN:66,(anonymous_9)
FN:70,(anonymous_10)
FN:74,(anonymous_11)
FN:78,(anonymous_12)
FN:82,(anonymous_13)
FN:86,(anonymous_14)
FN:90,(anonymous_15)
FN:94,(anonymous_16)
FN:98,(anonymous_17)
FN:102,(anonymous_18)
FN:106,(anonymous_19)
FNF:20
FNH:0
FNDA:0,(anonymous_0)
FNDA:0,(anonymous_1)
FNDA:0,(anonymous_2)
FNDA:0,(anonymous_3)
FNDA:0,(anonymous_4)
FNDA:0,(anonymous_5)
FNDA:0,(anonymous_6)
FNDA:0,(anonymous_7)
FNDA:0,(anonymous_8)
FNDA:0,(anonymous_9)
FNDA:0,(anonymous_10)
FNDA:0,(anonymous_11)
FNDA:0,(anonymous_12)
FNDA:0,(anonymous_13)
FNDA:0,(anonymous_14)
FNDA:0,(anonymous_15)
FNDA:0,(anonymous_16)
FNDA:0,(anonymous_17)
FNDA:0,(anonymous_18)
FNDA:0,(anonymous_19)
DA:1,1
DA:10,1
DA:14,1
DA:16,0
DA:20,0
DA:24,0
DA:28,0
DA:32,0
DA:33,0
DA:34,0
DA:37,0
DA:41,0
DA:45,0
DA:46,0
DA:47,0
DA:50,0
DA:54,0
DA:55,0
DA:56,0
DA:59,0
DA:63,0
DA:67,0
DA:71,0
DA:75,0
DA:79,0
DA:83,0
DA:87,0
DA:91,0
DA:95,0
DA:99,0
DA:103,0
DA:107,0
DA:111,1
LF:33
LH:4
BRDA:33,0,0,0
BRDA:33,0,1,0
BRDA:46,1,0,0
BRDA:46,1,1,0
BRDA:55,2,0,0
BRDA:55,2,1,0
BRDA:95,3,0,0
BRDA:95,3,1,0
BRDA:99,4,0,0
BRDA:99,4,1,0
BRDA:103,5,0,0
BRDA:103,5,1,0
BRDA:107,6,0,0
BRDA:107,6,1,0
BRF:14
BRH:0
end_of_record
TN:
SF:/Users/furkle/Documents/wreath/src/NodeLike/ParentNodeLike/ElementLike/AbstractElementLike.ts
FN:83,(anonymous_0)
FN:94,(anonymous_1)
FN:98,(anonymous_2)
FN:107,(anonymous_3)
FN:115,(anonymous_4)
FN:122,(anonymous_5)
FN:162,(anonymous_6)
FN:194,(anonymous_7)
FN:227,(anonymous_8)
FN:235,(anonymous_9)
FN:242,(anonymous_10)
FN:260,(anonymous_11)
FN:284,(anonymous_12)
FN:294,(anonymous_13)
FN:302,(anonymous_14)
FN:307,(anonymous_15)
FN:315,(anonymous_16)
FN:318,(anonymous_17)
FN:344,(anonymous_18)
FN:361,(anonymous_19)
FN:371,(anonymous_20)
FNF:21
FNH:0
FNDA:0,(anonymous_0)
FNDA:0,(anonymous_1)
FNDA:0,(anonymous_2)
FNDA:0,(anonymous_3)
FNDA:0,(anonymous_4)
FNDA:0,(anonymous_5)
FNDA:0,(anonymous_6)
FNDA:0,(anonymous_7)
FNDA:0,(anonymous_8)
FNDA:0,(anonymous_9)
FNDA:0,(anonymous_10)
FNDA:0,(anonymous_11)
FNDA:0,(anonymous_12)
FNDA:0,(anonymous_13)
FNDA:0,(anonymous_14)
FNDA:0,(anonymous_15)
FNDA:0,(anonymous_16)
FNDA:0,(anonymous_17)
FNDA:0,(anonymous_18)
FNDA:0,(anonymous_19)
FNDA:0,(anonymous_20)
DA:1,1
DA:4,1
DA:7,1
DA:28,1
DA:35,1
DA:38,1
DA:41,1
DA:47,1
DA:50,1
DA:57,1
DA:59,1
DA:66,0
DA:70,0
DA:76,0
DA:84,0
DA:86,0
DA:87,0
DA:90,0
DA:91,0
DA:95,0
DA:99,0
DA:100,0
DA:101,0
DA:103,0
DA:108,0
DA:109,0
DA:110,0
DA:111,0
DA:116,0
DA:117,0
DA:118,0
DA:126,0
DA:127,0
DA:131,0
DA:132,0
DA:136,0
DA:137,0
DA:138,0
DA:141,0
DA:142,0
DA:143,0
DA:146,0
DA:147,0
DA:148,0
DA:149,0
DA:150,0
DA:153,0
DA:155,0
DA:156,0
DA:159,0
DA:163,0
DA:164,0
DA:168,0
DA:169,0
DA:173,0
DA:174,0
DA:177,0
DA:178,0
DA:179,0
DA:180,0
DA:181,0
DA:182,0
DA:185,0
DA:186,0
DA:189,0
DA:190,0
DA:191,0
DA:198,0
DA:199,0
DA:203,0
DA:204,0
DA:208,0
DA:209,0
DA:210,0
DA:211,0
DA:214,0
DA:215,0
DA:216,0
DA:217,0
DA:220,0
DA:222,0
DA:223,0
DA:224,0
DA:226,0
DA:227,0
DA:228,0
DA:229,0
DA:231,0
DA:235,0
DA:236,0
DA:239,0
DA:246,0
DA:247,0
DA:251,0
DA:252,0
DA:254,0
DA:255,0
DA:259,0
DA:261,0
DA:262,0
DA:263,0
DA:264,0
DA:265,0
DA:268,0
DA:269,0
DA:270,0
DA:273,0
DA:274,0
DA:275,0
DA:276,0
DA:278,0
DA:282,0
DA:283,0
DA:284,0
DA:285,0
DA:286,0
DA:288,0
DA:292,0
DA:294,0
DA:295,0
DA:298,0
DA:299,0
DA:303,0
DA:304,0
DA:305,0
DA:306,0
DA:307,0
DA:308,0
DA:312,0
DA:316,0
DA:317,0
DA:318,0
DA:319,0
DA:320,0
DA:321,0
DA:324,0
DA:325,0
DA:326,0
DA:327,0
DA:328,0
DA:329,0
DA:330,0
DA:331,0
DA:335,0
DA:336,0
DA:340,0
DA:345,0
DA:346,0
DA:347,0
DA:349,0
DA:350,0
DA:352,0
DA:353,0
DA:354,0
DA:358,0
DA:359,0
DA:361,0
DA:362,0
DA:365,0
DA:368,0
DA:372,0
DA:376,1
LF:162
LH:12
BRDA:86,0,0,0
BRDA:86,0,1,0
BRDA:100,1,0,0
BRDA:100,1,1,0
BRDA:110,2,0,0
BRDA:110,2,1,0
BRDA:117,3,0,0
BRDA:117,3,1,0
BRDA:126,4,0,0
BRDA:126,4,1,0
BRDA:131,5,0,0
BRDA:131,5,1,0
BRDA:136,6,0,0
BRDA:136,6,1,0
BRDA:142,7,0,0
BRDA:142,7,1,0
BRDA:148,8,0,0
BRDA:148,8,1,0
BRDA:155,9,0,0
BRDA:155,9,1,0
BRDA:163,10,0,0
BRDA:163,10,1,0
BRDA:168,11,0,0
BRDA:168,11,1,0
BRDA:173,12,0,0
BRDA:173,12,1,0
BRDA:181,13,0,0
BRDA:181,13,1,0
BRDA:185,14,0,0
BRDA:185,14,1,0
BRDA:198,15,0,0
BRDA:198,15,1,0
BRDA:203,16,0,0
BRDA:203,16,1,0
BRDA:210,17,0,0
BRDA:210,17,1,0
BRDA:216,18,0,0
BRDA:216,18,1,0
BRDA:226,19,0,0
BRDA:226,19,1,0
BRDA:228,20,0,0
BRDA:228,20,1,0
BRDA:246,21,0,0
BRDA:246,21,1,0
BRDA:251,22,0,0
BRDA:251,22,1,0
BRDA:254,23,0,0
BRDA:254,23,1,0
BRDA:261,24,0,0
BRDA:261,24,1,0
BRDA:264,25,0,0
BRDA:264,25,1,0
BRDA:269,26,0,0
BRDA:269,26,1,0
BRDA:283,27,0,0
BRDA:283,27,1,0
BRDA:283,28,0,0
BRDA:283,28,1,0
BRDA:285,29,0,0
BRDA:285,29,1,0
BRDA:302,30,0,0
BRDA:306,31,0,0
BRDA:306,31,1,0
BRDA:319,32,0,0
BRDA:319,32,1,0
BRDA:320,33,0,0
BRDA:320,33,1,0
BRDA:326,34,0,0
BRDA:326,34,1,0
BRDA:327,35,0,0
BRDA:327,35,1,0
BRDA:335,36,0,0
BRDA:335,36,1,0
BRDA:346,37,0,0
BRDA:346,37,1,0
BRDA:358,38,0,0
BRDA:358,38,1,0
BRF:77
BRH:0
end_of_record
TN:
SF:/Users/furkle/Documents/wreath/src/NodeLike/ParentNodeLike/ElementLike/ElementLike.ts
FN:39,(anonymous_0)
FN:43,(anonymous_1)
FN:47,(anonymous_2)
FN:51,(anonymous_3)
FN:55,(anonymous_4)
FN:56,(anonymous_5)
FN:61,(anonymous_6)
FN:62,(anonymous_7)
FN:67,(anonymous_8)
FN:68,(anonymous_9)
FN:72,(anonymous_10)
FN:77,(anonymous_11)
FN:81,(anonymous_12)
FN:82,(anonymous_13)
FN:89,(anonymous_14)
FN:90,(anonymous_15)
FN:99,(anonymous_16)
FN:103,(anonymous_17)
FN:112,(anonymous_18)
FN:117,(anonymous_19)
FN:126,(anonymous_20)
FN:131,(anonymous_21)
FN:135,(anonymous_22)
FN:139,(anonymous_23)
FN:143,(anonymous_24)
FN:151,(anonymous_25)
FN:155,(anonymous_26)
FN:159,(anonymous_27)
FN:185,(anonymous_28)
FN:211,(anonymous_29)
FN:215,(anonymous_30)
FN:219,(anonymous_31)
FN:223,(anonymous_32)
FN:227,(anonymous_33)
FN:231,(anonymous_34)
FN:235,(anonymous_35)
FNF:36
FNH:0
FNDA:0,(anonymous_0)
FNDA:0,(anonymous_1)
FNDA:0,(anonymous_2)
FNDA:0,(anonymous_3)
FNDA:0,(anonymous_4)
FNDA:0,(anonymous_5)
FNDA:0,(anonymous_6)
FNDA:0,(anonymous_7)
FNDA:0,(anonymous_8)
FNDA:0,(anonymous_9)
FNDA:0,(anonymous_10)
FNDA:0,(anonymous_11)
FNDA:0,(anonymous_12)
FNDA:0,(anonymous_13)
FNDA:0,(anonymous_14)
FNDA:0,(anonymous_15)
FNDA:0,(anonymous_16)
FNDA:0,(anonymous_17)
FNDA:0,(anonymous_18)
FNDA:0,(anonymous_19)
FNDA:0,(anonymous_20)
FNDA:0,(anonymous_21)
FNDA:0,(anonymous_22)
FNDA:0,(anonymous_23)
FNDA:0,(anonymous_24)
FNDA:0,(anonymous_25)
FNDA:0,(anonymous_26)
FNDA:0,(anonymous_27)
FNDA:0,(anonymous_28)
FNDA:0,(anonymous_29)
FNDA:0,(anonymous_30)
FNDA:0,(anonymous_31)
FNDA:0,(anonymous_32)
FNDA:0,(anonymous_33)
FNDA:0,(anonymous_34)
FNDA:0,(anonymous_35)
DA:1,1
DA:4,1
DA:22,1
DA:28,1
DA:31,1
DA:38,1
DA:40,0
DA:44,0
DA:48,0
DA:52,0
DA:56,0
DA:57,0
DA:62,0
DA:63,0
DA:68,0
DA:69,0
DA:72,0
DA:73,0
DA:78,0
DA:82,0
DA:83,0
DA:86,0
DA:90,0
DA:91,0
DA:94,0
DA:95,0
DA:96,0
DA:100,0
DA:104,0
DA:105,0
DA:106,0
DA:108,0
DA:113,0
DA:114,0
DA:118,0
DA:119,0
DA:120,0
DA:122,0
DA:127,0
DA:128,0
DA:132,0
DA:136,0
DA:140,0
DA:144,0
DA:145,0
DA:148,0
DA:152,0
DA:156,0
DA:161,0
DA:162,0
DA:165,0
DA:166,0
DA:167,0
DA:168,0
DA:169,0
DA:170,0
DA:174,0
DA:175,0
DA:178,0
DA:179,0
DA:182,0
DA:187,0
DA:188,0
DA:191,0
DA:192,0
DA:193,0
DA:194,0
DA:195,0
DA:196,0
DA:200,0
DA:201,0
DA:204,0
DA:205,0
DA:208,0
DA:212,0
DA:216,0
DA:220,0
DA:224,0
DA:228,0
DA:232,0
DA:236,0
DA:240,1
LF:82
LH:7
BRDA:57,0,0,0
BRDA:57,0,1,0
BRDA:105,1,0,0
BRDA:105,1,1,0
BRDA:119,2,0,0
BRDA:119,2,1,0
BRDA:144,3,0,0
BRDA:144,3,1,0
BRDA:161,4,0,0
BRDA:161,4,1,0
BRDA:169,5,0,0
BRDA:169,5,1,0
BRDA:174,6,0,0
BRDA:174,6,1,0
BRDA:187,7,0,0
BRDA:187,7,1,0
BRDA:195,8,0,0
BRDA:195,8,1,0
BRDA:200,9,0,0
BRDA:200,9,1,0
BRDA:216,10,0,0
BRDA:216,10,1,0
BRDA:220,11,0,0
BRDA:220,11,1,0
BRDA:228,12,0,0
BRDA:228,12,1,0
BRDA:232,13,0,0
BRDA:232,13,1,0
BRF:28
BRH:0
end_of_record
TN:
SF:/Users/furkle/Documents/wreath/src/NodeLike/ParentNodeLike/ElementLike/AttributeLike/AttributeLike.ts
FN:10,(anonymous_0)
FN:16,(anonymous_1)
FNF:2
FNH:0
FNDA:0,(anonymous_0)
FNDA:0,(anonymous_1)
DA:5,1
DA:9,0
DA:11,0
DA:12,0
DA:13,0
DA:16,0
DA:19,1
LF:7
LH:2
BRDA:13,0,0,0
BRDA:13,0,1,0
BRF:2
BRH:0
end_of_record
TN:
SF:/Users/furkle/Documents/wreath/src/NodeLike/ParentNodeLike/ElementLike/ClassListLike/ClassListLike.ts
FN:15,(anonymous_0)
FN:19,(anonymous_1)
FN:23,(anonymous_2)
FN:28,(anonymous_3)
FN:30,(anonymous_4)
FN:42,(anonymous_5)
FN:44,(anonymous_6)
FN:57,(anonymous_7)
FN:61,(anonymous_8)
FN:62,(anonymous_9)
FN:74,(anonymous_10)
FN:82,(anonymous_11)
FN:86,(anonymous_12)
FN:90,(anonymous_13)
FN:95,(anonymous_14)
FNF:15
FNH:0
FNDA:0,(anonymous_0)
FNDA:0,(anonymous_1)
FNDA:0,(anonymous_2)
FNDA:0,(anonymous_3)
FNDA:0,(anonymous_4)
FNDA:0,(anonymous_5)
FNDA:0,(anonymous_6)
FNDA:0,(anonymous_7)
FNDA:0,(anonymous_8)
FNDA:0,(anonymous_9)
FNDA:0,(anonymous_10)
FNDA:0,(anonymous_11)
FNDA:0,(anonymous_12)
FNDA:0,(anonymous_13)
FNDA:0,(anonymous_14)
DA:7,1
DA:11,1
DA:16,0
DA:20,0
DA:24,0
DA:25,0
DA:29,0
DA:30,0
DA:31,0
DA:32,0
DA:33,0
DA:37,0
DA:38,0
DA:43,0
DA:44,0
DA:45,0
DA:46,0
DA:47,0
DA:48,0
DA:52,0
DA:53,0
DA:58,0
DA:62,0
DA:63,0
DA:64,0
DA:65,0
DA:67,0
DA:71,0
DA:75,0
DA:76,0
DA:77,0
DA:78,0
DA:83,0
DA:87,0
DA:91,0
DA:96,0
DA:100,0
DA:104,1
LF:38
LH:3
BRDA:31,0,0,0
BRDA:31,0,1,0
BRDA:37,1,0,0
BRDA:37,1,1,0
BRDA:46,2,0,0
BRDA:46,2,1,0
BRDA:52,3,0,0
BRDA:52,3,1,0
BRDA:58,4,0,0
BRDA:58,4,1,0
BRDA:64,5,0,0
BRDA:64,5,1,0
BRDA:76,6,0,0
BRDA:76,6,1,0
BRF:14
BRH:0
end_of_record
TN:
SF:/Users/furkle/Documents/wreath/src/Parser/parserFactory.ts
FN:13,parserFactory
FNF:1
FNH:0
FNDA:0,parserFactory
DA:6,2
DA:9,2
DA:13,2
DA:18,0
DA:20,0
DA:25,0
DA:27,0
DA:29,0
DA:33,2
LF:9
LH:4
BRDA:18,0,0,0
BRDA:18,0,1,0
BRDA:25,1,0,0
BRDA:25,1,1,0
BRF:4
BRH:0
end_of_record
TN:
SF:/Users/furkle/Documents/wreath/src/Recurser/Recurser.ts
FN:15,(anonymous_0)
FN:30,(anonymous_1)
FN:46,(anonymous_2)
FN:61,(anonymous_3)
FNF:4
FNH:0
FNDA:0,(anonymous_0)
FNDA:0,(anonymous_1)
FNDA:0,(anonymous_2)
FNDA:0,(anonymous_3)
DA:14,1
DA:22,0
DA:23,0
DA:24,0
DA:25,0
DA:26,0
DA:37,0
DA:38,0
DA:39,0
DA:40,0
DA:43,0
DA:53,0
DA:54,0
DA:55,0
DA:56,0
DA:57,0
DA:68,0
DA:69,0
DA:70,0
DA:71,0
DA:74,0
DA:78,1
LF:22
LH:2
BRF:0
BRH:0
end_of_record
TN:
SF:/Users/furkle/Documents/wreath/src/TypeGuards/isArrayLikeObject.ts
FN:5,isArrayLikeObject
FNF:1
FNH:0
FNDA:0,isArrayLikeObject
DA:5,2
DA:6,0
DA:16,2
LF:3
LH:2
BRDA:6,0,0,0
BRDA:6,0,1,0
BRDA:6,0,2,0
BRDA:6,0,3,0
BRDA:6,0,4,0
BRDA:6,0,5,0
BRDA:6,0,6,0
BRDA:6,0,7,0
BRF:8
BRH:0
end_of_record
TN:
SF:/Users/furkle/Documents/wreath/src/TypeGuards/isIChildNodeLike.ts
FN:5,isIChildNodeLike
FNF:1
FNH:0
FNDA:0,isIChildNodeLike
DA:5,4
DA:6,0
DA:9,4
LF:3
LH:2
BRDA:6,0,0,0
BRDA:6,0,1,0
BRF:2
BRH:0
end_of_record
TN:
SF:/Users/furkle/Documents/wreath/src/TypeGuards/isIDocumentFragmentLike.ts
FN:5,isIDocumentFragmentLike
FNF:1
FNH:0
FNDA:0,isIDocumentFragmentLike
DA:5,1
DA:6,0
DA:9,1
LF:3
LH:2
BRDA:6,0,0,0
BRDA:6,0,1,0
BRF:2
BRH:0
end_of_record
TN:
SF:/Users/furkle/Documents/wreath/src/TypeGuards/isIDocumentLike.ts
FN:5,isIDocumentLike
FNF:1
FNH:0
FNDA:0,isIDocumentLike
DA:5,3
DA:6,0
DA:9,3
LF:3
LH:2
BRDA:6,0,0,0
BRDA:6,0,1,0
BRF:2
BRH:0
end_of_record
TN:
SF:/Users/furkle/Documents/wreath/src/TypeGuards/isIDocumentTypeLike.ts
FN:5,isIDocumentTypeLike
FNF:1
FNH:0
FNDA:0,isIDocumentTypeLike
DA:5,1
DA:6,0
DA:9,1
LF:3
LH:2
BRDA:6,0,0,0
BRDA:6,0,1,0
BRF:2
BRH:0
end_of_record
TN:
SF:/Users/furkle/Documents/wreath/src/TypeGuards/isIElementLike.ts
FN:5,isIElementLike
FNF:1
FNH:0
FNDA:0,isIElementLike
DA:5,3
DA:6,0
DA:9,3
LF:3
LH:2
BRDA:6,0,0,0
BRDA:6,0,1,0
BRF:2
BRH:0
end_of_record
TN:
SF:/Users/furkle/Documents/wreath/src/TypeGuards/isIIgnores.ts
FN:11,isIIgnores
FN:33,(anonymous_1)
FN:50,(anonymous_2)
FN:67,(anonymous_3)
FN:84,(anonymous_4)
FNF:5
FNH:0
FNDA:0,isIIgnores
FNDA:0,(anonymous_1)
FNDA:0,(anonymous_2)
FNDA:0,(anonymous_3)
FNDA:0,(anonymous_4)
DA:1,1
DA:11,1
DA:12,0
DA:13,0
DA:33,0
DA:50,0
DA:67,0
DA:84,0
DA:87,1
LF:9
LH:3
BRDA:13,0,0,0
BRDA:13,0,1,0
BRDA:13,0,2,0
BRDA:13,0,3,0
BRDA:13,0,4,0
BRDA:13,0,5,0
BRDA:13,0,6,0
BRDA:13,0,7,0
BRDA:13,0,8,0
BRDA:13,0,9,0
BRDA:13,0,10,0
BRDA:13,0,11,0
BRDA:13,0,12,0
BRDA:13,0,13,0
BRDA:13,0,14,0
BRDA:13,0,15,0
BRDA:13,0,16,0
BRDA:13,0,17,0
BRDA:13,0,18,0
BRDA:13,0,19,0
BRDA:13,0,20,0
BRDA:13,0,21,0
BRDA:13,0,22,0
BRDA:13,0,23,0
BRDA:13,0,24,0
BRDA:13,0,25,0
BRDA:13,0,26,0
BRDA:13,0,27,0
BRDA:13,0,28,0
BRDA:13,0,29,0
BRDA:13,0,30,0
BRDA:13,0,31,0
BRDA:13,0,32,0
BRDA:13,0,33,0
BRDA:50,1,0,0
BRDA:50,1,1,0
BRDA:67,2,0,0
BRDA:67,2,1,0
BRDA:84,3,0,0
BRDA:84,3,1,0
BRF:40
BRH:0
end_of_record
TN:
SF:/Users/furkle/Documents/wreath/src/TypeGuards/isIParentNodeLike.ts
FN:5,isIParentNodeLike
FNF:1
FNH:0
FNDA:0,isIParentNodeLike
DA:5,4
DA:6,0
DA:12,4
LF:3
LH:2
BRDA:6,0,0,0
BRDA:6,0,1,0
BRDA:6,0,2,0
BRDA:6,0,3,0
BRF:4
BRH:0
end_of_record
TN:
SF:/Users/furkle/Documents/wreath/src/TypeGuards/isITextLike.ts
FN:5,isITextLike
FNF:1
FNH:0
FNDA:0,isITextLike
DA:5,1
DA:6,0
DA:9,1
LF:3
LH:2
BRDA:6,0,0,0
BRDA:6,0,1,0
BRF:2
BRH:0
end_of_record
TN:
SF:/Users/furkle/Documents/wreath/src/modules/detectFormat.ts
FN:8,detectFormat
FNF:1
FNH:0
FNDA:0,detectFormat
DA:8,1
DA:12,0
DA:13,0
DA:15,0
DA:16,0
DA:17,0
DA:18,0
DA:23,0
DA:24,0
DA:29,0
DA:30,0
DA:31,0
DA:32,0
DA:33,0
DA:34,0
DA:38,0
DA:39,0
DA:44,0
DA:45,0
DA:49,0
DA:52,1
LF:21
LH:2
BRDA:13,0,0,0
BRDA:13,0,1,0
BRDA:16,1,0,0
BRDA:16,1,1,0
BRDA:17,2,0,0
BRDA:17,2,1,0
BRDA:23,3,0,0
BRDA:23,3,1,0
BRDA:29,4,0,0
BRDA:29,4,1,0
BRDA:32,5,0,0
BRDA:32,5,1,0
BRDA:38,6,0,0
BRDA:38,6,1,0
BRDA:44,7,0,0
BRDA:44,7,1,0
BRF:16
BRH:0
end_of_record
TN:
SF:/Users/furkle/Documents/wreath/src/modules/detectVersion.ts
FN:14,detectVersion
FNF:1
FNH:0
FNDA:0,detectVersion
DA:1,1
DA:12,1
DA:14,1
DA:19,0
DA:20,0
DA:22,0
DA:23,0
DA:24,0
DA:25,0
DA:30,0
DA:31,0
DA:36,0
DA:37,0
DA:38,0
DA:39,0
DA:40,0
DA:41,0
DA:42,0
DA:43,0
DA:44,0
DA:48,0
DA:49,0
DA:54,0
DA:55,0
DA:59,0
DA:60,0
DA:61,0
DA:65,0
DA:66,0
DA:67,0
DA:68,0
DA:69,0
DA:70,0
DA:71,0
DA:72,0
DA:76,0
DA:77,0
DA:81,0
DA:84,1
LF:39
LH:4
BRDA:16,0,0,0
BRDA:17,1,0,0
BRDA:20,2,0,0
BRDA:20,2,1,0
BRDA:23,3,0,0
BRDA:23,3,1,0
BRDA:24,4,0,0
BRDA:24,4,1,0
BRDA:30,5,0,0
BRDA:30,5,1,0
BRDA:36,6,0,0
BRDA:36,6,1,0
BRDA:39,7,0,0
BRDA:39,7,1,0
BRDA:42,8,0,0
BRDA:42,8,1,0
BRDA:48,9,0,0
BRDA:48,9,1,0
BRDA:54,10,0,0
BRDA:54,10,1,0
BRDA:60,11,0,0
BRDA:60,11,1,0
BRDA:69,12,0,0
BRDA:69,12,1,0
BRDA:76,13,0,0
BRDA:76,13,1,0
BRF:26
BRH:0
end_of_record
TN:
SF:/Users/furkle/Documents/wreath/src/modules/documentFactory.ts
FN:8,documentFactory
FNF:1
FNH:0
FNDA:0,documentFactory
DA:1,1
DA:8,1
DA:10,0
DA:11,0
DA:13,0
DA:15,0
DA:19,1
LF:7
LH:3
BRDA:10,0,0,0
BRDA:10,0,1,0
BRDA:10,1,0,0
BRDA:10,1,1,0
BRF:4
BRH:0
end_of_record
TN:
SF:/Users/furkle/Documents/wreath/src/modules/nodeFactory.ts
FN:17,nodeFactory
FN:60,(anonymous_1)
FN:66,(anonymous_2)
FNF:3
FNH:0
FNDA:0,nodeFactory
FNDA:0,(anonymous_1)
FNDA:0,(anonymous_2)
DA:13,3
DA:17,3
DA:18,0
DA:19,0
DA:20,0
DA:21,0
DA:22,0
DA:23,0
DA:24,0
DA:25,0
DA:26,0
DA:27,0
DA:28,0
DA:29,0
DA:30,0
DA:31,0
DA:32,0
DA:33,0
DA:34,0
DA:35,0
DA:36,0
DA:41,0
DA:42,0
DA:43,0
DA:44,0
DA:46,0
DA:49,0
DA:50,0
DA:51,0
DA:52,0
DA:53,0
DA:54,0
DA:55,0
DA:58,0
DA:59,0
DA:60,0
DA:61,0
DA:64,0
DA:65,0
DA:66,0
DA:67,0
DA:70,0
DA:71,0
DA:74,0
DA:76,0
DA:77,0
DA:78,0
DA:79,0
DA:80,0
DA:83,0
DA:86,3
LF:51
LH:3
BRDA:18,0,0,0
BRDA:18,0,1,0
BRDA:20,1,0,0
BRDA:20,1,1,0
BRDA:23,2,0,0
BRDA:23,2,1,0
BRDA:26,3,0,0
BRDA:26,3,1,0
BRDA:29,4,0,0
BRDA:29,4,1,0
BRDA:33,5,0,0
BRDA:33,5,1,0
BRDA:36,6,0,0
BRDA:36,6,1,0
BRDA:36,7,0,0
BRDA:36,7,1,0
BRDA:36,7,2,0
BRDA:41,8,0,0
BRDA:41,8,1,0
BRDA:43,9,0,0
BRDA:43,9,1,0
BRDA:46,10,0,0
BRDA:46,10,1,0
BRDA:51,11,0,0
BRDA:51,11,1,0
BRDA:53,12,0,0
BRDA:53,12,1,0
BRDA:64,13,0,0
BRDA:64,13,1,0
BRDA:64,14,0,0
BRDA:64,14,1,0
BRDA:64,14,2,0
BRDA:77,15,0,0
BRDA:77,15,1,0
BRDA:79,16,0,0
BRDA:79,16,1,0
BRF:36
BRH:0
end_of_record
TN:
SF:/Users/furkle/Documents/wreath/src/modules/passageDataFactory.ts
FN:14,passageDataFactory
FN:21,(anonymous_1)
FNF:2
FNH:0
FNDA:0,passageDataFactory
FNDA:0,(anonymous_1)
DA:10,2
DA:14,2
DA:18,0
DA:19,0
DA:20,0
DA:21,0
DA:22,0
DA:25,0
DA:26,0
DA:29,2
LF:10
LH:3
BRF:0
BRH:0
end_of_record
TN:
SF:/Users/furkle/Documents/wreath/src/modules/storyDataFactory.ts
FN:14,storyDataFactory
FN:20,(anonymous_1)
FNF:2
FNH:0
FNDA:0,storyDataFactory
FNDA:0,(anonymous_1)
DA:10,2
DA:14,2
DA:18,0
DA:19,0
DA:20,0
DA:21,0
DA:22,0
DA:23,0
DA:24,0
DA:27,0
DA:30,0
DA:31,0
DA:34,2
LF:13
LH:3
BRDA:22,0,0,0
BRDA:22,0,1,0
BRF:2
BRH:0
end_of_record
