TN:
SF:/Users/furkle/Documents/wreath/src/constants.ts
FN:5,(anonymous_0)
FN:10,(anonymous_1)
FN:18,(anonymous_2)
FN:23,(anonymous_3)
FN:32,(anonymous_4)
FN:40,(anonymous_5)
FN:55,(anonymous_6)
FNF:7
FNH:7
FNDA:5,(anonymous_0)
FNDA:5,(anonymous_1)
FNDA:5,(anonymous_2)
FNDA:5,(anonymous_3)
FNDA:5,(anonymous_4)
FNDA:5,(anonymous_5)
FNDA:5,(anonymous_6)
DA:5,5
DA:6,5
DA:7,5
DA:10,5
DA:11,5
DA:12,5
DA:13,5
DA:14,5
DA:15,5
DA:18,5
DA:19,5
DA:20,5
DA:23,5
DA:24,5
DA:25,5
DA:26,5
DA:27,5
DA:28,5
DA:29,5
DA:32,5
DA:33,5
DA:34,5
DA:35,5
DA:36,5
DA:37,5
DA:40,5
DA:41,5
DA:42,5
DA:43,5
DA:44,5
DA:45,5
DA:48,5
DA:55,5
DA:56,5
DA:57,5
DA:60,5
DA:67,5
LF:37
LH:37
BRDA:5,0,0,5
BRDA:5,0,1,5
BRDA:10,1,0,5
BRDA:10,1,1,5
BRDA:18,2,0,5
BRDA:18,2,1,5
BRDA:23,3,0,5
BRDA:23,3,1,5
BRDA:32,4,0,5
BRDA:32,4,1,5
BRDA:40,5,0,5
BRDA:40,5,1,5
BRDA:55,6,0,5
BRDA:55,6,1,5
BRF:14
BRH:14
end_of_record
TN:
SF:/Users/furkle/Documents/wreath/src/IRGenerator/ArrayIRGenerator.ts
FN:64,(anonymous_0)
FN:128,(anonymous_1)
FNF:2
FNH:2
FNDA:16,(anonymous_0)
FNDA:5,(anonymous_1)
DA:1,2
DA:17,2
DA:20,2
DA:23,2
DA:32,2
DA:33,2
DA:68,16
DA:69,1
DA:72,15
DA:73,15
DA:74,15
DA:75,2
DA:76,13
DA:77,1
DA:81,12
DA:82,12
DA:83,2
DA:85,10
DA:86,1
DA:90,9
DA:91,9
DA:93,9
DA:94,4
DA:95,5
DA:96,4
DA:98,1
DA:102,8
DA:103,8
DA:104,8
DA:106,8
DA:107,7
DA:108,7
DA:109,7
DA:110,1
DA:114,6
DA:115,1
DA:117,5
DA:120,6
DA:121,1
DA:126,5
DA:128,5
DA:130,5
DA:137,6
DA:141,2
LF:44
LH:44
BRDA:66,0,0,2
BRDA:68,1,0,1
BRDA:68,1,1,15
BRDA:72,2,0,15
BRDA:72,2,1,0
BRDA:74,3,0,2
BRDA:74,3,1,13
BRDA:74,4,0,15
BRDA:74,4,1,14
BRDA:76,5,0,1
BRDA:76,5,1,12
BRDA:82,6,0,2
BRDA:82,6,1,10
BRDA:82,7,0,12
BRDA:82,7,1,11
BRDA:85,8,0,1
BRDA:85,8,1,9
BRDA:93,9,0,4
BRDA:93,9,1,5
BRDA:95,10,0,4
BRDA:95,10,1,1
BRDA:109,11,0,1
BRDA:109,11,1,6
BRDA:109,12,0,7
BRDA:109,12,1,6
BRDA:114,13,0,1
BRDA:114,13,1,5
BRDA:120,14,0,1
BRDA:120,14,1,5
BRDA:126,15,0,5
BRDA:126,15,1,0
BRF:31
BRH:29
end_of_record
TN:
SF:/Users/furkle/Documents/wreath/src/IRGenerator/DocumentFragmentIRGenerator.ts
FN:49,(anonymous_0)
FNF:1
FNH:1
FNDA:11,(anonymous_0)
DA:13,2
DA:16,2
DA:19,2
DA:29,2
DA:30,2
DA:53,11
DA:54,1
DA:56,10
DA:57,1
DA:59,9
DA:60,1
DA:64,8
DA:65,8
DA:66,7
DA:68,1
DA:72,7
DA:73,1
DA:77,6
DA:78,6
DA:79,6
DA:80,6
DA:84,2
LF:22
LH:22
BRDA:53,0,0,1
BRDA:53,0,1,10
BRDA:56,1,0,1
BRDA:56,1,1,9
BRDA:59,2,0,1
BRDA:59,2,1,8
BRDA:59,3,0,9
BRDA:59,3,1,8
BRDA:65,4,0,7
BRDA:65,4,1,1
BRDA:72,5,0,1
BRDA:72,5,1,6
BRF:12
BRH:12
end_of_record
TN:
SF:/Users/furkle/Documents/wreath/src/Linter/Linter.ts
FN:197,(anonymous_0)
FN:209,(anonymous_1)
FN:272,(anonymous_2)
FN:284,(anonymous_3)
FN:306,(anonymous_4)
FN:449,(anonymous_5)
FN:473,(anonymous_6)
FN:496,(anonymous_7)
FN:517,(anonymous_8)
FN:531,(anonymous_9)
FN:545,(anonymous_10)
FN:577,(anonymous_11)
FN:593,(anonymous_12)
FN:598,(anonymous_13)
FN:603,(anonymous_14)
FN:608,(anonymous_15)
FN:621,(anonymous_16)
FN:629,(anonymous_17)
FN:635,(anonymous_18)
FN:654,(anonymous_19)
FN:659,(anonymous_20)
FN:664,(anonymous_21)
FN:669,(anonymous_22)
FN:677,(anonymous_23)
FN:694,(anonymous_24)
FN:699,(anonymous_25)
FN:704,(anonymous_26)
FN:709,(anonymous_27)
FN:714,(anonymous_28)
FN:729,(anonymous_29)
FN:737,(anonymous_30)
FN:764,(anonymous_31)
FN:769,(anonymous_32)
FN:774,(anonymous_33)
FN:779,(anonymous_34)
FNF:35
FNH:35
FNDA:107,(anonymous_0)
FNDA:29,(anonymous_1)
FNDA:14,(anonymous_2)
FNDA:4,(anonymous_3)
FNDA:34,(anonymous_4)
FNDA:13,(anonymous_5)
FNDA:21,(anonymous_6)
FNDA:15,(anonymous_7)
FNDA:4,(anonymous_8)
FNDA:4,(anonymous_9)
FNDA:7,(anonymous_10)
FNDA:5,(anonymous_11)
FNDA:3,(anonymous_12)
FNDA:3,(anonymous_13)
FNDA:3,(anonymous_14)
FNDA:3,(anonymous_15)
FNDA:3,(anonymous_16)
FNDA:3,(anonymous_17)
FNDA:9,(anonymous_18)
FNDA:3,(anonymous_19)
FNDA:3,(anonymous_20)
FNDA:3,(anonymous_21)
FNDA:3,(anonymous_22)
FNDA:8,(anonymous_23)
FNDA:7,(anonymous_24)
FNDA:7,(anonymous_25)
FNDA:7,(anonymous_26)
FNDA:7,(anonymous_27)
FNDA:7,(anonymous_28)
FNDA:10,(anonymous_29)
FNDA:9,(anonymous_30)
FNDA:5,(anonymous_31)
FNDA:5,(anonymous_32)
FNDA:5,(anonymous_33)
FNDA:5,(anonymous_34)
DA:1,1
DA:6,1
DA:9,1
DA:12,1
DA:15,1
DA:18,1
DA:39,1
DA:51,1
DA:54,1
DA:57,1
DA:63,1
DA:66,1
DA:76,1
DA:77,107
DA:78,1
DA:198,107
DA:199,2
DA:202,105
DA:203,104
DA:205,1
DA:214,29
DA:215,29
DA:218,29
DA:219,29
DA:220,29
DA:221,29
DA:222,5
DA:223,1
DA:224,4
DA:225,1
DA:228,3
DA:229,3
DA:230,1
DA:234,2
DA:235,1
DA:237,1
DA:240,2
DA:241,2
DA:244,26
DA:245,3
DA:248,23
DA:250,23
DA:267,10
DA:268,13
DA:269,1
DA:272,12
DA:273,14
DA:274,1
DA:275,13
DA:278,1
DA:282,10
DA:283,10
DA:285,4
DA:288,10
DA:289,10
DA:290,10
DA:291,10
DA:292,1
DA:295,10
DA:296,10
DA:297,10
DA:298,10
DA:299,1
DA:302,10
DA:303,10
DA:308,34
DA:309,34
DA:310,34
DA:311,34
DA:312,4
DA:315,2
DA:319,2
DA:320,2
DA:321,2
DA:322,1
DA:325,30
DA:326,5
DA:327,2
DA:331,3
DA:332,3
DA:333,3
DA:334,1
DA:338,25
DA:341,28
DA:342,3
DA:343,1
DA:347,2
DA:348,25
DA:349,2
DA:350,1
DA:354,23
DA:357,26
DA:358,7
DA:359,2
DA:362,5
DA:363,5
DA:364,5
DA:365,1
DA:367,19
DA:368,4
DA:369,2
DA:372,2
DA:373,2
DA:374,2
DA:375,1
DA:378,15
DA:382,2
DA:385,13
DA:386,13
DA:389,18
DA:390,2
DA:391,1
DA:394,1
DA:395,16
DA:396,2
DA:397,1
DA:400,14
DA:403,16
DA:404,2
DA:405,1
DA:409,1
DA:410,14
DA:411,2
DA:412,1
DA:416,12
DA:419,14
DA:420,5
DA:421,2
DA:422,3
DA:423,1
DA:426,2
DA:427,9
DA:428,4
DA:429,2
DA:430,2
DA:431,1
DA:435,5
DA:439,2
DA:442,3
DA:443,3
DA:446,6
DA:453,13
DA:454,1
DA:458,12
DA:459,10
DA:460,2
DA:461,1
DA:463,1
DA:466,11
DA:467,11
DA:470,11
DA:473,11
DA:474,21
DA:476,21
DA:477,5
DA:480,16
DA:481,15
DA:482,15
DA:483,1
DA:486,14
DA:489,14
DA:490,2
DA:494,12
DA:496,15
DA:498,12
DA:499,12
DA:500,5
DA:501,5
DA:502,2
DA:503,2
DA:508,12
DA:509,2
DA:513,11
DA:521,4
DA:522,4
DA:525,4
DA:526,4
DA:527,4
DA:528,4
DA:535,4
DA:536,4
DA:539,4
DA:540,4
DA:541,4
DA:542,4
DA:551,7
DA:552,7
DA:555,7
DA:556,7
DA:558,7
DA:559,7
DA:560,7
DA:562,7
DA:563,1
DA:569,6
DA:583,5
DA:584,5
DA:587,5
DA:588,5
DA:590,5
DA:591,5
DA:593,5
DA:594,3
DA:595,3
DA:598,5
DA:599,3
DA:600,3
DA:603,5
DA:604,3
DA:605,3
DA:608,5
DA:609,3
DA:610,3
DA:613,5
DA:614,5
DA:615,1
DA:618,4
DA:619,4
DA:621,4
DA:622,3
DA:623,3
DA:626,2
DA:629,3
DA:635,3
DA:636,9
DA:645,3
DA:646,3
DA:654,4
DA:655,3
DA:656,3
DA:659,4
DA:660,3
DA:661,3
DA:664,4
DA:665,3
DA:666,3
DA:669,4
DA:670,3
DA:671,3
DA:674,4
DA:683,8
DA:684,8
DA:687,8
DA:688,8
DA:690,8
DA:691,8
DA:694,8
DA:695,7
DA:696,7
DA:699,8
DA:700,7
DA:701,7
DA:704,8
DA:705,7
DA:706,7
DA:709,8
DA:710,7
DA:711,7
DA:714,8
DA:715,7
DA:716,7
DA:717,1
DA:718,6
DA:719,5
DA:720,5
DA:721,5
DA:722,1
DA:726,4
DA:727,4
DA:729,4
DA:730,10
DA:731,10
DA:734,7
DA:737,10
DA:743,9
DA:751,10
DA:752,10
DA:760,1
DA:764,6
DA:765,5
DA:766,5
DA:769,6
DA:770,5
DA:771,5
DA:774,6
DA:775,5
DA:776,5
DA:779,6
DA:780,5
DA:781,5
DA:784,6
DA:788,1
LF:292
LH:292
BRDA:198,0,0,2
BRDA:198,0,1,105
BRDA:198,1,0,107
BRDA:198,1,1,106
BRDA:202,2,0,104
BRDA:202,2,1,1
BRDA:212,3,0,21
BRDA:214,4,0,29
BRDA:214,4,1,1
BRDA:216,5,0,4
BRDA:216,5,1,25
BRDA:221,6,0,5
BRDA:221,6,1,24
BRDA:222,7,0,1
BRDA:222,7,1,4
BRDA:224,8,0,1
BRDA:224,8,1,3
BRDA:229,9,0,1
BRDA:229,9,1,2
BRDA:234,10,0,1
BRDA:234,10,1,1
BRDA:244,11,0,3
BRDA:244,11,1,23
BRDA:250,12,0,10
BRDA:250,12,1,13
BRDA:250,13,0,23
BRDA:250,13,1,20
BRDA:250,13,2,19
BRDA:250,13,3,19
BRDA:250,13,4,18
BRDA:250,13,5,16
BRDA:250,13,6,15
BRDA:250,13,7,14
BRDA:268,14,0,1
BRDA:268,14,1,12
BRDA:273,15,0,1
BRDA:273,15,1,13
BRDA:273,16,0,14
BRDA:273,16,1,13
BRDA:275,17,0,1
BRDA:275,17,1,12
BRDA:275,18,0,13
BRDA:275,18,1,1
BRDA:291,19,0,1
BRDA:291,19,1,9
BRDA:310,20,0,25
BRDA:310,20,1,9
BRDA:310,21,0,34
BRDA:310,21,1,25
BRDA:311,22,0,4
BRDA:311,22,1,30
BRDA:312,23,0,2
BRDA:312,23,1,2
BRDA:312,24,0,4
BRDA:312,24,1,3
BRDA:321,25,0,1
BRDA:321,25,1,1
BRDA:325,26,0,5
BRDA:325,26,1,25
BRDA:326,27,0,2
BRDA:326,27,1,3
BRDA:326,28,0,5
BRDA:326,28,1,4
BRDA:333,29,0,1
BRDA:333,29,1,2
BRDA:341,30,0,3
BRDA:341,30,1,25
BRDA:342,31,0,1
BRDA:342,31,1,2
BRDA:348,32,0,2
BRDA:348,32,1,23
BRDA:349,33,0,1
BRDA:349,33,1,1
BRDA:357,34,0,7
BRDA:357,34,1,19
BRDA:358,35,0,2
BRDA:358,35,1,5
BRDA:358,36,0,7
BRDA:358,36,1,6
BRDA:364,37,0,1
BRDA:364,37,1,4
BRDA:367,38,0,4
BRDA:367,38,1,15
BRDA:368,39,0,2
BRDA:368,39,1,2
BRDA:368,40,0,4
BRDA:368,40,1,3
BRDA:374,41,0,1
BRDA:374,41,1,1
BRDA:378,42,0,2
BRDA:378,42,1,13
BRDA:378,43,0,15
BRDA:378,43,1,14
BRDA:378,43,2,14
BRDA:389,44,0,2
BRDA:389,44,1,16
BRDA:390,45,0,1
BRDA:390,45,1,1
BRDA:395,46,0,2
BRDA:395,46,1,14
BRDA:396,47,0,1
BRDA:396,47,1,1
BRDA:403,48,0,2
BRDA:403,48,1,14
BRDA:404,49,0,1
BRDA:404,49,1,1
BRDA:410,50,0,2
BRDA:410,50,1,12
BRDA:411,51,0,1
BRDA:411,51,1,1
BRDA:419,52,0,5
BRDA:419,52,1,9
BRDA:420,53,0,2
BRDA:420,53,1,3
BRDA:420,54,0,5
BRDA:420,54,1,4
BRDA:422,55,0,1
BRDA:422,55,1,2
BRDA:427,56,0,4
BRDA:427,56,1,5
BRDA:428,57,0,2
BRDA:428,57,1,2
BRDA:428,58,0,4
BRDA:428,58,1,3
BRDA:430,59,0,1
BRDA:430,59,1,1
BRDA:435,60,0,2
BRDA:435,60,1,3
BRDA:435,61,0,5
BRDA:435,61,1,4
BRDA:435,61,2,4
BRDA:451,62,0,11
BRDA:453,63,0,1
BRDA:453,63,1,12
BRDA:458,64,0,10
BRDA:458,64,1,2
BRDA:460,65,0,1
BRDA:460,65,1,1
BRDA:466,66,0,11
BRDA:466,66,1,1
BRDA:468,67,0,1
BRDA:468,67,1,10
BRDA:476,68,0,5
BRDA:476,68,1,16
BRDA:480,69,0,15
BRDA:480,69,1,1
BRDA:482,70,0,1
BRDA:482,70,1,14
BRDA:486,71,0,14
BRDA:486,71,1,11
BRDA:489,72,0,2
BRDA:489,72,1,12
BRDA:494,73,0,12
BRDA:494,73,1,8
BRDA:501,74,0,2
BRDA:501,74,1,3
BRDA:508,75,0,2
BRDA:508,75,1,10
BRDA:521,76,0,4
BRDA:521,76,1,3
BRDA:523,77,0,1
BRDA:523,77,1,3
BRDA:535,78,0,4
BRDA:535,78,1,3
BRDA:537,79,0,1
BRDA:537,79,1,3
BRDA:548,80,0,2
BRDA:549,81,0,3
BRDA:551,82,0,7
BRDA:551,82,1,1
BRDA:553,83,0,1
BRDA:553,83,1,6
BRDA:558,84,0,7
BRDA:558,84,1,1
BRDA:562,85,0,1
BRDA:562,85,1,6
BRDA:581,86,0,1
BRDA:583,87,0,5
BRDA:583,87,1,2
BRDA:585,88,0,1
BRDA:585,88,1,4
BRDA:590,89,0,5
BRDA:590,89,1,1
BRDA:614,90,0,1
BRDA:614,90,1,4
BRDA:620,91,0,1
BRDA:620,91,1,3
BRDA:623,92,0,2
BRDA:623,92,1,1
BRDA:623,93,0,3
BRDA:623,93,1,3
BRDA:633,94,0,3
BRDA:681,95,0,4
BRDA:683,96,0,8
BRDA:683,96,1,5
BRDA:685,97,0,1
BRDA:685,97,1,7
BRDA:690,98,0,8
BRDA:690,98,1,1
BRDA:716,99,0,1
BRDA:716,99,1,6
BRDA:718,100,0,5
BRDA:718,100,1,1
BRDA:721,101,0,1
BRDA:721,101,1,4
BRDA:728,102,0,3
BRDA:728,102,1,1
BRDA:731,103,0,7
BRDA:731,103,1,3
BRDA:731,104,0,10
BRDA:731,104,1,10
BRDA:741,105,0,9
BRF:212
BRH:212
end_of_record
TN:
SF:/Users/furkle/Documents/wreath/src/NodeLike/AbstractNodeLike.ts
FN:35,(anonymous_0)
FN:82,(anonymous_1)
FN:85,__recurse
FN:106,(anonymous_3)
FN:110,(anonymous_4)
FN:121,(anonymous_5)
FN:134,(anonymous_6)
FN:138,(anonymous_7)
FN:142,(anonymous_8)
FN:151,(anonymous_9)
FN:174,(anonymous_10)
FN:188,(anonymous_11)
FN:202,(anonymous_12)
FNF:13
FNH:0
FNDA:0,(anonymous_0)
FNDA:0,(anonymous_1)
FNDA:0,__recurse
FNDA:0,(anonymous_3)
FNDA:0,(anonymous_4)
FNDA:0,(anonymous_5)
FNDA:0,(anonymous_6)
FNDA:0,(anonymous_7)
FNDA:0,(anonymous_8)
FNDA:0,(anonymous_9)
FNDA:0,(anonymous_10)
FNDA:0,(anonymous_11)
FNDA:0,(anonymous_12)
DA:16,3
DA:19,3
DA:31,3
DA:35,3
DA:49,0
DA:50,0
DA:51,0
DA:52,0
DA:53,0
DA:54,0
DA:55,0
DA:57,0
DA:58,0
DA:59,0
DA:60,0
DA:61,0
DA:83,0
DA:90,0
DA:91,0
DA:93,0
DA:94,0
DA:95,0
DA:96,0
DA:97,0
DA:102,0
DA:107,0
DA:111,0
DA:114,0
DA:117,0
DA:118,0
DA:119,0
DA:122,0
DA:123,0
DA:124,0
DA:128,0
DA:131,0
DA:135,0
DA:139,0
DA:143,0
DA:144,0
DA:147,0
DA:148,0
DA:152,0
DA:153,0
DA:156,0
DA:157,0
DA:160,0
DA:162,0
DA:165,0
DA:170,0
DA:171,0
DA:175,0
DA:176,0
DA:177,0
DA:179,0
DA:180,0
DA:184,0
DA:185,0
DA:189,0
DA:190,0
DA:191,0
DA:193,0
DA:194,0
DA:198,0
DA:199,0
DA:203,0
DA:204,0
DA:207,0
DA:211,3
LF:69
LH:5
BRDA:90,0,0,0
BRDA:90,0,1,0
BRDA:96,1,0,0
BRDA:96,1,1,0
BRDA:111,2,0,0
BRDA:111,2,1,0
BRDA:111,3,0,0
BRDA:111,3,1,0
BRDA:123,4,0,0
BRDA:123,4,1,0
BRDA:143,5,0,0
BRDA:143,5,1,0
BRDA:152,6,0,0
BRDA:152,6,1,0
BRDA:156,7,0,0
BRDA:156,7,1,0
BRDA:157,8,0,0
BRDA:157,8,1,0
BRDA:157,9,0,0
BRDA:157,9,1,0
BRDA:157,9,2,0
BRDA:157,9,3,0
BRDA:162,10,0,0
BRDA:162,10,1,0
BRDA:162,11,0,0
BRDA:162,11,1,0
BRDA:175,12,0,0
BRDA:175,12,1,0
BRDA:176,13,0,0
BRDA:176,13,1,0
BRDA:179,14,0,0
BRDA:179,14,1,0
BRDA:189,15,0,0
BRDA:189,15,1,0
BRDA:190,16,0,0
BRDA:190,16,1,0
BRDA:193,17,0,0
BRDA:193,17,1,0
BRDA:203,18,0,0
BRDA:203,18,1,0
BRF:40
BRH:0
end_of_record
TN:
SF:/Users/furkle/Documents/wreath/src/NodeLike/MChildNodeLike.ts
FN:14,MChildNodeLike
FN:16,(anonymous_1)
FN:40,(anonymous_2)
FN:51,(anonymous_3)
FN:69,(anonymous_4)
FN:80,(anonymous_5)
FN:100,(anonymous_6)
FN:115,(anonymous_7)
FNF:8
FNH:1
FNDA:4,MChildNodeLike
FNDA:0,(anonymous_1)
FNDA:0,(anonymous_2)
FNDA:0,(anonymous_3)
FNDA:0,(anonymous_4)
FNDA:0,(anonymous_5)
FNDA:0,(anonymous_6)
FNDA:0,(anonymous_7)
DA:7,3
DA:14,3
DA:17,0
DA:18,0
DA:22,0
DA:23,0
DA:24,0
DA:25,0
DA:28,0
DA:29,0
DA:30,0
DA:33,0
DA:34,0
DA:35,0
DA:36,0
DA:40,0
DA:41,0
DA:42,0
DA:43,0
DA:46,0
DA:47,0
DA:52,0
DA:53,0
DA:57,0
DA:59,0
DA:60,0
DA:61,0
DA:64,0
DA:65,0
DA:66,0
DA:69,0
DA:70,0
DA:71,0
DA:72,0
DA:75,0
DA:76,0
DA:81,0
DA:82,0
DA:86,0
DA:88,0
DA:89,0
DA:90,0
DA:93,0
DA:94,0
DA:95,0
DA:98,0
DA:99,0
DA:100,0
DA:101,0
DA:102,0
DA:103,0
DA:106,0
DA:107,0
DA:108,0
DA:110,0
DA:116,0
DA:117,0
DA:121,0
DA:122,0
DA:123,0
DA:124,0
DA:127,0
DA:131,4
DA:134,3
LF:64
LH:4
BRDA:17,0,0,0
BRDA:17,0,1,0
BRDA:24,1,0,0
BRDA:24,1,1,0
BRDA:29,2,0,0
BRDA:29,2,1,0
BRDA:35,3,0,0
BRDA:35,3,1,0
BRDA:42,4,0,0
BRDA:42,4,1,0
BRDA:52,5,0,0
BRDA:52,5,1,0
BRDA:60,6,0,0
BRDA:60,6,1,0
BRDA:65,7,0,0
BRDA:65,7,1,0
BRDA:71,8,0,0
BRDA:71,8,1,0
BRDA:81,9,0,0
BRDA:81,9,1,0
BRDA:89,10,0,0
BRDA:89,10,1,0
BRDA:94,11,0,0
BRDA:94,11,1,0
BRDA:102,12,0,0
BRDA:102,12,1,0
BRDA:107,13,0,0
BRDA:107,13,1,0
BRDA:116,14,0,0
BRDA:116,14,1,0
BRDA:123,15,0,0
BRDA:123,15,1,0
BRF:32
BRH:0
end_of_record
TN:
SF:/Users/furkle/Documents/wreath/src/NodeLike/CharacterDataLike/AbstractCharacterDataLike.ts
FN:45,(anonymous_0)
FN:52,(anonymous_1)
FN:57,(anonymous_2)
FN:74,(anonymous_3)
FN:89,(anonymous_4)
FN:108,(anonymous_5)
FN:120,(anonymous_6)
FN:125,(anonymous_7)
FN:130,(anonymous_8)
FN:139,(anonymous_9)
FN:149,(anonymous_10)
FN:153,(anonymous_11)
FN:158,(anonymous_12)
FNF:13
FNH:0
FNDA:0,(anonymous_0)
FNDA:0,(anonymous_1)
FNDA:0,(anonymous_2)
FNDA:0,(anonymous_3)
FNDA:0,(anonymous_4)
FNDA:0,(anonymous_5)
FNDA:0,(anonymous_6)
FNDA:0,(anonymous_7)
FNDA:0,(anonymous_8)
FNDA:0,(anonymous_9)
FNDA:0,(anonymous_10)
FNDA:0,(anonymous_11)
FNDA:0,(anonymous_12)
DA:1,3
DA:16,3
DA:23,3
DA:38,0
DA:39,0
DA:40,0
DA:41,0
DA:46,0
DA:48,0
DA:49,0
DA:53,0
DA:54,0
DA:58,0
DA:59,0
DA:62,0
DA:63,0
DA:64,0
DA:65,0
DA:68,0
DA:69,0
DA:70,0
DA:71,0
DA:75,0
DA:76,0
DA:79,0
DA:80,0
DA:83,0
DA:84,0
DA:85,0
DA:86,0
DA:90,0
DA:91,0
DA:94,0
DA:95,0
DA:98,0
DA:99,0
DA:102,0
DA:103,0
DA:104,0
DA:105,0
DA:109,0
DA:110,0
DA:113,0
DA:114,0
DA:117,0
DA:121,0
DA:122,0
DA:126,0
DA:127,0
DA:134,0
DA:135,0
DA:143,0
DA:144,0
DA:150,0
DA:154,0
DA:155,0
DA:159,0
DA:160,0
DA:164,3
LF:59
LH:4
BRDA:58,0,0,0
BRDA:58,0,1,0
BRDA:58,1,0,0
BRDA:58,1,1,0
BRDA:62,2,0,0
BRDA:62,2,1,0
BRDA:62,3,0,0
BRDA:62,3,1,0
BRDA:64,4,0,0
BRDA:64,4,1,0
BRDA:75,5,0,0
BRDA:75,5,1,0
BRDA:75,6,0,0
BRDA:75,6,1,0
BRDA:79,7,0,0
BRDA:79,7,1,0
BRDA:90,8,0,0
BRDA:90,8,1,0
BRDA:90,9,0,0
BRDA:90,9,1,0
BRDA:94,10,0,0
BRDA:94,10,1,0
BRDA:94,11,0,0
BRDA:94,11,1,0
BRDA:98,12,0,0
BRDA:98,12,1,0
BRDA:109,13,0,0
BRDA:109,13,1,0
BRDA:109,14,0,0
BRDA:109,14,1,0
BRDA:113,15,0,0
BRDA:113,15,1,0
BRDA:113,16,0,0
BRDA:113,16,1,0
BRF:34
BRH:0
end_of_record
TN:
SF:/Users/furkle/Documents/wreath/src/NodeLike/CharacterDataLike/CommentLike/AbstractCommentLike.ts
FN:16,(anonymous_0)
FN:20,(anonymous_1)
FN:27,(anonymous_2)
FNF:3
FNH:0
FNDA:0,(anonymous_0)
FNDA:0,(anonymous_1)
FNDA:0,(anonymous_2)
DA:1,1
DA:11,1
DA:17,0
DA:21,0
DA:22,0
DA:23,0
DA:24,0
DA:28,0
DA:32,1
LF:9
LH:3
BRDA:20,0,0,0
BRF:1
BRH:0
end_of_record
TN:
SF:/Users/furkle/Documents/wreath/src/NodeLike/CharacterDataLike/CommentLike/CommentLike.ts
FN:21,(anonymous_0)
FN:25,(anonymous_1)
FN:29,(anonymous_2)
FN:33,(anonymous_3)
FN:37,(anonymous_4)
FN:41,(anonymous_5)
FN:45,(anonymous_6)
FN:49,(anonymous_7)
FN:53,(anonymous_8)
FN:57,(anonymous_9)
FN:61,(anonymous_10)
FN:65,(anonymous_11)
FN:69,(anonymous_12)
FN:73,(anonymous_13)
FN:77,(anonymous_14)
FN:103,(anonymous_15)
FN:129,(anonymous_16)
FN:133,(anonymous_17)
FN:137,(anonymous_18)
FNF:19
FNH:0
FNDA:0,(anonymous_0)
FNDA:0,(anonymous_1)
FNDA:0,(anonymous_2)
FNDA:0,(anonymous_3)
FNDA:0,(anonymous_4)
FNDA:0,(anonymous_5)
FNDA:0,(anonymous_6)
FNDA:0,(anonymous_7)
FNDA:0,(anonymous_8)
FNDA:0,(anonymous_9)
FNDA:0,(anonymous_10)
FNDA:0,(anonymous_11)
FNDA:0,(anonymous_12)
FNDA:0,(anonymous_13)
FNDA:0,(anonymous_14)
FNDA:0,(anonymous_15)
FNDA:0,(anonymous_16)
FNDA:0,(anonymous_17)
FNDA:0,(anonymous_18)
DA:1,1
DA:16,1
DA:20,1
DA:22,0
DA:26,0
DA:30,0
DA:34,0
DA:38,0
DA:42,0
DA:46,0
DA:50,0
DA:54,0
DA:58,0
DA:62,0
DA:66,0
DA:70,0
DA:74,0
DA:79,0
DA:80,0
DA:83,0
DA:84,0
DA:85,0
DA:86,0
DA:87,0
DA:88,0
DA:92,0
DA:93,0
DA:96,0
DA:97,0
DA:100,0
DA:105,0
DA:106,0
DA:109,0
DA:110,0
DA:111,0
DA:112,0
DA:113,0
DA:114,0
DA:118,0
DA:119,0
DA:122,0
DA:123,0
DA:126,0
DA:130,0
DA:134,0
DA:138,0
DA:142,1
LF:47
LH:4
BRDA:79,0,0,0
BRDA:79,0,1,0
BRDA:87,1,0,0
BRDA:87,1,1,0
BRDA:92,2,0,0
BRDA:92,2,1,0
BRDA:105,3,0,0
BRDA:105,3,1,0
BRDA:113,4,0,0
BRDA:113,4,1,0
BRDA:118,5,0,0
BRDA:118,5,1,0
BRF:12
BRH:0
end_of_record
TN:
SF:/Users/furkle/Documents/wreath/src/NodeLike/CharacterDataLike/ProcessingInstructionLike/AbstractProcessingInstructionLike.ts
FN:16,(anonymous_0)
FN:21,(anonymous_1)
FN:28,(anonymous_2)
FNF:3
FNH:0
FNDA:0,(anonymous_0)
FNDA:0,(anonymous_1)
FNDA:0,(anonymous_2)
DA:1,1
DA:11,1
DA:14,0
DA:17,0
DA:18,0
DA:22,0
DA:23,0
DA:29,0
DA:33,1
LF:9
LH:3
BRDA:21,0,0,0
BRF:1
BRH:0
end_of_record
TN:
SF:/Users/furkle/Documents/wreath/src/NodeLike/CharacterDataLike/ProcessingInstructionLike/ProcessingInstructionLike.ts
FN:18,(anonymous_0)
FN:22,(anonymous_1)
FN:26,(anonymous_2)
FN:30,(anonymous_3)
FN:34,(anonymous_4)
FN:38,(anonymous_5)
FN:42,(anonymous_6)
FN:46,(anonymous_7)
FN:50,(anonymous_8)
FN:54,(anonymous_9)
FN:58,(anonymous_10)
FN:62,(anonymous_11)
FN:66,(anonymous_12)
FN:70,(anonymous_13)
FN:74,(anonymous_14)
FN:78,(anonymous_15)
FN:82,(anonymous_16)
FN:108,(anonymous_17)
FN:134,(anonymous_18)
FN:138,(anonymous_19)
FN:142,(anonymous_20)
FNF:21
FNH:0
FNDA:0,(anonymous_0)
FNDA:0,(anonymous_1)
FNDA:0,(anonymous_2)
FNDA:0,(anonymous_3)
FNDA:0,(anonymous_4)
FNDA:0,(anonymous_5)
FNDA:0,(anonymous_6)
FNDA:0,(anonymous_7)
FNDA:0,(anonymous_8)
FNDA:0,(anonymous_9)
FNDA:0,(anonymous_10)
FNDA:0,(anonymous_11)
FNDA:0,(anonymous_12)
FNDA:0,(anonymous_13)
FNDA:0,(anonymous_14)
FNDA:0,(anonymous_15)
FNDA:0,(anonymous_16)
FNDA:0,(anonymous_17)
FNDA:0,(anonymous_18)
FNDA:0,(anonymous_19)
FNDA:0,(anonymous_20)
DA:1,1
DA:13,1
DA:17,1
DA:19,0
DA:23,0
DA:27,0
DA:31,0
DA:35,0
DA:39,0
DA:43,0
DA:47,0
DA:51,0
DA:55,0
DA:59,0
DA:63,0
DA:67,0
DA:71,0
DA:75,0
DA:79,0
DA:84,0
DA:85,0
DA:88,0
DA:89,0
DA:90,0
DA:91,0
DA:92,0
DA:93,0
DA:97,0
DA:98,0
DA:101,0
DA:102,0
DA:105,0
DA:110,0
DA:111,0
DA:114,0
DA:115,0
DA:116,0
DA:117,0
DA:118,0
DA:119,0
DA:123,0
DA:124,0
DA:127,0
DA:128,0
DA:131,0
DA:135,0
DA:139,0
DA:143,0
DA:147,1
LF:49
LH:4
BRDA:84,0,0,0
BRDA:84,0,1,0
BRDA:92,1,0,0
BRDA:92,1,1,0
BRDA:97,2,0,0
BRDA:97,2,1,0
BRDA:110,3,0,0
BRDA:110,3,1,0
BRDA:118,4,0,0
BRDA:118,4,1,0
BRDA:123,5,0,0
BRDA:123,5,1,0
BRF:12
BRH:0
end_of_record
TN:
SF:/Users/furkle/Documents/wreath/src/NodeLike/CharacterDataLike/TextLike/AbstractTextLike.ts
FN:8,(anonymous_0)
FN:12,(anonymous_1)
FN:17,(anonymous_2)
FN:27,(anonymous_3)
FNF:4
FNH:0
FNDA:0,(anonymous_0)
FNDA:0,(anonymous_1)
FNDA:0,(anonymous_2)
FNDA:0,(anonymous_3)
DA:1,3
DA:8,3
DA:9,0
DA:10,0
DA:13,0
DA:14,0
DA:18,0
DA:19,0
DA:20,0
DA:21,0
DA:22,0
DA:23,0
DA:24,0
DA:28,0
DA:32,3
LF:15
LH:3
BRDA:12,0,0,0
BRF:1
BRH:0
end_of_record
TN:
SF:/Users/furkle/Documents/wreath/src/NodeLike/CharacterDataLike/TextLike/TextLike.ts
FN:18,(anonymous_0)
FN:22,(anonymous_1)
FN:26,(anonymous_2)
FN:30,(anonymous_3)
FN:34,(anonymous_4)
FN:38,(anonymous_5)
FN:42,(anonymous_6)
FN:46,(anonymous_7)
FN:50,(anonymous_8)
FN:54,(anonymous_9)
FN:58,(anonymous_10)
FN:62,(anonymous_11)
FN:66,(anonymous_12)
FN:92,(anonymous_13)
FN:118,(anonymous_14)
FN:122,(anonymous_15)
FN:126,(anonymous_16)
FNF:17
FNH:0
FNDA:0,(anonymous_0)
FNDA:0,(anonymous_1)
FNDA:0,(anonymous_2)
FNDA:0,(anonymous_3)
FNDA:0,(anonymous_4)
FNDA:0,(anonymous_5)
FNDA:0,(anonymous_6)
FNDA:0,(anonymous_7)
FNDA:0,(anonymous_8)
FNDA:0,(anonymous_9)
FNDA:0,(anonymous_10)
FNDA:0,(anonymous_11)
FNDA:0,(anonymous_12)
FNDA:0,(anonymous_13)
FNDA:0,(anonymous_14)
FNDA:0,(anonymous_15)
FNDA:0,(anonymous_16)
DA:1,3
DA:13,3
DA:17,3
DA:19,0
DA:23,0
DA:27,0
DA:31,0
DA:35,0
DA:39,0
DA:43,0
DA:47,0
DA:51,0
DA:55,0
DA:59,0
DA:63,0
DA:68,0
DA:69,0
DA:72,0
DA:73,0
DA:74,0
DA:75,0
DA:76,0
DA:77,0
DA:81,0
DA:82,0
DA:85,0
DA:86,0
DA:89,0
DA:94,0
DA:95,0
DA:98,0
DA:99,0
DA:100,0
DA:101,0
DA:102,0
DA:103,0
DA:107,0
DA:108,0
DA:111,0
DA:112,0
DA:115,0
DA:119,0
DA:123,0
DA:127,0
DA:131,3
LF:45
LH:4
BRDA:68,0,0,0
BRDA:68,0,1,0
BRDA:76,1,0,0
BRDA:76,1,1,0
BRDA:81,2,0,0
BRDA:81,2,1,0
BRDA:94,3,0,0
BRDA:94,3,1,0
BRDA:102,4,0,0
BRDA:102,4,1,0
BRDA:107,5,0,0
BRDA:107,5,1,0
BRF:12
BRH:0
end_of_record
TN:
SF:/Users/furkle/Documents/wreath/src/NodeLike/ParentNodeLike/MParentNodeLike.ts
FN:32,MParentNodeLike
FN:33,(anonymous_1)
FN:43,(anonymous_2)
FN:45,(anonymous_3)
FN:53,(anonymous_4)
FN:58,(anonymous_5)
FN:67,(anonymous_6)
FN:77,(anonymous_7)
FN:87,(anonymous_8)
FN:90,(anonymous_9)
FN:103,(anonymous_10)
FN:119,(anonymous_11)
FN:123,(anonymous_12)
FN:140,(anonymous_13)
FNF:14
FNH:1
FNDA:3,MParentNodeLike
FNDA:0,(anonymous_1)
FNDA:0,(anonymous_2)
FNDA:0,(anonymous_3)
FNDA:0,(anonymous_4)
FNDA:0,(anonymous_5)
FNDA:0,(anonymous_6)
FNDA:0,(anonymous_7)
FNDA:0,(anonymous_8)
FNDA:0,(anonymous_9)
FNDA:0,(anonymous_10)
FNDA:0,(anonymous_11)
FNDA:0,(anonymous_12)
FNDA:0,(anonymous_13)
DA:13,1
DA:19,1
DA:22,1
DA:32,1
DA:35,0
DA:36,0
DA:44,0
DA:46,0
DA:47,0
DA:48,0
DA:49,0
DA:51,0
DA:54,0
DA:59,0
DA:60,0
DA:64,0
DA:68,0
DA:69,0
DA:74,0
DA:78,0
DA:79,0
DA:84,0
DA:88,0
DA:89,0
DA:90,0
DA:91,0
DA:92,0
DA:96,0
DA:98,0
DA:100,0
DA:101,0
DA:102,0
DA:103,0
DA:104,0
DA:105,0
DA:106,0
DA:109,0
DA:110,0
DA:113,0
DA:120,0
DA:121,0
DA:122,0
DA:123,0
DA:124,0
DA:125,0
DA:129,0
DA:130,0
DA:131,0
DA:133,0
DA:136,0
DA:137,0
DA:138,0
DA:139,0
DA:140,0
DA:141,0
DA:142,0
DA:143,0
DA:146,0
DA:147,0
DA:148,0
DA:150,0
DA:154,0
DA:161,3
DA:164,1
LF:64
LH:6
BRDA:46,0,0,0
BRDA:46,0,1,0
BRDA:59,1,0,0
BRDA:59,1,1,0
BRDA:68,2,0,0
BRDA:68,2,1,0
BRDA:78,3,0,0
BRDA:78,3,1,0
BRDA:88,4,0,0
BRDA:88,4,1,0
BRDA:91,5,0,0
BRDA:91,5,1,0
BRDA:100,6,0,0
BRDA:100,6,1,0
BRDA:105,7,0,0
BRDA:105,7,1,0
BRDA:120,8,0,0
BRDA:120,8,1,0
BRDA:124,9,0,0
BRDA:124,9,1,0
BRDA:130,10,0,0
BRDA:130,10,1,0
BRDA:136,11,0,0
BRDA:136,11,1,0
BRDA:142,12,0,0
BRDA:142,12,1,0
BRDA:147,13,0,0
BRDA:147,13,1,0
BRF:28
BRH:0
end_of_record
TN:
SF:/Users/furkle/Documents/wreath/src/NodeLike/ParentNodeLike/DocumentFragmentLike/AbstractDocumentFragmentLike.ts
FN:55,(anonymous_0)
FN:61,(anonymous_1)
FN:65,(anonymous_2)
FN:69,(anonymous_3)
FN:73,(anonymous_4)
FN:77,(anonymous_5)
FN:114,(anonymous_6)
FN:134,(anonymous_7)
FN:162,(anonymous_8)
FN:170,(anonymous_9)
FN:177,(anonymous_10)
FN:212,(anonymous_11)
FN:233,(anonymous_12)
FN:243,(anonymous_13)
FN:248,(anonymous_14)
FN:256,(anonymous_15)
FN:260,(anonymous_16)
FN:265,(anonymous_17)
FN:269,(anonymous_18)
FN:273,(anonymous_19)
FNF:20
FNH:0
FNDA:0,(anonymous_0)
FNDA:0,(anonymous_1)
FNDA:0,(anonymous_2)
FNDA:0,(anonymous_3)
FNDA:0,(anonymous_4)
FNDA:0,(anonymous_5)
FNDA:0,(anonymous_6)
FNDA:0,(anonymous_7)
FNDA:0,(anonymous_8)
FNDA:0,(anonymous_9)
FNDA:0,(anonymous_10)
FNDA:0,(anonymous_11)
FNDA:0,(anonymous_12)
FNDA:0,(anonymous_13)
FNDA:0,(anonymous_14)
FNDA:0,(anonymous_15)
FNDA:0,(anonymous_16)
FNDA:0,(anonymous_17)
FNDA:0,(anonymous_18)
FNDA:0,(anonymous_19)
DA:1,1
DA:22,1
DA:25,1
DA:28,1
DA:34,1
DA:38,1
DA:48,0
DA:56,0
DA:58,0
DA:62,0
DA:66,0
DA:70,0
DA:74,0
DA:78,0
DA:79,0
DA:80,0
DA:83,0
DA:84,0
DA:85,0
DA:86,0
DA:87,0
DA:90,0
DA:91,0
DA:93,0
DA:95,0
DA:96,0
DA:99,0
DA:100,0
DA:101,0
DA:102,0
DA:103,0
DA:106,0
DA:107,0
DA:108,0
DA:111,0
DA:115,0
DA:116,0
DA:119,0
DA:120,0
DA:121,0
DA:122,0
DA:123,0
DA:126,0
DA:127,0
DA:130,0
DA:131,0
DA:138,0
DA:139,0
DA:143,0
DA:144,0
DA:145,0
DA:146,0
DA:149,0
DA:150,0
DA:151,0
DA:152,0
DA:155,0
DA:157,0
DA:158,0
DA:159,0
DA:161,0
DA:162,0
DA:163,0
DA:164,0
DA:166,0
DA:170,0
DA:171,0
DA:174,0
DA:181,0
DA:182,0
DA:184,0
DA:185,0
DA:189,0
DA:190,0
DA:192,0
DA:196,0
DA:197,0
DA:199,0
DA:202,0
DA:203,0
DA:204,0
DA:207,0
DA:212,0
DA:213,0
DA:214,0
DA:215,0
DA:216,0
DA:219,0
DA:220,0
DA:221,0
DA:224,0
DA:226,0
DA:230,0
DA:232,0
DA:233,0
DA:234,0
DA:237,0
DA:240,0
DA:244,0
DA:245,0
DA:246,0
DA:247,0
DA:248,0
DA:249,0
DA:253,0
DA:257,0
DA:261,0
DA:262,0
DA:266,0
DA:270,0
DA:274,0
DA:278,1
LF:112
LH:7
BRDA:79,0,0,0
BRDA:79,0,1,0
BRDA:83,1,0,0
BRDA:83,1,1,0
BRDA:85,2,0,0
BRDA:85,2,1,0
BRDA:86,3,0,0
BRDA:86,3,1,0
BRDA:90,4,0,0
BRDA:90,4,1,0
BRDA:95,5,0,0
BRDA:95,5,1,0
BRDA:102,6,0,0
BRDA:102,6,1,0
BRDA:107,7,0,0
BRDA:107,7,1,0
BRDA:115,8,0,0
BRDA:115,8,1,0
BRDA:122,9,0,0
BRDA:122,9,1,0
BRDA:126,10,0,0
BRDA:126,10,1,0
BRDA:138,11,0,0
BRDA:138,11,1,0
BRDA:145,12,0,0
BRDA:145,12,1,0
BRDA:151,13,0,0
BRDA:151,13,1,0
BRDA:161,14,0,0
BRDA:161,14,1,0
BRDA:163,15,0,0
BRDA:163,15,1,0
BRDA:181,16,0,0
BRDA:181,16,1,0
BRDA:184,17,0,0
BRDA:184,17,1,0
BRDA:189,18,0,0
BRDA:189,18,1,0
BRDA:196,19,0,0
BRDA:196,19,1,0
BRDA:202,20,0,0
BRDA:202,20,1,0
BRDA:203,21,0,0
BRDA:203,21,1,0
BRDA:213,22,0,0
BRDA:213,22,1,0
BRDA:215,23,0,0
BRDA:215,23,1,0
BRDA:220,24,0,0
BRDA:220,24,1,0
BRDA:232,25,0,0
BRDA:232,25,1,0
BRDA:232,26,0,0
BRDA:232,26,1,0
BRDA:243,27,0,0
BRDA:247,28,0,0
BRDA:247,28,1,0
BRF:57
BRH:0
end_of_record
TN:
SF:/Users/furkle/Documents/wreath/src/NodeLike/ParentNodeLike/DocumentFragmentLike/DocumentFragmentLike.ts
FN:15,(anonymous_0)
FN:19,(anonymous_1)
FN:23,(anonymous_2)
FN:27,(anonymous_3)
FN:31,(anonymous_4)
FN:35,(anonymous_5)
FN:39,(anonymous_6)
FN:43,(anonymous_7)
FN:47,(anonymous_8)
FN:51,(anonymous_9)
FN:55,(anonymous_10)
FN:59,(anonymous_11)
FN:63,(anonymous_12)
FN:67,(anonymous_13)
FN:71,(anonymous_14)
FN:75,(anonymous_15)
FNF:16
FNH:0
FNDA:0,(anonymous_0)
FNDA:0,(anonymous_1)
FNDA:0,(anonymous_2)
FNDA:0,(anonymous_3)
FNDA:0,(anonymous_4)
FNDA:0,(anonymous_5)
FNDA:0,(anonymous_6)
FNDA:0,(anonymous_7)
FNDA:0,(anonymous_8)
FNDA:0,(anonymous_9)
FNDA:0,(anonymous_10)
FNDA:0,(anonymous_11)
FNDA:0,(anonymous_12)
FNDA:0,(anonymous_13)
FNDA:0,(anonymous_14)
FNDA:0,(anonymous_15)
DA:1,1
DA:14,1
DA:16,0
DA:20,0
DA:24,0
DA:28,0
DA:32,0
DA:36,0
DA:40,0
DA:44,0
DA:48,0
DA:52,0
DA:56,0
DA:60,0
DA:64,0
DA:68,0
DA:72,0
DA:76,0
DA:80,1
LF:19
LH:3
BRDA:64,0,0,0
BRDA:64,0,1,0
BRDA:68,1,0,0
BRDA:68,1,1,0
BRDA:72,2,0,0
BRDA:72,2,1,0
BRDA:76,3,0,0
BRDA:76,3,1,0
BRF:8
BRH:0
end_of_record
TN:
SF:/Users/furkle/Documents/wreath/src/NodeLike/ParentNodeLike/DocumentLike/AbstractDocumentLike.ts
FN:79,(anonymous_0)
FN:102,(anonymous_1)
FN:110,(anonymous_2)
FN:118,(anonymous_3)
FN:126,(anonymous_4)
FN:134,(anonymous_5)
FN:138,(anonymous_6)
FN:142,(anonymous_7)
FN:146,(anonymous_8)
FN:150,(anonymous_9)
FN:157,(anonymous_10)
FN:161,(anonymous_11)
FN:202,(anonymous_12)
FN:222,(anonymous_13)
FN:239,(anonymous_14)
FN:288,(anonymous_15)
FN:309,(anonymous_16)
FN:323,(anonymous_17)
FN:328,(anonymous_18)
FN:336,(anonymous_19)
FN:341,(anonymous_20)
FN:346,(anonymous_21)
FN:351,(anonymous_22)
FN:356,(anonymous_23)
FN:361,(anonymous_24)
FN:366,(anonymous_25)
FN:374,(anonymous_26)
FN:379,(anonymous_27)
FN:384,(anonymous_28)
FNF:29
FNH:0
FNDA:0,(anonymous_0)
FNDA:0,(anonymous_1)
FNDA:0,(anonymous_2)
FNDA:0,(anonymous_3)
FNDA:0,(anonymous_4)
FNDA:0,(anonymous_5)
FNDA:0,(anonymous_6)
FNDA:0,(anonymous_7)
FNDA:0,(anonymous_8)
FNDA:0,(anonymous_9)
FNDA:0,(anonymous_10)
FNDA:0,(anonymous_11)
FNDA:0,(anonymous_12)
FNDA:0,(anonymous_13)
FNDA:0,(anonymous_14)
FNDA:0,(anonymous_15)
FNDA:0,(anonymous_16)
FNDA:0,(anonymous_17)
FNDA:0,(anonymous_18)
FNDA:0,(anonymous_19)
FNDA:0,(anonymous_20)
FNDA:0,(anonymous_21)
FNDA:0,(anonymous_22)
FNDA:0,(anonymous_23)
FNDA:0,(anonymous_24)
FNDA:0,(anonymous_25)
FNDA:0,(anonymous_26)
FNDA:0,(anonymous_27)
FNDA:0,(anonymous_28)
DA:1,1
DA:4,1
DA:7,1
DA:10,1
DA:13,1
DA:40,1
DA:52,1
DA:55,1
DA:58,1
DA:64,1
DA:67,1
DA:70,1
DA:77,1
DA:79,1
DA:90,0
DA:94,0
DA:103,0
DA:104,0
DA:107,0
DA:111,0
DA:112,0
DA:115,0
DA:119,0
DA:120,0
DA:123,0
DA:127,0
DA:128,0
DA:131,0
DA:135,0
DA:139,0
DA:143,0
DA:147,0
DA:154,0
DA:158,0
DA:162,0
DA:163,0
DA:164,0
DA:167,0
DA:168,0
DA:169,0
DA:171,0
DA:172,0
DA:173,0
DA:174,0
DA:175,0
DA:178,0
DA:179,0
DA:181,0
DA:183,0
DA:184,0
DA:187,0
DA:188,0
DA:189,0
DA:190,0
DA:191,0
DA:194,0
DA:195,0
DA:196,0
DA:199,0
DA:203,0
DA:204,0
DA:207,0
DA:208,0
DA:209,0
DA:210,0
DA:211,0
DA:214,0
DA:215,0
DA:218,0
DA:219,0
DA:226,0
DA:227,0
DA:229,0
DA:230,0
DA:233,0
DA:234,0
DA:235,0
DA:236,0
DA:246,0
DA:247,0
DA:249,0
DA:250,0
DA:254,0
DA:255,0
DA:257,0
DA:261,0
DA:262,0
DA:263,0
DA:264,0
DA:265,0
DA:271,0
DA:272,0
DA:273,0
DA:275,0
DA:278,0
DA:279,0
DA:280,0
DA:283,0
DA:288,0
DA:289,0
DA:290,0
DA:291,0
DA:292,0
DA:295,0
DA:296,0
DA:297,0
DA:300,0
DA:302,0
DA:306,0
DA:308,0
DA:309,0
DA:310,0
DA:311,0
DA:313,0
DA:317,0
DA:320,0
DA:324,0
DA:325,0
DA:326,0
DA:327,0
DA:328,0
DA:329,0
DA:333,0
DA:337,0
DA:338,0
DA:342,0
DA:343,0
DA:347,0
DA:348,0
DA:352,0
DA:353,0
DA:357,0
DA:358,0
DA:362,0
DA:363,0
DA:367,0
DA:368,0
DA:371,0
DA:375,0
DA:376,0
DA:380,0
DA:381,0
DA:385,0
DA:389,1
LF:144
LH:15
BRDA:103,0,0,0
BRDA:103,0,1,0
BRDA:111,1,0,0
BRDA:111,1,1,0
BRDA:119,2,0,0
BRDA:119,2,1,0
BRDA:127,3,0,0
BRDA:127,3,1,0
BRDA:142,4,0,0
BRDA:146,5,0,0
BRDA:151,6,0,0
BRDA:152,7,0,0
BRDA:162,8,0,0
BRDA:162,8,1,0
BRDA:168,9,0,0
BRDA:168,9,1,0
BRDA:171,10,0,0
BRDA:171,10,1,0
BRDA:173,11,0,0
BRDA:173,11,1,0
BRDA:174,12,0,0
BRDA:174,12,1,0
BRDA:178,13,0,0
BRDA:178,13,1,0
BRDA:183,14,0,0
BRDA:183,14,1,0
BRDA:190,15,0,0
BRDA:190,15,1,0
BRDA:195,16,0,0
BRDA:195,16,1,0
BRDA:203,17,0,0
BRDA:203,17,1,0
BRDA:210,18,0,0
BRDA:210,18,1,0
BRDA:214,19,0,0
BRDA:214,19,1,0
BRDA:226,20,0,0
BRDA:226,20,1,0
BRDA:229,21,0,0
BRDA:229,21,1,0
BRDA:246,22,0,0
BRDA:246,22,1,0
BRDA:249,23,0,0
BRDA:249,23,1,0
BRDA:254,24,0,0
BRDA:254,24,1,0
BRDA:261,25,0,0
BRDA:261,25,1,0
BRDA:263,26,0,0
BRDA:263,26,1,0
BRDA:264,27,0,0
BRDA:264,27,1,0
BRDA:278,28,0,0
BRDA:278,28,1,0
BRDA:279,29,0,0
BRDA:279,29,1,0
BRDA:289,30,0,0
BRDA:289,30,1,0
BRDA:291,31,0,0
BRDA:291,31,1,0
BRDA:296,32,0,0
BRDA:296,32,1,0
BRDA:308,33,0,0
BRDA:308,33,1,0
BRDA:310,34,0,0
BRDA:310,34,1,0
BRDA:323,35,0,0
BRDA:327,36,0,0
BRDA:327,36,1,0
BRDA:341,37,0,0
BRDA:367,38,0,0
BRDA:367,38,1,0
BRF:72
BRH:0
end_of_record
TN:
SF:/Users/furkle/Documents/wreath/src/NodeLike/ParentNodeLike/DocumentLike/DocumentLike.ts
FN:15,(anonymous_0)
FN:19,(anonymous_1)
FN:23,(anonymous_2)
FN:27,(anonymous_3)
FN:31,(anonymous_4)
FN:40,(anonymous_5)
FN:44,(anonymous_6)
FN:53,(anonymous_7)
FN:62,(anonymous_8)
FN:66,(anonymous_9)
FN:70,(anonymous_10)
FN:74,(anonymous_11)
FN:78,(anonymous_12)
FN:82,(anonymous_13)
FN:86,(anonymous_14)
FN:90,(anonymous_15)
FN:94,(anonymous_16)
FN:98,(anonymous_17)
FN:102,(anonymous_18)
FN:106,(anonymous_19)
FNF:20
FNH:0
FNDA:0,(anonymous_0)
FNDA:0,(anonymous_1)
FNDA:0,(anonymous_2)
FNDA:0,(anonymous_3)
FNDA:0,(anonymous_4)
FNDA:0,(anonymous_5)
FNDA:0,(anonymous_6)
FNDA:0,(anonymous_7)
FNDA:0,(anonymous_8)
FNDA:0,(anonymous_9)
FNDA:0,(anonymous_10)
FNDA:0,(anonymous_11)
FNDA:0,(anonymous_12)
FNDA:0,(anonymous_13)
FNDA:0,(anonymous_14)
FNDA:0,(anonymous_15)
FNDA:0,(anonymous_16)
FNDA:0,(anonymous_17)
FNDA:0,(anonymous_18)
FNDA:0,(anonymous_19)
DA:1,1
DA:10,1
DA:14,1
DA:16,0
DA:20,0
DA:24,0
DA:28,0
DA:32,0
DA:33,0
DA:34,0
DA:37,0
DA:41,0
DA:45,0
DA:46,0
DA:47,0
DA:50,0
DA:54,0
DA:55,0
DA:56,0
DA:59,0
DA:63,0
DA:67,0
DA:71,0
DA:75,0
DA:79,0
DA:83,0
DA:87,0
DA:91,0
DA:95,0
DA:99,0
DA:103,0
DA:107,0
DA:111,1
LF:33
LH:4
BRDA:33,0,0,0
BRDA:33,0,1,0
BRDA:46,1,0,0
BRDA:46,1,1,0
BRDA:55,2,0,0
BRDA:55,2,1,0
BRDA:95,3,0,0
BRDA:95,3,1,0
BRDA:99,4,0,0
BRDA:99,4,1,0
BRDA:103,5,0,0
BRDA:103,5,1,0
BRDA:107,6,0,0
BRDA:107,6,1,0
BRF:14
BRH:0
end_of_record
TN:
SF:/Users/furkle/Documents/wreath/src/NodeLike/ParentNodeLike/ElementLike/AbstractElementLike.ts
FN:83,(anonymous_0)
FN:94,(anonymous_1)
FN:98,(anonymous_2)
FN:107,(anonymous_3)
FN:115,(anonymous_4)
FN:122,(anonymous_5)
FN:162,(anonymous_6)
FN:194,(anonymous_7)
FN:227,(anonymous_8)
FN:235,(anonymous_9)
FN:242,(anonymous_10)
FN:260,(anonymous_11)
FN:284,(anonymous_12)
FN:294,(anonymous_13)
FN:302,(anonymous_14)
FN:307,(anonymous_15)
FN:315,(anonymous_16)
FN:318,(anonymous_17)
FN:344,(anonymous_18)
FN:361,(anonymous_19)
FN:371,(anonymous_20)
FNF:21
FNH:0
FNDA:0,(anonymous_0)
FNDA:0,(anonymous_1)
FNDA:0,(anonymous_2)
FNDA:0,(anonymous_3)
FNDA:0,(anonymous_4)
FNDA:0,(anonymous_5)
FNDA:0,(anonymous_6)
FNDA:0,(anonymous_7)
FNDA:0,(anonymous_8)
FNDA:0,(anonymous_9)
FNDA:0,(anonymous_10)
FNDA:0,(anonymous_11)
FNDA:0,(anonymous_12)
FNDA:0,(anonymous_13)
FNDA:0,(anonymous_14)
FNDA:0,(anonymous_15)
FNDA:0,(anonymous_16)
FNDA:0,(anonymous_17)
FNDA:0,(anonymous_18)
FNDA:0,(anonymous_19)
FNDA:0,(anonymous_20)
DA:1,1
DA:4,1
DA:7,1
DA:28,1
DA:35,1
DA:38,1
DA:41,1
DA:47,1
DA:50,1
DA:57,1
DA:59,1
DA:66,0
DA:70,0
DA:76,0
DA:84,0
DA:86,0
DA:87,0
DA:90,0
DA:91,0
DA:95,0
DA:99,0
DA:100,0
DA:101,0
DA:103,0
DA:108,0
DA:109,0
DA:110,0
DA:111,0
DA:116,0
DA:117,0
DA:118,0
DA:126,0
DA:127,0
DA:131,0
DA:132,0
DA:136,0
DA:137,0
DA:138,0
DA:141,0
DA:142,0
DA:143,0
DA:146,0
DA:147,0
DA:148,0
DA:149,0
DA:150,0
DA:153,0
DA:155,0
DA:156,0
DA:159,0
DA:163,0
DA:164,0
DA:168,0
DA:169,0
DA:173,0
DA:174,0
DA:177,0
DA:178,0
DA:179,0
DA:180,0
DA:181,0
DA:182,0
DA:185,0
DA:186,0
DA:189,0
DA:190,0
DA:191,0
DA:198,0
DA:199,0
DA:203,0
DA:204,0
DA:208,0
DA:209,0
DA:210,0
DA:211,0
DA:214,0
DA:215,0
DA:216,0
DA:217,0
DA:220,0
DA:222,0
DA:223,0
DA:224,0
DA:226,0
DA:227,0
DA:228,0
DA:229,0
DA:231,0
DA:235,0
DA:236,0
DA:239,0
DA:246,0
DA:247,0
DA:251,0
DA:252,0
DA:254,0
DA:255,0
DA:259,0
DA:261,0
DA:262,0
DA:263,0
DA:264,0
DA:265,0
DA:268,0
DA:269,0
DA:270,0
DA:273,0
DA:274,0
DA:275,0
DA:276,0
DA:278,0
DA:282,0
DA:283,0
DA:284,0
DA:285,0
DA:286,0
DA:288,0
DA:292,0
DA:294,0
DA:295,0
DA:298,0
DA:299,0
DA:303,0
DA:304,0
DA:305,0
DA:306,0
DA:307,0
DA:308,0
DA:312,0
DA:316,0
DA:317,0
DA:318,0
DA:319,0
DA:320,0
DA:321,0
DA:324,0
DA:325,0
DA:326,0
DA:327,0
DA:328,0
DA:329,0
DA:330,0
DA:331,0
DA:335,0
DA:336,0
DA:340,0
DA:345,0
DA:346,0
DA:347,0
DA:349,0
DA:350,0
DA:352,0
DA:353,0
DA:354,0
DA:358,0
DA:359,0
DA:361,0
DA:362,0
DA:365,0
DA:368,0
DA:372,0
DA:376,1
LF:162
LH:12
BRDA:86,0,0,0
BRDA:86,0,1,0
BRDA:100,1,0,0
BRDA:100,1,1,0
BRDA:110,2,0,0
BRDA:110,2,1,0
BRDA:117,3,0,0
BRDA:117,3,1,0
BRDA:126,4,0,0
BRDA:126,4,1,0
BRDA:131,5,0,0
BRDA:131,5,1,0
BRDA:136,6,0,0
BRDA:136,6,1,0
BRDA:142,7,0,0
BRDA:142,7,1,0
BRDA:148,8,0,0
BRDA:148,8,1,0
BRDA:155,9,0,0
BRDA:155,9,1,0
BRDA:163,10,0,0
BRDA:163,10,1,0
BRDA:168,11,0,0
BRDA:168,11,1,0
BRDA:173,12,0,0
BRDA:173,12,1,0
BRDA:181,13,0,0
BRDA:181,13,1,0
BRDA:185,14,0,0
BRDA:185,14,1,0
BRDA:198,15,0,0
BRDA:198,15,1,0
BRDA:203,16,0,0
BRDA:203,16,1,0
BRDA:210,17,0,0
BRDA:210,17,1,0
BRDA:216,18,0,0
BRDA:216,18,1,0
BRDA:226,19,0,0
BRDA:226,19,1,0
BRDA:228,20,0,0
BRDA:228,20,1,0
BRDA:246,21,0,0
BRDA:246,21,1,0
BRDA:251,22,0,0
BRDA:251,22,1,0
BRDA:254,23,0,0
BRDA:254,23,1,0
BRDA:261,24,0,0
BRDA:261,24,1,0
BRDA:264,25,0,0
BRDA:264,25,1,0
BRDA:269,26,0,0
BRDA:269,26,1,0
BRDA:283,27,0,0
BRDA:283,27,1,0
BRDA:283,28,0,0
BRDA:283,28,1,0
BRDA:285,29,0,0
BRDA:285,29,1,0
BRDA:302,30,0,0
BRDA:306,31,0,0
BRDA:306,31,1,0
BRDA:319,32,0,0
BRDA:319,32,1,0
BRDA:320,33,0,0
BRDA:320,33,1,0
BRDA:326,34,0,0
BRDA:326,34,1,0
BRDA:327,35,0,0
BRDA:327,35,1,0
BRDA:335,36,0,0
BRDA:335,36,1,0
BRDA:346,37,0,0
BRDA:346,37,1,0
BRDA:358,38,0,0
BRDA:358,38,1,0
BRF:77
BRH:0
end_of_record
TN:
SF:/Users/furkle/Documents/wreath/src/NodeLike/ParentNodeLike/ElementLike/ElementLike.ts
FN:39,(anonymous_0)
FN:43,(anonymous_1)
FN:47,(anonymous_2)
FN:51,(anonymous_3)
FN:55,(anonymous_4)
FN:56,(anonymous_5)
FN:61,(anonymous_6)
FN:62,(anonymous_7)
FN:67,(anonymous_8)
FN:68,(anonymous_9)
FN:72,(anonymous_10)
FN:77,(anonymous_11)
FN:81,(anonymous_12)
FN:82,(anonymous_13)
FN:89,(anonymous_14)
FN:90,(anonymous_15)
FN:99,(anonymous_16)
FN:103,(anonymous_17)
FN:112,(anonymous_18)
FN:117,(anonymous_19)
FN:126,(anonymous_20)
FN:131,(anonymous_21)
FN:135,(anonymous_22)
FN:139,(anonymous_23)
FN:143,(anonymous_24)
FN:151,(anonymous_25)
FN:155,(anonymous_26)
FN:159,(anonymous_27)
FN:185,(anonymous_28)
FN:211,(anonymous_29)
FN:215,(anonymous_30)
FN:219,(anonymous_31)
FN:223,(anonymous_32)
FN:227,(anonymous_33)
FN:231,(anonymous_34)
FN:235,(anonymous_35)
FNF:36
FNH:0
FNDA:0,(anonymous_0)
FNDA:0,(anonymous_1)
FNDA:0,(anonymous_2)
FNDA:0,(anonymous_3)
FNDA:0,(anonymous_4)
FNDA:0,(anonymous_5)
FNDA:0,(anonymous_6)
FNDA:0,(anonymous_7)
FNDA:0,(anonymous_8)
FNDA:0,(anonymous_9)
FNDA:0,(anonymous_10)
FNDA:0,(anonymous_11)
FNDA:0,(anonymous_12)
FNDA:0,(anonymous_13)
FNDA:0,(anonymous_14)
FNDA:0,(anonymous_15)
FNDA:0,(anonymous_16)
FNDA:0,(anonymous_17)
FNDA:0,(anonymous_18)
FNDA:0,(anonymous_19)
FNDA:0,(anonymous_20)
FNDA:0,(anonymous_21)
FNDA:0,(anonymous_22)
FNDA:0,(anonymous_23)
FNDA:0,(anonymous_24)
FNDA:0,(anonymous_25)
FNDA:0,(anonymous_26)
FNDA:0,(anonymous_27)
FNDA:0,(anonymous_28)
FNDA:0,(anonymous_29)
FNDA:0,(anonymous_30)
FNDA:0,(anonymous_31)
FNDA:0,(anonymous_32)
FNDA:0,(anonymous_33)
FNDA:0,(anonymous_34)
FNDA:0,(anonymous_35)
DA:1,1
DA:4,1
DA:22,1
DA:28,1
DA:31,1
DA:38,1
DA:40,0
DA:44,0
DA:48,0
DA:52,0
DA:56,0
DA:57,0
DA:62,0
DA:63,0
DA:68,0
DA:69,0
DA:72,0
DA:73,0
DA:78,0
DA:82,0
DA:83,0
DA:86,0
DA:90,0
DA:91,0
DA:94,0
DA:95,0
DA:96,0
DA:100,0
DA:104,0
DA:105,0
DA:106,0
DA:108,0
DA:113,0
DA:114,0
DA:118,0
DA:119,0
DA:120,0
DA:122,0
DA:127,0
DA:128,0
DA:132,0
DA:136,0
DA:140,0
DA:144,0
DA:145,0
DA:148,0
DA:152,0
DA:156,0
DA:161,0
DA:162,0
DA:165,0
DA:166,0
DA:167,0
DA:168,0
DA:169,0
DA:170,0
DA:174,0
DA:175,0
DA:178,0
DA:179,0
DA:182,0
DA:187,0
DA:188,0
DA:191,0
DA:192,0
DA:193,0
DA:194,0
DA:195,0
DA:196,0
DA:200,0
DA:201,0
DA:204,0
DA:205,0
DA:208,0
DA:212,0
DA:216,0
DA:220,0
DA:224,0
DA:228,0
DA:232,0
DA:236,0
DA:240,1
LF:82
LH:7
BRDA:57,0,0,0
BRDA:57,0,1,0
BRDA:105,1,0,0
BRDA:105,1,1,0
BRDA:119,2,0,0
BRDA:119,2,1,0
BRDA:144,3,0,0
BRDA:144,3,1,0
BRDA:161,4,0,0
BRDA:161,4,1,0
BRDA:169,5,0,0
BRDA:169,5,1,0
BRDA:174,6,0,0
BRDA:174,6,1,0
BRDA:187,7,0,0
BRDA:187,7,1,0
BRDA:195,8,0,0
BRDA:195,8,1,0
BRDA:200,9,0,0
BRDA:200,9,1,0
BRDA:216,10,0,0
BRDA:216,10,1,0
BRDA:220,11,0,0
BRDA:220,11,1,0
BRDA:228,12,0,0
BRDA:228,12,1,0
BRDA:232,13,0,0
BRDA:232,13,1,0
BRF:28
BRH:0
end_of_record
TN:
SF:/Users/furkle/Documents/wreath/src/NodeLike/ParentNodeLike/ElementLike/AttributeLike/AttributeLike.ts
FN:10,(anonymous_0)
FN:16,(anonymous_1)
FNF:2
FNH:0
FNDA:0,(anonymous_0)
FNDA:0,(anonymous_1)
DA:5,1
DA:9,0
DA:11,0
DA:12,0
DA:13,0
DA:16,0
DA:19,1
LF:7
LH:2
BRDA:13,0,0,0
BRDA:13,0,1,0
BRF:2
BRH:0
end_of_record
TN:
SF:/Users/furkle/Documents/wreath/src/NodeLike/ParentNodeLike/ElementLike/ClassListLike/ClassListLike.ts
FN:15,(anonymous_0)
FN:19,(anonymous_1)
FN:23,(anonymous_2)
FN:28,(anonymous_3)
FN:30,(anonymous_4)
FN:42,(anonymous_5)
FN:44,(anonymous_6)
FN:57,(anonymous_7)
FN:61,(anonymous_8)
FN:62,(anonymous_9)
FN:74,(anonymous_10)
FN:82,(anonymous_11)
FN:86,(anonymous_12)
FN:90,(anonymous_13)
FN:95,(anonymous_14)
FNF:15
FNH:0
FNDA:0,(anonymous_0)
FNDA:0,(anonymous_1)
FNDA:0,(anonymous_2)
FNDA:0,(anonymous_3)
FNDA:0,(anonymous_4)
FNDA:0,(anonymous_5)
FNDA:0,(anonymous_6)
FNDA:0,(anonymous_7)
FNDA:0,(anonymous_8)
FNDA:0,(anonymous_9)
FNDA:0,(anonymous_10)
FNDA:0,(anonymous_11)
FNDA:0,(anonymous_12)
FNDA:0,(anonymous_13)
FNDA:0,(anonymous_14)
DA:7,1
DA:11,1
DA:16,0
DA:20,0
DA:24,0
DA:25,0
DA:29,0
DA:30,0
DA:31,0
DA:32,0
DA:33,0
DA:37,0
DA:38,0
DA:43,0
DA:44,0
DA:45,0
DA:46,0
DA:47,0
DA:48,0
DA:52,0
DA:53,0
DA:58,0
DA:62,0
DA:63,0
DA:64,0
DA:65,0
DA:67,0
DA:71,0
DA:75,0
DA:76,0
DA:77,0
DA:78,0
DA:83,0
DA:87,0
DA:91,0
DA:96,0
DA:100,0
DA:104,1
LF:38
LH:3
BRDA:31,0,0,0
BRDA:31,0,1,0
BRDA:37,1,0,0
BRDA:37,1,1,0
BRDA:46,2,0,0
BRDA:46,2,1,0
BRDA:52,3,0,0
BRDA:52,3,1,0
BRDA:58,4,0,0
BRDA:58,4,1,0
BRDA:64,5,0,0
BRDA:64,5,1,0
BRDA:76,6,0,0
BRDA:76,6,1,0
BRF:14
BRH:0
end_of_record
TN:
SF:/Users/furkle/Documents/wreath/src/PEG/HtmlParser.js
FN:9,peg$subclass
FN:10,ctor
FN:29,(anonymous_3)
FN:31,(anonymous_4)
FN:35,(anonymous_5)
FN:48,(anonymous_6)
FN:52,(anonymous_7)
FN:56,(anonymous_8)
FN:61,hex
FN:65,literalEscape
FN:73,(anonymous_11)
FN:74,(anonymous_12)
FN:77,classEscape
FN:87,(anonymous_14)
FN:88,(anonymous_15)
FN:91,describeExpectation
FN:95,describeExpected
FN:129,describeFound
FN:152,(anonymous_20)
FN:159,(anonymous_21)
FN:166,(anonymous_22)
FN:176,(anonymous_23)
FN:179,(anonymous_24)
FN:182,(anonymous_25)
FN:185,(anonymous_26)
FN:188,(anonymous_27)
FN:191,(anonymous_28)
FN:194,(anonymous_29)
FN:199,(anonymous_30)
FN:225,(anonymous_31)
FN:241,(anonymous_32)
FN:251,(anonymous_33)
FN:252,(anonymous_34)
FN:256,(anonymous_35)
FN:265,(anonymous_36)
FN:285,(anonymous_37)
FN:286,(anonymous_38)
FN:297,(anonymous_39)
FN:298,(anonymous_40)
FN:308,(anonymous_41)
FN:329,text
FN:333,location
FN:337,expected
FN:347,error
FN:353,peg$literalExpectation
FN:357,peg$classExpectation
FN:361,peg$anyExpectation
FN:365,peg$endExpectation
FN:369,peg$otherExpectation
FN:373,peg$computePosDetails
FN:406,peg$computeLocation
FN:424,peg$fail
FN:435,peg$buildSimpleError
FN:439,peg$buildStructuredError
FN:448,peg$parsestart
FN:471,peg$parseany
FN:485,peg$parsews
FN:505,peg$parsedoubleQuote
FN:519,peg$parsesingleQuote
FN:533,peg$parsestring
FN:608,peg$parsedoubleQuoteCharacter
FN:640,peg$parsesingleQuoteCharacter
FN:672,peg$parsestrChar
FN:689,peg$parseescapeSequence
FN:864,peg$parseunescaped
FN:878,peg$parseescapeCharacter
FN:892,peg$parseelem
FN:915,peg$parsescript
FN:1054,peg$parsestyle
FN:1199,peg$parsescriptOrStyleAttrs
FN:1276,peg$parsesingleTagElement
FN:1359,peg$parsedoubleTagElement
FN:1439,peg$parseelemOpenChar
FN:1459,peg$parseelemCloseChar
FN:1479,peg$parseelemKey
FN:1508,peg$parseelemKeyChar
FN:1572,peg$parseelemTag
FN:1586,peg$parseelemAttr
FN:1661,peg$parseelemAttrKey
FN:1681,peg$parseelemAttrValue
FN:1695,peg$parseelemOpen
FN:1745,peg$parseelemContents
FN:1770,peg$parseelemClose
FN:1821,peg$parsecomment
FN:1915,peg$parsecommentOpen
FN:1929,peg$parsecommentClose
FN:1943,peg$parseHEXDIG
FN:1957,peg$parsetext
FNF:88
FNH:2
FNDA:3,peg$subclass
FNDA:3,ctor
FNDA:0,(anonymous_3)
FNDA:0,(anonymous_4)
FNDA:0,(anonymous_5)
FNDA:0,(anonymous_6)
FNDA:0,(anonymous_7)
FNDA:0,(anonymous_8)
FNDA:0,hex
FNDA:0,literalEscape
FNDA:0,(anonymous_11)
FNDA:0,(anonymous_12)
FNDA:0,classEscape
FNDA:0,(anonymous_14)
FNDA:0,(anonymous_15)
FNDA:0,describeExpectation
FNDA:0,describeExpected
FNDA:0,describeFound
FNDA:0,(anonymous_20)
FNDA:0,(anonymous_21)
FNDA:0,(anonymous_22)
FNDA:0,(anonymous_23)
FNDA:0,(anonymous_24)
FNDA:0,(anonymous_25)
FNDA:0,(anonymous_26)
FNDA:0,(anonymous_27)
FNDA:0,(anonymous_28)
FNDA:0,(anonymous_29)
FNDA:0,(anonymous_30)
FNDA:0,(anonymous_31)
FNDA:0,(anonymous_32)
FNDA:0,(anonymous_33)
FNDA:0,(anonymous_34)
FNDA:0,(anonymous_35)
FNDA:0,(anonymous_36)
FNDA:0,(anonymous_37)
FNDA:0,(anonymous_38)
FNDA:0,(anonymous_39)
FNDA:0,(anonymous_40)
FNDA:0,(anonymous_41)
FNDA:0,text
FNDA:0,location
FNDA:0,expected
FNDA:0,error
FNDA:0,peg$literalExpectation
FNDA:0,peg$classExpectation
FNDA:0,peg$anyExpectation
FNDA:0,peg$endExpectation
FNDA:0,peg$otherExpectation
FNDA:0,peg$computePosDetails
FNDA:0,peg$computeLocation
FNDA:0,peg$fail
FNDA:0,peg$buildSimpleError
FNDA:0,peg$buildStructuredError
FNDA:0,peg$parsestart
FNDA:0,peg$parseany
FNDA:0,peg$parsews
FNDA:0,peg$parsedoubleQuote
FNDA:0,peg$parsesingleQuote
FNDA:0,peg$parsestring
FNDA:0,peg$parsedoubleQuoteCharacter
FNDA:0,peg$parsesingleQuoteCharacter
FNDA:0,peg$parsestrChar
FNDA:0,peg$parseescapeSequence
FNDA:0,peg$parseunescaped
FNDA:0,peg$parseescapeCharacter
FNDA:0,peg$parseelem
FNDA:0,peg$parsescript
FNDA:0,peg$parsestyle
FNDA:0,peg$parsescriptOrStyleAttrs
FNDA:0,peg$parsesingleTagElement
FNDA:0,peg$parsedoubleTagElement
FNDA:0,peg$parseelemOpenChar
FNDA:0,peg$parseelemCloseChar
FNDA:0,peg$parseelemKey
FNDA:0,peg$parseelemKeyChar
FNDA:0,peg$parseelemTag
FNDA:0,peg$parseelemAttr
FNDA:0,peg$parseelemAttrKey
FNDA:0,peg$parseelemAttrValue
FNDA:0,peg$parseelemOpen
FNDA:0,peg$parseelemContents
FNDA:0,peg$parseelemClose
FNDA:0,peg$parsecomment
FNDA:0,peg$parsecommentOpen
FNDA:0,peg$parsecommentClose
FNDA:0,peg$parseHEXDIG
FNDA:0,peg$parsetext
DA:10,3
DA:11,3
DA:12,3
DA:16,0
DA:17,0
DA:18,0
DA:19,0
DA:20,0
DA:22,0
DA:23,0
DA:29,3
DA:32,0
DA:36,0
DA:39,0
DA:40,0
DA:45,0
DA:49,0
DA:53,0
DA:57,0
DA:62,0
DA:66,0
DA:73,0
DA:74,0
DA:78,0
DA:87,0
DA:88,0
DA:92,0
DA:96,0
DA:99,0
DA:100,0
DA:103,0
DA:105,0
DA:106,0
DA:107,0
DA:108,0
DA:109,0
DA:112,0
DA:117,0
DA:120,0
DA:123,0
DA:130,0
DA:133,0
DA:137,0
DA:139,0
DA:141,0
DA:142,0
DA:144,0
DA:145,0
DA:146,0
DA:147,0
DA:148,0
DA:149,0
DA:150,0
DA:151,0
DA:152,0
DA:159,0
DA:166,0
DA:167,0
DA:169,0
DA:170,0
DA:171,0
DA:172,0
DA:173,0
DA:174,0
DA:175,0
DA:176,0
DA:177,0
DA:178,0
DA:179,0
DA:180,0
DA:181,0
DA:182,0
DA:183,0
DA:184,0
DA:185,0
DA:186,0
DA:187,0
DA:188,0
DA:189,0
DA:190,0
DA:191,0
DA:192,0
DA:194,0
DA:195,0
DA:197,0
DA:198,0
DA:199,0
DA:200,0
DA:201,0
DA:202,0
DA:203,0
DA:204,0
DA:205,0
DA:206,0
DA:207,0
DA:208,0
DA:212,0
DA:215,0
DA:217,0
DA:218,0
DA:219,0
DA:220,0
DA:221,0
DA:222,0
DA:223,0
DA:224,0
DA:225,0
DA:235,0
DA:236,0
DA:237,0
DA:238,0
DA:239,0
DA:240,0
DA:241,0
DA:251,0
DA:252,0
DA:253,0
DA:255,0
DA:256,0
DA:264,0
DA:265,0
DA:273,0
DA:274,0
DA:275,0
DA:276,0
DA:277,0
DA:278,0
DA:279,0
DA:280,0
DA:281,0
DA:282,0
DA:283,0
DA:284,0
DA:285,0
DA:286,0
DA:293,0
DA:294,0
DA:295,0
DA:296,0
DA:297,0
DA:298,0
DA:304,0
DA:305,0
DA:306,0
DA:307,0
DA:308,0
DA:309,0
DA:312,0
DA:313,0
DA:314,0
DA:315,0
DA:316,0
DA:317,0
DA:321,0
DA:322,0
DA:323,0
DA:326,0
DA:330,0
DA:334,0
DA:338,0
DA:348,0
DA:350,0
DA:354,0
DA:358,0
DA:362,0
DA:366,0
DA:370,0
DA:374,0
DA:376,0
DA:377,0
DA:379,0
DA:380,0
DA:381,0
DA:384,0
DA:390,0
DA:391,0
DA:392,0
DA:393,0
DA:395,0
DA:398,0
DA:401,0
DA:402,0
DA:407,0
DA:408,0
DA:425,0
DA:427,0
DA:428,0
DA:429,0
DA:432,0
DA:436,0
DA:451,0
DA:452,0
DA:453,0
DA:454,0
DA:456,0
DA:457,0
DA:458,0
DA:459,0
DA:460,0
DA:461,0
DA:465,0
DA:468,0
DA:474,0
DA:475,0
DA:476,0
DA:478,0
DA:479,0
DA:482,0
DA:488,0
DA:489,0
DA:490,0
DA:491,0
DA:493,0
DA:494,0
DA:496,0
DA:497,0
DA:498,0
DA:499,0
DA:502,0
DA:508,0
DA:509,0
DA:510,0
DA:512,0
DA:513,0
DA:516,0
DA:522,0
DA:523,0
DA:524,0
DA:526,0
DA:527,0
DA:530,0
DA:536,0
DA:537,0
DA:538,0
DA:539,0
DA:540,0
DA:541,0
DA:542,0
DA:543,0
DA:544,0
DA:546,0
DA:547,0
DA:549,0
DA:551,0
DA:552,0
DA:553,0
DA:554,0
DA:555,0
DA:556,0
DA:558,0
DA:559,0
DA:562,0
DA:563,0
DA:566,0
DA:567,0
DA:569,0
DA:570,0
DA:571,0
DA:572,0
DA:573,0
DA:574,0
DA:575,0
DA:576,0
DA:577,0
DA:578,0
DA:580,0
DA:581,0
DA:583,0
DA:585,0
DA:586,0
DA:587,0
DA:588,0
DA:589,0
DA:590,0
DA:592,0
DA:593,0
DA:596,0
DA:597,0
DA:600,0
DA:601,0
DA:605,0
DA:611,0
DA:612,0
DA:613,0
DA:614,0
DA:615,0
DA:616,0
DA:617,0
DA:619,0
DA:620,0
DA:622,0
DA:623,0
DA:624,0
DA:625,0
DA:626,0
DA:627,0
DA:629,0
DA:630,0
DA:633,0
DA:634,0
DA:637,0
DA:643,0
DA:644,0
DA:645,0
DA:646,0
DA:647,0
DA:648,0
DA:649,0
DA:651,0
DA:652,0
DA:654,0
DA:655,0
DA:656,0
DA:657,0
DA:658,0
DA:659,0
DA:661,0
DA:662,0
DA:665,0
DA:666,0
DA:669,0
DA:675,0
DA:676,0
DA:677,0
DA:678,0
DA:680,0
DA:681,0
DA:682,0
DA:683,0
DA:686,0
DA:692,0
DA:693,0
DA:694,0
DA:695,0
DA:696,0
DA:697,0
DA:698,0
DA:699,0
DA:700,0
DA:701,0
DA:703,0
DA:704,0
DA:706,0
DA:707,0
DA:708,0
DA:709,0
DA:711,0
DA:712,0
DA:714,0
DA:715,0
DA:716,0
DA:717,0
DA:718,0
DA:720,0
DA:721,0
DA:723,0
DA:724,0
DA:725,0
DA:727,0
DA:728,0
DA:729,0
DA:730,0
DA:731,0
DA:732,0
DA:734,0
DA:735,0
DA:737,0
DA:738,0
DA:739,0
DA:741,0
DA:742,0
DA:743,0
DA:744,0
DA:745,0
DA:746,0
DA:748,0
DA:749,0
DA:751,0
DA:752,0
DA:753,0
DA:755,0
DA:756,0
DA:757,0
DA:758,0
DA:759,0
DA:760,0
DA:762,0
DA:763,0
DA:765,0
DA:766,0
DA:767,0
DA:769,0
DA:770,0
DA:771,0
DA:772,0
DA:773,0
DA:774,0
DA:776,0
DA:777,0
DA:779,0
DA:780,0
DA:781,0
DA:783,0
DA:784,0
DA:785,0
DA:786,0
DA:787,0
DA:788,0
DA:790,0
DA:791,0
DA:793,0
DA:794,0
DA:795,0
DA:796,0
DA:797,0
DA:798,0
DA:799,0
DA:800,0
DA:801,0
DA:802,0
DA:803,0
DA:804,0
DA:805,0
DA:807,0
DA:808,0
DA:811,0
DA:812,0
DA:815,0
DA:816,0
DA:819,0
DA:820,0
DA:822,0
DA:823,0
DA:825,0
DA:827,0
DA:828,0
DA:829,0
DA:830,0
DA:832,0
DA:833,0
DA:836,0
DA:837,0
DA:848,0
DA:849,0
DA:850,0
DA:851,0
DA:853,0
DA:854,0
DA:857,0
DA:858,0
DA:861,0
DA:867,0
DA:868,0
DA:869,0
DA:871,0
DA:872,0
DA:875,0
DA:881,0
DA:882,0
DA:883,0
DA:885,0
DA:886,0
DA:889,0
DA:895,0
DA:896,0
DA:897,0
DA:898,0
DA:899,0
DA:900,0
DA:901,0
DA:902,0
DA:906,0
DA:907,0
DA:908,0
DA:910,0
DA:912,0
DA:918,0
DA:919,0
DA:920,0
DA:921,0
DA:923,0
DA:924,0
DA:926,0
DA:927,0
DA:928,0
DA:929,0
DA:930,0
DA:931,0
DA:933,0
DA:934,0
DA:936,0
DA:937,0
DA:938,0
DA:939,0
DA:940,0
DA:941,0
DA:942,0
DA:943,0
DA:945,0
DA:946,0
DA:948,0
DA:949,0
DA:950,0
DA:952,0
DA:953,0
DA:955,0
DA:956,0
DA:957,0
DA:958,0
DA:959,0
DA:961,0
DA:962,0
DA:965,0
DA:966,0
DA:968,0
DA:969,0
DA:970,0
DA:971,0
DA:972,0
DA:973,0
DA:974,0
DA:975,0
DA:977,0
DA:978,0
DA:980,0
DA:981,0
DA:982,0
DA:984,0
DA:985,0
DA:987,0
DA:988,0
DA:989,0
DA:990,0
DA:991,0
DA:993,0
DA:994,0
DA:997,0
DA:998,0
DA:1001,0
DA:1002,0
DA:1003,0
DA:1004,0
DA:1006,0
DA:1007,0
DA:1009,0
DA:1010,0
DA:1011,0
DA:1012,0
DA:1013,0
DA:1014,0
DA:1016,0
DA:1017,0
DA:1018,0
DA:1019,0
DA:1020,0
DA:1021,0
DA:1023,0
DA:1024,0
DA:1027,0
DA:1028,0
DA:1031,0
DA:1032,0
DA:1035,0
DA:1036,0
DA:1039,0
DA:1040,0
DA:1043,0
DA:1044,0
DA:1047,0
DA:1048,0
DA:1051,0
DA:1057,0
DA:1058,0
DA:1059,0
DA:1060,0
DA:1062,0
DA:1063,0
DA:1065,0
DA:1066,0
DA:1067,0
DA:1068,0
DA:1069,0
DA:1070,0
DA:1072,0
DA:1073,0
DA:1075,0
DA:1076,0
DA:1077,0
DA:1078,0
DA:1079,0
DA:1080,0
DA:1081,0
DA:1082,0
DA:1083,0
DA:1085,0
DA:1086,0
DA:1088,0
DA:1089,0
DA:1090,0
DA:1092,0
DA:1093,0
DA:1095,0
DA:1096,0
DA:1097,0
DA:1098,0
DA:1099,0
DA:1101,0
DA:1102,0
DA:1105,0
DA:1106,0
DA:1108,0
DA:1109,0
DA:1110,0
DA:1111,0
DA:1112,0
DA:1113,0
DA:1114,0
DA:1115,0
DA:1117,0
DA:1118,0
DA:1120,0
DA:1121,0
DA:1122,0
DA:1124,0
DA:1125,0
DA:1127,0
DA:1128,0
DA:1129,0
DA:1130,0
DA:1131,0
DA:1133,0
DA:1134,0
DA:1137,0
DA:1138,0
DA:1141,0
DA:1142,0
DA:1144,0
DA:1146,0
DA:1147,0
DA:1148,0
DA:1149,0
DA:1151,0
DA:1152,0
DA:1154,0
DA:1155,0
DA:1156,0
DA:1157,0
DA:1158,0
DA:1159,0
DA:1161,0
DA:1162,0
DA:1163,0
DA:1164,0
DA:1165,0
DA:1166,0
DA:1168,0
DA:1169,0
DA:1172,0
DA:1173,0
DA:1176,0
DA:1177,0
DA:1180,0
DA:1181,0
DA:1184,0
DA:1185,0
DA:1188,0
DA:1189,0
DA:1192,0
DA:1193,0
DA:1196,0
DA:1202,0
DA:1203,0
DA:1204,0
DA:1205,0
DA:1206,0
DA:1207,0
DA:1208,0
DA:1209,0
DA:1210,0
DA:1213,0
DA:1215,0
DA:1216,0
DA:1217,0
DA:1218,0
DA:1219,0
DA:1220,0
DA:1222,0
DA:1223,0
DA:1224,0
DA:1225,0
DA:1227,0
DA:1228,0
DA:1231,0
DA:1232,0
DA:1234,0
DA:1235,0
DA:1236,0
DA:1237,0
DA:1238,0
DA:1239,0
DA:1240,0
DA:1241,0
DA:1242,0
DA:1245,0
DA:1247,0
DA:1248,0
DA:1249,0
DA:1250,0
DA:1251,0
DA:1252,0
DA:1254,0
DA:1255,0
DA:1256,0
DA:1257,0
DA:1259,0
DA:1260,0
DA:1263,0
DA:1264,0
DA:1267,0
DA:1268,0
DA:1269,0
DA:1271,0
DA:1273,0
DA:1279,0
DA:1280,0
DA:1281,0
DA:1282,0
DA:1283,0
DA:1284,0
DA:1285,0
DA:1286,0
DA:1287,0
DA:1288,0
DA:1289,0
DA:1291,0
DA:1292,0
DA:1293,0
DA:1294,0
DA:1295,0
DA:1296,0
DA:1298,0
DA:1299,0
DA:1300,0
DA:1301,0
DA:1303,0
DA:1304,0
DA:1306,0
DA:1307,0
DA:1309,0
DA:1310,0
DA:1311,0
DA:1312,0
DA:1313,0
DA:1314,0
DA:1316,0
DA:1317,0
DA:1318,0
DA:1319,0
DA:1320,0
DA:1321,0
DA:1323,0
DA:1324,0
DA:1327,0
DA:1328,0
DA:1331,0
DA:1332,0
DA:1335,0
DA:1336,0
DA:1339,0
DA:1340,0
DA:1343,0
DA:1344,0
DA:1347,0
DA:1348,0
DA:1350,0
DA:1351,0
DA:1352,0
DA:1353,0
DA:1356,0
DA:1362,0
DA:1363,0
DA:1364,0
DA:1365,0
DA:1366,0
DA:1367,0
DA:1368,0
DA:1369,0
DA:1370,0
DA:1371,0
DA:1372,0
DA:1374,0
DA:1375,0
DA:1376,0
DA:1377,0
DA:1378,0
DA:1379,0
DA:1381,0
DA:1382,0
DA:1383,0
DA:1384,0
DA:1385,0
DA:1386,0
DA:1388,0
DA:1389,0
DA:1390,0
DA:1391,0
DA:1392,0
DA:1393,0
DA:1394,0
DA:1395,0
DA:1396,0
DA:1397,0
DA:1399,0
DA:1400,0
DA:1403,0
DA:1404,0
DA:1407,0
DA:1408,0
DA:1411,0
DA:1412,0
DA:1415,0
DA:1416,0
DA:1419,0
DA:1420,0
DA:1423,0
DA:1424,0
DA:1427,0
DA:1428,0
DA:1430,0
DA:1431,0
DA:1432,0
DA:1433,0
DA:1436,0
DA:1442,0
DA:1443,0
DA:1444,0
DA:1445,0
DA:1447,0
DA:1448,0
DA:1450,0
DA:1451,0
DA:1452,0
DA:1453,0
DA:1456,0
DA:1462,0
DA:1463,0
DA:1464,0
DA:1465,0
DA:1467,0
DA:1468,0
DA:1470,0
DA:1471,0
DA:1472,0
DA:1473,0
DA:1476,0
DA:1482,0
DA:1483,0
DA:1484,0
DA:1485,0
DA:1486,0
DA:1487,0
DA:1488,0
DA:1489,0
DA:1492,0
DA:1494,0
DA:1495,0
DA:1497,0
DA:1499,0
DA:1500,0
DA:1501,0
DA:1502,0
DA:1505,0
DA:1511,0
DA:1512,0
DA:1513,0
DA:1514,0
DA:1515,0
DA:1516,0
DA:1517,0
DA:1519,0
DA:1520,0
DA:1522,0
DA:1523,0
DA:1524,0
DA:1526,0
DA:1527,0
DA:1529,0
DA:1530,0
DA:1531,0
DA:1532,0
DA:1533,0
DA:1535,0
DA:1536,0
DA:1538,0
DA:1539,0
DA:1540,0
DA:1541,0
DA:1542,0
DA:1543,0
DA:1545,0
DA:1546,0
DA:1550,0
DA:1552,0
DA:1553,0
DA:1554,0
DA:1556,0
DA:1557,0
DA:1560,0
DA:1561,0
DA:1563,0
DA:1564,0
DA:1565,0
DA:1566,0
DA:1569,0
DA:1575,0
DA:1576,0
DA:1577,0
DA:1578,0
DA:1579,0
DA:1580,0
DA:1583,0
DA:1589,0
DA:1590,0
DA:1591,0
DA:1592,0
DA:1593,0
DA:1594,0
DA:1595,0
DA:1596,0
DA:1598,0
DA:1599,0
DA:1601,0
DA:1602,0
DA:1603,0
DA:1604,0
DA:1605,0
DA:1606,0
DA:1607,0
DA:1608,0
DA:1610,0
DA:1611,0
DA:1612,0
DA:1613,0
DA:1615,0
DA:1616,0
DA:1619,0
DA:1620,0
DA:1623,0
DA:1624,0
DA:1626,0
DA:1627,0
DA:1629,0
DA:1630,0
DA:1631,0
DA:1632,0
DA:1633,0
DA:1634,0
DA:1636,0
DA:1637,0
DA:1638,0
DA:1639,0
DA:1641,0
DA:1642,0
DA:1645,0
DA:1646,0
DA:1649,0
DA:1650,0
DA:1652,0
DA:1653,0
DA:1654,0
DA:1655,0
DA:1658,0
DA:1664,0
DA:1665,0
DA:1666,0
DA:1667,0
DA:1668,0
DA:1670,0
DA:1672,0
DA:1673,0
DA:1674,0
DA:1675,0
DA:1678,0
DA:1684,0
DA:1685,0
DA:1686,0
DA:1687,0
DA:1688,0
DA:1689,0
DA:1692,0
DA:1698,0
DA:1699,0
DA:1700,0
DA:1701,0
DA:1702,0
DA:1703,0
DA:1704,0
DA:1705,0
DA:1706,0
DA:1707,0
DA:1709,0
DA:1710,0
DA:1711,0
DA:1712,0
DA:1713,0
DA:1714,0
DA:1716,0
DA:1717,0
DA:1718,0
DA:1719,0
DA:1720,0
DA:1722,0
DA:1723,0
DA:1726,0
DA:1727,0
DA:1730,0
DA:1731,0
DA:1734,0
DA:1735,0
DA:1738,0
DA:1739,0
DA:1742,0
DA:1748,0
DA:1749,0
DA:1750,0
DA:1751,0
DA:1752,0
DA:1753,0
DA:1756,0
DA:1757,0
DA:1758,0
DA:1759,0
DA:1760,0
DA:1761,0
DA:1762,0
DA:1767,0
DA:1773,0
DA:1774,0
DA:1775,0
DA:1776,0
DA:1777,0
DA:1778,0
DA:1780,0
DA:1781,0
DA:1783,0
DA:1784,0
DA:1785,0
DA:1786,0
DA:1787,0
DA:1788,0
DA:1789,0
DA:1790,0
DA:1792,0
DA:1793,0
DA:1794,0
DA:1795,0
DA:1796,0
DA:1798,0
DA:1799,0
DA:1802,0
DA:1803,0
DA:1806,0
DA:1807,0
DA:1810,0
DA:1811,0
DA:1814,0
DA:1815,0
DA:1818,0
DA:1824,0
DA:1825,0
DA:1826,0
DA:1827,0
DA:1828,0
DA:1829,0
DA:1830,0
DA:1831,0
DA:1832,0
DA:1833,0
DA:1835,0
DA:1836,0
DA:1838,0
DA:1839,0
DA:1840,0
DA:1842,0
DA:1843,0
DA:1845,0
DA:1846,0
DA:1847,0
DA:1848,0
DA:1849,0
DA:1850,0
DA:1852,0
DA:1853,0
DA:1856,0
DA:1857,0
DA:1859,0
DA:1860,0
DA:1861,0
DA:1862,0
DA:1863,0
DA:1864,0
DA:1865,0
DA:1866,0
DA:1868,0
DA:1869,0
DA:1871,0
DA:1872,0
DA:1873,0
DA:1875,0
DA:1876,0
DA:1878,0
DA:1879,0
DA:1880,0
DA:1881,0
DA:1882,0
DA:1883,0
DA:1885,0
DA:1886,0
DA:1889,0
DA:1890,0
DA:1893,0
DA:1894,0
DA:1895,0
DA:1896,0
DA:1897,0
DA:1898,0
DA:1900,0
DA:1901,0
DA:1904,0
DA:1905,0
DA:1908,0
DA:1909,0
DA:1912,0
DA:1918,0
DA:1919,0
DA:1920,0
DA:1922,0
DA:1923,0
DA:1926,0
DA:1932,0
DA:1933,0
DA:1934,0
DA:1936,0
DA:1937,0
DA:1940,0
DA:1946,0
DA:1947,0
DA:1948,0
DA:1950,0
DA:1951,0
DA:1954,0
DA:1960,0
DA:1961,0
DA:1962,0
DA:1963,0
DA:1964,0
DA:1965,0
DA:1966,0
DA:1967,0
DA:1968,0
DA:1969,0
DA:1970,0
DA:1971,0
DA:1973,0
DA:1974,0
DA:1976,0
DA:1977,0
DA:1979,0
DA:1980,0
DA:1981,0
DA:1983,0
DA:1984,0
DA:1987,0
DA:1988,0
DA:1990,0
DA:1991,0
DA:1992,0
DA:1994,0
DA:1995,0
DA:1997,0
DA:1998,0
DA:1999,0
DA:2000,0
DA:2001,0
DA:2003,0
DA:2004,0
DA:2007,0
DA:2008,0
DA:2010,0
DA:2011,0
DA:2012,0
DA:2013,0
DA:2014,0
DA:2015,0
DA:2016,0
DA:2017,0
DA:2018,0
DA:2019,0
DA:2020,0
DA:2021,0
DA:2023,0
DA:2024,0
DA:2026,0
DA:2027,0
DA:2029,0
DA:2030,0
DA:2031,0
DA:2033,0
DA:2034,0
DA:2037,0
DA:2038,0
DA:2040,0
DA:2041,0
DA:2042,0
DA:2044,0
DA:2045,0
DA:2047,0
DA:2048,0
DA:2049,0
DA:2050,0
DA:2051,0
DA:2053,0
DA:2054,0
DA:2057,0
DA:2058,0
DA:2062,0
DA:2064,0
DA:2065,0
DA:2067,0
DA:2069,0
DA:2070,0
DA:2071,0
DA:2073,0
DA:2075,0
DA:2078,0
DA:2080,0
DA:2081,0
DA:2083,0
DA:2084,0
LF:1239
LH:4
BRDA:22,0,0,0
BRDA:22,0,1,0
BRDA:41,1,0,0
BRDA:41,1,1,0
BRDA:45,2,0,0
BRDA:45,2,1,0
BRDA:105,3,0,0
BRDA:105,3,1,0
BRDA:107,4,0,0
BRDA:107,4,1,0
BRDA:116,5,0,0
BRDA:116,5,1,0
BRDA:116,5,2,0
BRDA:130,6,0,0
BRDA:130,6,1,0
BRDA:137,7,0,0
BRDA:137,7,1,0
BRDA:200,8,0,0
BRDA:200,8,1,0
BRDA:206,9,0,0
BRDA:206,9,1,0
BRDA:290,10,0,0
BRDA:290,10,1,0
BRDA:321,11,0,0
BRDA:321,11,1,0
BRDA:322,12,0,0
BRDA:322,12,1,0
BRDA:338,13,0,0
BRDA:338,13,1,0
BRDA:348,14,0,0
BRDA:348,14,1,0
BRDA:376,15,0,0
BRDA:376,15,1,0
BRDA:391,16,0,0
BRDA:391,16,1,0
BRDA:425,17,0,0
BRDA:425,17,1,0
BRDA:427,18,0,0
BRDA:427,18,1,0
BRDA:453,19,0,0
BRDA:453,19,1,0
BRDA:456,20,0,0
BRDA:456,20,1,0
BRDA:460,21,0,0
BRDA:460,21,1,0
BRDA:474,22,0,0
BRDA:474,22,1,0
BRDA:479,23,0,0
BRDA:479,23,1,0
BRDA:489,24,0,0
BRDA:489,24,1,0
BRDA:494,25,0,0
BRDA:494,25,1,0
BRDA:497,26,0,0
BRDA:497,26,1,0
BRDA:499,27,0,0
BRDA:499,27,1,0
BRDA:508,28,0,0
BRDA:508,28,1,0
BRDA:513,29,0,0
BRDA:513,29,1,0
BRDA:522,30,0,0
BRDA:522,30,1,0
BRDA:527,31,0,0
BRDA:527,31,1,0
BRDA:538,32,0,0
BRDA:538,32,1,0
BRDA:546,33,0,0
BRDA:546,33,1,0
BRDA:551,34,0,0
BRDA:551,34,1,0
BRDA:553,35,0,0
BRDA:553,35,1,0
BRDA:569,36,0,0
BRDA:569,36,1,0
BRDA:572,37,0,0
BRDA:572,37,1,0
BRDA:580,38,0,0
BRDA:580,38,1,0
BRDA:585,39,0,0
BRDA:585,39,1,0
BRDA:587,40,0,0
BRDA:587,40,1,0
BRDA:616,41,0,0
BRDA:616,41,1,0
BRDA:622,42,0,0
BRDA:622,42,1,0
BRDA:624,43,0,0
BRDA:624,43,1,0
BRDA:648,44,0,0
BRDA:648,44,1,0
BRDA:654,45,0,0
BRDA:654,45,1,0
BRDA:656,46,0,0
BRDA:656,46,1,0
BRDA:677,47,0,0
BRDA:677,47,1,0
BRDA:681,48,0,0
BRDA:681,48,1,0
BRDA:683,49,0,0
BRDA:683,49,1,0
BRDA:694,50,0,0
BRDA:694,50,1,0
BRDA:696,51,0,0
BRDA:696,51,1,0
BRDA:698,52,0,0
BRDA:698,52,1,0
BRDA:699,53,0,0
BRDA:699,53,1,0
BRDA:704,54,0,0
BRDA:704,54,1,0
BRDA:706,55,0,0
BRDA:706,55,1,0
BRDA:707,56,0,0
BRDA:707,56,1,0
BRDA:712,57,0,0
BRDA:712,57,1,0
BRDA:714,58,0,0
BRDA:714,58,1,0
BRDA:716,59,0,0
BRDA:716,59,1,0
BRDA:721,60,0,0
BRDA:721,60,1,0
BRDA:723,61,0,0
BRDA:723,61,1,0
BRDA:728,62,0,0
BRDA:728,62,1,0
BRDA:730,63,0,0
BRDA:730,63,1,0
BRDA:735,64,0,0
BRDA:735,64,1,0
BRDA:737,65,0,0
BRDA:737,65,1,0
BRDA:742,66,0,0
BRDA:742,66,1,0
BRDA:744,67,0,0
BRDA:744,67,1,0
BRDA:749,68,0,0
BRDA:749,68,1,0
BRDA:751,69,0,0
BRDA:751,69,1,0
BRDA:756,70,0,0
BRDA:756,70,1,0
BRDA:758,71,0,0
BRDA:758,71,1,0
BRDA:763,72,0,0
BRDA:763,72,1,0
BRDA:765,73,0,0
BRDA:765,73,1,0
BRDA:770,74,0,0
BRDA:770,74,1,0
BRDA:772,75,0,0
BRDA:772,75,1,0
BRDA:777,76,0,0
BRDA:777,76,1,0
BRDA:779,77,0,0
BRDA:779,77,1,0
BRDA:784,78,0,0
BRDA:784,78,1,0
BRDA:786,79,0,0
BRDA:786,79,1,0
BRDA:791,80,0,0
BRDA:791,80,1,0
BRDA:793,81,0,0
BRDA:793,81,1,0
BRDA:797,82,0,0
BRDA:797,82,1,0
BRDA:799,83,0,0
BRDA:799,83,1,0
BRDA:801,84,0,0
BRDA:801,84,1,0
BRDA:803,85,0,0
BRDA:803,85,1,0
BRDA:822,86,0,0
BRDA:822,86,1,0
BRDA:827,87,0,0
BRDA:827,87,1,0
BRDA:848,88,0,0
BRDA:848,88,1,0
BRDA:867,89,0,0
BRDA:867,89,1,0
BRDA:872,90,0,0
BRDA:872,90,1,0
BRDA:881,91,0,0
BRDA:881,91,1,0
BRDA:886,92,0,0
BRDA:886,92,1,0
BRDA:897,93,0,0
BRDA:897,93,1,0
BRDA:899,94,0,0
BRDA:899,94,1,0
BRDA:901,95,0,0
BRDA:901,95,1,0
BRDA:906,96,0,0
BRDA:906,96,1,0
BRDA:919,97,0,0
BRDA:919,97,1,0
BRDA:924,98,0,0
BRDA:924,98,1,0
BRDA:926,99,0,0
BRDA:926,99,1,0
BRDA:928,100,0,0
BRDA:928,100,1,0
BRDA:929,101,0,0
BRDA:929,101,1,0
BRDA:934,102,0,0
BRDA:934,102,1,0
BRDA:936,103,0,0
BRDA:936,103,1,0
BRDA:941,104,0,0
BRDA:941,104,1,0
BRDA:946,105,0,0
BRDA:946,105,1,0
BRDA:949,106,0,0
BRDA:949,106,1,0
BRDA:955,107,0,0
BRDA:955,107,1,0
BRDA:957,108,0,0
BRDA:957,108,1,0
BRDA:973,109,0,0
BRDA:973,109,1,0
BRDA:978,110,0,0
BRDA:978,110,1,0
BRDA:981,111,0,0
BRDA:981,111,1,0
BRDA:987,112,0,0
BRDA:987,112,1,0
BRDA:989,113,0,0
BRDA:989,113,1,0
BRDA:1001,114,0,0
BRDA:1001,114,1,0
BRDA:1002,115,0,0
BRDA:1002,115,1,0
BRDA:1007,116,0,0
BRDA:1007,116,1,0
BRDA:1009,117,0,0
BRDA:1009,117,1,0
BRDA:1016,118,0,0
BRDA:1016,118,1,0
BRDA:1018,119,0,0
BRDA:1018,119,1,0
BRDA:1058,120,0,0
BRDA:1058,120,1,0
BRDA:1063,121,0,0
BRDA:1063,121,1,0
BRDA:1065,122,0,0
BRDA:1065,122,1,0
BRDA:1067,123,0,0
BRDA:1067,123,1,0
BRDA:1068,124,0,0
BRDA:1068,124,1,0
BRDA:1073,125,0,0
BRDA:1073,125,1,0
BRDA:1075,126,0,0
BRDA:1075,126,1,0
BRDA:1081,127,0,0
BRDA:1081,127,1,0
BRDA:1086,128,0,0
BRDA:1086,128,1,0
BRDA:1089,129,0,0
BRDA:1089,129,1,0
BRDA:1095,130,0,0
BRDA:1095,130,1,0
BRDA:1097,131,0,0
BRDA:1097,131,1,0
BRDA:1113,132,0,0
BRDA:1113,132,1,0
BRDA:1118,133,0,0
BRDA:1118,133,1,0
BRDA:1121,134,0,0
BRDA:1121,134,1,0
BRDA:1127,135,0,0
BRDA:1127,135,1,0
BRDA:1129,136,0,0
BRDA:1129,136,1,0
BRDA:1141,137,0,0
BRDA:1141,137,1,0
BRDA:1146,138,0,0
BRDA:1146,138,1,0
BRDA:1147,139,0,0
BRDA:1147,139,1,0
BRDA:1152,140,0,0
BRDA:1152,140,1,0
BRDA:1154,141,0,0
BRDA:1154,141,1,0
BRDA:1161,142,0,0
BRDA:1161,142,1,0
BRDA:1163,143,0,0
BRDA:1163,143,1,0
BRDA:1207,144,0,0
BRDA:1207,144,1,0
BRDA:1215,145,0,0
BRDA:1215,145,1,0
BRDA:1222,146,0,0
BRDA:1222,146,1,0
BRDA:1239,147,0,0
BRDA:1239,147,1,0
BRDA:1247,148,0,0
BRDA:1247,148,1,0
BRDA:1254,149,0,0
BRDA:1254,149,1,0
BRDA:1267,150,0,0
BRDA:1267,150,1,0
BRDA:1282,151,0,0
BRDA:1282,151,1,0
BRDA:1284,152,0,0
BRDA:1284,152,1,0
BRDA:1291,153,0,0
BRDA:1291,153,1,0
BRDA:1298,154,0,0
BRDA:1298,154,1,0
BRDA:1299,155,0,0
BRDA:1299,155,1,0
BRDA:1304,156,0,0
BRDA:1304,156,1,0
BRDA:1306,157,0,0
BRDA:1306,157,1,0
BRDA:1309,158,0,0
BRDA:1309,158,1,0
BRDA:1316,159,0,0
BRDA:1316,159,1,0
BRDA:1318,160,0,0
BRDA:1318,160,1,0
BRDA:1351,161,0,0
BRDA:1351,161,1,0
BRDA:1353,162,0,0
BRDA:1353,162,1,0
BRDA:1365,163,0,0
BRDA:1365,163,1,0
BRDA:1367,164,0,0
BRDA:1367,164,1,0
BRDA:1374,165,0,0
BRDA:1374,165,1,0
BRDA:1381,166,0,0
BRDA:1381,166,1,0
BRDA:1388,167,0,0
BRDA:1388,167,1,0
BRDA:1390,168,0,0
BRDA:1390,168,1,0
BRDA:1392,169,0,0
BRDA:1392,169,1,0
BRDA:1394,170,0,0
BRDA:1394,170,1,0
BRDA:1431,171,0,0
BRDA:1431,171,1,0
BRDA:1433,172,0,0
BRDA:1433,172,1,0
BRDA:1443,173,0,0
BRDA:1443,173,1,0
BRDA:1448,174,0,0
BRDA:1448,174,1,0
BRDA:1451,175,0,0
BRDA:1451,175,1,0
BRDA:1453,176,0,0
BRDA:1453,176,1,0
BRDA:1463,177,0,0
BRDA:1463,177,1,0
BRDA:1468,178,0,0
BRDA:1468,178,1,0
BRDA:1471,179,0,0
BRDA:1471,179,1,0
BRDA:1473,180,0,0
BRDA:1473,180,1,0
BRDA:1486,181,0,0
BRDA:1486,181,1,0
BRDA:1494,182,0,0
BRDA:1494,182,1,0
BRDA:1500,183,0,0
BRDA:1500,183,1,0
BRDA:1502,184,0,0
BRDA:1502,184,1,0
BRDA:1515,185,0,0
BRDA:1515,185,1,0
BRDA:1520,186,0,0
BRDA:1520,186,1,0
BRDA:1523,187,0,0
BRDA:1523,187,1,0
BRDA:1529,188,0,0
BRDA:1529,188,1,0
BRDA:1531,189,0,0
BRDA:1531,189,1,0
BRDA:1536,190,0,0
BRDA:1536,190,1,0
BRDA:1538,191,0,0
BRDA:1538,191,1,0
BRDA:1541,192,0,0
BRDA:1541,192,1,0
BRDA:1546,193,0,0
BRDA:1546,193,1,0
BRDA:1552,194,0,0
BRDA:1552,194,1,0
BRDA:1564,195,0,0
BRDA:1564,195,1,0
BRDA:1566,196,0,0
BRDA:1566,196,1,0
BRDA:1578,197,0,0
BRDA:1578,197,1,0
BRDA:1580,198,0,0
BRDA:1580,198,1,0
BRDA:1592,199,0,0
BRDA:1592,199,1,0
BRDA:1594,200,0,0
BRDA:1594,200,1,0
BRDA:1599,201,0,0
BRDA:1599,201,1,0
BRDA:1601,202,0,0
BRDA:1601,202,1,0
BRDA:1603,203,0,0
BRDA:1603,203,1,0
BRDA:1610,204,0,0
BRDA:1610,204,1,0
BRDA:1626,205,0,0
BRDA:1626,205,1,0
BRDA:1629,206,0,0
BRDA:1629,206,1,0
BRDA:1636,207,0,0
BRDA:1636,207,1,0
BRDA:1653,208,0,0
BRDA:1653,208,1,0
BRDA:1655,209,0,0
BRDA:1655,209,1,0
BRDA:1667,210,0,0
BRDA:1667,210,1,0
BRDA:1673,211,0,0
BRDA:1673,211,1,0
BRDA:1675,212,0,0
BRDA:1675,212,1,0
BRDA:1687,213,0,0
BRDA:1687,213,1,0
BRDA:1689,214,0,0
BRDA:1689,214,1,0
BRDA:1700,215,0,0
BRDA:1700,215,1,0
BRDA:1702,216,0,0
BRDA:1702,216,1,0
BRDA:1709,217,0,0
BRDA:1709,217,1,0
BRDA:1716,218,0,0
BRDA:1716,218,1,0
BRDA:1718,219,0,0
BRDA:1718,219,1,0
BRDA:1750,220,0,0
BRDA:1750,220,1,0
BRDA:1752,221,0,0
BRDA:1752,221,1,0
BRDA:1759,222,0,0
BRDA:1759,222,1,0
BRDA:1761,223,0,0
BRDA:1761,223,1,0
BRDA:1775,224,0,0
BRDA:1775,224,1,0
BRDA:1776,225,0,0
BRDA:1776,225,1,0
BRDA:1781,226,0,0
BRDA:1781,226,1,0
BRDA:1783,227,0,0
BRDA:1783,227,1,0
BRDA:1785,228,0,0
BRDA:1785,228,1,0
BRDA:1792,229,0,0
BRDA:1792,229,1,0
BRDA:1794,230,0,0
BRDA:1794,230,1,0
BRDA:1826,231,0,0
BRDA:1826,231,1,0
BRDA:1831,232,0,0
BRDA:1831,232,1,0
BRDA:1836,233,0,0
BRDA:1836,233,1,0
BRDA:1839,234,0,0
BRDA:1839,234,1,0
BRDA:1845,235,0,0
BRDA:1845,235,1,0
BRDA:1847,236,0,0
BRDA:1847,236,1,0
BRDA:1864,237,0,0
BRDA:1864,237,1,0
BRDA:1869,238,0,0
BRDA:1869,238,1,0
BRDA:1872,239,0,0
BRDA:1872,239,1,0
BRDA:1878,240,0,0
BRDA:1878,240,1,0
BRDA:1880,241,0,0
BRDA:1880,241,1,0
BRDA:1893,242,0,0
BRDA:1893,242,1,0
BRDA:1895,243,0,0
BRDA:1895,243,1,0
BRDA:1918,244,0,0
BRDA:1918,244,1,0
BRDA:1923,245,0,0
BRDA:1923,245,1,0
BRDA:1932,246,0,0
BRDA:1932,246,1,0
BRDA:1937,247,0,0
BRDA:1937,247,1,0
BRDA:1946,248,0,0
BRDA:1946,248,1,0
BRDA:1951,249,0,0
BRDA:1951,249,1,0
BRDA:1968,250,0,0
BRDA:1968,250,1,0
BRDA:1969,251,0,0
BRDA:1969,251,1,0
BRDA:1974,252,0,0
BRDA:1974,252,1,0
BRDA:1976,253,0,0
BRDA:1976,253,1,0
BRDA:1979,254,0,0
BRDA:1979,254,1,0
BRDA:1991,255,0,0
BRDA:1991,255,1,0
BRDA:1997,256,0,0
BRDA:1997,256,1,0
BRDA:1999,257,0,0
BRDA:1999,257,1,0
BRDA:2010,258,0,0
BRDA:2010,258,1,0
BRDA:2018,259,0,0
BRDA:2018,259,1,0
BRDA:2019,260,0,0
BRDA:2019,260,1,0
BRDA:2024,261,0,0
BRDA:2024,261,1,0
BRDA:2026,262,0,0
BRDA:2026,262,1,0
BRDA:2029,263,0,0
BRDA:2029,263,1,0
BRDA:2041,264,0,0
BRDA:2041,264,1,0
BRDA:2047,265,0,0
BRDA:2047,265,1,0
BRDA:2049,266,0,0
BRDA:2049,266,1,0
BRDA:2064,267,0,0
BRDA:2064,267,1,0
BRDA:2069,268,0,0
BRDA:2069,268,1,0
BRDA:2080,269,0,0
BRDA:2080,269,1,0
BRDA:2080,270,0,0
BRDA:2080,270,1,0
BRDA:2083,271,0,0
BRDA:2083,271,1,0
BRDA:2083,272,0,0
BRDA:2083,272,1,0
BRDA:2089,273,0,0
BRDA:2089,273,1,0
BRDA:2091,274,0,0
BRDA:2091,274,1,0
BRF:551
BRH:0
end_of_record
TN:
SF:/Users/furkle/Documents/wreath/src/PEG/SugarParser.js
FN:9,peg$subclass
FN:10,ctor
FN:29,(anonymous_3)
FN:31,(anonymous_4)
FN:35,(anonymous_5)
FN:48,(anonymous_6)
FN:52,(anonymous_7)
FN:56,(anonymous_8)
FN:61,hex
FN:65,literalEscape
FN:73,(anonymous_11)
FN:74,(anonymous_12)
FN:77,classEscape
FN:87,(anonymous_14)
FN:88,(anonymous_15)
FN:91,describeExpectation
FN:95,describeExpected
FN:129,describeFound
FN:154,(anonymous_20)
FN:164,(anonymous_21)
FN:171,(anonymous_22)
FN:178,(anonymous_23)
FN:185,(anonymous_24)
FN:195,(anonymous_25)
FN:198,(anonymous_26)
FN:201,(anonymous_27)
FN:204,(anonymous_28)
FN:207,(anonymous_29)
FN:210,(anonymous_30)
FN:213,(anonymous_31)
FN:222,(anonymous_32)
FN:225,(anonymous_33)
FN:246,(anonymous_34)
FN:270,(anonymous_35)
FN:271,(anonymous_36)
FN:279,(anonymous_37)
FN:305,(anonymous_38)
FN:321,(anonymous_39)
FN:331,(anonymous_40)
FN:332,(anonymous_41)
FN:336,(anonymous_42)
FN:345,(anonymous_43)
FN:363,(anonymous_44)
FN:364,(anonymous_45)
FN:382,(anonymous_46)
FN:389,(anonymous_47)
FN:405,(anonymous_48)
FN:416,(anonymous_49)
FN:425,(anonymous_50)
FN:446,text
FN:450,location
FN:454,expected
FN:464,error
FN:470,peg$literalExpectation
FN:474,peg$classExpectation
FN:478,peg$anyExpectation
FN:482,peg$endExpectation
FN:486,peg$otherExpectation
FN:490,peg$computePosDetails
FN:523,peg$computeLocation
FN:541,peg$fail
FN:552,peg$buildSimpleError
FN:556,peg$buildStructuredError
FN:565,peg$parsestart
FN:578,peg$parseallGlobalTypes
FN:601,peg$parseany
FN:615,peg$parsews
FN:635,peg$parsecomma
FN:649,peg$parsenumber
FN:751,peg$parsedoubleQuote
FN:765,peg$parsesingleQuote
FN:779,peg$parsestring
FN:854,peg$parsebareString
FN:883,peg$parsedoubleQuoteCharacter
FN:915,peg$parsesingleQuoteCharacter
FN:947,peg$parsestrChar
FN:964,peg$parseescapeSequence
FN:1139,peg$parseunescaped
FN:1153,peg$parseescapeCharacter
FN:1167,peg$parseHEXDIG
FN:1181,peg$parseinvokeNameChar
FN:1195,peg$parselinkLiteral
FN:1227,peg$parsetwoPartLinkContents
FN:1280,peg$parseonePartLinkContents
FN:1309,peg$parselinkChar
FN:1323,peg$parselinkOpen
FN:1337,peg$parselinkClose
FN:1351,peg$parselinkTextItem
FN:1432,peg$parselinkTextEnder
FN:1487,peg$parsepassageNameChar
FN:1501,peg$parsecomment
FN:1595,peg$parsecommentOpen
FN:1609,peg$parsecommentClose
FN:1623,peg$parseelem
FN:1646,peg$parsescript
FN:1785,peg$parsestyle
FN:1930,peg$parsescriptOrStyleAttrs
FN:2007,peg$parsesingleTagElement
FN:2090,peg$parsedoubleTagElement
FN:2170,peg$parseelemOpenChar
FN:2190,peg$parseelemCloseChar
FN:2210,peg$parseelemKey
FN:2239,peg$parseelemKeyChar
FN:2303,peg$parseelemTag
FN:2317,peg$parseelemAttr
FN:2392,peg$parseelemAttrKey
FN:2412,peg$parseelemAttrValue
FN:2426,peg$parseelemOpen
FN:2476,peg$parseelemContents
FN:2489,peg$parseelemClose
FN:2540,peg$parseinvokeOpen
FN:2560,peg$parseinvokeClose
FN:2580,peg$parseinvokeName
FN:2603,peg$parsevariableOpen
FN:2623,peg$parsevariable
FN:2661,peg$parsearg
FN:2747,peg$parseinvocation
FN:2758,peg$parsewithoutBodyInvocation
FN:2809,peg$parsewithBodyInvocation
FN:2876,peg$parsetext
FNF:120
FNH:2
FNDA:2,peg$subclass
FNDA:2,ctor
FNDA:0,(anonymous_3)
FNDA:0,(anonymous_4)
FNDA:0,(anonymous_5)
FNDA:0,(anonymous_6)
FNDA:0,(anonymous_7)
FNDA:0,(anonymous_8)
FNDA:0,hex
FNDA:0,literalEscape
FNDA:0,(anonymous_11)
FNDA:0,(anonymous_12)
FNDA:0,classEscape
FNDA:0,(anonymous_14)
FNDA:0,(anonymous_15)
FNDA:0,describeExpectation
FNDA:0,describeExpected
FNDA:0,describeFound
FNDA:0,(anonymous_20)
FNDA:0,(anonymous_21)
FNDA:0,(anonymous_22)
FNDA:0,(anonymous_23)
FNDA:0,(anonymous_24)
FNDA:0,(anonymous_25)
FNDA:0,(anonymous_26)
FNDA:0,(anonymous_27)
FNDA:0,(anonymous_28)
FNDA:0,(anonymous_29)
FNDA:0,(anonymous_30)
FNDA:0,(anonymous_31)
FNDA:0,(anonymous_32)
FNDA:0,(anonymous_33)
FNDA:0,(anonymous_34)
FNDA:0,(anonymous_35)
FNDA:0,(anonymous_36)
FNDA:0,(anonymous_37)
FNDA:0,(anonymous_38)
FNDA:0,(anonymous_39)
FNDA:0,(anonymous_40)
FNDA:0,(anonymous_41)
FNDA:0,(anonymous_42)
FNDA:0,(anonymous_43)
FNDA:0,(anonymous_44)
FNDA:0,(anonymous_45)
FNDA:0,(anonymous_46)
FNDA:0,(anonymous_47)
FNDA:0,(anonymous_48)
FNDA:0,(anonymous_49)
FNDA:0,(anonymous_50)
FNDA:0,text
FNDA:0,location
FNDA:0,expected
FNDA:0,error
FNDA:0,peg$literalExpectation
FNDA:0,peg$classExpectation
FNDA:0,peg$anyExpectation
FNDA:0,peg$endExpectation
FNDA:0,peg$otherExpectation
FNDA:0,peg$computePosDetails
FNDA:0,peg$computeLocation
FNDA:0,peg$fail
FNDA:0,peg$buildSimpleError
FNDA:0,peg$buildStructuredError
FNDA:0,peg$parsestart
FNDA:0,peg$parseallGlobalTypes
FNDA:0,peg$parseany
FNDA:0,peg$parsews
FNDA:0,peg$parsecomma
FNDA:0,peg$parsenumber
FNDA:0,peg$parsedoubleQuote
FNDA:0,peg$parsesingleQuote
FNDA:0,peg$parsestring
FNDA:0,peg$parsebareString
FNDA:0,peg$parsedoubleQuoteCharacter
FNDA:0,peg$parsesingleQuoteCharacter
FNDA:0,peg$parsestrChar
FNDA:0,peg$parseescapeSequence
FNDA:0,peg$parseunescaped
FNDA:0,peg$parseescapeCharacter
FNDA:0,peg$parseHEXDIG
FNDA:0,peg$parseinvokeNameChar
FNDA:0,peg$parselinkLiteral
FNDA:0,peg$parsetwoPartLinkContents
FNDA:0,peg$parseonePartLinkContents
FNDA:0,peg$parselinkChar
FNDA:0,peg$parselinkOpen
FNDA:0,peg$parselinkClose
FNDA:0,peg$parselinkTextItem
FNDA:0,peg$parselinkTextEnder
FNDA:0,peg$parsepassageNameChar
FNDA:0,peg$parsecomment
FNDA:0,peg$parsecommentOpen
FNDA:0,peg$parsecommentClose
FNDA:0,peg$parseelem
FNDA:0,peg$parsescript
FNDA:0,peg$parsestyle
FNDA:0,peg$parsescriptOrStyleAttrs
FNDA:0,peg$parsesingleTagElement
FNDA:0,peg$parsedoubleTagElement
FNDA:0,peg$parseelemOpenChar
FNDA:0,peg$parseelemCloseChar
FNDA:0,peg$parseelemKey
FNDA:0,peg$parseelemKeyChar
FNDA:0,peg$parseelemTag
FNDA:0,peg$parseelemAttr
FNDA:0,peg$parseelemAttrKey
FNDA:0,peg$parseelemAttrValue
FNDA:0,peg$parseelemOpen
FNDA:0,peg$parseelemContents
FNDA:0,peg$parseelemClose
FNDA:0,peg$parseinvokeOpen
FNDA:0,peg$parseinvokeClose
FNDA:0,peg$parseinvokeName
FNDA:0,peg$parsevariableOpen
FNDA:0,peg$parsevariable
FNDA:0,peg$parsearg
FNDA:0,peg$parseinvocation
FNDA:0,peg$parsewithoutBodyInvocation
FNDA:0,peg$parsewithBodyInvocation
FNDA:0,peg$parsetext
DA:10,2
DA:11,2
DA:12,2
DA:16,0
DA:17,0
DA:18,0
DA:19,0
DA:20,0
DA:22,0
DA:23,0
DA:29,2
DA:32,0
DA:36,0
DA:39,0
DA:40,0
DA:45,0
DA:49,0
DA:53,0
DA:57,0
DA:62,0
DA:66,0
DA:73,0
DA:74,0
DA:78,0
DA:87,0
DA:88,0
DA:92,0
DA:96,0
DA:99,0
DA:100,0
DA:103,0
DA:105,0
DA:106,0
DA:107,0
DA:108,0
DA:109,0
DA:112,0
DA:117,0
DA:120,0
DA:123,0
DA:130,0
DA:133,0
DA:137,0
DA:139,0
DA:141,0
DA:142,0
DA:144,0
DA:145,0
DA:146,0
DA:147,0
DA:148,0
DA:149,0
DA:150,0
DA:151,0
DA:152,0
DA:153,0
DA:154,0
DA:160,0
DA:161,0
DA:162,0
DA:163,0
DA:164,0
DA:171,0
DA:178,0
DA:185,0
DA:186,0
DA:188,0
DA:189,0
DA:190,0
DA:191,0
DA:192,0
DA:193,0
DA:194,0
DA:195,0
DA:196,0
DA:197,0
DA:198,0
DA:199,0
DA:200,0
DA:201,0
DA:202,0
DA:203,0
DA:204,0
DA:205,0
DA:206,0
DA:207,0
DA:208,0
DA:209,0
DA:210,0
DA:211,0
DA:213,0
DA:214,0
DA:216,0
DA:217,0
DA:218,0
DA:219,0
DA:220,0
DA:221,0
DA:222,0
DA:223,0
DA:225,0
DA:226,0
DA:227,0
DA:231,0
DA:232,0
DA:233,0
DA:234,0
DA:236,0
DA:246,0
DA:254,0
DA:255,0
DA:256,0
DA:257,0
DA:258,0
DA:259,0
DA:260,0
DA:261,0
DA:262,0
DA:263,0
DA:264,0
DA:265,0
DA:266,0
DA:267,0
DA:268,0
DA:269,0
DA:270,0
DA:271,0
DA:277,0
DA:278,0
DA:279,0
DA:280,0
DA:281,0
DA:282,0
DA:283,0
DA:284,0
DA:285,0
DA:286,0
DA:287,0
DA:288,0
DA:292,0
DA:295,0
DA:297,0
DA:298,0
DA:299,0
DA:300,0
DA:301,0
DA:302,0
DA:303,0
DA:304,0
DA:305,0
DA:315,0
DA:316,0
DA:317,0
DA:318,0
DA:319,0
DA:320,0
DA:321,0
DA:331,0
DA:332,0
DA:333,0
DA:335,0
DA:336,0
DA:344,0
DA:345,0
DA:353,0
DA:354,0
DA:355,0
DA:356,0
DA:357,0
DA:358,0
DA:359,0
DA:360,0
DA:361,0
DA:362,0
DA:363,0
DA:364,0
DA:371,0
DA:372,0
DA:373,0
DA:374,0
DA:375,0
DA:376,0
DA:377,0
DA:378,0
DA:379,0
DA:380,0
DA:381,0
DA:382,0
DA:388,0
DA:389,0
DA:390,0
DA:391,0
DA:399,0
DA:400,0
DA:403,0
DA:405,0
DA:414,0
DA:415,0
DA:416,0
DA:425,0
DA:426,0
DA:429,0
DA:430,0
DA:431,0
DA:432,0
DA:433,0
DA:434,0
DA:438,0
DA:439,0
DA:440,0
DA:443,0
DA:447,0
DA:451,0
DA:455,0
DA:465,0
DA:467,0
DA:471,0
DA:475,0
DA:479,0
DA:483,0
DA:487,0
DA:491,0
DA:493,0
DA:494,0
DA:496,0
DA:497,0
DA:498,0
DA:501,0
DA:507,0
DA:508,0
DA:509,0
DA:510,0
DA:512,0
DA:515,0
DA:518,0
DA:519,0
DA:524,0
DA:525,0
DA:542,0
DA:544,0
DA:545,0
DA:546,0
DA:549,0
DA:553,0
DA:568,0
DA:569,0
DA:570,0
DA:571,0
DA:572,0
DA:575,0
DA:581,0
DA:582,0
DA:583,0
DA:584,0
DA:585,0
DA:586,0
DA:587,0
DA:588,0
DA:589,0
DA:590,0
DA:591,0
DA:598,0
DA:604,0
DA:605,0
DA:606,0
DA:608,0
DA:609,0
DA:612,0
DA:618,0
DA:619,0
DA:620,0
DA:621,0
DA:623,0
DA:624,0
DA:626,0
DA:627,0
DA:628,0
DA:629,0
DA:632,0
DA:638,0
DA:639,0
DA:640,0
DA:642,0
DA:643,0
DA:646,0
DA:652,0
DA:653,0
DA:654,0
DA:655,0
DA:656,0
DA:657,0
DA:659,0
DA:660,0
DA:662,0
DA:663,0
DA:664,0
DA:665,0
DA:666,0
DA:668,0
DA:669,0
DA:672,0
DA:673,0
DA:674,0
DA:675,0
DA:677,0
DA:678,0
DA:680,0
DA:681,0
DA:682,0
DA:683,0
DA:684,0
DA:686,0
DA:687,0
DA:689,0
DA:690,0
DA:691,0
DA:692,0
DA:693,0
DA:694,0
DA:696,0
DA:697,0
DA:701,0
DA:703,0
DA:704,0
DA:705,0
DA:707,0
DA:708,0
DA:711,0
DA:712,0
DA:715,0
DA:716,0
DA:718,0
DA:719,0
DA:720,0
DA:721,0
DA:722,0
DA:724,0
DA:725,0
DA:727,0
DA:728,0
DA:729,0
DA:730,0
DA:731,0
DA:732,0
DA:734,0
DA:735,0
DA:739,0
DA:742,0
DA:743,0
DA:744,0
DA:746,0
DA:748,0
DA:754,0
DA:755,0
DA:756,0
DA:758,0
DA:759,0
DA:762,0
DA:768,0
DA:769,0
DA:770,0
DA:772,0
DA:773,0
DA:776,0
DA:782,0
DA:783,0
DA:784,0
DA:785,0
DA:786,0
DA:787,0
DA:788,0
DA:789,0
DA:790,0
DA:792,0
DA:793,0
DA:795,0
DA:797,0
DA:798,0
DA:799,0
DA:800,0
DA:801,0
DA:802,0
DA:804,0
DA:805,0
DA:808,0
DA:809,0
DA:812,0
DA:813,0
DA:815,0
DA:816,0
DA:817,0
DA:818,0
DA:819,0
DA:820,0
DA:821,0
DA:822,0
DA:823,0
DA:824,0
DA:826,0
DA:827,0
DA:829,0
DA:831,0
DA:832,0
DA:833,0
DA:834,0
DA:835,0
DA:836,0
DA:838,0
DA:839,0
DA:842,0
DA:843,0
DA:846,0
DA:847,0
DA:851,0
DA:857,0
DA:858,0
DA:859,0
DA:860,0
DA:861,0
DA:862,0
DA:863,0
DA:864,0
DA:867,0
DA:869,0
DA:870,0
DA:872,0
DA:874,0
DA:875,0
DA:876,0
DA:878,0
DA:880,0
DA:886,0
DA:887,0
DA:888,0
DA:889,0
DA:890,0
DA:891,0
DA:892,0
DA:894,0
DA:895,0
DA:897,0
DA:898,0
DA:899,0
DA:900,0
DA:901,0
DA:902,0
DA:904,0
DA:905,0
DA:908,0
DA:909,0
DA:912,0
DA:918,0
DA:919,0
DA:920,0
DA:921,0
DA:922,0
DA:923,0
DA:924,0
DA:926,0
DA:927,0
DA:929,0
DA:930,0
DA:931,0
DA:932,0
DA:933,0
DA:934,0
DA:936,0
DA:937,0
DA:940,0
DA:941,0
DA:944,0
DA:950,0
DA:951,0
DA:952,0
DA:953,0
DA:955,0
DA:956,0
DA:957,0
DA:958,0
DA:961,0
DA:967,0
DA:968,0
DA:969,0
DA:970,0
DA:971,0
DA:972,0
DA:973,0
DA:974,0
DA:975,0
DA:976,0
DA:978,0
DA:979,0
DA:981,0
DA:982,0
DA:983,0
DA:984,0
DA:986,0
DA:987,0
DA:989,0
DA:990,0
DA:991,0
DA:992,0
DA:993,0
DA:995,0
DA:996,0
DA:998,0
DA:999,0
DA:1000,0
DA:1002,0
DA:1003,0
DA:1004,0
DA:1005,0
DA:1006,0
DA:1007,0
DA:1009,0
DA:1010,0
DA:1012,0
DA:1013,0
DA:1014,0
DA:1016,0
DA:1017,0
DA:1018,0
DA:1019,0
DA:1020,0
DA:1021,0
DA:1023,0
DA:1024,0
DA:1026,0
DA:1027,0
DA:1028,0
DA:1030,0
DA:1031,0
DA:1032,0
DA:1033,0
DA:1034,0
DA:1035,0
DA:1037,0
DA:1038,0
DA:1040,0
DA:1041,0
DA:1042,0
DA:1044,0
DA:1045,0
DA:1046,0
DA:1047,0
DA:1048,0
DA:1049,0
DA:1051,0
DA:1052,0
DA:1054,0
DA:1055,0
DA:1056,0
DA:1058,0
DA:1059,0
DA:1060,0
DA:1061,0
DA:1062,0
DA:1063,0
DA:1065,0
DA:1066,0
DA:1068,0
DA:1069,0
DA:1070,0
DA:1071,0
DA:1072,0
DA:1073,0
DA:1074,0
DA:1075,0
DA:1076,0
DA:1077,0
DA:1078,0
DA:1079,0
DA:1080,0
DA:1082,0
DA:1083,0
DA:1086,0
DA:1087,0
DA:1090,0
DA:1091,0
DA:1094,0
DA:1095,0
DA:1097,0
DA:1098,0
DA:1100,0
DA:1102,0
DA:1103,0
DA:1104,0
DA:1105,0
DA:1107,0
DA:1108,0
DA:1111,0
DA:1112,0
DA:1123,0
DA:1124,0
DA:1125,0
DA:1126,0
DA:1128,0
DA:1129,0
DA:1132,0
DA:1133,0
DA:1136,0
DA:1142,0
DA:1143,0
DA:1144,0
DA:1146,0
DA:1147,0
DA:1150,0
DA:1156,0
DA:1157,0
DA:1158,0
DA:1160,0
DA:1161,0
DA:1164,0
DA:1170,0
DA:1171,0
DA:1172,0
DA:1174,0
DA:1175,0
DA:1178,0
DA:1184,0
DA:1185,0
DA:1186,0
DA:1188,0
DA:1189,0
DA:1192,0
DA:1198,0
DA:1199,0
DA:1200,0
DA:1201,0
DA:1202,0
DA:1203,0
DA:1205,0
DA:1206,0
DA:1207,0
DA:1208,0
DA:1209,0
DA:1210,0
DA:1212,0
DA:1213,0
DA:1216,0
DA:1217,0
DA:1220,0
DA:1221,0
DA:1224,0
DA:1230,0
DA:1231,0
DA:1232,0
DA:1233,0
DA:1234,0
DA:1235,0
DA:1236,0
DA:1239,0
DA:1241,0
DA:1242,0
DA:1243,0
DA:1244,0
DA:1245,0
DA:1246,0
DA:1247,0
DA:1248,0
DA:1249,0
DA:1250,0
DA:1253,0
DA:1255,0
DA:1256,0
DA:1258,0
DA:1260,0
DA:1261,0
DA:1262,0
DA:1263,0
DA:1265,0
DA:1266,0
DA:1269,0
DA:1270,0
DA:1273,0
DA:1274,0
DA:1277,0
DA:1283,0
DA:1284,0
DA:1285,0
DA:1286,0
DA:1287,0
DA:1288,0
DA:1289,0
DA:1290,0
DA:1293,0
DA:1295,0
DA:1296,0
DA:1298,0
DA:1300,0
DA:1301,0
DA:1302,0
DA:1304,0
DA:1306,0
DA:1312,0
DA:1313,0
DA:1314,0
DA:1316,0
DA:1317,0
DA:1320,0
DA:1326,0
DA:1327,0
DA:1328,0
DA:1330,0
DA:1331,0
DA:1334,0
DA:1340,0
DA:1341,0
DA:1342,0
DA:1344,0
DA:1345,0
DA:1348,0
DA:1354,0
DA:1355,0
DA:1356,0
DA:1357,0
DA:1358,0
DA:1359,0
DA:1360,0
DA:1361,0
DA:1362,0
DA:1363,0
DA:1364,0
DA:1365,0
DA:1366,0
DA:1367,0
DA:1368,0
DA:1369,0
DA:1370,0
DA:1372,0
DA:1373,0
DA:1375,0
DA:1376,0
DA:1377,0
DA:1378,0
DA:1379,0
DA:1381,0
DA:1382,0
DA:1385,0
DA:1386,0
DA:1388,0
DA:1389,0
DA:1390,0
DA:1391,0
DA:1392,0
DA:1393,0
DA:1394,0
DA:1395,0
DA:1396,0
DA:1397,0
DA:1399,0
DA:1400,0
DA:1402,0
DA:1403,0
DA:1404,0
DA:1405,0
DA:1406,0
DA:1408,0
DA:1409,0
DA:1412,0
DA:1413,0
DA:1417,0
DA:1419,0
DA:1420,0
DA:1422,0
DA:1429,0
DA:1435,0
DA:1436,0
DA:1437,0
DA:1439,0
DA:1440,0
DA:1442,0
DA:1443,0
DA:1444,0
DA:1445,0
DA:1447,0
DA:1448,0
DA:1450,0
DA:1451,0
DA:1452,0
DA:1453,0
DA:1455,0
DA:1456,0
DA:1458,0
DA:1459,0
DA:1460,0
DA:1461,0
DA:1462,0
DA:1464,0
DA:1465,0
DA:1467,0
DA:1468,0
DA:1469,0
DA:1470,0
DA:1471,0
DA:1473,0
DA:1474,0
DA:1477,0
DA:1478,0
DA:1484,0
DA:1490,0
DA:1491,0
DA:1492,0
DA:1494,0
DA:1495,0
DA:1498,0
DA:1504,0
DA:1505,0
DA:1506,0
DA:1507,0
DA:1508,0
DA:1509,0
DA:1510,0
DA:1511,0
DA:1512,0
DA:1513,0
DA:1515,0
DA:1516,0
DA:1518,0
DA:1519,0
DA:1520,0
DA:1522,0
DA:1523,0
DA:1525,0
DA:1526,0
DA:1527,0
DA:1528,0
DA:1529,0
DA:1530,0
DA:1532,0
DA:1533,0
DA:1536,0
DA:1537,0
DA:1539,0
DA:1540,0
DA:1541,0
DA:1542,0
DA:1543,0
DA:1544,0
DA:1545,0
DA:1546,0
DA:1548,0
DA:1549,0
DA:1551,0
DA:1552,0
DA:1553,0
DA:1555,0
DA:1556,0
DA:1558,0
DA:1559,0
DA:1560,0
DA:1561,0
DA:1562,0
DA:1563,0
DA:1565,0
DA:1566,0
DA:1569,0
DA:1570,0
DA:1573,0
DA:1574,0
DA:1575,0
DA:1576,0
DA:1577,0
DA:1578,0
DA:1580,0
DA:1581,0
DA:1584,0
DA:1585,0
DA:1588,0
DA:1589,0
DA:1592,0
DA:1598,0
DA:1599,0
DA:1600,0
DA:1602,0
DA:1603,0
DA:1606,0
DA:1612,0
DA:1613,0
DA:1614,0
DA:1616,0
DA:1617,0
DA:1620,0
DA:1626,0
DA:1627,0
DA:1628,0
[...]
BRDA:669,40,0,0
BRDA:669,40,1,0
BRDA:672,41,0,0
BRDA:672,41,1,0
BRDA:673,42,0,0
BRDA:673,42,1,0
BRDA:678,43,0,0
BRDA:678,43,1,0
BRDA:680,44,0,0
BRDA:680,44,1,0
BRDA:682,45,0,0
BRDA:682,45,1,0
BRDA:687,46,0,0
BRDA:687,46,1,0
BRDA:689,47,0,0
BRDA:689,47,1,0
BRDA:692,48,0,0
BRDA:692,48,1,0
BRDA:697,49,0,0
BRDA:697,49,1,0
BRDA:703,50,0,0
BRDA:703,50,1,0
BRDA:718,51,0,0
BRDA:718,51,1,0
BRDA:720,52,0,0
BRDA:720,52,1,0
BRDA:725,53,0,0
BRDA:725,53,1,0
BRDA:727,54,0,0
BRDA:727,54,1,0
BRDA:730,55,0,0
BRDA:730,55,1,0
BRDA:735,56,0,0
BRDA:735,56,1,0
BRDA:742,57,0,0
BRDA:742,57,1,0
BRDA:754,58,0,0
BRDA:754,58,1,0
BRDA:759,59,0,0
BRDA:759,59,1,0
BRDA:768,60,0,0
BRDA:768,60,1,0
BRDA:773,61,0,0
BRDA:773,61,1,0
BRDA:784,62,0,0
BRDA:784,62,1,0
BRDA:792,63,0,0
BRDA:792,63,1,0
BRDA:797,64,0,0
BRDA:797,64,1,0
BRDA:799,65,0,0
BRDA:799,65,1,0
BRDA:815,66,0,0
BRDA:815,66,1,0
BRDA:818,67,0,0
BRDA:818,67,1,0
BRDA:826,68,0,0
BRDA:826,68,1,0
BRDA:831,69,0,0
BRDA:831,69,1,0
BRDA:833,70,0,0
BRDA:833,70,1,0
BRDA:861,71,0,0
BRDA:861,71,1,0
BRDA:869,72,0,0
BRDA:869,72,1,0
BRDA:874,73,0,0
BRDA:874,73,1,0
BRDA:891,74,0,0
BRDA:891,74,1,0
BRDA:897,75,0,0
BRDA:897,75,1,0
BRDA:899,76,0,0
BRDA:899,76,1,0
BRDA:923,77,0,0
BRDA:923,77,1,0
BRDA:929,78,0,0
BRDA:929,78,1,0
BRDA:931,79,0,0
BRDA:931,79,1,0
BRDA:952,80,0,0
BRDA:952,80,1,0
BRDA:956,81,0,0
BRDA:956,81,1,0
BRDA:958,82,0,0
BRDA:958,82,1,0
BRDA:969,83,0,0
BRDA:969,83,1,0
BRDA:971,84,0,0
BRDA:971,84,1,0
BRDA:973,85,0,0
BRDA:973,85,1,0
BRDA:974,86,0,0
BRDA:974,86,1,0
BRDA:979,87,0,0
BRDA:979,87,1,0
BRDA:981,88,0,0
BRDA:981,88,1,0
BRDA:982,89,0,0
BRDA:982,89,1,0
BRDA:987,90,0,0
BRDA:987,90,1,0
BRDA:989,91,0,0
BRDA:989,91,1,0
BRDA:991,92,0,0
BRDA:991,92,1,0
BRDA:996,93,0,0
BRDA:996,93,1,0
BRDA:998,94,0,0
BRDA:998,94,1,0
BRDA:1003,95,0,0
BRDA:1003,95,1,0
BRDA:1005,96,0,0
BRDA:1005,96,1,0
BRDA:1010,97,0,0
BRDA:1010,97,1,0
BRDA:1012,98,0,0
BRDA:1012,98,1,0
BRDA:1017,99,0,0
BRDA:1017,99,1,0
BRDA:1019,100,0,0
BRDA:1019,100,1,0
BRDA:1024,101,0,0
BRDA:1024,101,1,0
BRDA:1026,102,0,0
BRDA:1026,102,1,0
BRDA:1031,103,0,0
BRDA:1031,103,1,0
BRDA:1033,104,0,0
BRDA:1033,104,1,0
BRDA:1038,105,0,0
BRDA:1038,105,1,0
BRDA:1040,106,0,0
BRDA:1040,106,1,0
BRDA:1045,107,0,0
BRDA:1045,107,1,0
BRDA:1047,108,0,0
BRDA:1047,108,1,0
BRDA:1052,109,0,0
BRDA:1052,109,1,0
BRDA:1054,110,0,0
BRDA:1054,110,1,0
BRDA:1059,111,0,0
BRDA:1059,111,1,0
BRDA:1061,112,0,0
BRDA:1061,112,1,0
BRDA:1066,113,0,0
BRDA:1066,113,1,0
BRDA:1068,114,0,0
BRDA:1068,114,1,0
BRDA:1072,115,0,0
BRDA:1072,115,1,0
BRDA:1074,116,0,0
BRDA:1074,116,1,0
BRDA:1076,117,0,0
BRDA:1076,117,1,0
BRDA:1078,118,0,0
BRDA:1078,118,1,0
BRDA:1097,119,0,0
BRDA:1097,119,1,0
BRDA:1102,120,0,0
BRDA:1102,120,1,0
BRDA:1123,121,0,0
BRDA:1123,121,1,0
BRDA:1142,122,0,0
BRDA:1142,122,1,0
BRDA:1147,123,0,0
BRDA:1147,123,1,0
BRDA:1156,124,0,0
BRDA:1156,124,1,0
BRDA:1161,125,0,0
BRDA:1161,125,1,0
BRDA:1170,126,0,0
BRDA:1170,126,1,0
BRDA:1175,127,0,0
BRDA:1175,127,1,0
BRDA:1184,128,0,0
BRDA:1184,128,1,0
BRDA:1189,129,0,0
BRDA:1189,129,1,0
BRDA:1200,130,0,0
BRDA:1200,130,1,0
BRDA:1202,131,0,0
BRDA:1202,131,1,0
BRDA:1205,132,0,0
BRDA:1205,132,1,0
BRDA:1207,133,0,0
BRDA:1207,133,1,0
BRDA:1233,134,0,0
BRDA:1233,134,1,0
BRDA:1241,135,0,0
BRDA:1241,135,1,0
BRDA:1243,136,0,0
BRDA:1243,136,1,0
BRDA:1247,137,0,0
BRDA:1247,137,1,0
BRDA:1255,138,0,0
BRDA:1255,138,1,0
BRDA:1260,139,0,0
BRDA:1260,139,1,0
BRDA:1287,140,0,0
BRDA:1287,140,1,0
BRDA:1295,141,0,0
BRDA:1295,141,1,0
BRDA:1300,142,0,0
BRDA:1300,142,1,0
BRDA:1312,143,0,0
BRDA:1312,143,1,0
BRDA:1317,144,0,0
BRDA:1317,144,1,0
BRDA:1326,145,0,0
BRDA:1326,145,1,0
BRDA:1331,146,0,0
BRDA:1331,146,1,0
BRDA:1340,147,0,0
BRDA:1340,147,1,0
BRDA:1345,148,0,0
BRDA:1345,148,1,0
BRDA:1355,149,0,0
BRDA:1355,149,1,0
BRDA:1357,150,0,0
BRDA:1357,150,1,0
BRDA:1359,151,0,0
BRDA:1359,151,1,0
BRDA:1361,152,0,0
BRDA:1361,152,1,0
BRDA:1369,153,0,0
BRDA:1369,153,1,0
BRDA:1375,154,0,0
BRDA:1375,154,1,0
BRDA:1377,155,0,0
BRDA:1377,155,1,0
BRDA:1388,156,0,0
BRDA:1388,156,1,0
BRDA:1396,157,0,0
BRDA:1396,157,1,0
BRDA:1402,158,0,0
BRDA:1402,158,1,0
BRDA:1404,159,0,0
BRDA:1404,159,1,0
BRDA:1419,160,0,0
BRDA:1419,160,1,0
BRDA:1435,161,0,0
BRDA:1435,161,1,0
BRDA:1440,162,0,0
BRDA:1440,162,1,0
BRDA:1442,163,0,0
BRDA:1442,163,1,0
BRDA:1443,164,0,0
BRDA:1443,164,1,0
BRDA:1448,165,0,0
BRDA:1448,165,1,0
BRDA:1450,166,0,0
BRDA:1450,166,1,0
BRDA:1451,167,0,0
BRDA:1451,167,1,0
BRDA:1456,168,0,0
BRDA:1456,168,1,0
BRDA:1458,169,0,0
BRDA:1458,169,1,0
BRDA:1460,170,0,0
BRDA:1460,170,1,0
BRDA:1465,171,0,0
BRDA:1465,171,1,0
BRDA:1467,172,0,0
BRDA:1467,172,1,0
BRDA:1469,173,0,0
BRDA:1469,173,1,0
BRDA:1490,174,0,0
BRDA:1490,174,1,0
BRDA:1495,175,0,0
BRDA:1495,175,1,0
BRDA:1506,176,0,0
BRDA:1506,176,1,0
BRDA:1511,177,0,0
BRDA:1511,177,1,0
BRDA:1516,178,0,0
BRDA:1516,178,1,0
BRDA:1519,179,0,0
BRDA:1519,179,1,0
BRDA:1525,180,0,0
BRDA:1525,180,1,0
BRDA:1527,181,0,0
BRDA:1527,181,1,0
BRDA:1544,182,0,0
BRDA:1544,182,1,0
BRDA:1549,183,0,0
BRDA:1549,183,1,0
BRDA:1552,184,0,0
BRDA:1552,184,1,0
BRDA:1558,185,0,0
BRDA:1558,185,1,0
BRDA:1560,186,0,0
BRDA:1560,186,1,0
BRDA:1573,187,0,0
BRDA:1573,187,1,0
BRDA:1575,188,0,0
BRDA:1575,188,1,0
BRDA:1598,189,0,0
BRDA:1598,189,1,0
BRDA:1603,190,0,0
BRDA:1603,190,1,0
BRDA:1612,191,0,0
BRDA:1612,191,1,0
BRDA:1617,192,0,0
BRDA:1617,192,1,0
BRDA:1628,193,0,0
BRDA:1628,193,1,0
BRDA:1630,194,0,0
BRDA:1630,194,1,0
BRDA:1632,195,0,0
BRDA:1632,195,1,0
BRDA:1637,196,0,0
BRDA:1637,196,1,0
BRDA:1650,197,0,0
BRDA:1650,197,1,0
BRDA:1655,198,0,0
BRDA:1655,198,1,0
BRDA:1657,199,0,0
BRDA:1657,199,1,0
BRDA:1659,200,0,0
BRDA:1659,200,1,0
BRDA:1660,201,0,0
BRDA:1660,201,1,0
BRDA:1665,202,0,0
BRDA:1665,202,1,0
BRDA:1667,203,0,0
BRDA:1667,203,1,0
BRDA:1672,204,0,0
BRDA:1672,204,1,0
BRDA:1677,205,0,0
BRDA:1677,205,1,0
BRDA:1680,206,0,0
BRDA:1680,206,1,0
BRDA:1686,207,0,0
BRDA:1686,207,1,0
BRDA:1688,208,0,0
BRDA:1688,208,1,0
BRDA:1704,209,0,0
BRDA:1704,209,1,0
BRDA:1709,210,0,0
BRDA:1709,210,1,0
BRDA:1712,211,0,0
BRDA:1712,211,1,0
BRDA:1718,212,0,0
BRDA:1718,212,1,0
BRDA:1720,213,0,0
BRDA:1720,213,1,0
BRDA:1732,214,0,0
BRDA:1732,214,1,0
BRDA:1733,215,0,0
BRDA:1733,215,1,0
BRDA:1738,216,0,0
BRDA:1738,216,1,0
BRDA:1740,217,0,0
BRDA:1740,217,1,0
BRDA:1747,218,0,0
BRDA:1747,218,1,0
BRDA:1749,219,0,0
BRDA:1749,219,1,0
BRDA:1789,220,0,0
BRDA:1789,220,1,0
BRDA:1794,221,0,0
BRDA:1794,221,1,0
BRDA:1796,222,0,0
BRDA:1796,222,1,0
BRDA:1798,223,0,0
BRDA:1798,223,1,0
BRDA:1799,224,0,0
BRDA:1799,224,1,0
BRDA:1804,225,0,0
BRDA:1804,225,1,0
BRDA:1806,226,0,0
BRDA:1806,226,1,0
BRDA:1812,227,0,0
BRDA:1812,227,1,0
BRDA:1817,228,0,0
BRDA:1817,228,1,0
BRDA:1820,229,0,0
BRDA:1820,229,1,0
BRDA:1826,230,0,0
BRDA:1826,230,1,0
BRDA:1828,231,0,0
BRDA:1828,231,1,0
BRDA:1844,232,0,0
BRDA:1844,232,1,0
BRDA:1849,233,0,0
BRDA:1849,233,1,0
BRDA:1852,234,0,0
BRDA:1852,234,1,0
BRDA:1858,235,0,0
BRDA:1858,235,1,0
BRDA:1860,236,0,0
BRDA:1860,236,1,0
BRDA:1872,237,0,0
BRDA:1872,237,1,0
BRDA:1877,238,0,0
BRDA:1877,238,1,0
BRDA:1878,239,0,0
BRDA:1878,239,1,0
BRDA:1883,240,0,0
BRDA:1883,240,1,0
BRDA:1885,241,0,0
BRDA:1885,241,1,0
BRDA:1892,242,0,0
BRDA:1892,242,1,0
BRDA:1894,243,0,0
BRDA:1894,243,1,0
BRDA:1938,244,0,0
BRDA:1938,244,1,0
BRDA:1946,245,0,0
BRDA:1946,245,1,0
BRDA:1953,246,0,0
BRDA:1953,246,1,0
BRDA:1970,247,0,0
BRDA:1970,247,1,0
BRDA:1978,248,0,0
BRDA:1978,248,1,0
BRDA:1985,249,0,0
BRDA:1985,249,1,0
BRDA:1998,250,0,0
BRDA:1998,250,1,0
BRDA:2013,251,0,0
BRDA:2013,251,1,0
BRDA:2015,252,0,0
BRDA:2015,252,1,0
BRDA:2022,253,0,0
BRDA:2022,253,1,0
BRDA:2029,254,0,0
BRDA:2029,254,1,0
BRDA:2030,255,0,0
BRDA:2030,255,1,0
BRDA:2035,256,0,0
BRDA:2035,256,1,0
BRDA:2037,257,0,0
BRDA:2037,257,1,0
BRDA:2040,258,0,0
BRDA:2040,258,1,0
BRDA:2047,259,0,0
BRDA:2047,259,1,0
BRDA:2049,260,0,0
BRDA:2049,260,1,0
BRDA:2082,261,0,0
BRDA:2082,261,1,0
BRDA:2084,262,0,0
BRDA:2084,262,1,0
BRDA:2096,263,0,0
BRDA:2096,263,1,0
BRDA:2098,264,0,0
BRDA:2098,264,1,0
BRDA:2105,265,0,0
BRDA:2105,265,1,0
BRDA:2112,266,0,0
BRDA:2112,266,1,0
BRDA:2119,267,0,0
BRDA:2119,267,1,0
BRDA:2121,268,0,0
BRDA:2121,268,1,0
BRDA:2123,269,0,0
BRDA:2123,269,1,0
BRDA:2125,270,0,0
BRDA:2125,270,1,0
BRDA:2162,271,0,0
BRDA:2162,271,1,0
BRDA:2164,272,0,0
BRDA:2164,272,1,0
BRDA:2174,273,0,0
BRDA:2174,273,1,0
BRDA:2179,274,0,0
BRDA:2179,274,1,0
BRDA:2182,275,0,0
BRDA:2182,275,1,0
BRDA:2184,276,0,0
BRDA:2184,276,1,0
BRDA:2194,277,0,0
BRDA:2194,277,1,0
BRDA:2199,278,0,0
BRDA:2199,278,1,0
BRDA:2202,279,0,0
BRDA:2202,279,1,0
BRDA:2204,280,0,0
BRDA:2204,280,1,0
BRDA:2217,281,0,0
BRDA:2217,281,1,0
BRDA:2225,282,0,0
BRDA:2225,282,1,0
BRDA:2231,283,0,0
BRDA:2231,283,1,0
BRDA:2233,284,0,0
BRDA:2233,284,1,0
BRDA:2246,285,0,0
BRDA:2246,285,1,0
BRDA:2251,286,0,0
BRDA:2251,286,1,0
BRDA:2254,287,0,0
BRDA:2254,287,1,0
BRDA:2260,288,0,0
BRDA:2260,288,1,0
BRDA:2262,289,0,0
BRDA:2262,289,1,0
BRDA:2267,290,0,0
BRDA:2267,290,1,0
BRDA:2269,291,0,0
BRDA:2269,291,1,0
BRDA:2272,292,0,0
BRDA:2272,292,1,0
BRDA:2277,293,0,0
BRDA:2277,293,1,0
BRDA:2283,294,0,0
BRDA:2283,294,1,0
BRDA:2295,295,0,0
BRDA:2295,295,1,0
BRDA:2297,296,0,0
BRDA:2297,296,1,0
BRDA:2309,297,0,0
BRDA:2309,297,1,0
BRDA:2311,298,0,0
BRDA:2311,298,1,0
BRDA:2323,299,0,0
BRDA:2323,299,1,0
BRDA:2325,300,0,0
BRDA:2325,300,1,0
BRDA:2330,301,0,0
BRDA:2330,301,1,0
BRDA:2332,302,0,0
BRDA:2332,302,1,0
BRDA:2334,303,0,0
BRDA:2334,303,1,0
BRDA:2341,304,0,0
BRDA:2341,304,1,0
BRDA:2357,305,0,0
BRDA:2357,305,1,0
BRDA:2360,306,0,0
BRDA:2360,306,1,0
BRDA:2367,307,0,0
BRDA:2367,307,1,0
BRDA:2384,308,0,0
BRDA:2384,308,1,0
BRDA:2386,309,0,0
BRDA:2386,309,1,0
BRDA:2398,310,0,0
BRDA:2398,310,1,0
BRDA:2404,311,0,0
BRDA:2404,311,1,0
BRDA:2406,312,0,0
BRDA:2406,312,1,0
BRDA:2418,313,0,0
BRDA:2418,313,1,0
BRDA:2420,314,0,0
BRDA:2420,314,1,0
BRDA:2431,315,0,0
BRDA:2431,315,1,0
BRDA:2433,316,0,0
BRDA:2433,316,1,0
BRDA:2440,317,0,0
BRDA:2440,317,1,0
BRDA:2447,318,0,0
BRDA:2447,318,1,0
BRDA:2449,319,0,0
BRDA:2449,319,1,0
BRDA:2494,320,0,0
BRDA:2494,320,1,0
BRDA:2495,321,0,0
BRDA:2495,321,1,0
BRDA:2500,322,0,0
BRDA:2500,322,1,0
BRDA:2502,323,0,0
BRDA:2502,323,1,0
BRDA:2504,324,0,0
BRDA:2504,324,1,0
BRDA:2511,325,0,0
BRDA:2511,325,1,0
BRDA:2513,326,0,0
BRDA:2513,326,1,0
BRDA:2544,327,0,0
BRDA:2544,327,1,0
BRDA:2549,328,0,0
BRDA:2549,328,1,0
BRDA:2552,329,0,0
BRDA:2552,329,1,0
BRDA:2554,330,0,0
BRDA:2554,330,1,0
BRDA:2564,331,0,0
BRDA:2564,331,1,0
BRDA:2569,332,0,0
BRDA:2569,332,1,0
BRDA:2572,333,0,0
BRDA:2572,333,1,0
BRDA:2574,334,0,0
BRDA:2574,334,1,0
BRDA:2586,335,0,0
BRDA:2586,335,1,0
BRDA:2594,336,0,0
BRDA:2594,336,1,0
BRDA:2607,337,0,0
BRDA:2607,337,1,0
BRDA:2612,338,0,0
BRDA:2612,338,1,0
BRDA:2615,339,0,0
BRDA:2615,339,1,0
BRDA:2617,340,0,0
BRDA:2617,340,1,0
BRDA:2628,341,0,0
BRDA:2628,341,1,0
BRDA:2632,342,0,0
BRDA:2632,342,1,0
BRDA:2640,343,0,0
BRDA:2640,343,1,0
BRDA:2645,344,0,0
BRDA:2645,344,1,0
BRDA:2667,345,0,0
BRDA:2667,345,1,0
BRDA:2669,346,0,0
BRDA:2669,346,1,0
BRDA:2671,347,0,0
BRDA:2671,347,1,0
BRDA:2673,348,0,0
BRDA:2673,348,1,0
BRDA:2679,349,0,0
BRDA:2679,349,1,0
BRDA:2687,350,0,0
BRDA:2687,350,1,0
BRDA:2689,351,0,0
BRDA:2689,351,1,0
BRDA:2696,352,0,0
BRDA:2696,352,1,0
BRDA:2711,353,0,0
BRDA:2711,353,1,0
BRDA:2714,354,0,0
BRDA:2714,354,1,0
BRDA:2723,355,0,0
BRDA:2723,355,1,0
BRDA:2726,356,0,0
BRDA:2726,356,1,0
BRDA:2739,357,0,0
BRDA:2739,357,1,0
BRDA:2741,358,0,0
BRDA:2741,358,1,0
BRDA:2751,359,0,0
BRDA:2751,359,1,0
BRDA:2763,360,0,0
BRDA:2763,360,1,0
BRDA:2765,361,0,0
BRDA:2765,361,1,0
BRDA:2772,362,0,0
BRDA:2772,362,1,0
BRDA:2779,363,0,0
BRDA:2779,363,1,0
BRDA:2781,364,0,0
BRDA:2781,364,1,0
BRDA:2814,365,0,0
BRDA:2814,365,1,0
BRDA:2821,366,0,0
BRDA:2821,366,1,0
BRDA:2823,367,0,0
BRDA:2823,367,1,0
BRDA:2824,368,0,0
BRDA:2824,368,1,0
BRDA:2829,369,0,0
BRDA:2829,369,1,0
BRDA:2831,370,0,0
BRDA:2831,370,1,0
BRDA:2832,371,0,0
BRDA:2832,371,1,0
BRDA:2837,372,0,0
BRDA:2837,372,1,0
BRDA:2840,373,0,0
BRDA:2840,373,1,0
BRDA:2842,374,0,0
BRDA:2842,374,1,0
BRDA:2844,375,0,0
BRDA:2844,375,1,0
BRDA:2886,376,0,0
BRDA:2886,376,1,0
BRDA:2888,377,0,0
BRDA:2888,377,1,0
BRDA:2891,378,0,0
BRDA:2891,378,1,0
BRDA:2892,379,0,0
BRDA:2892,379,1,0
BRDA:2897,380,0,0
BRDA:2897,380,1,0
BRDA:2899,381,0,0
BRDA:2899,381,1,0
BRDA:2902,382,0,0
BRDA:2902,382,1,0
BRDA:2913,383,0,0
BRDA:2913,383,1,0
BRDA:2919,384,0,0
BRDA:2919,384,1,0
BRDA:2925,385,0,0
BRDA:2925,385,1,0
BRDA:2927,386,0,0
BRDA:2927,386,1,0
BRDA:2938,387,0,0
BRDA:2938,387,1,0
BRDA:2945,388,0,0
BRDA:2945,388,1,0
BRDA:2947,389,0,0
BRDA:2947,389,1,0
BRDA:2950,390,0,0
BRDA:2950,390,1,0
BRDA:2951,391,0,0
BRDA:2951,391,1,0
BRDA:2956,392,0,0
BRDA:2956,392,1,0
BRDA:2958,393,0,0
BRDA:2958,393,1,0
BRDA:2961,394,0,0
BRDA:2961,394,1,0
BRDA:2972,395,0,0
BRDA:2972,395,1,0
BRDA:2978,396,0,0
BRDA:2978,396,1,0
BRDA:2984,397,0,0
BRDA:2984,397,1,0
BRDA:2986,398,0,0
BRDA:2986,398,1,0
BRDA:3001,399,0,0
BRDA:3001,399,1,0
BRDA:3006,400,0,0
BRDA:3006,400,1,0
BRDA:3017,401,0,0
BRDA:3017,401,1,0
BRDA:3017,402,0,0
BRDA:3017,402,1,0
BRDA:3020,403,0,0
BRDA:3020,403,1,0
BRDA:3020,404,0,0
BRDA:3020,404,1,0
BRDA:3026,405,0,0
BRDA:3026,405,1,0
BRDA:3028,406,0,0
BRDA:3028,406,1,0
BRF:815
BRH:0
end_of_record
TN:
SF:/Users/furkle/Documents/wreath/src/Parser/parserFactory.ts
FN:13,parserFactory
FNF:1
FNH:0
FNDA:0,parserFactory
DA:6,2
DA:9,2
DA:13,2
DA:18,0
DA:20,0
DA:25,0
DA:27,0
DA:29,0
DA:33,2
LF:9
LH:4
BRDA:18,0,0,0
BRDA:18,0,1,0
BRDA:25,1,0,0
BRDA:25,1,1,0
BRF:4
BRH:0
end_of_record
TN:
SF:/Users/furkle/Documents/wreath/src/Recurser/Recurser.ts
FN:15,(anonymous_0)
FN:30,(anonymous_1)
FN:46,(anonymous_2)
FN:61,(anonymous_3)
FNF:4
FNH:0
FNDA:0,(anonymous_0)
FNDA:0,(anonymous_1)
FNDA:0,(anonymous_2)
FNDA:0,(anonymous_3)
DA:14,1
DA:22,0
DA:23,0
DA:24,0
DA:25,0
DA:26,0
DA:37,0
DA:38,0
DA:39,0
DA:40,0
DA:43,0
DA:53,0
DA:54,0
DA:55,0
DA:56,0
DA:57,0
DA:68,0
DA:69,0
DA:70,0
DA:71,0
DA:74,0
DA:78,1
LF:22
LH:2
BRF:0
BRH:0
end_of_record
TN:
SF:/Users/furkle/Documents/wreath/src/TypeGuards/isArrayLikeObject.ts
FN:5,isArrayLikeObject
FNF:1
FNH:0
FNDA:0,isArrayLikeObject
DA:5,2
DA:6,0
DA:16,2
LF:3
LH:2
BRDA:6,0,0,0
BRDA:6,0,1,0
BRDA:6,0,2,0
BRDA:6,0,3,0
BRDA:6,0,4,0
BRDA:6,0,5,0
BRDA:6,0,6,0
BRDA:6,0,7,0
BRF:8
BRH:0
end_of_record
TN:
SF:/Users/furkle/Documents/wreath/src/TypeGuards/isIChildNodeLike.ts
FN:5,isIChildNodeLike
FNF:1
FNH:0
FNDA:0,isIChildNodeLike
DA:5,3
DA:6,0
DA:9,3
LF:3
LH:2
BRDA:6,0,0,0
BRDA:6,0,1,0
BRF:2
BRH:0
end_of_record
TN:
SF:/Users/furkle/Documents/wreath/src/TypeGuards/isIDocumentFragmentLike.ts
FN:5,isIDocumentFragmentLike
FNF:1
FNH:0
FNDA:0,isIDocumentFragmentLike
DA:5,1
DA:6,0
DA:9,1
LF:3
LH:2
BRDA:6,0,0,0
BRDA:6,0,1,0
BRF:2
BRH:0
end_of_record
TN:
SF:/Users/furkle/Documents/wreath/src/TypeGuards/isIDocumentLike.ts
FN:5,isIDocumentLike
FNF:1
FNH:0
FNDA:0,isIDocumentLike
DA:5,2
DA:6,0
DA:9,2
LF:3
LH:2
BRDA:6,0,0,0
BRDA:6,0,1,0
BRF:2
BRH:0
end_of_record
TN:
SF:/Users/furkle/Documents/wreath/src/TypeGuards/isIDocumentTypeLike.ts
FN:5,isIDocumentTypeLike
FNF:1
FNH:0
FNDA:0,isIDocumentTypeLike
DA:5,1
DA:6,0
DA:9,1
LF:3
LH:2
BRDA:6,0,0,0
BRDA:6,0,1,0
BRF:2
BRH:0
end_of_record
TN:
SF:/Users/furkle/Documents/wreath/src/TypeGuards/isIElementLike.ts
FN:5,isIElementLike
FNF:1
FNH:0
FNDA:0,isIElementLike
DA:5,3
DA:6,0
DA:9,3
LF:3
LH:2
BRDA:6,0,0,0
BRDA:6,0,1,0
BRF:2
BRH:0
end_of_record
TN:
SF:/Users/furkle/Documents/wreath/src/TypeGuards/isIIgnores.ts
FN:11,isIIgnores
FN:33,(anonymous_1)
FN:50,(anonymous_2)
FN:67,(anonymous_3)
FN:84,(anonymous_4)
FNF:5
FNH:0
FNDA:0,isIIgnores
FNDA:0,(anonymous_1)
FNDA:0,(anonymous_2)
FNDA:0,(anonymous_3)
FNDA:0,(anonymous_4)
DA:1,1
DA:11,1
DA:12,0
DA:13,0
DA:33,0
DA:50,0
DA:67,0
DA:84,0
DA:87,1
LF:9
LH:3
BRDA:13,0,0,0
BRDA:13,0,1,0
BRDA:13,0,2,0
BRDA:13,0,3,0
BRDA:13,0,4,0
BRDA:13,0,5,0
BRDA:13,0,6,0
BRDA:13,0,7,0
BRDA:13,0,8,0
BRDA:13,0,9,0
BRDA:13,0,10,0
BRDA:13,0,11,0
BRDA:13,0,12,0
BRDA:13,0,13,0
BRDA:13,0,14,0
BRDA:13,0,15,0
BRDA:13,0,16,0
BRDA:13,0,17,0
BRDA:13,0,18,0
BRDA:13,0,19,0
BRDA:13,0,20,0
BRDA:13,0,21,0
BRDA:13,0,22,0
BRDA:13,0,23,0
BRDA:13,0,24,0
BRDA:13,0,25,0
BRDA:13,0,26,0
BRDA:13,0,27,0
BRDA:13,0,28,0
BRDA:13,0,29,0
BRDA:13,0,30,0
BRDA:13,0,31,0
BRDA:13,0,32,0
BRDA:13,0,33,0
BRDA:50,1,0,0
BRDA:50,1,1,0
BRDA:67,2,0,0
BRDA:67,2,1,0
BRDA:84,3,0,0
BRDA:84,3,1,0
BRF:40
BRH:0
end_of_record
TN:
SF:/Users/furkle/Documents/wreath/src/TypeGuards/isIParentNodeLike.ts
FN:5,isIParentNodeLike
FNF:1
FNH:0
FNDA:0,isIParentNodeLike
DA:5,1
DA:6,0
DA:12,1
LF:3
LH:2
BRDA:6,0,0,0
BRDA:6,0,1,0
BRDA:6,0,2,0
BRDA:6,0,3,0
BRF:4
BRH:0
end_of_record
TN:
SF:/Users/furkle/Documents/wreath/src/TypeGuards/isITextLike.ts
FN:5,isITextLike
FNF:1
FNH:0
FNDA:0,isITextLike
DA:5,1
DA:6,0
DA:9,1
LF:3
LH:2
BRDA:6,0,0,0
BRDA:6,0,1,0
BRF:2
BRH:0
end_of_record
TN:
SF:/Users/furkle/Documents/wreath/src/modules/detectFormat.ts
FN:8,detectFormat
FNF:1
FNH:0
FNDA:0,detectFormat
DA:8,1
DA:12,0
DA:13,0
DA:15,0
DA:16,0
DA:17,0
DA:18,0
DA:23,0
DA:24,0
DA:29,0
DA:30,0
DA:31,0
DA:32,0
DA:33,0
DA:34,0
DA:38,0
DA:39,0
DA:44,0
DA:45,0
DA:49,0
DA:52,1
LF:21
LH:2
BRDA:13,0,0,0
BRDA:13,0,1,0
BRDA:16,1,0,0
BRDA:16,1,1,0
BRDA:17,2,0,0
BRDA:17,2,1,0
BRDA:23,3,0,0
BRDA:23,3,1,0
BRDA:29,4,0,0
BRDA:29,4,1,0
BRDA:32,5,0,0
BRDA:32,5,1,0
BRDA:38,6,0,0
BRDA:38,6,1,0
BRDA:44,7,0,0
BRDA:44,7,1,0
BRF:16
BRH:0
end_of_record
TN:
SF:/Users/furkle/Documents/wreath/src/modules/detectVersion.ts
FN:14,detectVersion
FNF:1
FNH:0
FNDA:0,detectVersion
DA:1,1
DA:12,1
DA:14,1
DA:19,0
DA:20,0
DA:22,0
DA:23,0
DA:24,0
DA:25,0
DA:30,0
DA:31,0
DA:36,0
DA:37,0
DA:38,0
DA:39,0
DA:40,0
DA:41,0
DA:42,0
DA:43,0
DA:44,0
DA:48,0
DA:49,0
DA:54,0
DA:55,0
DA:59,0
DA:60,0
DA:61,0
DA:65,0
DA:66,0
DA:67,0
DA:68,0
DA:69,0
DA:70,0
DA:71,0
DA:72,0
DA:76,0
DA:77,0
DA:81,0
DA:84,1
LF:39
LH:4
BRDA:16,0,0,0
BRDA:17,1,0,0
BRDA:20,2,0,0
BRDA:20,2,1,0
BRDA:23,3,0,0
BRDA:23,3,1,0
BRDA:24,4,0,0
BRDA:24,4,1,0
BRDA:30,5,0,0
BRDA:30,5,1,0
BRDA:36,6,0,0
BRDA:36,6,1,0
BRDA:39,7,0,0
BRDA:39,7,1,0
BRDA:42,8,0,0
BRDA:42,8,1,0
BRDA:48,9,0,0
BRDA:48,9,1,0
BRDA:54,10,0,0
BRDA:54,10,1,0
BRDA:60,11,0,0
BRDA:60,11,1,0
BRDA:69,12,0,0
BRDA:69,12,1,0
BRDA:76,13,0,0
BRDA:76,13,1,0
BRF:26
BRH:0
end_of_record
TN:
SF:/Users/furkle/Documents/wreath/src/modules/documentFactory.ts
FN:8,documentFactory
FNF:1
FNH:0
FNDA:0,documentFactory
DA:1,1
DA:8,1
DA:10,0
DA:11,0
DA:13,0
DA:15,0
DA:19,1
LF:7
LH:3
BRDA:10,0,0,0
BRDA:10,0,1,0
BRDA:10,1,0,0
BRDA:10,1,1,0
BRF:4
BRH:0
end_of_record
TN:
SF:/Users/furkle/Documents/wreath/src/modules/nodeFactory.ts
FN:17,nodeFactory
FN:60,(anonymous_1)
FN:66,(anonymous_2)
FNF:3
FNH:0
FNDA:0,nodeFactory
FNDA:0,(anonymous_1)
FNDA:0,(anonymous_2)
DA:13,3
DA:17,3
DA:18,0
DA:19,0
DA:20,0
DA:21,0
DA:22,0
DA:23,0
DA:24,0
DA:25,0
DA:26,0
DA:27,0
DA:28,0
DA:29,0
DA:30,0
DA:31,0
DA:32,0
DA:33,0
DA:34,0
DA:35,0
DA:36,0
DA:41,0
DA:42,0
DA:43,0
DA:44,0
DA:46,0
DA:49,0
DA:50,0
DA:51,0
DA:52,0
DA:53,0
DA:54,0
DA:55,0
DA:58,0
DA:59,0
DA:60,0
DA:61,0
DA:64,0
DA:65,0
DA:66,0
DA:67,0
DA:70,0
DA:71,0
DA:74,0
DA:76,0
DA:77,0
DA:78,0
DA:79,0
DA:80,0
DA:83,0
DA:86,3
LF:51
LH:3
BRDA:18,0,0,0
BRDA:18,0,1,0
BRDA:20,1,0,0
BRDA:20,1,1,0
BRDA:23,2,0,0
BRDA:23,2,1,0
BRDA:26,3,0,0
BRDA:26,3,1,0
BRDA:29,4,0,0
BRDA:29,4,1,0
BRDA:33,5,0,0
BRDA:33,5,1,0
BRDA:36,6,0,0
BRDA:36,6,1,0
BRDA:36,7,0,0
BRDA:36,7,1,0
BRDA:36,7,2,0
BRDA:41,8,0,0
BRDA:41,8,1,0
BRDA:43,9,0,0
BRDA:43,9,1,0
BRDA:46,10,0,0
BRDA:46,10,1,0
BRDA:51,11,0,0
BRDA:51,11,1,0
BRDA:53,12,0,0
BRDA:53,12,1,0
BRDA:64,13,0,0
BRDA:64,13,1,0
BRDA:64,14,0,0
BRDA:64,14,1,0
BRDA:64,14,2,0
BRDA:77,15,0,0
BRDA:77,15,1,0
BRDA:79,16,0,0
BRDA:79,16,1,0
BRF:36
BRH:0
end_of_record
TN:
SF:/Users/furkle/Documents/wreath/src/modules/passageDataFactory.ts
FN:14,passageDataFactory
FN:21,(anonymous_1)
FNF:2
FNH:0
FNDA:0,passageDataFactory
FNDA:0,(anonymous_1)
DA:10,2
DA:14,2
DA:18,0
DA:19,0
DA:20,0
DA:21,0
DA:22,0
DA:25,0
DA:26,0
DA:29,2
LF:10
LH:3
BRF:0
BRH:0
end_of_record
TN:
SF:/Users/furkle/Documents/wreath/src/modules/storyDataFactory.ts
FN:14,storyDataFactory
FN:20,(anonymous_1)
FNF:2
FNH:0
FNDA:0,storyDataFactory
FNDA:0,(anonymous_1)
DA:10,2
DA:14,2
DA:18,0
DA:19,0
DA:20,0
DA:21,0
DA:22,0
DA:23,0
DA:24,0
DA:27,0
DA:30,0
DA:31,0
DA:34,2
LF:13
LH:3
BRDA:22,0,0,0
BRDA:22,0,1,0
BRF:2
BRH:0
end_of_record
